<?xml version='1.0' encoding='UTF-8' standalone='yes'?>
<?mso-application progid="Word.Document"?><pkg:package xmlns:pkg="http://schemas.microsoft.com/office/2006/xmlPackage"><pkg:part pkg:name="_rels/.rels" pkg:contentType="application/vnd.openxmlformats-package.relationships+xml"><pkg:xmlData><Relationships xmlns="http://schemas.openxmlformats.org/package/2006/relationships"><Relationship Id="rId3" Type="http://schemas.openxmlformats.org/officeDocument/2006/relationships/extended-properties" Target="docProps/app.xml"/><Relationship Id="rId2" Type="http://schemas.openxmlformats.org/package/2006/relationships/metadata/core-properties" Target="docProps/core.xml"/><Relationship Id="rId1" Type="http://schemas.openxmlformats.org/officeDocument/2006/relationships/officeDocument" Target="word/document.xml"/><Relationship Id="rId4" Type="http://schemas.openxmlformats.org/officeDocument/2006/relationships/custom-properties" Target="docProps/custom.xml"/></Relationships></pkg:xmlData></pkg:part><pkg:part pkg:name="word/_rels/document.xml.rels" pkg:contentType="application/vnd.openxmlformats-package.relationships+xml"><pkg:xmlData><Relationships xmlns="http://schemas.openxmlformats.org/package/2006/relationships"><Relationship Id="rId8" Type="http://schemas.openxmlformats.org/officeDocument/2006/relationships/image" Target="media/image1.wmf"/><Relationship Id="rId13" Type="http://schemas.openxmlformats.org/officeDocument/2006/relationships/image" Target="media/image4.png"/><Relationship Id="rId18" Type="http://schemas.openxmlformats.org/officeDocument/2006/relationships/hyperlink" Target="http://www.w3c.org/" TargetMode="External"/><Relationship Id="rId3" Type="http://schemas.microsoft.com/office/2007/relationships/stylesWithEffects" Target="stylesWithEffects.xml"/><Relationship Id="rId7" Type="http://schemas.openxmlformats.org/officeDocument/2006/relationships/endnotes" Target="endnotes.xml"/><Relationship Id="rId12" Type="http://schemas.openxmlformats.org/officeDocument/2006/relationships/image" Target="media/image3.jpeg"/><Relationship Id="rId17" Type="http://schemas.openxmlformats.org/officeDocument/2006/relationships/oleObject" Target="embeddings/oleObject4.bin"/><Relationship Id="rId2" Type="http://schemas.openxmlformats.org/officeDocument/2006/relationships/styles" Target="styles.xml"/><Relationship Id="rId16" Type="http://schemas.openxmlformats.org/officeDocument/2006/relationships/image" Target="media/image6.wmf"/><Relationship Id="rId20" Type="http://schemas.openxmlformats.org/officeDocument/2006/relationships/theme" Target="theme/theme1.xml"/><Relationship Id="rId1" Type="http://schemas.openxmlformats.org/officeDocument/2006/relationships/numbering" Target="numbering.xml"/><Relationship Id="rId6" Type="http://schemas.openxmlformats.org/officeDocument/2006/relationships/footnotes" Target="footnotes.xml"/><Relationship Id="rId11" Type="http://schemas.openxmlformats.org/officeDocument/2006/relationships/oleObject" Target="embeddings/oleObject2.bin"/><Relationship Id="rId5" Type="http://schemas.openxmlformats.org/officeDocument/2006/relationships/webSettings" Target="webSettings.xml"/><Relationship Id="rId15" Type="http://schemas.openxmlformats.org/officeDocument/2006/relationships/oleObject" Target="embeddings/oleObject3.bin"/><Relationship Id="rId10" Type="http://schemas.openxmlformats.org/officeDocument/2006/relationships/image" Target="media/image2.wmf"/><Relationship Id="rId19" Type="http://schemas.openxmlformats.org/officeDocument/2006/relationships/fontTable" Target="fontTable.xml"/><Relationship Id="rId4" Type="http://schemas.openxmlformats.org/officeDocument/2006/relationships/settings" Target="settings.xml"/><Relationship Id="rId9" Type="http://schemas.openxmlformats.org/officeDocument/2006/relationships/oleObject" Target="embeddings/oleObject1.bin"/><Relationship Id="rId14" Type="http://schemas.openxmlformats.org/officeDocument/2006/relationships/image" Target="media/image5.wmf"/></Relationships></pkg:xmlData></pkg:part><pkg:part pkg:name="word/document.xml" pkg:contentType="application/xml"><pkg:xmlData><w:document xmlns:wpc="http://schemas.microsoft.com/office/word/2010/wordprocessingCanvas" xmlns:mc="http://schemas.openxmlformats.org/markup-compatibility/2006" xmlns:o="urn:schemas-microsoft-com:office:office" xmlns:r="http://schemas.openxmlformats.org/officeDocument/2006/relationships" xmlns:m="http://schemas.openxmlformats.org/officeDocument/2006/math" xmlns:v="urn:schemas-microsoft-com:vml" xmlns:wp14="http://schemas.microsoft.com/office/word/2010/wordprocessingDrawing" xmlns:wp="http://schemas.openxmlformats.org/drawingml/2006/wordprocessingDrawing" xmlns:w10="urn:schemas-microsoft-com:office:word" xmlns:w="http://schemas.openxmlformats.org/wordprocessingml/2006/main" xmlns:w14="http://schemas.microsoft.com/office/word/2010/wordml" xmlns:wpg="http://schemas.microsoft.com/office/word/2010/wordprocessingGroup" xmlns:wpi="http://schemas.microsoft.com/office/word/2010/wordprocessingInk" xmlns:wne="http://schemas.microsoft.com/office/word/2006/wordml" xmlns:wps="http://schemas.microsoft.com/office/word/2010/wordprocessingShape" mc:Ignorable="w14 wp14"><w:body><w:p w:rsidR="00FB5D1B" w:rsidRPr="00155211" w:rsidRDefault="00FB5D1B"><w:pPr><w:pStyle w:val="Title0"/><w:rPr><w:rFonts w:ascii="Times New Roman" w:hAnsi="Times New Roman"/></w:rPr></w:pPr><w:bookmarkStart w:id="0" w:name="_Toc194900757"/><w:r w:rsidRPr="00155211"><w:rPr><w:rFonts w:ascii="Times New Roman" w:hAnsi="Times New Roman"/></w:rPr><w:t>Titre</w:t></w:r><w:bookmarkEnd w:id="0"/></w:p><w:p w:rsidR="00FB5D1B" w:rsidRPr="00155211" w:rsidRDefault="00FB5D1B"><w:pPr><w:pStyle w:val="Title1"/><w:rPr><w:rFonts w:ascii="Times New Roman" w:hAnsi="Times New Roman"/></w:rPr></w:pPr><w:bookmarkStart w:id="1" w:name="_Toc194900758"/><w:r w:rsidRPr="00155211"><w:rPr><w:rFonts w:ascii="Times New Roman" w:hAnsi="Times New Roman"/></w:rPr><w:t>Du texte</w:t></w:r><w:bookmarkEnd w:id="1"/></w:p><w:p w:rsidR="00FB5D1B" w:rsidRPr="00155211" w:rsidRDefault="00FB5D1B"><w:pPr><w:pStyle w:val="NormalText"/><w:rPr><w:rFonts w:ascii="Times New Roman" w:hAnsi="Times New Roman"/></w:rPr></w:pPr><w:r w:rsidRPr="00155211"><w:rPr><w:rFonts w:ascii="Times New Roman" w:hAnsi="Times New Roman"/></w:rPr><w:t>Blablabla, corps de texte, coin coin</w:t></w:r></w:p><w:p w:rsidR="00FB5D1B" w:rsidRPr="00155211" w:rsidRDefault="00FB5D1B"><w:pPr><w:pStyle w:val="NormalText"/><w:rPr><w:rFonts w:ascii="Times New Roman" w:hAnsi="Times New Roman"/></w:rPr></w:pPr><w:r w:rsidRPr="00155211"><w:rPr><w:rFonts w:ascii="Times New Roman" w:hAnsi="Times New Roman"/></w:rPr><w:t xml:space="preserve">Du texte normal mais avec du </w:t></w:r><w:r w:rsidRPr="00155211"><w:rPr><w:rFonts w:ascii="Times New Roman" w:hAnsi="Times New Roman"/><w:b/><w:bCs/></w:rPr><w:t>gras</w:t></w:r><w:r w:rsidRPr="00155211"><w:rPr><w:rFonts w:ascii="Times New Roman" w:hAnsi="Times New Roman"/></w:rPr><w:t xml:space="preserve">, de </w:t></w:r><w:r w:rsidRPr="00155211"><w:rPr><w:rFonts w:ascii="Times New Roman" w:hAnsi="Times New Roman"/><w:i/></w:rPr><w:t>l’italique</w:t></w:r><w:r w:rsidRPr="00155211"><w:rPr><w:rFonts w:ascii="Times New Roman" w:hAnsi="Times New Roman"/></w:rPr><w:t xml:space="preserve">, du </w:t></w:r><w:r w:rsidRPr="00155211"><w:rPr><w:rFonts w:ascii="Times New Roman" w:hAnsi="Times New Roman"/><w:u w:val="single"/></w:rPr><w:t>souligné</w:t></w:r><w:r w:rsidRPr="00155211"><w:rPr><w:rFonts w:ascii="Times New Roman" w:hAnsi="Times New Roman"/></w:rPr><w:t xml:space="preserve"> ou les </w:t></w:r><w:r w:rsidRPr="00155211"><w:rPr><w:rFonts w:ascii="Times New Roman" w:hAnsi="Times New Roman"/><w:b/><w:i/><w:u w:val="single"/></w:rPr><w:t>trois</w:t></w:r><w:r w:rsidRPr="00155211"><w:rPr><w:rFonts w:ascii="Times New Roman" w:hAnsi="Times New Roman"/></w:rPr><w:t xml:space="preserve"> en style inline. Mais aussi du texte surligné en </w:t></w:r><w:r w:rsidRPr="00155211"><w:rPr><w:rFonts w:ascii="Times New Roman" w:hAnsi="Times New Roman"/><w:highlight w:val="green"/></w:rPr><w:t>vert</w:t></w:r><w:r w:rsidRPr="00155211"><w:rPr><w:rFonts w:ascii="Times New Roman" w:hAnsi="Times New Roman"/></w:rPr><w:t xml:space="preserve"> ou en </w:t></w:r><w:r w:rsidRPr="00155211"><w:rPr><w:rFonts w:ascii="Times New Roman" w:hAnsi="Times New Roman"/><w:highlight w:val="red"/></w:rPr><w:t>rouge</w:t></w:r><w:r w:rsidRPr="00155211"><w:rPr><w:rFonts w:ascii="Times New Roman" w:hAnsi="Times New Roman"/></w:rPr><w:t xml:space="preserve">, du texte barré </w:t></w:r><w:r w:rsidRPr="00155211"><w:rPr><w:rFonts w:ascii="Times New Roman" w:hAnsi="Times New Roman"/><w:strike/></w:rPr><w:t>simple</w:t></w:r><w:r w:rsidRPr="00155211"><w:rPr><w:rFonts w:ascii="Times New Roman" w:hAnsi="Times New Roman"/></w:rPr><w:t xml:space="preserve"> ou barré </w:t></w:r><w:r w:rsidRPr="00155211"><w:rPr><w:rFonts w:ascii="Times New Roman" w:hAnsi="Times New Roman"/><w:dstrike/></w:rPr><w:t>double</w:t></w:r><w:r w:rsidRPr="00155211"><w:rPr><w:rFonts w:ascii="Times New Roman" w:hAnsi="Times New Roman"/></w:rPr><w:t xml:space="preserve">, et enfin du texte en </w:t></w:r><w:r w:rsidRPr="00155211"><w:rPr><w:rFonts w:ascii="Times New Roman" w:hAnsi="Times New Roman"/><w:smallCaps/></w:rPr><w:t>small-caps</w:t></w:r><w:r w:rsidRPr="00155211"><w:rPr><w:rFonts w:ascii="Times New Roman" w:hAnsi="Times New Roman"/></w:rPr><w:t xml:space="preserve"> ou en </w:t></w:r><w:r w:rsidRPr="00155211"><w:rPr><w:rFonts w:ascii="Times New Roman" w:hAnsi="Times New Roman"/><w:caps/></w:rPr><w:t>caps</w:t></w:r><w:r w:rsidRPr="00155211"><w:rPr><w:rFonts w:ascii="Times New Roman" w:hAnsi="Times New Roman"/></w:rPr><w:t>.</w:t></w:r></w:p><w:p w:rsidR="00FB5D1B" w:rsidRPr="00155211" w:rsidRDefault="00FB5D1B"><w:pPr><w:pStyle w:val="Styleparaavecespaces"/><w:rPr><w:rFonts w:ascii="Times New Roman" w:hAnsi="Times New Roman"/></w:rPr></w:pPr><w:r w:rsidRPr="00155211"><w:rPr><w:rFonts w:ascii="Times New Roman" w:hAnsi="Times New Roman"/></w:rPr><w:t>Un paragraphe style avec un style dont le nom contient des espaces.</w:t></w:r></w:p><w:p w:rsidR="00FB5D1B" w:rsidRPr="00155211" w:rsidRDefault="00FB5D1B"><w:pPr><w:pStyle w:val="Title1"/><w:rPr><w:rFonts w:ascii="Times New Roman" w:hAnsi="Times New Roman"/></w:rPr></w:pPr><w:bookmarkStart w:id="2" w:name="_Toc194900759"/><w:r w:rsidRPr="00155211"><w:rPr><w:rFonts w:ascii="Times New Roman" w:hAnsi="Times New Roman"/></w:rPr><w:t>Un Tableau</w:t></w:r><w:bookmarkEnd w:id="2"/></w:p><w:tbl><w:tblPr><w:tblW w:w="5000" w:type="pct"/><w:tblBorders><w:top w:val="single" w:sz="4" w:space="0" w:color="auto"/><w:left w:val="single" w:sz="4" w:space="0" w:color="auto"/><w:bottom w:val="single" w:sz="4" w:space="0" w:color="auto"/><w:right w:val="single" w:sz="4" w:space="0" w:color="auto"/><w:insideH w:val="single" w:sz="4" w:space="0" w:color="auto"/><w:insideV w:val="single" w:sz="4" w:space="0" w:color="auto"/></w:tblBorders><w:tblCellMar><w:left w:w="70" w:type="dxa"/><w:right w:w="70" w:type="dxa"/></w:tblCellMar><w:tblLook w:val="0000" w:firstRow="0" w:lastRow="0" w:firstColumn="0" w:lastColumn="0" w:noHBand="0" w:noVBand="0"/></w:tblPr><w:tblGrid><w:gridCol w:w="1843"/><w:gridCol w:w="1843"/><w:gridCol w:w="1842"/><w:gridCol w:w="1065"/><w:gridCol w:w="777"/><w:gridCol w:w="1842"/></w:tblGrid><w:tr w:rsidR="00FB5D1B" w:rsidRPr="00155211"><w:tblPrEx><w:tblCellMar><w:top w:w="0" w:type="dxa"/><w:bottom w:w="0" w:type="dxa"/></w:tblCellMar></w:tblPrEx><w:trPr><w:cantSplit/></w:trPr><w:tc><w:tcPr><w:tcW w:w="1000" w:type="pct"/><w:tcBorders><w:bottom w:val="single" w:sz="4" w:space="0" w:color="auto"/></w:tcBorders></w:tcPr><w:p w:rsidR="00FB5D1B" w:rsidRPr="00155211" w:rsidRDefault="00FB5D1B"><w:pPr><w:pStyle w:val="thead"/><w:rPr><w:rFonts w:ascii="Times New Roman" w:hAnsi="Times New Roman"/></w:rPr></w:pPr><w:r w:rsidRPr="00155211"><w:rPr><w:rFonts w:ascii="Times New Roman" w:hAnsi="Times New Roman"/></w:rPr><w:t>(1,1)</w:t></w:r></w:p></w:tc><w:tc><w:tcPr><w:tcW w:w="1000" w:type="pct"/></w:tcPr><w:p w:rsidR="00FB5D1B" w:rsidRPr="00155211" w:rsidRDefault="00FB5D1B"><w:pPr><w:pStyle w:val="thead"/><w:rPr><w:rFonts w:ascii="Times New Roman" w:hAnsi="Times New Roman"/></w:rPr></w:pPr><w:r w:rsidRPr="00155211"><w:rPr><w:rFonts w:ascii="Times New Roman" w:hAnsi="Times New Roman"/></w:rPr><w:t>(1,2)</w:t></w:r></w:p></w:tc><w:tc><w:tcPr><w:tcW w:w="2000" w:type="pct"/><w:gridSpan w:val="3"/></w:tcPr><w:p w:rsidR="00FB5D1B" w:rsidRPr="00155211" w:rsidRDefault="00FB5D1B"><w:pPr><w:pStyle w:val="thead"/><w:rPr><w:rFonts w:ascii="Times New Roman" w:hAnsi="Times New Roman"/></w:rPr></w:pPr><w:r w:rsidRPr="00155211"><w:rPr><w:rFonts w:ascii="Times New Roman" w:hAnsi="Times New Roman"/></w:rPr><w:t>(1,3) – (1,4)</w:t></w:r></w:p></w:tc><w:tc><w:tcPr><w:tcW w:w="1000" w:type="pct"/></w:tcPr><w:p w:rsidR="00FB5D1B" w:rsidRPr="00155211" w:rsidRDefault="00FB5D1B"><w:pPr><w:pStyle w:val="thead"/><w:rPr><w:rFonts w:ascii="Times New Roman" w:hAnsi="Times New Roman"/></w:rPr></w:pPr><w:r w:rsidRPr="00155211"><w:rPr><w:rFonts w:ascii="Times New Roman" w:hAnsi="Times New Roman"/></w:rPr><w:t>(1,5)</w:t></w:r></w:p></w:tc></w:tr><w:tr w:rsidR="00FB5D1B" w:rsidRPr="00155211"><w:tblPrEx><w:tblCellMar><w:top w:w="0" w:type="dxa"/><w:bottom w:w="0" w:type="dxa"/></w:tblCellMar></w:tblPrEx><w:trPr><w:cantSplit/></w:trPr><w:tc><w:tcPr><w:tcW w:w="1000" w:type="pct"/><w:vMerge w:val="restart"/><w:tcBorders><w:left w:val="nil"/><w:bottom w:val="nil"/></w:tcBorders></w:tcPr><w:p w:rsidR="00FB5D1B" w:rsidRPr="00155211" w:rsidRDefault="00FB5D1B"><w:pPr><w:pStyle w:val="tbody"/><w:rPr><w:rFonts w:ascii="Times New Roman" w:hAnsi="Times New Roman"/></w:rPr></w:pPr><w:r w:rsidRPr="00155211"><w:rPr><w:rFonts w:ascii="Times New Roman" w:hAnsi="Times New Roman"/></w:rPr><w:t>(2,1) – (3,1)</w:t></w:r></w:p></w:tc><w:tc><w:tcPr><w:tcW w:w="1000" w:type="pct"/></w:tcPr><w:p w:rsidR="00FB5D1B" w:rsidRPr="00155211" w:rsidRDefault="00FB5D1B"><w:pPr><w:pStyle w:val="tbody"/><w:rPr><w:rFonts w:ascii="Times New Roman" w:hAnsi="Times New Roman"/></w:rPr></w:pPr><w:r w:rsidRPr="00155211"><w:rPr><w:rFonts w:ascii="Times New Roman" w:hAnsi="Times New Roman"/></w:rPr><w:t>(2,2)</w:t></w:r></w:p></w:tc><w:tc><w:tcPr><w:tcW w:w="1000" w:type="pct"/><w:tcBorders><w:top w:val="nil"/></w:tcBorders></w:tcPr><w:p w:rsidR="00FB5D1B" w:rsidRPr="00155211" w:rsidRDefault="00FB5D1B"><w:pPr><w:pStyle w:val="tbody"/><w:rPr><w:rFonts w:ascii="Times New Roman" w:hAnsi="Times New Roman"/></w:rPr></w:pPr><w:r w:rsidRPr="00155211"><w:rPr><w:rFonts w:ascii="Times New Roman" w:hAnsi="Times New Roman"/></w:rPr><w:t>(2,3)</w:t></w:r></w:p></w:tc><w:tc><w:tcPr><w:tcW w:w="1000" w:type="pct"/><w:gridSpan w:val="2"/><w:tcBorders><w:bottom w:val="nil"/></w:tcBorders></w:tcPr><w:p w:rsidR="00FB5D1B" w:rsidRPr="00155211" w:rsidRDefault="00FB5D1B"><w:pPr><w:pStyle w:val="tbody"/><w:rPr><w:rFonts w:ascii="Times New Roman" w:hAnsi="Times New Roman"/></w:rPr></w:pPr><w:r w:rsidRPr="00155211"><w:rPr><w:rFonts w:ascii="Times New Roman" w:hAnsi="Times New Roman"/></w:rPr><w:t>(2,4)</w:t></w:r></w:p></w:tc><w:tc><w:tcPr><w:tcW w:w="1000" w:type="pct"/><w:tcBorders><w:bottom w:val="single" w:sz="4" w:space="0" w:color="auto"/></w:tcBorders></w:tcPr><w:p w:rsidR="00FB5D1B" w:rsidRPr="00155211" w:rsidRDefault="00FB5D1B"><w:pPr><w:pStyle w:val="tbody"/><w:rPr><w:rFonts w:ascii="Times New Roman" w:hAnsi="Times New Roman"/></w:rPr></w:pPr><w:r w:rsidRPr="00155211"><w:rPr><w:rFonts w:ascii="Times New Roman" w:hAnsi="Times New Roman"/></w:rPr><w:t>(2,5)</w:t></w:r></w:p></w:tc></w:tr><w:tr w:rsidR="00FB5D1B" w:rsidRPr="00155211"><w:tblPrEx><w:tblCellMar><w:top w:w="0" w:type="dxa"/><w:bottom w:w="0" w:type="dxa"/></w:tblCellMar></w:tblPrEx><w:trPr><w:cantSplit/></w:trPr><w:tc><w:tcPr><w:tcW w:w="1000" w:type="pct"/><w:vMerge/><w:tcBorders><w:left w:val="nil"/><w:bottom w:val="nil"/></w:tcBorders></w:tcPr><w:p w:rsidR="00FB5D1B" w:rsidRPr="00155211" w:rsidRDefault="00FB5D1B"><w:pPr><w:pStyle w:val="tbody"/><w:rPr><w:rFonts w:ascii="Times New Roman" w:hAnsi="Times New Roman"/></w:rPr></w:pPr></w:p></w:tc><w:tc><w:tcPr><w:tcW w:w="1000" w:type="pct"/><w:tcBorders><w:bottom w:val="single" w:sz="4" w:space="0" w:color="auto"/></w:tcBorders></w:tcPr><w:p w:rsidR="00FB5D1B" w:rsidRPr="00155211" w:rsidRDefault="00FB5D1B"><w:pPr><w:pStyle w:val="tbody"/><w:rPr><w:rFonts w:ascii="Times New Roman" w:hAnsi="Times New Roman"/></w:rPr></w:pPr><w:r w:rsidRPr="00155211"><w:rPr><w:rFonts w:ascii="Times New Roman" w:hAnsi="Times New Roman"/></w:rPr><w:t>(3,2)</w:t></w:r></w:p></w:tc><w:tc><w:tcPr><w:tcW w:w="1000" w:type="pct"/><w:tcBorders><w:bottom w:val="single" w:sz="4" w:space="0" w:color="auto"/></w:tcBorders></w:tcPr><w:p w:rsidR="00FB5D1B" w:rsidRPr="00155211" w:rsidRDefault="00FB5D1B"><w:pPr><w:pStyle w:val="tbody"/><w:rPr><w:rFonts w:ascii="Times New Roman" w:hAnsi="Times New Roman"/></w:rPr></w:pPr><w:r w:rsidRPr="00155211"><w:rPr><w:rFonts w:ascii="Times New Roman" w:hAnsi="Times New Roman"/></w:rPr><w:t>(3,3)</w:t></w:r></w:p></w:tc><w:tc><w:tcPr><w:tcW w:w="1000" w:type="pct"/><w:gridSpan w:val="2"/><w:tcBorders><w:top w:val="nil"/></w:tcBorders></w:tcPr><w:p w:rsidR="00FB5D1B" w:rsidRPr="00155211" w:rsidRDefault="00FB5D1B"><w:pPr><w:pStyle w:val="tbody"/><w:rPr><w:rFonts w:ascii="Times New Roman" w:hAnsi="Times New Roman"/></w:rPr></w:pPr><w:r w:rsidRPr="00155211"><w:rPr><w:rFonts w:ascii="Times New Roman" w:hAnsi="Times New Roman"/></w:rPr><w:t>(3,4)</w:t></w:r></w:p></w:tc><w:tc><w:tcPr><w:tcW w:w="1000" w:type="pct"/><w:tcBorders><w:right w:val="nil"/></w:tcBorders></w:tcPr><w:p w:rsidR="00FB5D1B" w:rsidRPr="00155211" w:rsidRDefault="00FB5D1B"><w:pPr><w:pStyle w:val="tbody"/><w:rPr><w:rFonts w:ascii="Times New Roman" w:hAnsi="Times New Roman"/></w:rPr></w:pPr><w:r w:rsidRPr="00155211"><w:rPr><w:rFonts w:ascii="Times New Roman" w:hAnsi="Times New Roman"/></w:rPr><w:t>(3,5)</w:t></w:r></w:p></w:tc></w:tr><w:tr w:rsidR="00FB5D1B" w:rsidRPr="00155211"><w:tblPrEx><w:tblCellMar><w:top w:w="0" w:type="dxa"/><w:bottom w:w="0" w:type="dxa"/></w:tblCellMar></w:tblPrEx><w:trPr><w:cantSplit/></w:trPr><w:tc><w:tcPr><w:tcW w:w="1000" w:type="pct"/><w:tcBorders><w:top w:val="nil"/></w:tcBorders></w:tcPr><w:p w:rsidR="00FB5D1B" w:rsidRPr="00155211" w:rsidRDefault="00FB5D1B"><w:pPr><w:pStyle w:val="tbody"/><w:rPr><w:rFonts w:ascii="Times New Roman" w:hAnsi="Times New Roman"/></w:rPr></w:pPr><w:r w:rsidRPr="00155211"><w:rPr><w:rFonts w:ascii="Times New Roman" w:hAnsi="Times New Roman"/></w:rPr><w:t>(4,1)</w:t></w:r></w:p></w:tc><w:tc><w:tcPr><w:tcW w:w="2000" w:type="pct"/><w:gridSpan w:val="2"/><w:vMerge w:val="restart"/><w:tcBorders><w:bottom w:val="nil"/></w:tcBorders></w:tcPr><w:p w:rsidR="00FB5D1B" w:rsidRPr="00155211" w:rsidRDefault="00FB5D1B"><w:pPr><w:pStyle w:val="tbody"/><w:rPr><w:rFonts w:ascii="Times New Roman" w:hAnsi="Times New Roman"/></w:rPr></w:pPr><w:r w:rsidRPr="00155211"><w:rPr><w:rFonts w:ascii="Times New Roman" w:hAnsi="Times New Roman"/></w:rPr><w:t>(4,2) – (4,3) – (5,2) – (5,3)</w:t></w:r></w:p></w:tc><w:tc><w:tcPr><w:tcW w:w="1000" w:type="pct"/><w:gridSpan w:val="2"/></w:tcPr><w:p w:rsidR="00FB5D1B" w:rsidRPr="00155211" w:rsidRDefault="00FB5D1B"><w:pPr><w:pStyle w:val="tbody"/><w:rPr><w:rFonts w:ascii="Times New Roman" w:hAnsi="Times New Roman"/></w:rPr></w:pPr><w:r w:rsidRPr="00155211"><w:rPr><w:rFonts w:ascii="Times New Roman" w:hAnsi="Times New Roman"/></w:rPr><w:t>(4,4)</w:t></w:r></w:p></w:tc><w:tc><w:tcPr><w:tcW w:w="1000" w:type="pct"/></w:tcPr><w:p w:rsidR="00FB5D1B" w:rsidRPr="00155211" w:rsidRDefault="00FB5D1B"><w:pPr><w:pStyle w:val="tbody"/><w:rPr><w:rFonts w:ascii="Times New Roman" w:hAnsi="Times New Roman"/></w:rPr></w:pPr><w:r w:rsidRPr="00155211"><w:rPr><w:rFonts w:ascii="Times New Roman" w:hAnsi="Times New Roman"/></w:rPr><w:t>(4,5)</w:t></w:r></w:p></w:tc></w:tr><w:tr w:rsidR="00FB5D1B" w:rsidRPr="00155211"><w:tblPrEx><w:tblCellMar><w:top w:w="0" w:type="dxa"/><w:bottom w:w="0" w:type="dxa"/></w:tblCellMar></w:tblPrEx><w:trPr><w:cantSplit/></w:trPr><w:tc><w:tcPr><w:tcW w:w="1000" w:type="pct"/></w:tcPr><w:p w:rsidR="00FB5D1B" w:rsidRPr="00155211" w:rsidRDefault="00FB5D1B"><w:pPr><w:pStyle w:val="tbody"/><w:rPr><w:rFonts w:ascii="Times New Roman" w:hAnsi="Times New Roman"/></w:rPr></w:pPr><w:r w:rsidRPr="00155211"><w:rPr><w:rFonts w:ascii="Times New Roman" w:hAnsi="Times New Roman"/></w:rPr><w:t>(5,1)</w:t></w:r></w:p></w:tc><w:tc><w:tcPr><w:tcW w:w="2000" w:type="pct"/><w:gridSpan w:val="2"/><w:vMerge/><w:tcBorders><w:bottom w:val="nil"/></w:tcBorders></w:tcPr><w:p w:rsidR="00FB5D1B" w:rsidRPr="00155211" w:rsidRDefault="00FB5D1B"><w:pPr><w:pStyle w:val="tbody"/><w:rPr><w:rFonts w:ascii="Times New Roman" w:hAnsi="Times New Roman"/></w:rPr></w:pPr></w:p></w:tc><w:tc><w:tcPr><w:tcW w:w="578" w:type="pct"/><w:tcBorders><w:right w:val="nil"/></w:tcBorders></w:tcPr><w:p w:rsidR="00FB5D1B" w:rsidRPr="00155211" w:rsidRDefault="00FB5D1B"><w:pPr><w:pStyle w:val="tbody"/><w:rPr><w:rFonts w:ascii="Times New Roman" w:hAnsi="Times New Roman"/></w:rPr></w:pPr><w:r w:rsidRPr="00155211"><w:rPr><w:rFonts w:ascii="Times New Roman" w:hAnsi="Times New Roman"/></w:rPr><w:t>(5,4)</w:t></w:r></w:p></w:tc><w:tc><w:tcPr><w:tcW w:w="1423" w:type="pct"/><w:gridSpan w:val="2"/><w:tcBorders><w:left w:val="nil"/></w:tcBorders></w:tcPr><w:p w:rsidR="00FB5D1B" w:rsidRPr="00155211" w:rsidRDefault="00FB5D1B"><w:pPr><w:pStyle w:val="tbody"/><w:rPr><w:rFonts w:ascii="Times New Roman" w:hAnsi="Times New Roman"/></w:rPr></w:pPr><w:r w:rsidRPr="00155211"><w:rPr><w:rFonts w:ascii="Times New Roman" w:hAnsi="Times New Roman"/></w:rPr><w:t>(5,5)</w:t></w:r></w:p></w:tc></w:tr><w:tr w:rsidR="00FB5D1B" w:rsidRPr="00155211"><w:tblPrEx><w:tblCellMar><w:top w:w="0" w:type="dxa"/><w:bottom w:w="0" w:type="dxa"/></w:tblCellMar></w:tblPrEx><w:tc><w:tcPr><w:tcW w:w="1000" w:type="pct"/></w:tcPr><w:p w:rsidR="00FB5D1B" w:rsidRPr="00155211" w:rsidRDefault="00FB5D1B"><w:pPr><w:pStyle w:val="tbody"/><w:rPr><w:rFonts w:ascii="Times New Roman" w:hAnsi="Times New Roman"/></w:rPr></w:pPr><w:r w:rsidRPr="00155211"><w:rPr><w:rFonts w:ascii="Times New Roman" w:hAnsi="Times New Roman"/></w:rPr><w:t>(6,1)</w:t></w:r></w:p></w:tc><w:tc><w:tcPr><w:tcW w:w="1000" w:type="pct"/><w:tcBorders><w:top w:val="nil"/></w:tcBorders></w:tcPr><w:p w:rsidR="00FB5D1B" w:rsidRPr="00155211" w:rsidRDefault="00FB5D1B"><w:pPr><w:pStyle w:val="tbody"/><w:rPr><w:rFonts w:ascii="Times New Roman" w:hAnsi="Times New Roman"/></w:rPr></w:pPr><w:r w:rsidRPr="00155211"><w:rPr><w:rFonts w:ascii="Times New Roman" w:hAnsi="Times New Roman"/></w:rPr><w:t>(6,2)</w:t></w:r></w:p></w:tc><w:tc><w:tcPr><w:tcW w:w="1000" w:type="pct"/><w:tcBorders><w:top w:val="nil"/></w:tcBorders></w:tcPr><w:p w:rsidR="00FB5D1B" w:rsidRPr="00155211" w:rsidRDefault="00FB5D1B"><w:pPr><w:pStyle w:val="tbody"/><w:rPr><w:rFonts w:ascii="Times New Roman" w:hAnsi="Times New Roman"/></w:rPr></w:pPr><w:r w:rsidRPr="00155211"><w:rPr><w:rFonts w:ascii="Times New Roman" w:hAnsi="Times New Roman"/></w:rPr><w:t>(6,3)</w:t></w:r></w:p></w:tc><w:tc><w:tcPr><w:tcW w:w="1000" w:type="pct"/><w:gridSpan w:val="2"/></w:tcPr><w:p w:rsidR="00FB5D1B" w:rsidRPr="00155211" w:rsidRDefault="00FB5D1B"><w:pPr><w:pStyle w:val="tbody"/><w:rPr><w:rFonts w:ascii="Times New Roman" w:hAnsi="Times New Roman"/></w:rPr></w:pPr><w:r w:rsidRPr="00155211"><w:rPr><w:rFonts w:ascii="Times New Roman" w:hAnsi="Times New Roman"/></w:rPr><w:t>(6,4)</w:t></w:r></w:p></w:tc><w:tc><w:tcPr><w:tcW w:w="1000" w:type="pct"/></w:tcPr><w:p w:rsidR="00FB5D1B" w:rsidRPr="00155211" w:rsidRDefault="00FB5D1B"><w:pPr><w:pStyle w:val="tbody"/><w:rPr><w:rFonts w:ascii="Times New Roman" w:hAnsi="Times New Roman"/></w:rPr></w:pPr><w:r w:rsidRPr="00155211"><w:rPr><w:rFonts w:ascii="Times New Roman" w:hAnsi="Times New Roman"/></w:rPr><w:t>(6,8)</w:t></w:r></w:p></w:tc></w:tr></w:tbl><w:p w:rsidR="00FB5D1B" w:rsidRPr="00155211" w:rsidRDefault="00FB5D1B"><w:pPr><w:pStyle w:val="Title1"/><w:rPr><w:rFonts w:ascii="Times New Roman" w:hAnsi="Times New Roman"/></w:rPr></w:pPr><w:bookmarkStart w:id="3" w:name="_Toc194900760"/><w:r w:rsidRPr="00155211"><w:rPr><w:rFonts w:ascii="Times New Roman" w:hAnsi="Times New Roman"/></w:rPr><w:t>Des maths (Microsoft® équation)</w:t></w:r><w:bookmarkEnd w:id="3"/></w:p><w:p w:rsidR="00FB5D1B" w:rsidRPr="00155211" w:rsidRDefault="00FB5D1B"><w:pPr><w:pStyle w:val="NormalText"/><w:rPr><w:rFonts w:ascii="Times New Roman" w:hAnsi="Times New Roman"/></w:rPr></w:pPr><w:r w:rsidRPr="00155211"><w:rPr><w:rFonts w:ascii="Times New Roman" w:hAnsi="Times New Roman"/><w:position w:val="-28"/></w:rPr><w:object w:dxaOrig="1620" w:dyaOrig="680"><v:shapetype id="_x0000_t75" coordsize="21600,21600" o:spt="75" o:preferrelative="t" path="m@4@5l@4@11@9@11@9@5xe" filled="f" stroked="f"><v:stroke joinstyle="miter"/><v:formulas><v:f eqn="if lineDrawn pixelLineWidth 0"/><v:f eqn="sum @0 1 0"/><v:f eqn="sum 0 0 @1"/><v:f eqn="prod @2 1 2"/><v:f eqn="prod @3 21600 pixelWidth"/><v:f eqn="prod @3 21600 pixelHeight"/><v:f eqn="sum @0 0 1"/><v:f eqn="prod @6 1 2"/><v:f eqn="prod @7 21600 pixelWidth"/><v:f eqn="sum @8 21600 0"/><v:f eqn="prod @7 21600 pixelHeight"/><v:f eqn="sum @10 21600 0"/></v:formulas><v:path o:extrusionok="f" gradientshapeok="t" o:connecttype="rect"/><o:lock v:ext="edit" aspectratio="t"/></v:shapetype><v:shape id="_x0000_i1025" type="#_x0000_t75" style="width:81pt;height:33.75pt" o:ole=""><v:imagedata r:id="rId8" o:title=""/></v:shape><o:OLEObject Type="Embed" ProgID="Equation.3" ShapeID="_x0000_i1025" DrawAspect="Content" ObjectID="_1642312453" r:id="rId9"/></w:object></w:r></w:p><w:p w:rsidR="00B2435E" w:rsidRPr="00155211" w:rsidRDefault="00B2435E" w:rsidP="00B2435E"><w:pPr><w:pStyle w:val="Title1"/><w:rPr><w:rFonts w:ascii="Times New Roman" w:hAnsi="Times New Roman"/></w:rPr></w:pPr><w:bookmarkStart w:id="4" w:name="_Toc194900761"/><w:r w:rsidRPr="00155211"><w:rPr><w:rFonts w:ascii="Times New Roman" w:hAnsi="Times New Roman"/></w:rPr><w:t>Des maths (</w:t></w:r><w:r w:rsidR="00B96817"><w:rPr><w:rFonts w:ascii="Times New Roman" w:hAnsi="Times New Roman"/></w:rPr><w:t>MathType</w:t></w:r><w:r w:rsidRPr="00155211"><w:rPr><w:rFonts w:ascii="Times New Roman" w:hAnsi="Times New Roman"/></w:rPr><w:t>)</w:t></w:r></w:p><w:p w:rsidR="00B2435E" w:rsidRPr="00155211" w:rsidRDefault="00745EAF" w:rsidP="00745EAF"><w:pPr><w:pStyle w:val="MTDisplayEquation"/></w:pPr><w:r w:rsidRPr="00745EAF"><w:rPr><w:position w:val="-6"/></w:rPr><w:object w:dxaOrig="2340" w:dyaOrig="320"><v:shape id="_x0000_i1028" type="#_x0000_t75" style="width:117pt;height:15.75pt" o:ole=""><v:imagedata r:id="rId10" o:title=""/></v:shape><o:OLEObject Type="Embed" ProgID="Equation.DSMT4" ShapeID="_x0000_i1028" DrawAspect="Content" ObjectID="_1642312454" r:id="rId11"/></w:object></w:r></w:p><w:p w:rsidR="00FB5D1B" w:rsidRPr="00155211" w:rsidRDefault="00FB5D1B"><w:pPr><w:pStyle w:val="Title1"/><w:rPr><w:rFonts w:ascii="Times New Roman" w:hAnsi="Times New Roman"/></w:rPr></w:pPr><w:r w:rsidRPr="00155211"><w:rPr><w:rFonts w:ascii="Times New Roman" w:hAnsi="Times New Roman"/></w:rPr><w:t>Des images</w:t></w:r><w:bookmarkEnd w:id="4"/></w:p><w:p w:rsidR="00FB5D1B" w:rsidRPr="00155211" w:rsidRDefault="00A83E01"><w:pPr><w:pStyle w:val="NormalText"/><w:rPr><w:rFonts w:ascii="Times New Roman" w:hAnsi="Times New Roman"/></w:rPr></w:pPr><w:r><w:rPr><w:rFonts w:ascii="Times New Roman" w:hAnsi="Times New Roman"/><w:noProof/></w:rPr><w:drawing><wp:anchor distT="0" distB="0" distL="114300" distR="114300" simplePos="0" relativeHeight="251657728" behindDoc="0" locked="0" layoutInCell="1" allowOverlap="1"><wp:simplePos x="0" y="0"/><wp:positionH relativeFrom="column"><wp:posOffset>3609340</wp:posOffset></wp:positionH><wp:positionV relativeFrom="paragraph"><wp:posOffset>-405765</wp:posOffset></wp:positionV><wp:extent cx="1654175" cy="1240155"/><wp:effectExtent l="0" t="0" r="3175" b="0"/><wp:wrapSquare wrapText="bothSides"/><wp:docPr id="5" name="Image 5" descr="Hiver"/><wp:cNvGraphicFramePr><a:graphicFrameLocks xmlns:a="http://schemas.openxmlformats.org/drawingml/2006/main" noChangeAspect="1"/></wp:cNvGraphicFramePr><a:graphic xmlns:a="http://schemas.openxmlformats.org/drawingml/2006/main"><a:graphicData uri="http://schemas.openxmlformats.org/drawingml/2006/picture"><pic:pic xmlns:pic="http://schemas.openxmlformats.org/drawingml/2006/picture"><pic:nvPicPr><pic:cNvPr id="0" name="Picture 5" descr="Hiver"/><pic:cNvPicPr><a:picLocks noChangeAspect="1" noChangeArrowheads="1"/></pic:cNvPicPr></pic:nvPicPr><pic:blipFill><a:blip r:embed="rId12" cstate="print"><a:extLst><a:ext uri="{28A0092B-C50C-407E-A947-70E740481C1C}"><a14:useLocalDpi xmlns:a14="http://schemas.microsoft.com/office/drawing/2010/main" val="0"/></a:ext></a:extLst></a:blip><a:srcRect/><a:stretch><a:fillRect/></a:stretch></pic:blipFill><pic:spPr bwMode="auto"><a:xfrm><a:off x="0" y="0"/><a:ext cx="1654175" cy="1240155"/></a:xfrm><a:prstGeom prst="rect"><a:avLst/></a:prstGeom><a:noFill/><a:ln><a:noFill/></a:ln></pic:spPr></pic:pic></a:graphicData></a:graphic><wp14:sizeRelH relativeFrom="page"><wp14:pctWidth>0</wp14:pctWidth></wp14:sizeRelH><wp14:sizeRelV relativeFrom="page"><wp14:pctHeight>0</wp14:pctHeight></wp14:sizeRelV></wp:anchor></w:drawing></w:r><w:r><w:rPr><w:rFonts w:ascii="Times New Roman" w:hAnsi="Times New Roman"/><w:noProof/></w:rPr><w:drawing><wp:inline distT="0" distB="0" distL="0" distR="0"><wp:extent cx="1676400" cy="466725"/><wp:effectExtent l="0" t="0" r="0" b="0"/><wp:docPr id="2" name="Image 2" descr="jouve"/><wp:cNvGraphicFramePr><a:graphicFrameLocks xmlns:a="http://schemas.openxmlformats.org/drawingml/2006/main" noChangeAspect="1"/></wp:cNvGraphicFramePr><a:graphic xmlns:a="http://schemas.openxmlformats.org/drawingml/2006/main"><a:graphicData uri="http://schemas.openxmlformats.org/drawingml/2006/picture"><pic:pic xmlns:pic="http://schemas.openxmlformats.org/drawingml/2006/picture"><pic:nvPicPr><pic:cNvPr id="0" name="Picture 2" descr="jouve"/><pic:cNvPicPr><a:picLocks noChangeAspect="1" noChangeArrowheads="1"/></pic:cNvPicPr></pic:nvPicPr><pic:blipFill><a:blip r:embed="rId13"><a:extLst><a:ext uri="{28A0092B-C50C-407E-A947-70E740481C1C}"><a14:useLocalDpi xmlns:a14="http://schemas.microsoft.com/office/drawing/2010/main" val="0"/></a:ext></a:extLst></a:blip><a:srcRect/><a:stretch><a:fillRect/></a:stretch></pic:blipFill><pic:spPr bwMode="auto"><a:xfrm><a:off x="0" y="0"/><a:ext cx="1676400" cy="466725"/></a:xfrm><a:prstGeom prst="rect"><a:avLst/></a:prstGeom><a:noFill/><a:ln><a:noFill/></a:ln></pic:spPr></pic:pic></a:graphicData></a:graphic></wp:inline></w:drawing></w:r></w:p><w:p w:rsidR="00FB5D1B" w:rsidRPr="00155211" w:rsidRDefault="00FB5D1B"><w:pPr><w:pStyle w:val="NormalText"/><w:rPr><w:rFonts w:ascii="Times New Roman" w:hAnsi="Times New Roman"/></w:rPr></w:pPr><w:r w:rsidRPr="00155211"><w:rPr><w:rFonts w:ascii="Times New Roman" w:hAnsi="Times New Roman"/></w:rPr><w:t>La première image est alignée sur le texte</w:t></w:r></w:p><w:p w:rsidR="00FB5D1B" w:rsidRPr="00155211" w:rsidRDefault="00FB5D1B"><w:pPr><w:pStyle w:val="NormalText"/><w:rPr><w:rFonts w:ascii="Times New Roman" w:hAnsi="Times New Roman"/></w:rPr></w:pPr><w:r w:rsidRPr="00155211"><w:rPr><w:rFonts w:ascii="Times New Roman" w:hAnsi="Times New Roman"/></w:rPr><w:t>La seconde image est une image flottante</w:t></w:r></w:p><w:p w:rsidR="00FB5D1B" w:rsidRPr="00155211" w:rsidRDefault="00FB5D1B"><w:pPr><w:pStyle w:val="Title1"/><w:rPr><w:rFonts w:ascii="Times New Roman" w:hAnsi="Times New Roman"/></w:rPr></w:pPr><w:bookmarkStart w:id="5" w:name="_Toc194900762"/><w:r w:rsidRPr="00155211"><w:rPr><w:rFonts w:ascii="Times New Roman" w:hAnsi="Times New Roman"/></w:rPr><w:t>Une liste à puces</w:t></w:r><w:bookmarkEnd w:id="5"/></w:p><w:p w:rsidR="00FB5D1B" w:rsidRPr="00155211" w:rsidRDefault="00FB5D1B"><w:pPr><w:pStyle w:val="NormalText"/><w:numPr><w:ilvl w:val="0"/><w:numId w:val="1"/></w:numPr><w:rPr><w:rFonts w:ascii="Times New Roman" w:hAnsi="Times New Roman"/></w:rPr></w:pPr><w:r w:rsidRPr="00155211"><w:rPr><w:rFonts w:ascii="Times New Roman" w:hAnsi="Times New Roman"/></w:rPr><w:t>Entrée 1</w:t></w:r></w:p><w:p w:rsidR="00FB5D1B" w:rsidRPr="00155211" w:rsidRDefault="00FB5D1B"><w:pPr><w:pStyle w:val="NormalText"/><w:numPr><w:ilvl w:val="0"/><w:numId w:val="1"/></w:numPr><w:rPr><w:rFonts w:ascii="Times New Roman" w:hAnsi="Times New Roman"/></w:rPr></w:pPr><w:r w:rsidRPr="00155211"><w:rPr><w:rFonts w:ascii="Times New Roman" w:hAnsi="Times New Roman"/></w:rPr><w:t>Entrée 2</w:t></w:r></w:p><w:p w:rsidR="00FB5D1B" w:rsidRPr="00155211" w:rsidRDefault="00FB5D1B"><w:pPr><w:pStyle w:val="Title1"/><w:rPr><w:rFonts w:ascii="Times New Roman" w:hAnsi="Times New Roman"/></w:rPr></w:pPr><w:bookmarkStart w:id="6" w:name="_Toc194900763"/><w:r w:rsidRPr="00155211"><w:rPr><w:rFonts w:ascii="Times New Roman" w:hAnsi="Times New Roman"/></w:rPr><w:t>Une liste numérotée (automatiquement)</w:t></w:r><w:bookmarkEnd w:id="6"/></w:p><w:p w:rsidR="00FB5D1B" w:rsidRPr="00155211" w:rsidRDefault="00FB5D1B"><w:pPr><w:pStyle w:val="NormalText"/><w:numPr><w:ilvl w:val="1"/><w:numId w:val="1"/></w:numPr><w:rPr><w:rFonts w:ascii="Times New Roman" w:hAnsi="Times New Roman"/></w:rPr></w:pPr><w:bookmarkStart w:id="7" w:name="_Ref193257564"/><w:r w:rsidRPr="00155211"><w:rPr><w:rFonts w:ascii="Times New Roman" w:hAnsi="Times New Roman"/></w:rPr><w:t>Première entrée</w:t></w:r><w:bookmarkEnd w:id="7"/></w:p><w:p w:rsidR="00FB5D1B" w:rsidRPr="00155211" w:rsidRDefault="00FB5D1B"><w:pPr><w:pStyle w:val="NormalText"/><w:numPr><w:ilvl w:val="1"/><w:numId w:val="1"/></w:numPr><w:rPr><w:rFonts w:ascii="Times New Roman" w:hAnsi="Times New Roman"/></w:rPr></w:pPr><w:bookmarkStart w:id="8" w:name="_Ref193257720"/><w:r w:rsidRPr="00155211"><w:rPr><w:rFonts w:ascii="Times New Roman" w:hAnsi="Times New Roman"/></w:rPr><w:t>2</w:t></w:r><w:r w:rsidRPr="00155211"><w:rPr><w:rFonts w:ascii="Times New Roman" w:hAnsi="Times New Roman"/><w:vertAlign w:val="superscript"/></w:rPr><w:t>ème</w:t></w:r><w:r w:rsidRPr="00155211"><w:rPr><w:rFonts w:ascii="Times New Roman" w:hAnsi="Times New Roman"/></w:rPr><w:t xml:space="preserve"> entrée</w:t></w:r><w:bookmarkEnd w:id="8"/></w:p><w:p w:rsidR="00FB5D1B" w:rsidRPr="00155211" w:rsidRDefault="00FB5D1B"><w:pPr><w:pStyle w:val="Title1"/><w:rPr><w:rFonts w:ascii="Times New Roman" w:hAnsi="Times New Roman"/></w:rPr></w:pPr><w:bookmarkStart w:id="9" w:name="_Toc194900764"/><w:r w:rsidRPr="00155211"><w:rPr><w:rFonts w:ascii="Times New Roman" w:hAnsi="Times New Roman"/></w:rPr><w:lastRenderedPageBreak/><w:t>Une zone de texte</w:t></w:r><w:bookmarkEnd w:id="9"/></w:p><w:p w:rsidR="00FB5D1B" w:rsidRPr="00155211" w:rsidRDefault="00FB5D1B"><w:pPr><w:pStyle w:val="NormalText"/><w:rPr><w:rFonts w:ascii="Times New Roman" w:hAnsi="Times New Roman"/></w:rPr></w:pPr><w:r w:rsidRPr="00155211"><w:rPr><w:rFonts w:ascii="Times New Roman" w:hAnsi="Times New Roman"/></w:rPr><w:t>La voilà</w:t></w:r></w:p><w:p w:rsidR="00FB5D1B" w:rsidRPr="00155211" w:rsidRDefault="00FB5D1B"><w:pPr><w:pStyle w:val="Title1"/><w:rPr><w:rFonts w:ascii="Times New Roman" w:hAnsi="Times New Roman"/></w:rPr></w:pPr><w:bookmarkStart w:id="10" w:name="_Toc194900765"/><w:r w:rsidRPr="00155211"><w:rPr><w:rFonts w:ascii="Times New Roman" w:hAnsi="Times New Roman"/></w:rPr><w:t>Une table des matières</w:t></w:r><w:bookmarkEnd w:id="10"/></w:p><w:p w:rsidR="00FB5D1B" w:rsidRPr="00155211" w:rsidRDefault="00FB5D1B"><w:pPr><w:pStyle w:val="TM1"/><w:tabs><w:tab w:val="right" w:leader="dot" w:pos="9062"/></w:tabs><w:rPr><w:rFonts w:ascii="Times New Roman" w:hAnsi="Times New Roman"/><w:noProof/><w:sz w:val="24"/><w:szCs w:val="24"/></w:rPr></w:pPr><w:r w:rsidRPr="00155211"><w:rPr><w:rFonts w:ascii="Times New Roman" w:hAnsi="Times New Roman"/></w:rPr><w:fldChar w:fldCharType="begin"/></w:r><w:r w:rsidRPr="00155211"><w:rPr><w:rFonts w:ascii="Times New Roman" w:hAnsi="Times New Roman"/></w:rPr><w:instrText xml:space="preserve"> TOC \h \z \t "Title_0;1;Title_1;2" </w:instrText></w:r><w:r w:rsidRPr="00155211"><w:rPr><w:rFonts w:ascii="Times New Roman" w:hAnsi="Times New Roman"/></w:rPr><w:fldChar w:fldCharType="separate"/></w:r><w:hyperlink w:anchor="_Toc194900757" w:history="1"><w:r w:rsidRPr="00155211"><w:rPr><w:rStyle w:val="Lienhypertexte"/><w:rFonts w:ascii="Times New Roman" w:hAnsi="Times New Roman"/><w:noProof/></w:rPr><w:t>Titre</w:t></w:r><w:r w:rsidR="00155211"><w:rPr><w:rFonts w:ascii="Times New Roman" w:hAnsi="Times New Roman"/><w:noProof/><w:webHidden/></w:rPr><w:t>¶</w:t></w:r><w:r w:rsidRPr="00155211"><w:rPr><w:rFonts w:ascii="Times New Roman" w:hAnsi="Times New Roman"/><w:noProof/><w:webHidden/></w:rPr><w:fldChar w:fldCharType="begin"/></w:r><w:r w:rsidRPr="00155211"><w:rPr><w:rFonts w:ascii="Times New Roman" w:hAnsi="Times New Roman"/><w:noProof/><w:webHidden/></w:rPr><w:instrText xml:space="preserve"> PAGEREF _Toc194900757 \h </w:instrText></w:r><w:r w:rsidRPr="00155211"><w:rPr><w:rFonts w:ascii="Times New Roman" w:hAnsi="Times New Roman"/><w:noProof/></w:rPr></w:r><w:r w:rsidRPr="00155211"><w:rPr><w:rFonts w:ascii="Times New Roman" w:hAnsi="Times New Roman"/><w:noProof/><w:webHidden/></w:rPr><w:fldChar w:fldCharType="separate"/></w:r><w:r w:rsidRPr="00155211"><w:rPr><w:rFonts w:ascii="Times New Roman" w:hAnsi="Times New Roman"/><w:noProof/><w:webHidden/></w:rPr><w:t>1</w:t></w:r><w:r w:rsidRPr="00155211"><w:rPr><w:rFonts w:ascii="Times New Roman" w:hAnsi="Times New Roman"/><w:noProof/><w:webHidden/></w:rPr><w:fldChar w:fldCharType="end"/></w:r></w:hyperlink></w:p><w:p w:rsidR="00FB5D1B" w:rsidRPr="00155211" w:rsidRDefault="00FB5D1B"><w:pPr><w:pStyle w:val="TM2"/><w:tabs><w:tab w:val="right" w:leader="dot" w:pos="9062"/></w:tabs><w:rPr><w:rFonts w:ascii="Times New Roman" w:hAnsi="Times New Roman"/><w:noProof/><w:sz w:val="24"/><w:szCs w:val="24"/></w:rPr></w:pPr><w:hyperlink w:anchor="_Toc194900758" w:history="1"><w:r w:rsidRPr="00155211"><w:rPr><w:rStyle w:val="Lienhypertexte"/><w:rFonts w:ascii="Times New Roman" w:hAnsi="Times New Roman"/><w:noProof/></w:rPr><w:t>Du texte</w:t></w:r><w:r w:rsidR="00155211"><w:rPr><w:rFonts w:ascii="Times New Roman" w:hAnsi="Times New Roman"/><w:noProof/><w:webHidden/></w:rPr><w:t>¶</w:t></w:r><w:r w:rsidRPr="00155211"><w:rPr><w:rFonts w:ascii="Times New Roman" w:hAnsi="Times New Roman"/><w:noProof/><w:webHidden/></w:rPr><w:fldChar w:fldCharType="begin"/></w:r><w:r w:rsidRPr="00155211"><w:rPr><w:rFonts w:ascii="Times New Roman" w:hAnsi="Times New Roman"/><w:noProof/><w:webHidden/></w:rPr><w:instrText xml:space="preserve"> PAGEREF _Toc194900758 \h </w:instrText></w:r><w:r w:rsidRPr="00155211"><w:rPr><w:rFonts w:ascii="Times New Roman" w:hAnsi="Times New Roman"/><w:noProof/></w:rPr></w:r><w:r w:rsidRPr="00155211"><w:rPr><w:rFonts w:ascii="Times New Roman" w:hAnsi="Times New Roman"/><w:noProof/><w:webHidden/></w:rPr><w:fldChar w:fldCharType="separate"/></w:r><w:r w:rsidRPr="00155211"><w:rPr><w:rFonts w:ascii="Times New Roman" w:hAnsi="Times New Roman"/><w:noProof/><w:webHidden/></w:rPr><w:t>1</w:t></w:r><w:r w:rsidRPr="00155211"><w:rPr><w:rFonts w:ascii="Times New Roman" w:hAnsi="Times New Roman"/><w:noProof/><w:webHidden/></w:rPr><w:fldChar w:fldCharType="end"/></w:r></w:hyperlink></w:p><w:p w:rsidR="00FB5D1B" w:rsidRPr="00155211" w:rsidRDefault="00FB5D1B"><w:pPr><w:pStyle w:val="TM2"/><w:tabs><w:tab w:val="right" w:leader="dot" w:pos="9062"/></w:tabs><w:rPr><w:rFonts w:ascii="Times New Roman" w:hAnsi="Times New Roman"/><w:noProof/><w:sz w:val="24"/><w:szCs w:val="24"/></w:rPr></w:pPr><w:hyperlink w:anchor="_Toc194900759" w:history="1"><w:r w:rsidRPr="00155211"><w:rPr><w:rStyle w:val="Lienhypertexte"/><w:rFonts w:ascii="Times New Roman" w:hAnsi="Times New Roman"/><w:noProof/></w:rPr><w:t>Un Tableau</w:t></w:r><w:r w:rsidR="00155211"><w:rPr><w:rFonts w:ascii="Times New Roman" w:hAnsi="Times New Roman"/><w:noProof/><w:webHidden/></w:rPr><w:t>¶</w:t></w:r><w:r w:rsidRPr="00155211"><w:rPr><w:rFonts w:ascii="Times New Roman" w:hAnsi="Times New Roman"/><w:noProof/><w:webHidden/></w:rPr><w:fldChar w:fldCharType="begin"/></w:r><w:r w:rsidRPr="00155211"><w:rPr><w:rFonts w:ascii="Times New Roman" w:hAnsi="Times New Roman"/><w:noProof/><w:webHidden/></w:rPr><w:instrText xml:space="preserve"> PAGEREF _Toc194900759 \h </w:instrText></w:r><w:r w:rsidRPr="00155211"><w:rPr><w:rFonts w:ascii="Times New Roman" w:hAnsi="Times New Roman"/><w:noProof/></w:rPr></w:r><w:r w:rsidRPr="00155211"><w:rPr><w:rFonts w:ascii="Times New Roman" w:hAnsi="Times New Roman"/><w:noProof/><w:webHidden/></w:rPr><w:fldChar w:fldCharType="separate"/></w:r><w:r w:rsidRPr="00155211"><w:rPr><w:rFonts w:ascii="Times New Roman" w:hAnsi="Times New Roman"/><w:noProof/><w:webHidden/></w:rPr><w:t>1</w:t></w:r><w:r w:rsidRPr="00155211"><w:rPr><w:rFonts w:ascii="Times New Roman" w:hAnsi="Times New Roman"/><w:noProof/><w:webHidden/></w:rPr><w:fldChar w:fldCharType="end"/></w:r></w:hyperlink></w:p><w:p w:rsidR="00FB5D1B" w:rsidRPr="00155211" w:rsidRDefault="00FB5D1B"><w:pPr><w:pStyle w:val="TM2"/><w:tabs><w:tab w:val="right" w:leader="dot" w:pos="9062"/></w:tabs><w:rPr><w:rFonts w:ascii="Times New Roman" w:hAnsi="Times New Roman"/><w:noProof/><w:sz w:val="24"/><w:szCs w:val="24"/></w:rPr></w:pPr><w:hyperlink w:anchor="_Toc194900760" w:history="1"><w:r w:rsidRPr="00155211"><w:rPr><w:rStyle w:val="Lienhypertexte"/><w:rFonts w:ascii="Times New Roman" w:hAnsi="Times New Roman"/><w:noProof/></w:rPr><w:t>Des maths (Microsoft® équation)</w:t></w:r><w:r w:rsidR="00155211"><w:rPr><w:rFonts w:ascii="Times New Roman" w:hAnsi="Times New Roman"/><w:noProof/><w:webHidden/></w:rPr><w:t>¶</w:t></w:r><w:r w:rsidRPr="00155211"><w:rPr><w:rFonts w:ascii="Times New Roman" w:hAnsi="Times New Roman"/><w:noProof/><w:webHidden/></w:rPr><w:fldChar w:fldCharType="begin"/></w:r><w:r w:rsidRPr="00155211"><w:rPr><w:rFonts w:ascii="Times New Roman" w:hAnsi="Times New Roman"/><w:noProof/><w:webHidden/></w:rPr><w:instrText xml:space="preserve"> PAGEREF _Toc194900760 \h </w:instrText></w:r><w:r w:rsidRPr="00155211"><w:rPr><w:rFonts w:ascii="Times New Roman" w:hAnsi="Times New Roman"/><w:noProof/></w:rPr></w:r><w:r w:rsidRPr="00155211"><w:rPr><w:rFonts w:ascii="Times New Roman" w:hAnsi="Times New Roman"/><w:noProof/><w:webHidden/></w:rPr><w:fldChar w:fldCharType="separate"/></w:r><w:r w:rsidRPr="00155211"><w:rPr><w:rFonts w:ascii="Times New Roman" w:hAnsi="Times New Roman"/><w:noProof/><w:webHidden/></w:rPr><w:t>1</w:t></w:r><w:r w:rsidRPr="00155211"><w:rPr><w:rFonts w:ascii="Times New Roman" w:hAnsi="Times New Roman"/><w:noProof/><w:webHidden/></w:rPr><w:fldChar w:fldCharType="end"/></w:r></w:hyperlink></w:p><w:p w:rsidR="00FB5D1B" w:rsidRPr="00155211" w:rsidRDefault="00FB5D1B"><w:pPr><w:pStyle w:val="TM2"/><w:tabs><w:tab w:val="right" w:leader="dot" w:pos="9062"/></w:tabs><w:rPr><w:rFonts w:ascii="Times New Roman" w:hAnsi="Times New Roman"/><w:noProof/><w:sz w:val="24"/><w:szCs w:val="24"/></w:rPr></w:pPr><w:hyperlink w:anchor="_Toc194900761" w:history="1"><w:r w:rsidRPr="00155211"><w:rPr><w:rStyle w:val="Lienhypertexte"/><w:rFonts w:ascii="Times New Roman" w:hAnsi="Times New Roman"/><w:noProof/></w:rPr><w:t>Des images</w:t></w:r><w:r w:rsidR="00155211"><w:rPr><w:rFonts w:ascii="Times New Roman" w:hAnsi="Times New Roman"/><w:noProof/><w:webHidden/></w:rPr><w:t>¶</w:t></w:r><w:r w:rsidRPr="00155211"><w:rPr><w:rFonts w:ascii="Times New Roman" w:hAnsi="Times New Roman"/><w:noProof/><w:webHidden/></w:rPr><w:fldChar w:fldCharType="begin"/></w:r><w:r w:rsidRPr="00155211"><w:rPr><w:rFonts w:ascii="Times New Roman" w:hAnsi="Times New Roman"/><w:noProof/><w:webHidden/></w:rPr><w:instrText xml:space="preserve"> PAGEREF _Toc194900761 \h </w:instrText></w:r><w:r w:rsidRPr="00155211"><w:rPr><w:rFonts w:ascii="Times New Roman" w:hAnsi="Times New Roman"/><w:noProof/></w:rPr></w:r><w:r w:rsidRPr="00155211"><w:rPr><w:rFonts w:ascii="Times New Roman" w:hAnsi="Times New Roman"/><w:noProof/><w:webHidden/></w:rPr><w:fldChar w:fldCharType="separate"/></w:r><w:r w:rsidRPr="00155211"><w:rPr><w:rFonts w:ascii="Times New Roman" w:hAnsi="Times New Roman"/><w:noProof/><w:webHidden/></w:rPr><w:t>1</w:t></w:r><w:r w:rsidRPr="00155211"><w:rPr><w:rFonts w:ascii="Times New Roman" w:hAnsi="Times New Roman"/><w:noProof/><w:webHidden/></w:rPr><w:fldChar w:fldCharType="end"/></w:r></w:hyperlink></w:p><w:p w:rsidR="00FB5D1B" w:rsidRPr="00155211" w:rsidRDefault="00FB5D1B"><w:pPr><w:pStyle w:val="TM2"/><w:tabs><w:tab w:val="right" w:leader="dot" w:pos="9062"/></w:tabs><w:rPr><w:rFonts w:ascii="Times New Roman" w:hAnsi="Times New Roman"/><w:noProof/><w:sz w:val="24"/><w:szCs w:val="24"/></w:rPr></w:pPr><w:hyperlink w:anchor="_Toc194900762" w:history="1"><w:r w:rsidRPr="00155211"><w:rPr><w:rStyle w:val="Lienhypertexte"/><w:rFonts w:ascii="Times New Roman" w:hAnsi="Times New Roman"/><w:noProof/></w:rPr><w:t>Une liste à puces</w:t></w:r><w:r w:rsidR="00155211"><w:rPr><w:rFonts w:ascii="Times New Roman" w:hAnsi="Times New Roman"/><w:noProof/><w:webHidden/></w:rPr><w:t>¶</w:t></w:r><w:r w:rsidRPr="00155211"><w:rPr><w:rFonts w:ascii="Times New Roman" w:hAnsi="Times New Roman"/><w:noProof/><w:webHidden/></w:rPr><w:fldChar w:fldCharType="begin"/></w:r><w:r w:rsidRPr="00155211"><w:rPr><w:rFonts w:ascii="Times New Roman" w:hAnsi="Times New Roman"/><w:noProof/><w:webHidden/></w:rPr><w:instrText xml:space="preserve"> PAGEREF _Toc194900762 \h </w:instrText></w:r><w:r w:rsidRPr="00155211"><w:rPr><w:rFonts w:ascii="Times New Roman" w:hAnsi="Times New Roman"/><w:noProof/></w:rPr></w:r><w:r w:rsidRPr="00155211"><w:rPr><w:rFonts w:ascii="Times New Roman" w:hAnsi="Times New Roman"/><w:noProof/><w:webHidden/></w:rPr><w:fldChar w:fldCharType="separate"/></w:r><w:r w:rsidRPr="00155211"><w:rPr><w:rFonts w:ascii="Times New Roman" w:hAnsi="Times New Roman"/><w:noProof/><w:webHidden/></w:rPr><w:t>1</w:t></w:r><w:r w:rsidRPr="00155211"><w:rPr><w:rFonts w:ascii="Times New Roman" w:hAnsi="Times New Roman"/><w:noProof/><w:webHidden/></w:rPr><w:fldChar w:fldCharType="end"/></w:r></w:hyperlink></w:p><w:p w:rsidR="00FB5D1B" w:rsidRPr="00155211" w:rsidRDefault="00FB5D1B"><w:pPr><w:pStyle w:val="TM2"/><w:tabs><w:tab w:val="right" w:leader="dot" w:pos="9062"/></w:tabs><w:rPr><w:rFonts w:ascii="Times New Roman" w:hAnsi="Times New Roman"/><w:noProof/><w:sz w:val="24"/><w:szCs w:val="24"/></w:rPr></w:pPr><w:hyperlink w:anchor="_Toc194900763" w:history="1"><w:r w:rsidRPr="00155211"><w:rPr><w:rStyle w:val="Lienhypertexte"/><w:rFonts w:ascii="Times New Roman" w:hAnsi="Times New Roman"/><w:noProof/></w:rPr><w:t>Une liste numérotée (automatiquement)</w:t></w:r><w:r w:rsidR="00155211"><w:rPr><w:rFonts w:ascii="Times New Roman" w:hAnsi="Times New Roman"/><w:noProof/><w:webHidden/></w:rPr><w:t>¶</w:t></w:r><w:r w:rsidRPr="00155211"><w:rPr><w:rFonts w:ascii="Times New Roman" w:hAnsi="Times New Roman"/><w:noProof/><w:webHidden/></w:rPr><w:fldChar w:fldCharType="begin"/></w:r><w:r w:rsidRPr="00155211"><w:rPr><w:rFonts w:ascii="Times New Roman" w:hAnsi="Times New Roman"/><w:noProof/><w:webHidden/></w:rPr><w:instrText xml:space="preserve"> PAGEREF _Toc194900763 \h </w:instrText></w:r><w:r w:rsidRPr="00155211"><w:rPr><w:rFonts w:ascii="Times New Roman" w:hAnsi="Times New Roman"/><w:noProof/></w:rPr></w:r><w:r w:rsidRPr="00155211"><w:rPr><w:rFonts w:ascii="Times New Roman" w:hAnsi="Times New Roman"/><w:noProof/><w:webHidden/></w:rPr><w:fldChar w:fldCharType="separate"/></w:r><w:r w:rsidRPr="00155211"><w:rPr><w:rFonts w:ascii="Times New Roman" w:hAnsi="Times New Roman"/><w:noProof/><w:webHidden/></w:rPr><w:t>1</w:t></w:r><w:r w:rsidRPr="00155211"><w:rPr><w:rFonts w:ascii="Times New Roman" w:hAnsi="Times New Roman"/><w:noProof/><w:webHidden/></w:rPr><w:fldChar w:fldCharType="end"/></w:r></w:hyperlink></w:p><w:p w:rsidR="00FB5D1B" w:rsidRPr="00155211" w:rsidRDefault="00FB5D1B"><w:pPr><w:pStyle w:val="TM2"/><w:tabs><w:tab w:val="right" w:leader="dot" w:pos="9062"/></w:tabs><w:rPr><w:rFonts w:ascii="Times New Roman" w:hAnsi="Times New Roman"/><w:noProof/><w:sz w:val="24"/><w:szCs w:val="24"/></w:rPr></w:pPr><w:hyperlink w:anchor="_Toc194900764" w:history="1"><w:r w:rsidRPr="00155211"><w:rPr><w:rStyle w:val="Lienhypertexte"/><w:rFonts w:ascii="Times New Roman" w:hAnsi="Times New Roman"/><w:noProof/></w:rPr><w:t>Une zone de texte</w:t></w:r><w:r w:rsidR="00155211"><w:rPr><w:rFonts w:ascii="Times New Roman" w:hAnsi="Times New Roman"/><w:noProof/><w:webHidden/></w:rPr><w:t>¶</w:t></w:r><w:r w:rsidRPr="00155211"><w:rPr><w:rFonts w:ascii="Times New Roman" w:hAnsi="Times New Roman"/><w:noProof/><w:webHidden/></w:rPr><w:fldChar w:fldCharType="begin"/></w:r><w:r w:rsidRPr="00155211"><w:rPr><w:rFonts w:ascii="Times New Roman" w:hAnsi="Times New Roman"/><w:noProof/><w:webHidden/></w:rPr><w:instrText xml:space="preserve"> PAGEREF _Toc194900764 \h </w:instrText></w:r><w:r w:rsidRPr="00155211"><w:rPr><w:rFonts w:ascii="Times New Roman" w:hAnsi="Times New Roman"/><w:noProof/></w:rPr></w:r><w:r w:rsidRPr="00155211"><w:rPr><w:rFonts w:ascii="Times New Roman" w:hAnsi="Times New Roman"/><w:noProof/><w:webHidden/></w:rPr><w:fldChar w:fldCharType="separate"/></w:r><w:r w:rsidRPr="00155211"><w:rPr><w:rFonts w:ascii="Times New Roman" w:hAnsi="Times New Roman"/><w:noProof/><w:webHidden/></w:rPr><w:t>1</w:t></w:r><w:r w:rsidRPr="00155211"><w:rPr><w:rFonts w:ascii="Times New Roman" w:hAnsi="Times New Roman"/><w:noProof/><w:webHidden/></w:rPr><w:fldChar w:fldCharType="end"/></w:r></w:hyperlink></w:p><w:p w:rsidR="00FB5D1B" w:rsidRPr="00155211" w:rsidRDefault="00FB5D1B"><w:pPr><w:pStyle w:val="TM2"/><w:tabs><w:tab w:val="right" w:leader="dot" w:pos="9062"/></w:tabs><w:rPr><w:rFonts w:ascii="Times New Roman" w:hAnsi="Times New Roman"/><w:noProof/><w:sz w:val="24"/><w:szCs w:val="24"/></w:rPr></w:pPr><w:hyperlink w:anchor="_Toc194900765" w:history="1"><w:r w:rsidRPr="00155211"><w:rPr><w:rStyle w:val="Lienhypertexte"/><w:rFonts w:ascii="Times New Roman" w:hAnsi="Times New Roman"/><w:noProof/></w:rPr><w:t>Une table des matières</w:t></w:r><w:r w:rsidR="00155211"><w:rPr><w:rFonts w:ascii="Times New Roman" w:hAnsi="Times New Roman"/><w:noProof/><w:webHidden/></w:rPr><w:t>¶</w:t></w:r><w:r w:rsidRPr="00155211"><w:rPr><w:rFonts w:ascii="Times New Roman" w:hAnsi="Times New Roman"/><w:noProof/><w:webHidden/></w:rPr><w:fldChar w:fldCharType="begin"/></w:r><w:r w:rsidRPr="00155211"><w:rPr><w:rFonts w:ascii="Times New Roman" w:hAnsi="Times New Roman"/><w:noProof/><w:webHidden/></w:rPr><w:instrText xml:space="preserve"> PAGEREF _Toc194900765 \h </w:instrText></w:r><w:r w:rsidRPr="00155211"><w:rPr><w:rFonts w:ascii="Times New Roman" w:hAnsi="Times New Roman"/><w:noProof/></w:rPr></w:r><w:r w:rsidRPr="00155211"><w:rPr><w:rFonts w:ascii="Times New Roman" w:hAnsi="Times New Roman"/><w:noProof/><w:webHidden/></w:rPr><w:fldChar w:fldCharType="separate"/></w:r><w:r w:rsidRPr="00155211"><w:rPr><w:rFonts w:ascii="Times New Roman" w:hAnsi="Times New Roman"/><w:noProof/><w:webHidden/></w:rPr><w:t>2</w:t></w:r><w:r w:rsidRPr="00155211"><w:rPr><w:rFonts w:ascii="Times New Roman" w:hAnsi="Times New Roman"/><w:noProof/><w:webHidden/></w:rPr><w:fldChar w:fldCharType="end"/></w:r></w:hyperlink></w:p><w:p w:rsidR="00FB5D1B" w:rsidRPr="00155211" w:rsidRDefault="00FB5D1B"><w:pPr><w:pStyle w:val="TM1"/><w:tabs><w:tab w:val="right" w:leader="dot" w:pos="9062"/></w:tabs><w:rPr><w:rFonts w:ascii="Times New Roman" w:hAnsi="Times New Roman"/><w:noProof/><w:sz w:val="24"/><w:szCs w:val="24"/></w:rPr></w:pPr><w:hyperlink w:anchor="_Toc194900766" w:history="1"><w:r w:rsidRPr="00155211"><w:rPr><w:rStyle w:val="Lienhypertexte"/><w:rFonts w:ascii="Times New Roman" w:hAnsi="Times New Roman"/><w:noProof/></w:rPr><w:t>Second titre</w:t></w:r><w:r w:rsidR="00155211"><w:rPr><w:rFonts w:ascii="Times New Roman" w:hAnsi="Times New Roman"/><w:noProof/><w:webHidden/></w:rPr><w:t>¶</w:t></w:r><w:r w:rsidRPr="00155211"><w:rPr><w:rFonts w:ascii="Times New Roman" w:hAnsi="Times New Roman"/><w:noProof/><w:webHidden/></w:rPr><w:fldChar w:fldCharType="begin"/></w:r><w:r w:rsidRPr="00155211"><w:rPr><w:rFonts w:ascii="Times New Roman" w:hAnsi="Times New Roman"/><w:noProof/><w:webHidden/></w:rPr><w:instrText xml:space="preserve"> PAGEREF _Toc194900766 \h </w:instrText></w:r><w:r w:rsidRPr="00155211"><w:rPr><w:rFonts w:ascii="Times New Roman" w:hAnsi="Times New Roman"/><w:noProof/></w:rPr></w:r><w:r w:rsidRPr="00155211"><w:rPr><w:rFonts w:ascii="Times New Roman" w:hAnsi="Times New Roman"/><w:noProof/><w:webHidden/></w:rPr><w:fldChar w:fldCharType="separate"/></w:r><w:r w:rsidRPr="00155211"><w:rPr><w:rFonts w:ascii="Times New Roman" w:hAnsi="Times New Roman"/><w:noProof/><w:webHidden/></w:rPr><w:t>3</w:t></w:r><w:r w:rsidRPr="00155211"><w:rPr><w:rFonts w:ascii="Times New Roman" w:hAnsi="Times New Roman"/><w:noProof/><w:webHidden/></w:rPr><w:fldChar w:fldCharType="end"/></w:r></w:hyperlink></w:p><w:p w:rsidR="00FB5D1B" w:rsidRPr="00155211" w:rsidRDefault="00FB5D1B"><w:pPr><w:pStyle w:val="TM2"/><w:tabs><w:tab w:val="right" w:leader="dot" w:pos="9062"/></w:tabs><w:rPr><w:rFonts w:ascii="Times New Roman" w:hAnsi="Times New Roman"/><w:noProof/><w:sz w:val="24"/><w:szCs w:val="24"/></w:rPr></w:pPr><w:hyperlink w:anchor="_Toc194900767" w:history="1"><w:r w:rsidRPr="00155211"><w:rPr><w:rStyle w:val="Lienhypertexte"/><w:rFonts w:ascii="Times New Roman" w:hAnsi="Times New Roman"/><w:noProof/></w:rPr><w:t>Des renvois et signets</w:t></w:r><w:r w:rsidR="00155211"><w:rPr><w:rFonts w:ascii="Times New Roman" w:hAnsi="Times New Roman"/><w:noProof/><w:webHidden/></w:rPr><w:t>¶</w:t></w:r><w:r w:rsidRPr="00155211"><w:rPr><w:rFonts w:ascii="Times New Roman" w:hAnsi="Times New Roman"/><w:noProof/><w:webHidden/></w:rPr><w:fldChar w:fldCharType="begin"/></w:r><w:r w:rsidRPr="00155211"><w:rPr><w:rFonts w:ascii="Times New Roman" w:hAnsi="Times New Roman"/><w:noProof/><w:webHidden/></w:rPr><w:instrText xml:space="preserve"> PAGEREF _Toc194900767 \h </w:instrText></w:r><w:r w:rsidRPr="00155211"><w:rPr><w:rFonts w:ascii="Times New Roman" w:hAnsi="Times New Roman"/><w:noProof/></w:rPr></w:r><w:r w:rsidRPr="00155211"><w:rPr><w:rFonts w:ascii="Times New Roman" w:hAnsi="Times New Roman"/><w:noProof/><w:webHidden/></w:rPr><w:fldChar w:fldCharType="separate"/></w:r><w:r w:rsidRPr="00155211"><w:rPr><w:rFonts w:ascii="Times New Roman" w:hAnsi="Times New Roman"/><w:noProof/><w:webHidden/></w:rPr><w:t>3</w:t></w:r><w:r w:rsidRPr="00155211"><w:rPr><w:rFonts w:ascii="Times New Roman" w:hAnsi="Times New Roman"/><w:noProof/><w:webHidden/></w:rPr><w:fldChar w:fldCharType="end"/></w:r></w:hyperlink></w:p><w:p w:rsidR="00FB5D1B" w:rsidRPr="00155211" w:rsidRDefault="00FB5D1B"><w:pPr><w:pStyle w:val="TM2"/><w:tabs><w:tab w:val="right" w:leader="dot" w:pos="9062"/></w:tabs><w:rPr><w:rFonts w:ascii="Times New Roman" w:hAnsi="Times New Roman"/><w:noProof/><w:sz w:val="24"/><w:szCs w:val="24"/></w:rPr></w:pPr><w:hyperlink w:anchor="_Toc194900768" w:history="1"><w:r w:rsidRPr="00155211"><w:rPr><w:rStyle w:val="Lienhypertexte"/><w:rFonts w:ascii="Times New Roman" w:hAnsi="Times New Roman"/><w:noProof/></w:rPr><w:t>Du texte sur deux colonnes</w:t></w:r><w:r w:rsidR="00155211"><w:rPr><w:rFonts w:ascii="Times New Roman" w:hAnsi="Times New Roman"/><w:noProof/><w:webHidden/></w:rPr><w:t>¶</w:t></w:r><w:r w:rsidRPr="00155211"><w:rPr><w:rFonts w:ascii="Times New Roman" w:hAnsi="Times New Roman"/><w:noProof/><w:webHidden/></w:rPr><w:fldChar w:fldCharType="begin"/></w:r><w:r w:rsidRPr="00155211"><w:rPr><w:rFonts w:ascii="Times New Roman" w:hAnsi="Times New Roman"/><w:noProof/><w:webHidden/></w:rPr><w:instrText xml:space="preserve"> PAGEREF _Toc194900768 \h </w:instrText></w:r><w:r w:rsidRPr="00155211"><w:rPr><w:rFonts w:ascii="Times New Roman" w:hAnsi="Times New Roman"/><w:noProof/></w:rPr></w:r><w:r w:rsidRPr="00155211"><w:rPr><w:rFonts w:ascii="Times New Roman" w:hAnsi="Times New Roman"/><w:noProof/><w:webHidden/></w:rPr><w:fldChar w:fldCharType="separate"/></w:r><w:r w:rsidRPr="00155211"><w:rPr><w:rFonts w:ascii="Times New Roman" w:hAnsi="Times New Roman"/><w:noProof/><w:webHidden/></w:rPr><w:t>3</w:t></w:r><w:r w:rsidRPr="00155211"><w:rPr><w:rFonts w:ascii="Times New Roman" w:hAnsi="Times New Roman"/><w:noProof/><w:webHidden/></w:rPr><w:fldChar w:fldCharType="end"/></w:r></w:hyperlink></w:p><w:p w:rsidR="00FB5D1B" w:rsidRPr="00155211" w:rsidRDefault="00FB5D1B"><w:pPr><w:pStyle w:val="TM2"/><w:tabs><w:tab w:val="right" w:leader="dot" w:pos="9062"/></w:tabs><w:rPr><w:rFonts w:ascii="Times New Roman" w:hAnsi="Times New Roman"/><w:noProof/><w:sz w:val="24"/><w:szCs w:val="24"/></w:rPr></w:pPr><w:hyperlink w:anchor="_Toc194900769" w:history="1"><w:r w:rsidRPr="00155211"><w:rPr><w:rStyle w:val="Lienhypertexte"/><w:rFonts w:ascii="Times New Roman" w:hAnsi="Times New Roman"/><w:noProof/></w:rPr><w:t>Des maths Mathtype</w:t></w:r><w:r w:rsidR="00155211"><w:rPr><w:rFonts w:ascii="Times New Roman" w:hAnsi="Times New Roman"/><w:noProof/><w:webHidden/></w:rPr><w:t>¶</w:t></w:r><w:r w:rsidRPr="00155211"><w:rPr><w:rFonts w:ascii="Times New Roman" w:hAnsi="Times New Roman"/><w:noProof/><w:webHidden/></w:rPr><w:fldChar w:fldCharType="begin"/></w:r><w:r w:rsidRPr="00155211"><w:rPr><w:rFonts w:ascii="Times New Roman" w:hAnsi="Times New Roman"/><w:noProof/><w:webHidden/></w:rPr><w:instrText xml:space="preserve"> PAGEREF _Toc194900769 \h </w:instrText></w:r><w:r w:rsidRPr="00155211"><w:rPr><w:rFonts w:ascii="Times New Roman" w:hAnsi="Times New Roman"/><w:noProof/></w:rPr></w:r><w:r w:rsidRPr="00155211"><w:rPr><w:rFonts w:ascii="Times New Roman" w:hAnsi="Times New Roman"/><w:noProof/><w:webHidden/></w:rPr><w:fldChar w:fldCharType="separate"/></w:r><w:r w:rsidRPr="00155211"><w:rPr><w:rFonts w:ascii="Times New Roman" w:hAnsi="Times New Roman"/><w:noProof/><w:webHidden/></w:rPr><w:t>4</w:t></w:r><w:r w:rsidRPr="00155211"><w:rPr><w:rFonts w:ascii="Times New Roman" w:hAnsi="Times New Roman"/><w:noProof/><w:webHidden/></w:rPr><w:fldChar w:fldCharType="end"/></w:r></w:hyperlink></w:p><w:p w:rsidR="00FB5D1B" w:rsidRPr="00155211" w:rsidRDefault="00FB5D1B"><w:pPr><w:pStyle w:val="TM2"/><w:tabs><w:tab w:val="right" w:leader="dot" w:pos="9062"/></w:tabs><w:rPr><w:rFonts w:ascii="Times New Roman" w:hAnsi="Times New Roman"/><w:noProof/><w:sz w:val="24"/><w:szCs w:val="24"/></w:rPr></w:pPr><w:hyperlink w:anchor="_Toc194900770" w:history="1"><w:r w:rsidRPr="00155211"><w:rPr><w:rStyle w:val="Lienhypertexte"/><w:rFonts w:ascii="Times New Roman" w:hAnsi="Times New Roman"/><w:noProof/></w:rPr><w:t>Des champs d’index</w:t></w:r><w:r w:rsidR="00155211"><w:rPr><w:rFonts w:ascii="Times New Roman" w:hAnsi="Times New Roman"/><w:noProof/><w:webHidden/></w:rPr><w:t>¶</w:t></w:r><w:r w:rsidRPr="00155211"><w:rPr><w:rFonts w:ascii="Times New Roman" w:hAnsi="Times New Roman"/><w:noProof/><w:webHidden/></w:rPr><w:fldChar w:fldCharType="begin"/></w:r><w:r w:rsidRPr="00155211"><w:rPr><w:rFonts w:ascii="Times New Roman" w:hAnsi="Times New Roman"/><w:noProof/><w:webHidden/></w:rPr><w:instrText xml:space="preserve"> PAGEREF _Toc194900770 \h </w:instrText></w:r><w:r w:rsidRPr="00155211"><w:rPr><w:rFonts w:ascii="Times New Roman" w:hAnsi="Times New Roman"/><w:noProof/></w:rPr></w:r><w:r w:rsidRPr="00155211"><w:rPr><w:rFonts w:ascii="Times New Roman" w:hAnsi="Times New Roman"/><w:noProof/><w:webHidden/></w:rPr><w:fldChar w:fldCharType="separate"/></w:r><w:r w:rsidRPr="00155211"><w:rPr><w:rFonts w:ascii="Times New Roman" w:hAnsi="Times New Roman"/><w:noProof/><w:webHidden/></w:rPr><w:t>4</w:t></w:r><w:r w:rsidRPr="00155211"><w:rPr><w:rFonts w:ascii="Times New Roman" w:hAnsi="Times New Roman"/><w:noProof/><w:webHidden/></w:rPr><w:fldChar w:fldCharType="end"/></w:r></w:hyperlink></w:p><w:p w:rsidR="00FB5D1B" w:rsidRPr="00155211" w:rsidRDefault="00FB5D1B"><w:pPr><w:pStyle w:val="TM2"/><w:tabs><w:tab w:val="right" w:leader="dot" w:pos="9062"/></w:tabs><w:rPr><w:rFonts w:ascii="Times New Roman" w:hAnsi="Times New Roman"/><w:noProof/><w:sz w:val="24"/><w:szCs w:val="24"/></w:rPr></w:pPr><w:hyperlink w:anchor="_Toc194900771" w:history="1"><w:r w:rsidRPr="00155211"><w:rPr><w:rStyle w:val="Lienhypertexte"/><w:rFonts w:ascii="Times New Roman" w:hAnsi="Times New Roman"/><w:noProof/></w:rPr><w:t>Des notes de bas de page</w:t></w:r><w:r w:rsidR="00155211"><w:rPr><w:rFonts w:ascii="Times New Roman" w:hAnsi="Times New Roman"/><w:noProof/><w:webHidden/></w:rPr><w:t>¶</w:t></w:r><w:r w:rsidRPr="00155211"><w:rPr><w:rFonts w:ascii="Times New Roman" w:hAnsi="Times New Roman"/><w:noProof/><w:webHidden/></w:rPr><w:fldChar w:fldCharType="begin"/></w:r><w:r w:rsidRPr="00155211"><w:rPr><w:rFonts w:ascii="Times New Roman" w:hAnsi="Times New Roman"/><w:noProof/><w:webHidden/></w:rPr><w:instrText xml:space="preserve"> PAGEREF _Toc194900771 \h </w:instrText></w:r><w:r w:rsidRPr="00155211"><w:rPr><w:rFonts w:ascii="Times New Roman" w:hAnsi="Times New Roman"/><w:noProof/></w:rPr></w:r><w:r w:rsidRPr="00155211"><w:rPr><w:rFonts w:ascii="Times New Roman" w:hAnsi="Times New Roman"/><w:noProof/><w:webHidden/></w:rPr><w:fldChar w:fldCharType="separate"/></w:r><w:r w:rsidRPr="00155211"><w:rPr><w:rFonts w:ascii="Times New Roman" w:hAnsi="Times New Roman"/><w:noProof/><w:webHidden/></w:rPr><w:t>4</w:t></w:r><w:r w:rsidRPr="00155211"><w:rPr><w:rFonts w:ascii="Times New Roman" w:hAnsi="Times New Roman"/><w:noProof/><w:webHidden/></w:rPr><w:fldChar w:fldCharType="end"/></w:r></w:hyperlink></w:p><w:p w:rsidR="00FB5D1B" w:rsidRPr="00155211" w:rsidRDefault="00FB5D1B"><w:pPr><w:pStyle w:val="TM2"/><w:tabs><w:tab w:val="right" w:leader="dot" w:pos="9062"/></w:tabs><w:rPr><w:rFonts w:ascii="Times New Roman" w:hAnsi="Times New Roman"/><w:noProof/><w:sz w:val="24"/><w:szCs w:val="24"/></w:rPr></w:pPr><w:hyperlink w:anchor="_Toc194900772" w:history="1"><w:r w:rsidRPr="00155211"><w:rPr><w:rStyle w:val="Lienhypertexte"/><w:rFonts w:ascii="Times New Roman" w:hAnsi="Times New Roman"/><w:noProof/></w:rPr><w:t>Des liens hypertextes</w:t></w:r><w:r w:rsidR="00155211"><w:rPr><w:rFonts w:ascii="Times New Roman" w:hAnsi="Times New Roman"/><w:noProof/><w:webHidden/></w:rPr><w:t>¶</w:t></w:r><w:r w:rsidRPr="00155211"><w:rPr><w:rFonts w:ascii="Times New Roman" w:hAnsi="Times New Roman"/><w:noProof/><w:webHidden/></w:rPr><w:fldChar w:fldCharType="begin"/></w:r><w:r w:rsidRPr="00155211"><w:rPr><w:rFonts w:ascii="Times New Roman" w:hAnsi="Times New Roman"/><w:noProof/><w:webHidden/></w:rPr><w:instrText xml:space="preserve"> PAGEREF _Toc194900772 \h </w:instrText></w:r><w:r w:rsidRPr="00155211"><w:rPr><w:rFonts w:ascii="Times New Roman" w:hAnsi="Times New Roman"/><w:noProof/></w:rPr></w:r><w:r w:rsidRPr="00155211"><w:rPr><w:rFonts w:ascii="Times New Roman" w:hAnsi="Times New Roman"/><w:noProof/><w:webHidden/></w:rPr><w:fldChar w:fldCharType="separate"/></w:r><w:r w:rsidRPr="00155211"><w:rPr><w:rFonts w:ascii="Times New Roman" w:hAnsi="Times New Roman"/><w:noProof/><w:webHidden/></w:rPr><w:t>4</w:t></w:r><w:r w:rsidRPr="00155211"><w:rPr><w:rFonts w:ascii="Times New Roman" w:hAnsi="Times New Roman"/><w:noProof/><w:webHidden/></w:rPr><w:fldChar w:fldCharType="end"/></w:r></w:hyperlink></w:p><w:p w:rsidR="00FB5D1B" w:rsidRPr="00155211" w:rsidRDefault="00FB5D1B"><w:pPr><w:pStyle w:val="TM2"/><w:tabs><w:tab w:val="right" w:leader="dot" w:pos="9062"/></w:tabs><w:rPr><w:rFonts w:ascii="Times New Roman" w:hAnsi="Times New Roman"/><w:noProof/><w:sz w:val="24"/><w:szCs w:val="24"/></w:rPr></w:pPr><w:hyperlink w:anchor="_Toc194900773" w:history="1"><w:r w:rsidRPr="00155211"><w:rPr><w:rStyle w:val="Lienhypertexte"/><w:rFonts w:ascii="Times New Roman" w:hAnsi="Times New Roman"/><w:noProof/></w:rPr><w:t>Index</w:t></w:r><w:r w:rsidR="00155211"><w:rPr><w:rFonts w:ascii="Times New Roman" w:hAnsi="Times New Roman"/><w:noProof/><w:webHidden/></w:rPr><w:t>¶</w:t></w:r><w:r w:rsidRPr="00155211"><w:rPr><w:rFonts w:ascii="Times New Roman" w:hAnsi="Times New Roman"/><w:noProof/><w:webHidden/></w:rPr><w:fldChar w:fldCharType="begin"/></w:r><w:r w:rsidRPr="00155211"><w:rPr><w:rFonts w:ascii="Times New Roman" w:hAnsi="Times New Roman"/><w:noProof/><w:webHidden/></w:rPr><w:instrText xml:space="preserve"> PAGEREF _Toc194900773 \h </w:instrText></w:r><w:r w:rsidRPr="00155211"><w:rPr><w:rFonts w:ascii="Times New Roman" w:hAnsi="Times New Roman"/><w:noProof/></w:rPr></w:r><w:r w:rsidRPr="00155211"><w:rPr><w:rFonts w:ascii="Times New Roman" w:hAnsi="Times New Roman"/><w:noProof/><w:webHidden/></w:rPr><w:fldChar w:fldCharType="separate"/></w:r><w:r w:rsidRPr="00155211"><w:rPr><w:rFonts w:ascii="Times New Roman" w:hAnsi="Times New Roman"/><w:noProof/><w:webHidden/></w:rPr><w:t>4</w:t></w:r><w:r w:rsidRPr="00155211"><w:rPr><w:rFonts w:ascii="Times New Roman" w:hAnsi="Times New Roman"/><w:noProof/><w:webHidden/></w:rPr><w:fldChar w:fldCharType="end"/></w:r></w:hyperlink></w:p><w:p w:rsidR="00FB5D1B" w:rsidRPr="00155211" w:rsidRDefault="00FB5D1B"><w:pPr><w:pStyle w:val="TM1"/><w:tabs><w:tab w:val="right" w:leader="dot" w:pos="9062"/></w:tabs><w:rPr><w:rFonts w:ascii="Times New Roman" w:hAnsi="Times New Roman"/><w:noProof/><w:sz w:val="24"/><w:szCs w:val="24"/></w:rPr></w:pPr><w:hyperlink w:anchor="_Toc194900774" w:history="1"><w:r w:rsidRPr="00155211"><w:rPr><w:rStyle w:val="Lienhypertexte"/><w:rFonts w:ascii="Times New Roman" w:hAnsi="Times New Roman"/><w:noProof/></w:rPr><w:t>Un autre titre de niveau 0</w:t></w:r><w:r w:rsidR="00155211"><w:rPr><w:rFonts w:ascii="Times New Roman" w:hAnsi="Times New Roman"/><w:noProof/><w:webHidden/></w:rPr><w:t>¶</w:t></w:r><w:r w:rsidRPr="00155211"><w:rPr><w:rFonts w:ascii="Times New Roman" w:hAnsi="Times New Roman"/><w:noProof/><w:webHidden/></w:rPr><w:fldChar w:fldCharType="begin"/></w:r><w:r w:rsidRPr="00155211"><w:rPr><w:rFonts w:ascii="Times New Roman" w:hAnsi="Times New Roman"/><w:noProof/><w:webHidden/></w:rPr><w:instrText xml:space="preserve"> PAGEREF _Toc194900774 \h </w:instrText></w:r><w:r w:rsidRPr="00155211"><w:rPr><w:rFonts w:ascii="Times New Roman" w:hAnsi="Times New Roman"/><w:noProof/></w:rPr></w:r><w:r w:rsidRPr="00155211"><w:rPr><w:rFonts w:ascii="Times New Roman" w:hAnsi="Times New Roman"/><w:noProof/><w:webHidden/></w:rPr><w:fldChar w:fldCharType="separate"/></w:r><w:r w:rsidRPr="00155211"><w:rPr><w:rFonts w:ascii="Times New Roman" w:hAnsi="Times New Roman"/><w:noProof/><w:webHidden/></w:rPr><w:t>5</w:t></w:r><w:r w:rsidRPr="00155211"><w:rPr><w:rFonts w:ascii="Times New Roman" w:hAnsi="Times New Roman"/><w:noProof/><w:webHidden/></w:rPr><w:fldChar w:fldCharType="end"/></w:r></w:hyperlink></w:p><w:p w:rsidR="00FB5D1B" w:rsidRPr="00155211" w:rsidRDefault="00FB5D1B"><w:pPr><w:pStyle w:val="TM2"/><w:tabs><w:tab w:val="right" w:leader="dot" w:pos="9062"/></w:tabs><w:rPr><w:rFonts w:ascii="Times New Roman" w:hAnsi="Times New Roman"/><w:noProof/><w:sz w:val="24"/><w:szCs w:val="24"/></w:rPr></w:pPr><w:hyperlink w:anchor="_Toc194900775" w:history="1"><w:r w:rsidRPr="00155211"><w:rPr><w:rStyle w:val="Lienhypertexte"/><w:rFonts w:ascii="Times New Roman" w:hAnsi="Times New Roman"/><w:noProof/></w:rPr><w:t>Encode des appels de notes</w:t></w:r><w:r w:rsidR="00155211"><w:rPr><w:rFonts w:ascii="Times New Roman" w:hAnsi="Times New Roman"/><w:noProof/><w:webHidden/></w:rPr><w:t>¶</w:t></w:r><w:r w:rsidRPr="00155211"><w:rPr><w:rFonts w:ascii="Times New Roman" w:hAnsi="Times New Roman"/><w:noProof/><w:webHidden/></w:rPr><w:fldChar w:fldCharType="begin"/></w:r><w:r w:rsidRPr="00155211"><w:rPr><w:rFonts w:ascii="Times New Roman" w:hAnsi="Times New Roman"/><w:noProof/><w:webHidden/></w:rPr><w:instrText xml:space="preserve"> PAGEREF _Toc194900775 \h </w:instrText></w:r><w:r w:rsidRPr="00155211"><w:rPr><w:rFonts w:ascii="Times New Roman" w:hAnsi="Times New Roman"/><w:noProof/></w:rPr></w:r><w:r w:rsidRPr="00155211"><w:rPr><w:rFonts w:ascii="Times New Roman" w:hAnsi="Times New Roman"/><w:noProof/><w:webHidden/></w:rPr><w:fldChar w:fldCharType="separate"/></w:r><w:r w:rsidRPr="00155211"><w:rPr><w:rFonts w:ascii="Times New Roman" w:hAnsi="Times New Roman"/><w:noProof/><w:webHidden/></w:rPr><w:t>5</w:t></w:r><w:r w:rsidRPr="00155211"><w:rPr><w:rFonts w:ascii="Times New Roman" w:hAnsi="Times New Roman"/><w:noProof/><w:webHidden/></w:rPr><w:fldChar w:fldCharType="end"/></w:r></w:hyperlink></w:p><w:p w:rsidR="00FB5D1B" w:rsidRPr="00155211" w:rsidRDefault="00FB5D1B"><w:pPr><w:pStyle w:val="TM2"/><w:tabs><w:tab w:val="right" w:leader="dot" w:pos="9062"/></w:tabs><w:rPr><w:rFonts w:ascii="Times New Roman" w:hAnsi="Times New Roman"/><w:noProof/><w:sz w:val="24"/><w:szCs w:val="24"/></w:rPr></w:pPr><w:hyperlink w:anchor="_Toc194900776" w:history="1"><w:r w:rsidRPr="00155211"><w:rPr><w:rStyle w:val="Lienhypertexte"/><w:rFonts w:ascii="Times New Roman" w:hAnsi="Times New Roman"/><w:noProof/></w:rPr><w:t>Conclusion</w:t></w:r><w:r w:rsidR="00155211"><w:rPr><w:rFonts w:ascii="Times New Roman" w:hAnsi="Times New Roman"/><w:noProof/><w:webHidden/></w:rPr><w:t>¶</w:t></w:r><w:r w:rsidRPr="00155211"><w:rPr><w:rFonts w:ascii="Times New Roman" w:hAnsi="Times New Roman"/><w:noProof/><w:webHidden/></w:rPr><w:fldChar w:fldCharType="begin"/></w:r><w:r w:rsidRPr="00155211"><w:rPr><w:rFonts w:ascii="Times New Roman" w:hAnsi="Times New Roman"/><w:noProof/><w:webHidden/></w:rPr><w:instrText xml:space="preserve"> PAGEREF _Toc194900776 \h </w:instrText></w:r><w:r w:rsidRPr="00155211"><w:rPr><w:rFonts w:ascii="Times New Roman" w:hAnsi="Times New Roman"/><w:noProof/></w:rPr></w:r><w:r w:rsidRPr="00155211"><w:rPr><w:rFonts w:ascii="Times New Roman" w:hAnsi="Times New Roman"/><w:noProof/><w:webHidden/></w:rPr><w:fldChar w:fldCharType="separate"/></w:r><w:r w:rsidRPr="00155211"><w:rPr><w:rFonts w:ascii="Times New Roman" w:hAnsi="Times New Roman"/><w:noProof/><w:webHidden/></w:rPr><w:t>5</w:t></w:r><w:r w:rsidRPr="00155211"><w:rPr><w:rFonts w:ascii="Times New Roman" w:hAnsi="Times New Roman"/><w:noProof/><w:webHidden/></w:rPr><w:fldChar w:fldCharType="end"/></w:r></w:hyperlink><w:bookmarkStart w:id="11" w:name="_GoBack"/><w:bookmarkEnd w:id="11"/></w:p><w:p w:rsidR="00FB5D1B" w:rsidRPr="00155211" w:rsidRDefault="00FB5D1B"><w:pPr><w:pStyle w:val="Title0"/><w:rPr><w:rFonts w:ascii="Times New Roman" w:hAnsi="Times New Roman"/></w:rPr></w:pPr><w:r w:rsidRPr="00155211"><w:rPr><w:rFonts w:ascii="Times New Roman" w:hAnsi="Times New Roman"/></w:rPr><w:lastRenderedPageBreak/><w:fldChar w:fldCharType="end"/></w:r><w:bookmarkStart w:id="12" w:name="_Toc194900766"/><w:r w:rsidRPr="00155211"><w:rPr><w:rFonts w:ascii="Times New Roman" w:hAnsi="Times New Roman"/></w:rPr><w:t>Second titre</w:t></w:r><w:bookmarkEnd w:id="12"/></w:p><w:p w:rsidR="00FB5D1B" w:rsidRPr="00155211" w:rsidRDefault="00FB5D1B"><w:pPr><w:pStyle w:val="Title1"/><w:rPr><w:rFonts w:ascii="Times New Roman" w:hAnsi="Times New Roman"/></w:rPr></w:pPr><w:bookmarkStart w:id="13" w:name="_Toc194900767"/><w:r w:rsidRPr="00155211"><w:rPr><w:rFonts w:ascii="Times New Roman" w:hAnsi="Times New Roman"/></w:rPr><w:t>Des renvois et signets</w:t></w:r><w:bookmarkEnd w:id="13"/></w:p><w:p w:rsidR="00FB5D1B" w:rsidRPr="00155211" w:rsidRDefault="00FB5D1B"><w:pPr><w:pStyle w:val="NormalText"/><w:rPr><w:rFonts w:ascii="Times New Roman" w:hAnsi="Times New Roman"/></w:rPr></w:pPr><w:r w:rsidRPr="00155211"><w:rPr><w:rFonts w:ascii="Times New Roman" w:hAnsi="Times New Roman"/></w:rPr><w:t xml:space="preserve">Un paragraphe avec un signet </w:t></w:r><w:bookmarkStart w:id="14" w:name="plop"/><w:r w:rsidRPr="00155211"><w:rPr><w:rFonts w:ascii="Times New Roman" w:hAnsi="Times New Roman"/></w:rPr><w:t>plop</w:t></w:r><w:bookmarkEnd w:id="14"/></w:p><w:p w:rsidR="00FB5D1B" w:rsidRPr="00155211" w:rsidRDefault="00FB5D1B"><w:pPr><w:pStyle w:val="NormalText"/><w:rPr><w:rFonts w:ascii="Times New Roman" w:hAnsi="Times New Roman"/></w:rPr></w:pPr><w:r w:rsidRPr="00155211"><w:rPr><w:rFonts w:ascii="Times New Roman" w:hAnsi="Times New Roman"/></w:rPr><w:t xml:space="preserve">Un autre paragraphe avec un signet </w:t></w:r><w:bookmarkStart w:id="15" w:name="plip"/><w:r w:rsidRPr="00155211"><w:rPr><w:rFonts w:ascii="Times New Roman" w:hAnsi="Times New Roman"/></w:rPr><w:t>plip</w:t></w:r><w:bookmarkEnd w:id="15"/></w:p><w:p w:rsidR="00FB5D1B" w:rsidRPr="00155211" w:rsidRDefault="00FB5D1B"><w:pPr><w:pStyle w:val="NormalText"/><w:rPr><w:rFonts w:ascii="Times New Roman" w:hAnsi="Times New Roman"/></w:rPr></w:pPr><w:r w:rsidRPr="00155211"><w:rPr><w:rFonts w:ascii="Times New Roman" w:hAnsi="Times New Roman"/></w:rPr><w:t xml:space="preserve">Un renvoi vers </w:t></w:r><w:r w:rsidRPr="00155211"><w:rPr><w:rFonts w:ascii="Times New Roman" w:hAnsi="Times New Roman"/></w:rPr><w:fldChar w:fldCharType="begin"/></w:r><w:r w:rsidRPr="00155211"><w:rPr><w:rFonts w:ascii="Times New Roman" w:hAnsi="Times New Roman"/></w:rPr><w:instrText xml:space="preserve"> REF plop \h </w:instrText></w:r><w:r w:rsidRPr="00155211"><w:rPr><w:rFonts w:ascii="Times New Roman" w:hAnsi="Times New Roman"/></w:rPr></w:r><w:r w:rsidRPr="00155211"><w:rPr><w:rFonts w:ascii="Times New Roman" w:hAnsi="Times New Roman"/></w:rPr><w:fldChar w:fldCharType="separate"/></w:r><w:r w:rsidRPr="00155211"><w:rPr><w:rFonts w:ascii="Times New Roman" w:hAnsi="Times New Roman"/></w:rPr><w:t>plop</w:t></w:r><w:r w:rsidRPr="00155211"><w:rPr><w:rFonts w:ascii="Times New Roman" w:hAnsi="Times New Roman"/></w:rPr><w:fldChar w:fldCharType="end"/></w:r><w:r w:rsidRPr="00155211"><w:rPr><w:rFonts w:ascii="Times New Roman" w:hAnsi="Times New Roman"/></w:rPr><w:t xml:space="preserve"> et un renvoi vers </w:t></w:r><w:r w:rsidRPr="00155211"><w:rPr><w:rFonts w:ascii="Times New Roman" w:hAnsi="Times New Roman"/></w:rPr><w:fldChar w:fldCharType="begin"/></w:r><w:r w:rsidRPr="00155211"><w:rPr><w:rFonts w:ascii="Times New Roman" w:hAnsi="Times New Roman"/></w:rPr><w:instrText xml:space="preserve"> REF plip \h </w:instrText></w:r><w:r w:rsidRPr="00155211"><w:rPr><w:rFonts w:ascii="Times New Roman" w:hAnsi="Times New Roman"/></w:rPr></w:r><w:r w:rsidRPr="00155211"><w:rPr><w:rFonts w:ascii="Times New Roman" w:hAnsi="Times New Roman"/></w:rPr><w:fldChar w:fldCharType="separate"/></w:r><w:r w:rsidRPr="00155211"><w:rPr><w:rFonts w:ascii="Times New Roman" w:hAnsi="Times New Roman"/></w:rPr><w:t>plip</w:t></w:r><w:r w:rsidRPr="00155211"><w:rPr><w:rFonts w:ascii="Times New Roman" w:hAnsi="Times New Roman"/></w:rPr><w:fldChar w:fldCharType="end"/></w:r></w:p><w:p w:rsidR="00FB5D1B" w:rsidRPr="00155211" w:rsidRDefault="00FB5D1B"><w:pPr><w:pStyle w:val="NormalText"/><w:rPr><w:rFonts w:ascii="Times New Roman" w:hAnsi="Times New Roman"/></w:rPr></w:pPr><w:r w:rsidRPr="00155211"><w:rPr><w:rFonts w:ascii="Times New Roman" w:hAnsi="Times New Roman"/></w:rPr><w:t>Et un renvoi vers un élément numéroté (</w:t></w:r><w:r w:rsidRPr="00155211"><w:rPr><w:rFonts w:ascii="Times New Roman" w:hAnsi="Times New Roman"/></w:rPr><w:fldChar w:fldCharType="begin"/></w:r><w:r w:rsidRPr="00155211"><w:rPr><w:rFonts w:ascii="Times New Roman" w:hAnsi="Times New Roman"/></w:rPr><w:instrText xml:space="preserve"> REF _Ref193257564 \n \p \h </w:instrText></w:r><w:r w:rsidRPr="00155211"><w:rPr><w:rFonts w:ascii="Times New Roman" w:hAnsi="Times New Roman"/></w:rPr></w:r><w:r w:rsidRPr="00155211"><w:rPr><w:rFonts w:ascii="Times New Roman" w:hAnsi="Times New Roman"/></w:rPr><w:fldChar w:fldCharType="separate"/></w:r><w:r w:rsidRPr="00155211"><w:rPr><w:rFonts w:ascii="Times New Roman" w:hAnsi="Times New Roman"/></w:rPr><w:t>1 ci-dessus</w:t></w:r><w:r w:rsidRPr="00155211"><w:rPr><w:rFonts w:ascii="Times New Roman" w:hAnsi="Times New Roman"/></w:rPr><w:fldChar w:fldCharType="end"/></w:r><w:r w:rsidRPr="00155211"><w:rPr><w:rFonts w:ascii="Times New Roman" w:hAnsi="Times New Roman"/></w:rPr><w:t>)</w:t></w:r></w:p><w:p w:rsidR="00FB5D1B" w:rsidRPr="00155211" w:rsidRDefault="00FB5D1B"><w:pPr><w:pStyle w:val="NormalText"/><w:rPr><w:rFonts w:ascii="Times New Roman" w:hAnsi="Times New Roman"/></w:rPr></w:pPr><w:r w:rsidRPr="00155211"><w:rPr><w:rFonts w:ascii="Times New Roman" w:hAnsi="Times New Roman"/></w:rPr><w:t>Encore un renvoi vers un élément numéroté mais sans lien hypertexte (</w:t></w:r><w:r w:rsidRPr="00155211"><w:rPr><w:rFonts w:ascii="Times New Roman" w:hAnsi="Times New Roman"/></w:rPr><w:fldChar w:fldCharType="begin"/></w:r><w:r w:rsidRPr="00155211"><w:rPr><w:rFonts w:ascii="Times New Roman" w:hAnsi="Times New Roman"/></w:rPr><w:instrText xml:space="preserve"> PAGEREF _Ref193257720 \p </w:instrText></w:r><w:r w:rsidRPr="00155211"><w:rPr><w:rFonts w:ascii="Times New Roman" w:hAnsi="Times New Roman"/></w:rPr><w:fldChar w:fldCharType="separate"/></w:r><w:r w:rsidRPr="00155211"><w:rPr><w:rFonts w:ascii="Times New Roman" w:hAnsi="Times New Roman"/><w:noProof/></w:rPr><w:t>en page 1</w:t></w:r><w:r w:rsidRPr="00155211"><w:rPr><w:rFonts w:ascii="Times New Roman" w:hAnsi="Times New Roman"/></w:rPr><w:fldChar w:fldCharType="end"/></w:r><w:r w:rsidRPr="00155211"><w:rPr><w:rFonts w:ascii="Times New Roman" w:hAnsi="Times New Roman"/></w:rPr><w:t>)</w:t></w:r></w:p><w:p w:rsidR="00FB5D1B" w:rsidRPr="00155211" w:rsidRDefault="00FB5D1B"><w:pPr><w:pStyle w:val="Title1"/><w:rPr><w:rFonts w:ascii="Times New Roman" w:hAnsi="Times New Roman"/></w:rPr></w:pPr><w:bookmarkStart w:id="16" w:name="_Toc194900768"/><w:r w:rsidRPr="00155211"><w:rPr><w:rFonts w:ascii="Times New Roman" w:hAnsi="Times New Roman"/></w:rPr><w:t>Du texte sur deux colonnes</w:t></w:r><w:bookmarkEnd w:id="16"/></w:p><w:p w:rsidR="00FB5D1B" w:rsidRPr="00155211" w:rsidRDefault="00FB5D1B"><w:pPr><w:pStyle w:val="NormalText"/><w:rPr><w:rFonts w:ascii="Times New Roman" w:hAnsi="Times New Roman"/></w:rPr><w:sectPr w:rsidR="00FB5D1B" w:rsidRPr="00155211"><w:footnotePr><w:numRestart w:val="eachPage"/></w:footnotePr><w:type w:val="continuous"/><w:pgSz w:w="11906" w:h="16838"/><w:pgMar w:top="1417" w:right="1417" w:bottom="1417" w:left="1417" w:header="720" w:footer="720" w:gutter="0"/><w:cols w:space="720" w:equalWidth="0"><w:col w:w="9072" w:space="708"/></w:cols></w:sectPr></w:pPr></w:p><w:p w:rsidR="00FB5D1B" w:rsidRPr="00155211" w:rsidRDefault="00FB5D1B"><w:pPr><w:pStyle w:val="NormalText"/><w:rPr><w:rFonts w:ascii="Times New Roman" w:hAnsi="Times New Roman"/></w:rPr></w:pPr><w:r w:rsidRPr="00155211"><w:rPr><w:rFonts w:ascii="Times New Roman" w:hAnsi="Times New Roman"/></w:rPr><w:lastRenderedPageBreak/><w:t>Le texte de ce paragraphe est mis en page sur deux colonnes. Après cette phrase, un saut de colonne est inséré.</w:t></w:r></w:p><w:p w:rsidR="00FB5D1B" w:rsidRPr="00155211" w:rsidRDefault="00FB5D1B"><w:pPr><w:pStyle w:val="NormalText"/><w:rPr><w:rFonts w:ascii="Times New Roman" w:hAnsi="Times New Roman"/></w:rPr></w:pPr><w:r w:rsidRPr="00155211"><w:rPr><w:rFonts w:ascii="Times New Roman" w:hAnsi="Times New Roman"/></w:rPr><w:br w:type="column"/></w:r><w:r w:rsidRPr="00155211"><w:rPr><w:rFonts w:ascii="Times New Roman" w:hAnsi="Times New Roman"/></w:rPr><w:lastRenderedPageBreak/><w:t>C’est ici que commence la deuxième colonne. Le texte de ces deux colonne est encadré par des sauts de section continus car la page contient d’autres paragraphes qui sont présentés sur une seule colonne.</w:t></w:r></w:p><w:p w:rsidR="00FB5D1B" w:rsidRPr="00155211" w:rsidRDefault="00FB5D1B"><w:pPr><w:pStyle w:val="Title1"/><w:rPr><w:rFonts w:ascii="Times New Roman" w:hAnsi="Times New Roman"/></w:rPr><w:sectPr w:rsidR="00FB5D1B" w:rsidRPr="00155211"><w:footnotePr><w:numRestart w:val="eachPage"/></w:footnotePr><w:type w:val="continuous"/><w:pgSz w:w="11906" w:h="16838"/><w:pgMar w:top="1417" w:right="1417" w:bottom="1417" w:left="1417" w:header="720" w:footer="720" w:gutter="0"/><w:cols w:num="2" w:space="720" w:equalWidth="0"><w:col w:w="4182" w:space="708"/><w:col w:w="4182"/></w:cols></w:sectPr></w:pPr></w:p><w:p w:rsidR="00FB5D1B" w:rsidRPr="00155211" w:rsidRDefault="00FB5D1B"><w:pPr><w:pStyle w:val="Title1"/><w:rPr><w:rFonts w:ascii="Times New Roman" w:hAnsi="Times New Roman"/></w:rPr></w:pPr><w:bookmarkStart w:id="17" w:name="_Toc194900769"/><w:r w:rsidRPr="00155211"><w:rPr><w:rFonts w:ascii="Times New Roman" w:hAnsi="Times New Roman"/></w:rPr><w:lastRenderedPageBreak/><w:t>Des maths Mathtype</w:t></w:r><w:bookmarkEnd w:id="17"/></w:p><w:p w:rsidR="00FB5D1B" w:rsidRPr="00155211" w:rsidRDefault="00FB5D1B"><w:pPr><w:pStyle w:val="NormalText"/><w:rPr><w:rFonts w:ascii="Times New Roman" w:hAnsi="Times New Roman"/></w:rPr></w:pPr><w:r w:rsidRPr="00155211"><w:rPr><w:rFonts w:ascii="Times New Roman" w:hAnsi="Times New Roman"/></w:rPr><w:t xml:space="preserve">En ligne </w:t></w:r><w:r w:rsidRPr="00155211"><w:rPr><w:rFonts w:ascii="Times New Roman" w:hAnsi="Times New Roman"/><w:position w:val="-20"/></w:rPr><w:object w:dxaOrig="1400" w:dyaOrig="520"><v:shape id="_x0000_i1026" type="#_x0000_t75" style="width:69.75pt;height:26.25pt" o:ole=""><v:imagedata r:id="rId14" o:title=""/></v:shape><o:OLEObject Type="Embed" ProgID="Equation.DSMT4" ShapeID="_x0000_i1026" DrawAspect="Content" ObjectID="_1642312455" r:id="rId15"/></w:object></w:r></w:p><w:p w:rsidR="00FB5D1B" w:rsidRPr="00155211" w:rsidRDefault="00FB5D1B"><w:pPr><w:pStyle w:val="NormalText"/><w:rPr><w:rFonts w:ascii="Times New Roman" w:hAnsi="Times New Roman"/></w:rPr></w:pPr><w:r w:rsidRPr="00155211"><w:rPr><w:rFonts w:ascii="Times New Roman" w:hAnsi="Times New Roman"/></w:rPr><w:t xml:space="preserve">Ou avec insertion d’un objet </w:t></w:r><w:r w:rsidRPr="00155211"><w:rPr><w:rFonts w:ascii="Times New Roman" w:hAnsi="Times New Roman"/><w:position w:val="-28"/></w:rPr><w:object w:dxaOrig="2480" w:dyaOrig="680"><v:shape id="_x0000_i1027" type="#_x0000_t75" style="width:123.75pt;height:33.75pt" o:ole=""><v:imagedata r:id="rId16" o:title=""/></v:shape><o:OLEObject Type="Embed" ProgID="Equation.DSMT4" ShapeID="_x0000_i1027" DrawAspect="Content" ObjectID="_1642312456" r:id="rId17"/></w:object></w:r></w:p><w:p w:rsidR="00FB5D1B" w:rsidRPr="00155211" w:rsidRDefault="00FB5D1B"><w:pPr><w:pStyle w:val="Title1"/><w:rPr><w:rFonts w:ascii="Times New Roman" w:hAnsi="Times New Roman"/></w:rPr></w:pPr><w:bookmarkStart w:id="18" w:name="_Toc194900770"/><w:r w:rsidRPr="00155211"><w:rPr><w:rFonts w:ascii="Times New Roman" w:hAnsi="Times New Roman"/></w:rPr><w:t>Des champs d’index</w:t></w:r><w:bookmarkEnd w:id="18"/></w:p><w:p w:rsidR="00FB5D1B" w:rsidRPr="00155211" w:rsidRDefault="00FB5D1B"><w:pPr><w:pStyle w:val="NormalText"/><w:rPr><w:rFonts w:ascii="Times New Roman" w:hAnsi="Times New Roman"/></w:rPr></w:pPr><w:r w:rsidRPr="00155211"><w:rPr><w:rFonts w:ascii="Times New Roman" w:hAnsi="Times New Roman"/></w:rPr><w:t>Ce texte contient une entrée d’index (</w:t></w:r><w:r w:rsidRPr="00155211"><w:rPr><w:rFonts w:ascii="Times New Roman" w:hAnsi="Times New Roman"/></w:rPr><w:fldChar w:fldCharType="begin"/></w:r><w:r w:rsidRPr="00155211"><w:rPr><w:rFonts w:ascii="Times New Roman" w:hAnsi="Times New Roman"/></w:rPr><w:instrText xml:space="preserve"> XE "entree" </w:instrText></w:r><w:r w:rsidRPr="00155211"><w:rPr><w:rFonts w:ascii="Times New Roman" w:hAnsi="Times New Roman"/></w:rPr><w:fldChar w:fldCharType="end"/></w:r><w:r w:rsidRPr="00155211"><w:rPr><w:rFonts w:ascii="Times New Roman" w:hAnsi="Times New Roman"/></w:rPr><w:t>)</w:t></w:r></w:p><w:p w:rsidR="00FB5D1B" w:rsidRPr="00155211" w:rsidRDefault="00FB5D1B"><w:pPr><w:pStyle w:val="NormalText"/><w:rPr><w:rFonts w:ascii="Times New Roman" w:hAnsi="Times New Roman"/></w:rPr></w:pPr><w:r w:rsidRPr="00155211"><w:rPr><w:rFonts w:ascii="Times New Roman" w:hAnsi="Times New Roman"/></w:rPr><w:t xml:space="preserve">Celui-ci contient une entrée avec renvoi Voir </w:t></w:r><w:r w:rsidRPr="00155211"><w:rPr><w:rFonts w:ascii="Times New Roman" w:hAnsi="Times New Roman"/></w:rPr><w:fldChar w:fldCharType="begin"/></w:r><w:r w:rsidRPr="00155211"><w:rPr><w:rFonts w:ascii="Times New Roman" w:hAnsi="Times New Roman"/></w:rPr><w:instrText xml:space="preserve"> XE "entreeRenvoi" \t "</w:instrText></w:r><w:r w:rsidRPr="00155211"><w:rPr><w:rFonts w:ascii="Times New Roman" w:hAnsi="Times New Roman"/><w:i/></w:rPr><w:instrText>Voir</w:instrText></w:r><w:r w:rsidRPr="00155211"><w:rPr><w:rFonts w:ascii="Times New Roman" w:hAnsi="Times New Roman"/></w:rPr><w:instrText xml:space="preserve">" </w:instrText></w:r><w:r w:rsidRPr="00155211"><w:rPr><w:rFonts w:ascii="Times New Roman" w:hAnsi="Times New Roman"/></w:rPr><w:fldChar w:fldCharType="end"/></w:r></w:p><w:p w:rsidR="00FB5D1B" w:rsidRPr="00155211" w:rsidRDefault="00FB5D1B"><w:pPr><w:pStyle w:val="NormalText"/><w:rPr><w:rFonts w:ascii="Times New Roman" w:hAnsi="Times New Roman"/></w:rPr></w:pPr><w:r w:rsidRPr="00155211"><w:rPr><w:rFonts w:ascii="Times New Roman" w:hAnsi="Times New Roman"/></w:rPr><w:t xml:space="preserve">Enfin, celui-ci contient une entrée d’index avec renvoi au signet plip </w:t></w:r><w:r w:rsidRPr="00155211"><w:rPr><w:rFonts w:ascii="Times New Roman" w:hAnsi="Times New Roman"/></w:rPr><w:fldChar w:fldCharType="begin"/></w:r><w:r w:rsidRPr="00155211"><w:rPr><w:rFonts w:ascii="Times New Roman" w:hAnsi="Times New Roman"/></w:rPr><w:instrText xml:space="preserve"> XE "EntreeSignet" \r "plip" </w:instrText></w:r><w:r w:rsidRPr="00155211"><w:rPr><w:rFonts w:ascii="Times New Roman" w:hAnsi="Times New Roman"/></w:rPr><w:fldChar w:fldCharType="end"/></w:r></w:p><w:p w:rsidR="00FB5D1B" w:rsidRPr="00155211" w:rsidRDefault="00FB5D1B"><w:pPr><w:pStyle w:val="Title1"/><w:rPr><w:rFonts w:ascii="Times New Roman" w:hAnsi="Times New Roman"/></w:rPr></w:pPr><w:bookmarkStart w:id="19" w:name="_Toc194900771"/><w:r w:rsidRPr="00155211"><w:rPr><w:rFonts w:ascii="Times New Roman" w:hAnsi="Times New Roman"/></w:rPr><w:t>Des notes de bas de page</w:t></w:r><w:bookmarkEnd w:id="19"/></w:p><w:p w:rsidR="00FB5D1B" w:rsidRPr="00155211" w:rsidRDefault="00FB5D1B"><w:pPr><w:pStyle w:val="NormalText"/><w:rPr><w:rFonts w:ascii="Times New Roman" w:hAnsi="Times New Roman"/></w:rPr></w:pPr><w:r w:rsidRPr="00155211"><w:rPr><w:rFonts w:ascii="Times New Roman" w:hAnsi="Times New Roman"/></w:rPr><w:t xml:space="preserve">Ici, nous avons un paragraphe avec un renvoi à une note de bas de page </w:t></w:r><w:r w:rsidRPr="00155211"><w:rPr><w:rStyle w:val="Appelnotedebasdep"/><w:rFonts w:ascii="Times New Roman" w:hAnsi="Times New Roman"/></w:rPr><w:footnoteReference w:id="1"/></w:r><w:r w:rsidRPr="00155211"><w:rPr><w:rFonts w:ascii="Times New Roman" w:hAnsi="Times New Roman"/></w:rPr><w:t xml:space="preserve"> ainsi qu’une autre note</w:t></w:r><w:r w:rsidRPr="00155211"><w:rPr><w:rStyle w:val="Appelnotedebasdep"/><w:rFonts w:ascii="Times New Roman" w:hAnsi="Times New Roman"/></w:rPr><w:footnoteReference w:customMarkFollows="1" w:id="2"/><w:t>a</w:t></w:r><w:r w:rsidRPr="00155211"><w:rPr><w:rFonts w:ascii="Times New Roman" w:hAnsi="Times New Roman"/></w:rPr><w:t xml:space="preserve"> mais avec une numérotation en dur.</w:t></w:r></w:p><w:p w:rsidR="00FB5D1B" w:rsidRPr="00155211" w:rsidRDefault="00FB5D1B"><w:pPr><w:pStyle w:val="NormalText"/><w:rPr><w:rFonts w:ascii="Times New Roman" w:hAnsi="Times New Roman"/></w:rPr></w:pPr><w:r w:rsidRPr="00155211"><w:rPr><w:rFonts w:ascii="Times New Roman" w:hAnsi="Times New Roman"/></w:rPr><w:t>Pour ce paragraphe-ci, la note</w:t></w:r><w:r w:rsidRPr="00155211"><w:rPr><w:rStyle w:val="Appeldenotedefin"/><w:rFonts w:ascii="Times New Roman" w:hAnsi="Times New Roman"/></w:rPr><w:endnoteReference w:id="1"/></w:r><w:r w:rsidRPr="00155211"><w:rPr><w:rFonts w:ascii="Times New Roman" w:hAnsi="Times New Roman"/></w:rPr><w:t xml:space="preserve"> est une note de fin de document.</w:t></w:r></w:p><w:p w:rsidR="00FB5D1B" w:rsidRPr="00155211" w:rsidRDefault="00FB5D1B"><w:pPr><w:pStyle w:val="Title1"/><w:rPr><w:rFonts w:ascii="Times New Roman" w:hAnsi="Times New Roman"/></w:rPr></w:pPr><w:bookmarkStart w:id="20" w:name="_Toc194900772"/><w:r w:rsidRPr="00155211"><w:rPr><w:rFonts w:ascii="Times New Roman" w:hAnsi="Times New Roman"/></w:rPr><w:t>Des liens hypertextes</w:t></w:r><w:bookmarkEnd w:id="20"/></w:p><w:p w:rsidR="00FB5D1B" w:rsidRPr="00155211" w:rsidRDefault="00FB5D1B"><w:pPr><w:pStyle w:val="NormalText"/><w:rPr><w:rFonts w:ascii="Times New Roman" w:hAnsi="Times New Roman"/></w:rPr></w:pPr><w:r w:rsidRPr="00155211"><w:rPr><w:rFonts w:ascii="Times New Roman" w:hAnsi="Times New Roman"/></w:rPr><w:t xml:space="preserve">Ce paragraphe contient un lient hypertexte vers le site du </w:t></w:r><w:hyperlink r:id="rId18" w:tooltip="Recommandations du w3c" w:history="1"><w:r w:rsidRPr="00155211"><w:rPr><w:rStyle w:val="Lienhypertexte"/><w:rFonts w:ascii="Times New Roman" w:hAnsi="Times New Roman"/></w:rPr><w:t>w3c</w:t></w:r></w:hyperlink><w:r w:rsidRPr="00155211"><w:rPr><w:rFonts w:ascii="Times New Roman" w:hAnsi="Times New Roman"/></w:rPr><w:t xml:space="preserve"> avec une info-bulle.</w:t></w:r></w:p><w:p w:rsidR="00FB5D1B" w:rsidRPr="00155211" w:rsidRDefault="00FB5D1B"><w:pPr><w:pStyle w:val="Title1"/><w:rPr><w:rFonts w:ascii="Times New Roman" w:hAnsi="Times New Roman"/></w:rPr></w:pPr><w:bookmarkStart w:id="21" w:name="_Toc194900773"/><w:r w:rsidRPr="00155211"><w:rPr><w:rFonts w:ascii="Times New Roman" w:hAnsi="Times New Roman"/></w:rPr><w:t>Index</w:t></w:r><w:bookmarkEnd w:id="21"/></w:p><w:p w:rsidR="00FB5D1B" w:rsidRPr="00155211" w:rsidRDefault="00FB5D1B"><w:pPr><w:pStyle w:val="Title1"/><w:rPr><w:rFonts w:ascii="Times New Roman" w:hAnsi="Times New Roman"/><w:noProof/></w:rPr><w:sectPr w:rsidR="00FB5D1B" w:rsidRPr="00155211"><w:footnotePr><w:numRestart w:val="eachPage"/></w:footnotePr><w:pgSz w:w="11906" w:h="16838"/><w:pgMar w:top="1417" w:right="1417" w:bottom="1417" w:left="1417" w:header="720" w:footer="720" w:gutter="0"/><w:cols w:space="720" w:equalWidth="0"><w:col w:w="9072" w:space="708"/></w:cols></w:sectPr></w:pPr><w:r w:rsidRPr="00155211"><w:rPr><w:rFonts w:ascii="Times New Roman" w:hAnsi="Times New Roman"/></w:rPr><w:fldChar w:fldCharType="begin"/></w:r><w:r w:rsidRPr="00155211"><w:rPr><w:rFonts w:ascii="Times New Roman" w:hAnsi="Times New Roman"/></w:rPr><w:instrText xml:space="preserve"> INDEX \c "2" \z "1036" </w:instrText></w:r><w:r w:rsidRPr="00155211"><w:rPr><w:rFonts w:ascii="Times New Roman" w:hAnsi="Times New Roman"/></w:rPr><w:fldChar w:fldCharType="separate"/></w:r></w:p><w:p w:rsidR="00FB5D1B" w:rsidRPr="00155211" w:rsidRDefault="00FB5D1B"><w:pPr><w:pStyle w:val="Index1"/><w:tabs><w:tab w:val="right" w:leader="dot" w:pos="4166"/></w:tabs><w:rPr><w:rFonts w:ascii="Times New Roman" w:hAnsi="Times New Roman"/><w:noProof/></w:rPr></w:pPr><w:r w:rsidRPr="00155211"><w:rPr><w:rFonts w:ascii="Times New Roman" w:hAnsi="Times New Roman"/><w:noProof/></w:rPr><w:lastRenderedPageBreak/><w:t>entree, 4</w:t></w:r></w:p><w:p w:rsidR="00FB5D1B" w:rsidRPr="00155211" w:rsidRDefault="00FB5D1B"><w:pPr><w:pStyle w:val="Index1"/><w:tabs><w:tab w:val="right" w:leader="dot" w:pos="4166"/></w:tabs><w:rPr><w:rFonts w:ascii="Times New Roman" w:hAnsi="Times New Roman"/><w:noProof/></w:rPr></w:pPr><w:r w:rsidRPr="00155211"><w:rPr><w:rFonts w:ascii="Times New Roman" w:hAnsi="Times New Roman"/><w:noProof/></w:rPr><w:t xml:space="preserve">entreeRenvoi </w:t></w:r><w:r w:rsidRPr="00155211"><w:rPr><w:rFonts w:ascii="Times New Roman" w:hAnsi="Times New Roman"/><w:i/><w:noProof/></w:rPr><w:t>Voir</w:t></w:r></w:p><w:p w:rsidR="00FB5D1B" w:rsidRPr="00155211" w:rsidRDefault="00FB5D1B"><w:pPr><w:pStyle w:val="Index1"/><w:tabs><w:tab w:val="right" w:leader="dot" w:pos="4166"/></w:tabs><w:rPr><w:rFonts w:ascii="Times New Roman" w:hAnsi="Times New Roman"/><w:noProof/></w:rPr></w:pPr><w:r w:rsidRPr="00155211"><w:rPr><w:rFonts w:ascii="Times New Roman" w:hAnsi="Times New Roman"/><w:noProof/></w:rPr><w:t>EntreeSignet, 3</w:t></w:r></w:p><w:p w:rsidR="00FB5D1B" w:rsidRPr="00155211" w:rsidRDefault="00FB5D1B"><w:pPr><w:pStyle w:val="Title0"/><w:rPr><w:rFonts w:ascii="Times New Roman" w:hAnsi="Times New Roman"/></w:rPr></w:pPr><w:r w:rsidRPr="00155211"><w:rPr><w:rFonts w:ascii="Times New Roman" w:hAnsi="Times New Roman"/></w:rPr><w:lastRenderedPageBreak/><w:fldChar w:fldCharType="end"/></w:r><w:bookmarkStart w:id="22" w:name="_Toc194900774"/><w:r w:rsidRPr="00155211"><w:rPr><w:rFonts w:ascii="Times New Roman" w:hAnsi="Times New Roman"/></w:rPr><w:t>Un autre titre de niveau 0</w:t></w:r><w:bookmarkEnd w:id="22"/></w:p><w:p w:rsidR="00FB5D1B" w:rsidRPr="00155211" w:rsidRDefault="00FB5D1B"><w:pPr><w:pStyle w:val="Title1"/><w:rPr><w:rFonts w:ascii="Times New Roman" w:hAnsi="Times New Roman"/></w:rPr></w:pPr><w:bookmarkStart w:id="23" w:name="_Toc194900775"/><w:r w:rsidRPr="00155211"><w:rPr><w:rFonts w:ascii="Times New Roman" w:hAnsi="Times New Roman"/></w:rPr><w:t>Encore des appels de notes</w:t></w:r><w:bookmarkEnd w:id="23"/></w:p><w:p w:rsidR="00FB5D1B" w:rsidRPr="00155211" w:rsidRDefault="00FB5D1B"><w:pPr><w:pStyle w:val="NormalText"/><w:rPr><w:rFonts w:ascii="Times New Roman" w:hAnsi="Times New Roman"/></w:rPr></w:pPr><w:r w:rsidRPr="00155211"><w:rPr><w:rFonts w:ascii="Times New Roman" w:hAnsi="Times New Roman"/></w:rPr><w:t>Un autre appel de note</w:t></w:r><w:r w:rsidRPr="00155211"><w:rPr><w:rStyle w:val="Appelnotedebasdep"/><w:rFonts w:ascii="Times New Roman" w:hAnsi="Times New Roman"/></w:rPr><w:footnoteReference w:id="3"/></w:r><w:r w:rsidRPr="00155211"><w:rPr><w:rFonts w:ascii="Times New Roman" w:hAnsi="Times New Roman"/></w:rPr><w:t xml:space="preserve"> avec numérotation auto et une autre note</w:t></w:r><w:r w:rsidRPr="00155211"><w:rPr><w:rStyle w:val="Appelnotedebasdep"/><w:rFonts w:ascii="Times New Roman" w:hAnsi="Times New Roman"/></w:rPr><w:footnoteReference w:customMarkFollows="1" w:id="4"/><w:t>a</w:t></w:r><w:r w:rsidRPr="00155211"><w:rPr><w:rFonts w:ascii="Times New Roman" w:hAnsi="Times New Roman"/></w:rPr><w:t xml:space="preserve"> avec numérotation en dur.</w:t></w:r></w:p><w:p w:rsidR="00FB5D1B" w:rsidRPr="00155211" w:rsidRDefault="00FB5D1B"><w:pPr><w:pStyle w:val="Title1"/><w:rPr><w:rFonts w:ascii="Times New Roman" w:hAnsi="Times New Roman"/></w:rPr></w:pPr><w:bookmarkStart w:id="24" w:name="_Toc194900776"/><w:r w:rsidRPr="00155211"><w:rPr><w:rFonts w:ascii="Times New Roman" w:hAnsi="Times New Roman"/></w:rPr><w:t>Conclusion</w:t></w:r><w:bookmarkEnd w:id="24"/></w:p><w:p w:rsidR="00FB5D1B" w:rsidRPr="00155211" w:rsidRDefault="00FB5D1B"><w:pPr><w:pStyle w:val="NormalText"/><w:rPr><w:rFonts w:ascii="Times New Roman" w:hAnsi="Times New Roman"/></w:rPr></w:pPr><w:r w:rsidRPr="00155211"><w:rPr><w:rFonts w:ascii="Times New Roman" w:hAnsi="Times New Roman"/></w:rPr><w:t>Avec ce doc, on devrait avoir un bon aperçu de tout ce que l’on peut trouver dans un document Word.</w:t></w:r></w:p><w:p w:rsidR="00FB5D1B" w:rsidRPr="00155211" w:rsidRDefault="00FB5D1B"><w:pPr><w:pStyle w:val="Title1"/><w:rPr><w:rFonts w:ascii="Times New Roman" w:hAnsi="Times New Roman"/></w:rPr></w:pPr><w:r w:rsidRPr="00155211"><w:rPr><w:rFonts w:ascii="Times New Roman" w:hAnsi="Times New Roman"/></w:rPr><w:t>Un tableau compliqué</w:t></w:r></w:p><w:tbl><w:tblPr><w:tblW w:w="0" w:type="auto"/><w:tblInd w:w="567" w:type="dxa"/><w:tblBorders><w:top w:val="single" w:sz="4" w:space="0" w:color="auto"/><w:left w:val="single" w:sz="4" w:space="0" w:color="auto"/><w:bottom w:val="single" w:sz="4" w:space="0" w:color="auto"/><w:right w:val="single" w:sz="4" w:space="0" w:color="auto"/><w:insideH w:val="single" w:sz="4" w:space="0" w:color="auto"/><w:insideV w:val="single" w:sz="4" w:space="0" w:color="auto"/></w:tblBorders><w:tblCellMar><w:left w:w="70" w:type="dxa"/><w:right w:w="70" w:type="dxa"/></w:tblCellMar><w:tblLook w:val="0000" w:firstRow="0" w:lastRow="0" w:firstColumn="0" w:lastColumn="0" w:noHBand="0" w:noVBand="0"/></w:tblPr><w:tblGrid><w:gridCol w:w="654"/><w:gridCol w:w="654"/><w:gridCol w:w="354"/><w:gridCol w:w="1177"/><w:gridCol w:w="1130"/><w:gridCol w:w="1153"/><w:gridCol w:w="354"/><w:gridCol w:w="754"/><w:gridCol w:w="754"/><w:gridCol w:w="1507"/></w:tblGrid><w:tr w:rsidR="00FB5D1B" w:rsidRPr="00155211"><w:tblPrEx><w:tblCellMar><w:top w:w="0" w:type="dxa"/><w:bottom w:w="0" w:type="dxa"/></w:tblCellMar></w:tblPrEx><w:trPr><w:cantSplit/></w:trPr><w:tc><w:tcPr><w:tcW w:w="0" w:type="auto"/><w:gridSpan w:val="2"/><w:vMerge w:val="restart"/><w:tcBorders><w:top w:val="nil"/><w:bottom w:val="nil"/></w:tcBorders></w:tcPr><w:p w:rsidR="00FB5D1B" w:rsidRPr="00155211" w:rsidRDefault="00FB5D1B"><w:pPr><w:pStyle w:val="NormalText"/><w:ind w:left="0"/><w:rPr><w:rFonts w:ascii="Times New Roman" w:hAnsi="Times New Roman"/></w:rPr></w:pPr><w:r w:rsidRPr="00155211"><w:rPr><w:rFonts w:ascii="Times New Roman" w:hAnsi="Times New Roman"/></w:rPr><w:t>1 – 2 – 11 - 12</w:t></w:r></w:p></w:tc><w:tc><w:tcPr><w:tcW w:w="0" w:type="auto"/><w:tcBorders><w:top w:val="nil"/></w:tcBorders></w:tcPr><w:p w:rsidR="00FB5D1B" w:rsidRPr="00155211" w:rsidRDefault="00FB5D1B"><w:pPr><w:pStyle w:val="NormalText"/><w:ind w:left="0"/><w:rPr><w:rFonts w:ascii="Times New Roman" w:hAnsi="Times New Roman"/></w:rPr></w:pPr><w:r w:rsidRPr="00155211"><w:rPr><w:rFonts w:ascii="Times New Roman" w:hAnsi="Times New Roman"/></w:rPr><w:t>3</w:t></w:r></w:p></w:tc><w:tc><w:tcPr><w:tcW w:w="0" w:type="auto"/><w:gridSpan w:val="2"/><w:tcBorders><w:top w:val="nil"/></w:tcBorders></w:tcPr><w:p w:rsidR="00FB5D1B" w:rsidRPr="00155211" w:rsidRDefault="00FB5D1B"><w:pPr><w:pStyle w:val="NormalText"/><w:ind w:left="0"/><w:rPr><w:rFonts w:ascii="Times New Roman" w:hAnsi="Times New Roman"/></w:rPr></w:pPr><w:r w:rsidRPr="00155211"><w:rPr><w:rFonts w:ascii="Times New Roman" w:hAnsi="Times New Roman"/></w:rPr><w:t>4 - 5</w:t></w:r></w:p></w:tc><w:tc><w:tcPr><w:tcW w:w="0" w:type="auto"/><w:tcBorders><w:top w:val="nil"/></w:tcBorders></w:tcPr><w:p w:rsidR="00FB5D1B" w:rsidRPr="00155211" w:rsidRDefault="00FB5D1B"><w:pPr><w:pStyle w:val="NormalText"/><w:ind w:left="0"/><w:rPr><w:rFonts w:ascii="Times New Roman" w:hAnsi="Times New Roman"/></w:rPr></w:pPr><w:r w:rsidRPr="00155211"><w:rPr><w:rFonts w:ascii="Times New Roman" w:hAnsi="Times New Roman"/></w:rPr><w:t>6</w:t></w:r></w:p></w:tc><w:tc><w:tcPr><w:tcW w:w="0" w:type="auto"/><w:tcBorders><w:top w:val="nil"/></w:tcBorders></w:tcPr><w:p w:rsidR="00FB5D1B" w:rsidRPr="00155211" w:rsidRDefault="00FB5D1B"><w:pPr><w:pStyle w:val="NormalText"/><w:ind w:left="0"/><w:rPr><w:rFonts w:ascii="Times New Roman" w:hAnsi="Times New Roman"/></w:rPr></w:pPr><w:r w:rsidRPr="00155211"><w:rPr><w:rFonts w:ascii="Times New Roman" w:hAnsi="Times New Roman"/></w:rPr><w:t>7</w:t></w:r></w:p></w:tc><w:tc><w:tcPr><w:tcW w:w="0" w:type="auto"/><w:tcBorders><w:top w:val="nil"/></w:tcBorders></w:tcPr><w:p w:rsidR="00FB5D1B" w:rsidRPr="00155211" w:rsidRDefault="00FB5D1B"><w:pPr><w:pStyle w:val="NormalText"/><w:ind w:left="0"/><w:rPr><w:rFonts w:ascii="Times New Roman" w:hAnsi="Times New Roman"/></w:rPr></w:pPr><w:r w:rsidRPr="00155211"><w:rPr><w:rFonts w:ascii="Times New Roman" w:hAnsi="Times New Roman"/></w:rPr><w:t>8</w:t></w:r></w:p></w:tc><w:tc><w:tcPr><w:tcW w:w="0" w:type="auto"/><w:tcBorders><w:top w:val="nil"/></w:tcBorders></w:tcPr><w:p w:rsidR="00FB5D1B" w:rsidRPr="00155211" w:rsidRDefault="00FB5D1B"><w:pPr><w:pStyle w:val="NormalText"/><w:ind w:left="0"/><w:rPr><w:rFonts w:ascii="Times New Roman" w:hAnsi="Times New Roman"/></w:rPr></w:pPr><w:r w:rsidRPr="00155211"><w:rPr><w:rFonts w:ascii="Times New Roman" w:hAnsi="Times New Roman"/></w:rPr><w:t>9</w:t></w:r></w:p></w:tc><w:tc><w:tcPr><w:tcW w:w="0" w:type="auto"/><w:vMerge w:val="restart"/><w:tcBorders><w:top w:val="nil"/></w:tcBorders></w:tcPr><w:p w:rsidR="00FB5D1B" w:rsidRPr="00155211" w:rsidRDefault="00FB5D1B"><w:pPr><w:pStyle w:val="NormalText"/><w:ind w:left="0"/><w:jc w:val="right"/><w:rPr><w:rFonts w:ascii="Times New Roman" w:hAnsi="Times New Roman"/></w:rPr></w:pPr><w:r w:rsidRPr="00155211"><w:rPr><w:rFonts w:ascii="Times New Roman" w:hAnsi="Times New Roman"/></w:rPr><w:t>10 - 20</w:t></w:r></w:p></w:tc></w:tr><w:tr w:rsidR="00FB5D1B" w:rsidRPr="00155211"><w:tblPrEx><w:tblCellMar><w:top w:w="0" w:type="dxa"/><w:bottom w:w="0" w:type="dxa"/></w:tblCellMar></w:tblPrEx><w:trPr><w:cantSplit/></w:trPr><w:tc><w:tcPr><w:tcW w:w="0" w:type="auto"/><w:gridSpan w:val="2"/><w:vMerge/><w:tcBorders><w:top w:val="nil"/><w:bottom w:val="nil"/></w:tcBorders></w:tcPr><w:p w:rsidR="00FB5D1B" w:rsidRPr="00155211" w:rsidRDefault="00FB5D1B"><w:pPr><w:pStyle w:val="NormalText"/><w:ind w:left="0"/><w:rPr><w:rFonts w:ascii="Times New Roman" w:hAnsi="Times New Roman"/></w:rPr></w:pPr></w:p></w:tc><w:tc><w:tcPr><w:tcW w:w="0" w:type="auto"/><w:gridSpan w:val="2"/><w:tcBorders><w:right w:val="nil"/></w:tcBorders></w:tcPr><w:p w:rsidR="00FB5D1B" w:rsidRPr="00155211" w:rsidRDefault="00FB5D1B"><w:pPr><w:pStyle w:val="NormalText"/><w:ind w:left="0"/><w:jc w:val="center"/><w:rPr><w:rFonts w:ascii="Times New Roman" w:hAnsi="Times New Roman"/></w:rPr></w:pPr><w:r w:rsidRPr="00155211"><w:rPr><w:rFonts w:ascii="Times New Roman" w:hAnsi="Times New Roman"/></w:rPr><w:t>13 - 14</w:t></w:r></w:p></w:tc><w:tc><w:tcPr><w:tcW w:w="0" w:type="auto"/><w:tcBorders><w:left w:val="nil"/></w:tcBorders></w:tcPr><w:p w:rsidR="00FB5D1B" w:rsidRPr="00155211" w:rsidRDefault="00FB5D1B"><w:pPr><w:pStyle w:val="NormalText"/><w:ind w:left="0"/><w:jc w:val="center"/><w:rPr><w:rFonts w:ascii="Times New Roman" w:hAnsi="Times New Roman"/></w:rPr></w:pPr><w:r w:rsidRPr="00155211"><w:rPr><w:rFonts w:ascii="Times New Roman" w:hAnsi="Times New Roman"/></w:rPr><w:t>15</w:t></w:r></w:p></w:tc><w:tc><w:tcPr><w:tcW w:w="0" w:type="auto"/><w:gridSpan w:val="2"/><w:vMerge w:val="restart"/></w:tcPr><w:p w:rsidR="00FB5D1B" w:rsidRPr="00155211" w:rsidRDefault="00FB5D1B"><w:pPr><w:pStyle w:val="NormalText"/><w:ind w:left="0"/><w:jc w:val="center"/><w:rPr><w:rFonts w:ascii="Times New Roman" w:hAnsi="Times New Roman"/></w:rPr></w:pPr><w:r w:rsidRPr="00155211"><w:rPr><w:rFonts w:ascii="Times New Roman" w:hAnsi="Times New Roman"/></w:rPr><w:t>16 – 17 – 26 - 27</w:t></w:r></w:p></w:tc><w:tc><w:tcPr><w:tcW w:w="0" w:type="auto"/></w:tcPr><w:p w:rsidR="00FB5D1B" w:rsidRPr="00155211" w:rsidRDefault="00FB5D1B"><w:pPr><w:pStyle w:val="NormalText"/><w:ind w:left="0"/><w:jc w:val="center"/><w:rPr><w:rFonts w:ascii="Times New Roman" w:hAnsi="Times New Roman"/></w:rPr></w:pPr><w:r w:rsidRPr="00155211"><w:rPr><w:rFonts w:ascii="Times New Roman" w:hAnsi="Times New Roman"/></w:rPr><w:t>18</w:t></w:r></w:p></w:tc><w:tc><w:tcPr><w:tcW w:w="0" w:type="auto"/></w:tcPr><w:p w:rsidR="00FB5D1B" w:rsidRPr="00155211" w:rsidRDefault="00FB5D1B"><w:pPr><w:pStyle w:val="NormalText"/><w:ind w:left="0"/><w:jc w:val="center"/><w:rPr><w:rFonts w:ascii="Times New Roman" w:hAnsi="Times New Roman"/></w:rPr></w:pPr><w:r w:rsidRPr="00155211"><w:rPr><w:rFonts w:ascii="Times New Roman" w:hAnsi="Times New Roman"/></w:rPr><w:t>19</w:t></w:r></w:p></w:tc><w:tc><w:tcPr><w:tcW w:w="0" w:type="auto"/><w:vMerge/><w:tcBorders><w:bottom w:val="nil"/></w:tcBorders></w:tcPr><w:p w:rsidR="00FB5D1B" w:rsidRPr="00155211" w:rsidRDefault="00FB5D1B"><w:pPr><w:pStyle w:val="NormalText"/><w:ind w:left="0"/><w:jc w:val="right"/><w:rPr><w:rFonts w:ascii="Times New Roman" w:hAnsi="Times New Roman"/></w:rPr></w:pPr></w:p></w:tc></w:tr><w:tr w:rsidR="00FB5D1B" w:rsidRPr="00155211"><w:tblPrEx><w:tblCellMar><w:top w:w="0" w:type="dxa"/><w:bottom w:w="0" w:type="dxa"/></w:tblCellMar></w:tblPrEx><w:trPr><w:cantSplit/></w:trPr><w:tc><w:tcPr><w:tcW w:w="0" w:type="auto"/><w:tcBorders><w:top w:val="nil"/><w:bottom w:val="nil"/></w:tcBorders></w:tcPr><w:p w:rsidR="00FB5D1B" w:rsidRPr="00155211" w:rsidRDefault="00FB5D1B"><w:pPr><w:pStyle w:val="NormalText"/><w:ind w:left="0"/><w:rPr><w:rFonts w:ascii="Times New Roman" w:hAnsi="Times New Roman"/></w:rPr></w:pPr><w:r w:rsidRPr="00155211"><w:rPr><w:rFonts w:ascii="Times New Roman" w:hAnsi="Times New Roman"/></w:rPr><w:t>21</w:t></w:r></w:p></w:tc><w:tc><w:tcPr><w:tcW w:w="0" w:type="auto"/><w:tcBorders><w:top w:val="nil"/><w:bottom w:val="nil"/></w:tcBorders></w:tcPr><w:p w:rsidR="00FB5D1B" w:rsidRPr="00155211" w:rsidRDefault="00FB5D1B"><w:pPr><w:pStyle w:val="NormalText"/><w:ind w:left="0"/><w:rPr><w:rFonts w:ascii="Times New Roman" w:hAnsi="Times New Roman"/></w:rPr></w:pPr><w:r w:rsidRPr="00155211"><w:rPr><w:rFonts w:ascii="Times New Roman" w:hAnsi="Times New Roman"/></w:rPr><w:t>22</w:t></w:r></w:p></w:tc><w:tc><w:tcPr><w:tcW w:w="0" w:type="auto"/><w:tcBorders><w:bottom w:val="nil"/></w:tcBorders></w:tcPr><w:p w:rsidR="00FB5D1B" w:rsidRPr="00155211" w:rsidRDefault="00FB5D1B"><w:pPr><w:pStyle w:val="NormalText"/><w:ind w:left="0"/><w:rPr><w:rFonts w:ascii="Times New Roman" w:hAnsi="Times New Roman"/></w:rPr></w:pPr><w:r w:rsidRPr="00155211"><w:rPr><w:rFonts w:ascii="Times New Roman" w:hAnsi="Times New Roman"/></w:rPr><w:t>23</w:t></w:r></w:p></w:tc><w:tc><w:tcPr><w:tcW w:w="0" w:type="auto"/><w:tcBorders><w:bottom w:val="nil"/></w:tcBorders></w:tcPr><w:p w:rsidR="00FB5D1B" w:rsidRPr="00155211" w:rsidRDefault="00FB5D1B"><w:pPr><w:pStyle w:val="NormalText"/><w:ind w:left="0"/><w:rPr><w:rFonts w:ascii="Times New Roman" w:hAnsi="Times New Roman"/></w:rPr></w:pPr><w:r w:rsidRPr="00155211"><w:rPr><w:rFonts w:ascii="Times New Roman" w:hAnsi="Times New Roman"/></w:rPr><w:t>24</w:t></w:r></w:p></w:tc><w:tc><w:tcPr><w:tcW w:w="0" w:type="auto"/><w:tcBorders><w:bottom w:val="nil"/></w:tcBorders></w:tcPr><w:p w:rsidR="00FB5D1B" w:rsidRPr="00155211" w:rsidRDefault="00FB5D1B"><w:pPr><w:pStyle w:val="NormalText"/><w:ind w:left="0"/><w:rPr><w:rFonts w:ascii="Times New Roman" w:hAnsi="Times New Roman"/></w:rPr></w:pPr><w:r w:rsidRPr="00155211"><w:rPr><w:rFonts w:ascii="Times New Roman" w:hAnsi="Times New Roman"/></w:rPr><w:t>25</w:t></w:r></w:p></w:tc><w:tc><w:tcPr><w:tcW w:w="0" w:type="auto"/><w:gridSpan w:val="2"/><w:vMerge/><w:tcBorders><w:bottom w:val="nil"/></w:tcBorders></w:tcPr><w:p w:rsidR="00FB5D1B" w:rsidRPr="00155211" w:rsidRDefault="00FB5D1B"><w:pPr><w:pStyle w:val="NormalText"/><w:ind w:left="0"/><w:rPr><w:rFonts w:ascii="Times New Roman" w:hAnsi="Times New Roman"/></w:rPr></w:pPr></w:p></w:tc><w:tc><w:tcPr><w:tcW w:w="0" w:type="auto"/><w:tcBorders><w:bottom w:val="nil"/></w:tcBorders></w:tcPr><w:p w:rsidR="00FB5D1B" w:rsidRPr="00155211" w:rsidRDefault="00FB5D1B"><w:pPr><w:pStyle w:val="NormalText"/><w:ind w:left="0"/><w:rPr><w:rFonts w:ascii="Times New Roman" w:hAnsi="Times New Roman"/></w:rPr></w:pPr><w:r w:rsidRPr="00155211"><w:rPr><w:rFonts w:ascii="Times New Roman" w:hAnsi="Times New Roman"/></w:rPr><w:t>28</w:t></w:r></w:p></w:tc><w:tc><w:tcPr><w:tcW w:w="0" w:type="auto"/><w:tcBorders><w:bottom w:val="nil"/></w:tcBorders></w:tcPr><w:p w:rsidR="00FB5D1B" w:rsidRPr="00155211" w:rsidRDefault="00FB5D1B"><w:pPr><w:pStyle w:val="NormalText"/><w:ind w:left="0"/><w:rPr><w:rFonts w:ascii="Times New Roman" w:hAnsi="Times New Roman"/></w:rPr></w:pPr><w:r w:rsidRPr="00155211"><w:rPr><w:rFonts w:ascii="Times New Roman" w:hAnsi="Times New Roman"/></w:rPr><w:t>29</w:t></w:r></w:p></w:tc><w:tc><w:tcPr><w:tcW w:w="0" w:type="auto"/><w:tcBorders><w:top w:val="nil"/><w:bottom w:val="nil"/><w:right w:val="nil"/></w:tcBorders></w:tcPr><w:p w:rsidR="00FB5D1B" w:rsidRPr="00155211" w:rsidRDefault="00FB5D1B"><w:pPr><w:pStyle w:val="NormalText"/><w:ind w:left="0"/><w:jc w:val="right"/><w:rPr><w:rFonts w:ascii="Times New Roman" w:hAnsi="Times New Roman"/></w:rPr></w:pPr><w:r w:rsidRPr="00155211"><w:rPr><w:rFonts w:ascii="Times New Roman" w:hAnsi="Times New Roman"/></w:rPr><w:t>30</w:t></w:r></w:p></w:tc></w:tr><w:tr w:rsidR="00FB5D1B" w:rsidRPr="00155211"><w:tblPrEx><w:tblCellMar><w:top w:w="0" w:type="dxa"/><w:bottom w:w="0" w:type="dxa"/></w:tblCellMar></w:tblPrEx><w:trPr><w:cantSplit/></w:trPr><w:tc><w:tcPr><w:tcW w:w="0" w:type="auto"/><w:gridSpan w:val="10"/><w:tcBorders><w:top w:val="nil"/></w:tcBorders></w:tcPr><w:p w:rsidR="00FB5D1B" w:rsidRPr="00155211" w:rsidRDefault="00FB5D1B"><w:pPr><w:pStyle w:val="NormalText"/><w:ind w:left="0"/><w:rPr><w:rFonts w:ascii="Times New Roman" w:hAnsi="Times New Roman"/></w:rPr></w:pPr><w:r w:rsidRPr="00155211"><w:rPr><w:rFonts w:ascii="Times New Roman" w:hAnsi="Times New Roman"/></w:rPr><w:t xml:space="preserve">31 – 32 – 33 – 34 – 35 – 36 – 37 – </w:t></w:r><w:r w:rsidR="00155211"><w:rPr><w:rFonts w:ascii="Times New Roman" w:hAnsi="Times New Roman"/></w:rPr><w:t>¶</w:t></w:r><w:r w:rsidRPr="00155211"><w:rPr><w:rFonts w:ascii="Times New Roman" w:hAnsi="Times New Roman"/></w:rPr><w:t>38 – 39 - 40</w:t></w:r></w:p></w:tc></w:tr><w:tr w:rsidR="00FB5D1B" w:rsidRPr="00155211"><w:tblPrEx><w:tblCellMar><w:top w:w="0" w:type="dxa"/><w:bottom w:w="0" w:type="dxa"/></w:tblCellMar></w:tblPrEx><w:trPr><w:cantSplit/></w:trPr><w:tc><w:tcPr><w:tcW w:w="0" w:type="auto"/><w:vAlign w:val="center"/></w:tcPr><w:p w:rsidR="00FB5D1B" w:rsidRPr="00155211" w:rsidRDefault="00FB5D1B"><w:pPr><w:pStyle w:val="NormalText"/><w:ind w:left="0"/><w:rPr><w:rFonts w:ascii="Times New Roman" w:hAnsi="Times New Roman"/></w:rPr></w:pPr><w:r w:rsidRPr="00155211"><w:rPr><w:rFonts w:ascii="Times New Roman" w:hAnsi="Times New Roman"/></w:rPr><w:t>41</w:t></w:r></w:p></w:tc><w:tc><w:tcPr><w:tcW w:w="0" w:type="auto"/><w:vAlign w:val="center"/></w:tcPr><w:p w:rsidR="00FB5D1B" w:rsidRPr="00155211" w:rsidRDefault="00FB5D1B"><w:pPr><w:pStyle w:val="NormalText"/><w:ind w:left="0"/><w:rPr><w:rFonts w:ascii="Times New Roman" w:hAnsi="Times New Roman"/></w:rPr></w:pPr><w:r w:rsidRPr="00155211"><w:rPr><w:rFonts w:ascii="Times New Roman" w:hAnsi="Times New Roman"/></w:rPr><w:t>42</w:t></w:r></w:p></w:tc><w:tc><w:tcPr><w:tcW w:w="0" w:type="auto"/><w:vAlign w:val="center"/></w:tcPr><w:p w:rsidR="00FB5D1B" w:rsidRPr="00155211" w:rsidRDefault="00FB5D1B"><w:pPr><w:pStyle w:val="NormalText"/><w:ind w:left="0"/><w:rPr><w:rFonts w:ascii="Times New Roman" w:hAnsi="Times New Roman"/></w:rPr></w:pPr><w:r w:rsidRPr="00155211"><w:rPr><w:rFonts w:ascii="Times New Roman" w:hAnsi="Times New Roman"/></w:rPr><w:t>43</w:t></w:r></w:p></w:tc><w:tc><w:tcPr><w:tcW w:w="0" w:type="auto"/><w:gridSpan w:val="5"/><w:vAlign w:val="center"/></w:tcPr><w:p w:rsidR="00FB5D1B" w:rsidRPr="00155211" w:rsidRDefault="00FB5D1B"><w:pPr><w:pStyle w:val="NormalText"/><w:ind w:left="0"/><w:rPr><w:rFonts w:ascii="Times New Roman" w:hAnsi="Times New Roman"/></w:rPr></w:pPr><w:r w:rsidRPr="00155211"><w:rPr><w:rFonts w:ascii="Times New Roman" w:hAnsi="Times New Roman"/></w:rPr><w:t>44 – 45 – 46 – 47 - 48</w:t></w:r></w:p></w:tc><w:tc><w:tcPr><w:tcW w:w="0" w:type="auto"/></w:tcPr><w:p w:rsidR="00FB5D1B" w:rsidRPr="00155211" w:rsidRDefault="00FB5D1B"><w:pPr><w:pStyle w:val="NormalText"/><w:ind w:left="0"/><w:rPr><w:rFonts w:ascii="Times New Roman" w:hAnsi="Times New Roman"/></w:rPr></w:pPr><w:r w:rsidRPr="00155211"><w:rPr><w:rFonts w:ascii="Times New Roman" w:hAnsi="Times New Roman"/></w:rPr><w:t>49</w:t></w:r></w:p></w:tc><w:tc><w:tcPr><w:tcW w:w="0" w:type="auto"/><w:vMerge w:val="restart"/></w:tcPr><w:p w:rsidR="00FB5D1B" w:rsidRPr="00155211" w:rsidRDefault="00FB5D1B"><w:pPr><w:pStyle w:val="NormalText"/><w:ind w:left="0"/><w:jc w:val="right"/><w:rPr><w:rFonts w:ascii="Times New Roman" w:hAnsi="Times New Roman"/></w:rPr></w:pPr><w:r w:rsidRPr="00155211"><w:rPr><w:rFonts w:ascii="Times New Roman" w:hAnsi="Times New Roman"/></w:rPr><w:t>50 – 60 – 70 - 80</w:t></w:r></w:p></w:tc></w:tr><w:tr w:rsidR="00FB5D1B" w:rsidRPr="00155211"><w:tblPrEx><w:tblCellMar><w:top w:w="0" w:type="dxa"/><w:bottom w:w="0" w:type="dxa"/></w:tblCellMar></w:tblPrEx><w:trPr><w:cantSplit/></w:trPr><w:tc><w:tcPr><w:tcW w:w="0" w:type="auto"/><w:gridSpan w:val="2"/></w:tcPr><w:p w:rsidR="00FB5D1B" w:rsidRPr="00155211" w:rsidRDefault="00FB5D1B"><w:pPr><w:pStyle w:val="NormalText"/><w:ind w:left="0"/><w:rPr><w:rFonts w:ascii="Times New Roman" w:hAnsi="Times New Roman"/></w:rPr></w:pPr><w:r w:rsidRPr="00155211"><w:rPr><w:rFonts w:ascii="Times New Roman" w:hAnsi="Times New Roman"/></w:rPr><w:t>51 - 52</w:t></w:r></w:p></w:tc><w:tc><w:tcPr><w:tcW w:w="0" w:type="auto"/></w:tcPr><w:p w:rsidR="00FB5D1B" w:rsidRPr="00155211" w:rsidRDefault="00FB5D1B"><w:pPr><w:pStyle w:val="NormalText"/><w:ind w:left="0"/><w:rPr><w:rFonts w:ascii="Times New Roman" w:hAnsi="Times New Roman"/></w:rPr></w:pPr><w:r w:rsidRPr="00155211"><w:rPr><w:rFonts w:ascii="Times New Roman" w:hAnsi="Times New Roman"/></w:rPr><w:t>53</w:t></w:r></w:p></w:tc><w:tc><w:tcPr><w:tcW w:w="0" w:type="auto"/><w:tcBorders><w:right w:val="nil"/></w:tcBorders></w:tcPr><w:p w:rsidR="00FB5D1B" w:rsidRPr="00155211" w:rsidRDefault="00FB5D1B"><w:pPr><w:pStyle w:val="NormalText"/><w:ind w:left="0"/><w:rPr><w:rFonts w:ascii="Times New Roman" w:hAnsi="Times New Roman"/></w:rPr></w:pPr><w:r w:rsidRPr="00155211"><w:rPr><w:rFonts w:ascii="Times New Roman" w:hAnsi="Times New Roman"/></w:rPr><w:t>54</w:t></w:r></w:p></w:tc><w:tc><w:tcPr><w:tcW w:w="0" w:type="auto"/><w:tcBorders><w:top w:val="nil"/><w:left w:val="nil"/><w:bottom w:val="nil"/><w:right w:val="nil"/></w:tcBorders></w:tcPr><w:p w:rsidR="00FB5D1B" w:rsidRPr="00155211" w:rsidRDefault="00FB5D1B"><w:pPr><w:pStyle w:val="NormalText"/><w:ind w:left="0"/><w:rPr><w:rFonts w:ascii="Times New Roman" w:hAnsi="Times New Roman"/></w:rPr></w:pPr><w:r w:rsidRPr="00155211"><w:rPr><w:rFonts w:ascii="Times New Roman" w:hAnsi="Times New Roman"/></w:rPr><w:t>55</w:t></w:r></w:p></w:tc><w:tc><w:tcPr><w:tcW w:w="0" w:type="auto"/><w:tcBorders><w:left w:val="nil"/></w:tcBorders></w:tcPr><w:p w:rsidR="00FB5D1B" w:rsidRPr="00155211" w:rsidRDefault="00FB5D1B"><w:pPr><w:pStyle w:val="NormalText"/><w:ind w:left="0"/><w:rPr><w:rFonts w:ascii="Times New Roman" w:hAnsi="Times New Roman"/></w:rPr></w:pPr><w:r w:rsidRPr="00155211"><w:rPr><w:rFonts w:ascii="Times New Roman" w:hAnsi="Times New Roman"/></w:rPr><w:t>56</w:t></w:r></w:p></w:tc><w:tc><w:tcPr><w:tcW w:w="0" w:type="auto"/><w:tcBorders><w:bottom w:val="nil"/></w:tcBorders></w:tcPr><w:p w:rsidR="00FB5D1B" w:rsidRPr="00155211" w:rsidRDefault="00FB5D1B"><w:pPr><w:pStyle w:val="NormalText"/><w:ind w:left="0"/><w:rPr><w:rFonts w:ascii="Times New Roman" w:hAnsi="Times New Roman"/></w:rPr></w:pPr><w:r w:rsidRPr="00155211"><w:rPr><w:rFonts w:ascii="Times New Roman" w:hAnsi="Times New Roman"/></w:rPr><w:t>57</w:t></w:r></w:p></w:tc><w:tc><w:tcPr><w:tcW w:w="0" w:type="auto"/><w:gridSpan w:val="2"/><w:vMerge w:val="restart"/></w:tcPr><w:p w:rsidR="00FB5D1B" w:rsidRPr="00155211" w:rsidRDefault="00FB5D1B"><w:pPr><w:pStyle w:val="NormalText"/><w:ind w:left="0"/><w:rPr><w:rFonts w:ascii="Times New Roman" w:hAnsi="Times New Roman"/></w:rPr></w:pPr><w:r w:rsidRPr="00155211"><w:rPr><w:rFonts w:ascii="Times New Roman" w:hAnsi="Times New Roman"/></w:rPr><w:t>58 – 59 – 68 - 69</w:t></w:r></w:p></w:tc><w:tc><w:tcPr><w:tcW w:w="0" w:type="auto"/><w:vMerge/></w:tcPr><w:p w:rsidR="00FB5D1B" w:rsidRPr="00155211" w:rsidRDefault="00FB5D1B"><w:pPr><w:pStyle w:val="NormalText"/><w:ind w:left="0"/><w:jc w:val="right"/><w:rPr><w:rFonts w:ascii="Times New Roman" w:hAnsi="Times New Roman"/></w:rPr></w:pPr></w:p></w:tc></w:tr><w:tr w:rsidR="00FB5D1B" w:rsidRPr="00155211"><w:tblPrEx><w:tblCellMar><w:top w:w="0" w:type="dxa"/><w:bottom w:w="0" w:type="dxa"/></w:tblCellMar></w:tblPrEx><w:trPr><w:cantSplit/></w:trPr><w:tc><w:tcPr><w:tcW w:w="0" w:type="auto"/></w:tcPr><w:p w:rsidR="00FB5D1B" w:rsidRPr="00155211" w:rsidRDefault="00FB5D1B"><w:pPr><w:pStyle w:val="NormalText"/><w:ind w:left="0"/><w:rPr><w:rFonts w:ascii="Times New Roman" w:hAnsi="Times New Roman"/></w:rPr></w:pPr><w:r w:rsidRPr="00155211"><w:rPr><w:rFonts w:ascii="Times New Roman" w:hAnsi="Times New Roman"/></w:rPr><w:t>61</w:t></w:r></w:p></w:tc><w:tc><w:tcPr><w:tcW w:w="0" w:type="auto"/><w:gridSpan w:val="2"/></w:tcPr><w:p w:rsidR="00FB5D1B" w:rsidRPr="00155211" w:rsidRDefault="00FB5D1B"><w:pPr><w:pStyle w:val="NormalText"/><w:ind w:left="0"/><w:rPr><w:rFonts w:ascii="Times New Roman" w:hAnsi="Times New Roman"/></w:rPr></w:pPr><w:r w:rsidRPr="00155211"><w:rPr><w:rFonts w:ascii="Times New Roman" w:hAnsi="Times New Roman"/></w:rPr><w:t>62 - 63</w:t></w:r></w:p></w:tc><w:tc><w:tcPr><w:tcW w:w="0" w:type="auto"/></w:tcPr><w:p w:rsidR="00FB5D1B" w:rsidRPr="00155211" w:rsidRDefault="00FB5D1B"><w:pPr><w:pStyle w:val="NormalText"/><w:ind w:left="0"/><w:rPr><w:rFonts w:ascii="Times New Roman" w:hAnsi="Times New Roman"/></w:rPr></w:pPr><w:r w:rsidRPr="00155211"><w:rPr><w:rFonts w:ascii="Times New Roman" w:hAnsi="Times New Roman"/></w:rPr><w:t>64</w:t></w:r></w:p></w:tc><w:tc><w:tcPr><w:tcW w:w="0" w:type="auto"/></w:tcPr><w:p w:rsidR="00FB5D1B" w:rsidRPr="00155211" w:rsidRDefault="00FB5D1B"><w:pPr><w:pStyle w:val="NormalText"/><w:ind w:left="0"/><w:rPr><w:rFonts w:ascii="Times New Roman" w:hAnsi="Times New Roman"/></w:rPr></w:pPr><w:r w:rsidRPr="00155211"><w:rPr><w:rFonts w:ascii="Times New Roman" w:hAnsi="Times New Roman"/></w:rPr><w:t>65</w:t></w:r></w:p></w:tc><w:tc><w:tcPr><w:tcW w:w="0" w:type="auto"/><w:vMerge w:val="restart"/><w:tcBorders><w:right w:val="nil"/></w:tcBorders></w:tcPr><w:p w:rsidR="00FB5D1B" w:rsidRPr="00155211" w:rsidRDefault="00FB5D1B"><w:pPr><w:pStyle w:val="NormalText"/><w:ind w:left="0"/><w:rPr><w:rFonts w:ascii="Times New Roman" w:hAnsi="Times New Roman"/></w:rPr></w:pPr><w:r w:rsidRPr="00155211"><w:rPr><w:rFonts w:ascii="Times New Roman" w:hAnsi="Times New Roman"/></w:rPr><w:t>66 – 76 - 86</w:t></w:r></w:p></w:tc><w:tc><w:tcPr><w:tcW w:w="0" w:type="auto"/><w:tcBorders><w:top w:val="nil"/><w:left w:val="nil"/><w:bottom w:val="nil"/><w:right w:val="nil"/></w:tcBorders></w:tcPr><w:p w:rsidR="00FB5D1B" w:rsidRPr="00155211" w:rsidRDefault="00FB5D1B"><w:pPr><w:pStyle w:val="NormalText"/><w:ind w:left="0"/><w:rPr><w:rFonts w:ascii="Times New Roman" w:hAnsi="Times New Roman"/></w:rPr></w:pPr><w:r w:rsidRPr="00155211"><w:rPr><w:rFonts w:ascii="Times New Roman" w:hAnsi="Times New Roman"/></w:rPr><w:t>67</w:t></w:r></w:p></w:tc><w:tc><w:tcPr><w:tcW w:w="0" w:type="auto"/><w:gridSpan w:val="2"/><w:vMerge/><w:tcBorders><w:left w:val="nil"/></w:tcBorders></w:tcPr><w:p w:rsidR="00FB5D1B" w:rsidRPr="00155211" w:rsidRDefault="00FB5D1B"><w:pPr><w:pStyle w:val="NormalText"/><w:ind w:left="0"/><w:rPr><w:rFonts w:ascii="Times New Roman" w:hAnsi="Times New Roman"/></w:rPr></w:pPr></w:p></w:tc><w:tc><w:tcPr><w:tcW w:w="0" w:type="auto"/><w:vMerge/></w:tcPr><w:p w:rsidR="00FB5D1B" w:rsidRPr="00155211" w:rsidRDefault="00FB5D1B"><w:pPr><w:pStyle w:val="NormalText"/><w:ind w:left="0"/><w:jc w:val="right"/><w:rPr><w:rFonts w:ascii="Times New Roman" w:hAnsi="Times New Roman"/></w:rPr></w:pPr></w:p></w:tc></w:tr><w:tr w:rsidR="00FB5D1B" w:rsidRPr="00155211"><w:tblPrEx><w:tblCellMar><w:top w:w="0" w:type="dxa"/><w:bottom w:w="0" w:type="dxa"/></w:tblCellMar></w:tblPrEx><w:trPr><w:cantSplit/></w:trPr><w:tc><w:tcPr><w:tcW w:w="0" w:type="auto"/><w:gridSpan w:val="3"/></w:tcPr><w:p w:rsidR="00FB5D1B" w:rsidRPr="00155211" w:rsidRDefault="00FB5D1B"><w:pPr><w:pStyle w:val="NormalText"/><w:ind w:left="0"/><w:rPr><w:rFonts w:ascii="Times New Roman" w:hAnsi="Times New Roman"/></w:rPr></w:pPr><w:r w:rsidRPr="00155211"><w:rPr><w:rFonts w:ascii="Times New Roman" w:hAnsi="Times New Roman"/></w:rPr><w:t>71 – 72 - 73</w:t></w:r></w:p></w:tc><w:tc><w:tcPr><w:tcW w:w="0" w:type="auto"/><w:gridSpan w:val="2"/><w:vMerge w:val="restart"/></w:tcPr><w:p w:rsidR="00FB5D1B" w:rsidRPr="00155211" w:rsidRDefault="00FB5D1B"><w:pPr><w:pStyle w:val="NormalText"/><w:ind w:left="0"/><w:rPr><w:rFonts w:ascii="Times New Roman" w:hAnsi="Times New Roman"/></w:rPr></w:pPr><w:r w:rsidRPr="00155211"><w:rPr><w:rFonts w:ascii="Times New Roman" w:hAnsi="Times New Roman"/></w:rPr><w:t>74 – 75 – 84 – 85 – 94 - 95</w:t></w:r></w:p></w:tc><w:tc><w:tcPr><w:tcW w:w="0" w:type="auto"/><w:vMerge/></w:tcPr><w:p w:rsidR="00FB5D1B" w:rsidRPr="00155211" w:rsidRDefault="00FB5D1B"><w:pPr><w:pStyle w:val="NormalText"/><w:ind w:left="0"/><w:rPr><w:rFonts w:ascii="Times New Roman" w:hAnsi="Times New Roman"/></w:rPr></w:pPr></w:p></w:tc><w:tc><w:tcPr><w:tcW w:w="0" w:type="auto"/><w:tcBorders><w:top w:val="nil"/></w:tcBorders></w:tcPr><w:p w:rsidR="00FB5D1B" w:rsidRPr="00155211" w:rsidRDefault="00FB5D1B"><w:pPr><w:pStyle w:val="NormalText"/><w:ind w:left="0"/><w:rPr><w:rFonts w:ascii="Times New Roman" w:hAnsi="Times New Roman"/></w:rPr></w:pPr><w:r w:rsidRPr="00155211"><w:rPr><w:rFonts w:ascii="Times New Roman" w:hAnsi="Times New Roman"/></w:rPr><w:t>77</w:t></w:r></w:p></w:tc><w:tc><w:tcPr><w:tcW w:w="0" w:type="auto"/></w:tcPr><w:p w:rsidR="00FB5D1B" w:rsidRPr="00155211" w:rsidRDefault="00FB5D1B"><w:pPr><w:pStyle w:val="NormalText"/><w:ind w:left="0"/><w:rPr><w:rFonts w:ascii="Times New Roman" w:hAnsi="Times New Roman"/></w:rPr></w:pPr><w:r w:rsidRPr="00155211"><w:rPr><w:rFonts w:ascii="Times New Roman" w:hAnsi="Times New Roman"/></w:rPr><w:t>78</w:t></w:r></w:p></w:tc><w:tc><w:tcPr><w:tcW w:w="0" w:type="auto"/></w:tcPr><w:p w:rsidR="00FB5D1B" w:rsidRPr="00155211" w:rsidRDefault="00FB5D1B"><w:pPr><w:pStyle w:val="NormalText"/><w:ind w:left="0"/><w:rPr><w:rFonts w:ascii="Times New Roman" w:hAnsi="Times New Roman"/></w:rPr></w:pPr><w:r w:rsidRPr="00155211"><w:rPr><w:rFonts w:ascii="Times New Roman" w:hAnsi="Times New Roman"/></w:rPr><w:t>79</w:t></w:r></w:p></w:tc><w:tc><w:tcPr><w:tcW w:w="0" w:type="auto"/><w:vMerge/></w:tcPr><w:p w:rsidR="00FB5D1B" w:rsidRPr="00155211" w:rsidRDefault="00FB5D1B"><w:pPr><w:pStyle w:val="NormalText"/><w:ind w:left="0"/><w:jc w:val="right"/><w:rPr><w:rFonts w:ascii="Times New Roman" w:hAnsi="Times New Roman"/></w:rPr></w:pPr></w:p></w:tc></w:tr><w:tr w:rsidR="00FB5D1B" w:rsidRPr="00155211"><w:tblPrEx><w:tblCellMar><w:top w:w="0" w:type="dxa"/><w:bottom w:w="0" w:type="dxa"/></w:tblCellMar></w:tblPrEx><w:trPr><w:cantSplit/></w:trPr><w:tc><w:tcPr><w:tcW w:w="0" w:type="auto"/><w:tcBorders><w:bottom w:val="single" w:sz="4" w:space="0" w:color="auto"/></w:tcBorders></w:tcPr><w:p w:rsidR="00FB5D1B" w:rsidRPr="00155211" w:rsidRDefault="00FB5D1B"><w:pPr><w:pStyle w:val="NormalText"/><w:ind w:left="0"/><w:rPr><w:rFonts w:ascii="Times New Roman" w:hAnsi="Times New Roman"/></w:rPr></w:pPr><w:r w:rsidRPr="00155211"><w:rPr><w:rFonts w:ascii="Times New Roman" w:hAnsi="Times New Roman"/></w:rPr><w:t>81</w:t></w:r></w:p></w:tc><w:tc><w:tcPr><w:tcW w:w="0" w:type="auto"/><w:tcBorders><w:top w:val="nil"/><w:bottom w:val="single" w:sz="4" w:space="0" w:color="auto"/></w:tcBorders></w:tcPr><w:p w:rsidR="00FB5D1B" w:rsidRPr="00155211" w:rsidRDefault="00FB5D1B"><w:pPr><w:pStyle w:val="NormalText"/><w:ind w:left="0"/><w:rPr><w:rFonts w:ascii="Times New Roman" w:hAnsi="Times New Roman"/></w:rPr></w:pPr><w:r w:rsidRPr="00155211"><w:rPr><w:rFonts w:ascii="Times New Roman" w:hAnsi="Times New Roman"/></w:rPr><w:t>82</w:t></w:r></w:p></w:tc><w:tc><w:tcPr><w:tcW w:w="0" w:type="auto"/><w:tcBorders><w:bottom w:val="single" w:sz="4" w:space="0" w:color="auto"/></w:tcBorders></w:tcPr><w:p w:rsidR="00FB5D1B" w:rsidRPr="00155211" w:rsidRDefault="00FB5D1B"><w:pPr><w:pStyle w:val="NormalText"/><w:ind w:left="0"/><w:rPr><w:rFonts w:ascii="Times New Roman" w:hAnsi="Times New Roman"/></w:rPr></w:pPr><w:r w:rsidRPr="00155211"><w:rPr><w:rFonts w:ascii="Times New Roman" w:hAnsi="Times New Roman"/></w:rPr><w:t>83</w:t></w:r></w:p></w:tc><w:tc><w:tcPr><w:tcW w:w="0" w:type="auto"/><w:gridSpan w:val="2"/><w:vMerge/><w:tcBorders><w:bottom w:val="single" w:sz="4" w:space="0" w:color="auto"/></w:tcBorders></w:tcPr><w:p w:rsidR="00FB5D1B" w:rsidRPr="00155211" w:rsidRDefault="00FB5D1B"><w:pPr><w:pStyle w:val="NormalText"/><w:ind w:left="0"/><w:rPr><w:rFonts w:ascii="Times New Roman" w:hAnsi="Times New Roman"/></w:rPr></w:pPr></w:p></w:tc><w:tc><w:tcPr><w:tcW w:w="0" w:type="auto"/><w:vMerge/><w:tcBorders><w:bottom w:val="single" w:sz="4" w:space="0" w:color="auto"/></w:tcBorders></w:tcPr><w:p w:rsidR="00FB5D1B" w:rsidRPr="00155211" w:rsidRDefault="00FB5D1B"><w:pPr><w:pStyle w:val="NormalText"/><w:ind w:left="0"/><w:rPr><w:rFonts w:ascii="Times New Roman" w:hAnsi="Times New Roman"/></w:rPr></w:pPr></w:p></w:tc><w:tc><w:tcPr><w:tcW w:w="0" w:type="auto"/><w:tcBorders><w:bottom w:val="single" w:sz="4" w:space="0" w:color="auto"/></w:tcBorders></w:tcPr><w:p w:rsidR="00FB5D1B" w:rsidRPr="00155211" w:rsidRDefault="00FB5D1B"><w:pPr><w:pStyle w:val="NormalText"/><w:ind w:left="0"/><w:rPr><w:rFonts w:ascii="Times New Roman" w:hAnsi="Times New Roman"/></w:rPr></w:pPr><w:r w:rsidRPr="00155211"><w:rPr><w:rFonts w:ascii="Times New Roman" w:hAnsi="Times New Roman"/></w:rPr><w:t>87</w:t></w:r></w:p></w:tc><w:tc><w:tcPr><w:tcW w:w="0" w:type="auto"/><w:tcBorders><w:bottom w:val="single" w:sz="4" w:space="0" w:color="auto"/></w:tcBorders></w:tcPr><w:p w:rsidR="00FB5D1B" w:rsidRPr="00155211" w:rsidRDefault="00FB5D1B"><w:pPr><w:pStyle w:val="NormalText"/><w:ind w:left="0"/><w:rPr><w:rFonts w:ascii="Times New Roman" w:hAnsi="Times New Roman"/></w:rPr></w:pPr><w:r w:rsidRPr="00155211"><w:rPr><w:rFonts w:ascii="Times New Roman" w:hAnsi="Times New Roman"/></w:rPr><w:t>88</w:t></w:r></w:p></w:tc><w:tc><w:tcPr><w:tcW w:w="0" w:type="auto"/><w:tcBorders><w:bottom w:val="single" w:sz="4" w:space="0" w:color="auto"/></w:tcBorders></w:tcPr><w:p w:rsidR="00FB5D1B" w:rsidRPr="00155211" w:rsidRDefault="00FB5D1B"><w:pPr><w:pStyle w:val="NormalText"/><w:ind w:left="0"/><w:rPr><w:rFonts w:ascii="Times New Roman" w:hAnsi="Times New Roman"/></w:rPr></w:pPr><w:r w:rsidRPr="00155211"><w:rPr><w:rFonts w:ascii="Times New Roman" w:hAnsi="Times New Roman"/></w:rPr><w:t>89</w:t></w:r></w:p></w:tc><w:tc><w:tcPr><w:tcW w:w="0" w:type="auto"/><w:tcBorders><w:bottom w:val="single" w:sz="4" w:space="0" w:color="auto"/></w:tcBorders></w:tcPr><w:p w:rsidR="00FB5D1B" w:rsidRPr="00155211" w:rsidRDefault="00FB5D1B"><w:pPr><w:pStyle w:val="NormalText"/><w:ind w:left="0"/><w:jc w:val="right"/><w:rPr><w:rFonts w:ascii="Times New Roman" w:hAnsi="Times New Roman"/></w:rPr></w:pPr><w:r w:rsidRPr="00155211"><w:rPr><w:rFonts w:ascii="Times New Roman" w:hAnsi="Times New Roman"/></w:rPr><w:t>90</w:t></w:r></w:p></w:tc></w:tr><w:tr w:rsidR="00FB5D1B" w:rsidRPr="00155211"><w:tblPrEx><w:tblCellMar><w:top w:w="0" w:type="dxa"/><w:bottom w:w="0" w:type="dxa"/></w:tblCellMar></w:tblPrEx><w:trPr><w:cantSplit/></w:trPr><w:tc><w:tcPr><w:tcW w:w="0" w:type="auto"/><w:tcBorders><w:bottom w:val="nil"/></w:tcBorders><w:vAlign w:val="bottom"/></w:tcPr><w:p w:rsidR="00FB5D1B" w:rsidRPr="00155211" w:rsidRDefault="00FB5D1B"><w:pPr><w:pStyle w:val="NormalText"/><w:ind w:left="0"/><w:rPr><w:rFonts w:ascii="Times New Roman" w:hAnsi="Times New Roman"/></w:rPr></w:pPr><w:r w:rsidRPr="00155211"><w:rPr><w:rFonts w:ascii="Times New Roman" w:hAnsi="Times New Roman"/></w:rPr><w:t>91</w:t></w:r></w:p></w:tc><w:tc><w:tcPr><w:tcW w:w="0" w:type="auto"/><w:tcBorders><w:bottom w:val="nil"/></w:tcBorders><w:vAlign w:val="bottom"/></w:tcPr><w:p w:rsidR="00FB5D1B" w:rsidRPr="00155211" w:rsidRDefault="00FB5D1B"><w:pPr><w:pStyle w:val="NormalText"/><w:ind w:left="0"/><w:rPr><w:rFonts w:ascii="Times New Roman" w:hAnsi="Times New Roman"/></w:rPr></w:pPr><w:r w:rsidRPr="00155211"><w:rPr><w:rFonts w:ascii="Times New Roman" w:hAnsi="Times New Roman"/></w:rPr><w:t>92</w:t></w:r></w:p></w:tc><w:tc><w:tcPr><w:tcW w:w="0" w:type="auto"/><w:tcBorders><w:bottom w:val="nil"/></w:tcBorders><w:vAlign w:val="bottom"/></w:tcPr><w:p w:rsidR="00FB5D1B" w:rsidRPr="00155211" w:rsidRDefault="00FB5D1B"><w:pPr><w:pStyle w:val="NormalText"/><w:ind w:left="0"/><w:rPr><w:rFonts w:ascii="Times New Roman" w:hAnsi="Times New Roman"/></w:rPr></w:pPr><w:r w:rsidRPr="00155211"><w:rPr><w:rFonts w:ascii="Times New Roman" w:hAnsi="Times New Roman"/></w:rPr><w:t>93</w:t></w:r></w:p></w:tc><w:tc><w:tcPr><w:tcW w:w="0" w:type="auto"/><w:gridSpan w:val="2"/><w:vMerge/><w:tcBorders><w:bottom w:val="nil"/><w:right w:val="nil"/></w:tcBorders><w:vAlign w:val="bottom"/></w:tcPr><w:p w:rsidR="00FB5D1B" w:rsidRPr="00155211" w:rsidRDefault="00FB5D1B"><w:pPr><w:pStyle w:val="NormalText"/><w:ind w:left="0"/><w:rPr><w:rFonts w:ascii="Times New Roman" w:hAnsi="Times New Roman"/></w:rPr></w:pPr></w:p></w:tc><w:tc><w:tcPr><w:tcW w:w="0" w:type="auto"/><w:tcBorders><w:left w:val="nil"/><w:bottom w:val="nil"/></w:tcBorders><w:vAlign w:val="bottom"/></w:tcPr><w:p w:rsidR="00FB5D1B" w:rsidRPr="00155211" w:rsidRDefault="00FB5D1B"><w:pPr><w:pStyle w:val="NormalText"/><w:ind w:left="0"/><w:rPr><w:rFonts w:ascii="Times New Roman" w:hAnsi="Times New Roman"/></w:rPr></w:pPr><w:r w:rsidRPr="00155211"><w:rPr><w:rFonts w:ascii="Times New Roman" w:hAnsi="Times New Roman"/></w:rPr><w:t>96</w:t></w:r></w:p></w:tc><w:tc><w:tcPr><w:tcW w:w="0" w:type="auto"/><w:tcBorders><w:bottom w:val="nil"/></w:tcBorders><w:vAlign w:val="bottom"/></w:tcPr><w:p w:rsidR="00FB5D1B" w:rsidRPr="00155211" w:rsidRDefault="00FB5D1B"><w:pPr><w:pStyle w:val="NormalText"/><w:ind w:left="0"/><w:rPr><w:rFonts w:ascii="Times New Roman" w:hAnsi="Times New Roman"/></w:rPr></w:pPr><w:r w:rsidRPr="00155211"><w:rPr><w:rFonts w:ascii="Times New Roman" w:hAnsi="Times New Roman"/></w:rPr><w:t>97</w:t></w:r></w:p></w:tc><w:tc><w:tcPr><w:tcW w:w="0" w:type="auto"/><w:tcBorders><w:bottom w:val="nil"/></w:tcBorders><w:vAlign w:val="bottom"/></w:tcPr><w:p w:rsidR="00FB5D1B" w:rsidRPr="00155211" w:rsidRDefault="00FB5D1B"><w:pPr><w:pStyle w:val="NormalText"/><w:ind w:left="0"/><w:rPr><w:rFonts w:ascii="Times New Roman" w:hAnsi="Times New Roman"/></w:rPr></w:pPr><w:r w:rsidRPr="00155211"><w:rPr><w:rFonts w:ascii="Times New Roman" w:hAnsi="Times New Roman"/></w:rPr><w:t>98</w:t></w:r></w:p></w:tc><w:tc><w:tcPr><w:tcW w:w="0" w:type="auto"/><w:tcBorders><w:bottom w:val="nil"/></w:tcBorders><w:vAlign w:val="bottom"/></w:tcPr><w:p w:rsidR="00FB5D1B" w:rsidRPr="00155211" w:rsidRDefault="00FB5D1B"><w:pPr><w:pStyle w:val="NormalText"/><w:ind w:left="0"/><w:rPr><w:rFonts w:ascii="Times New Roman" w:hAnsi="Times New Roman"/></w:rPr></w:pPr><w:r w:rsidRPr="00155211"><w:rPr><w:rFonts w:ascii="Times New Roman" w:hAnsi="Times New Roman"/></w:rPr><w:t>98</w:t></w:r></w:p></w:tc><w:tc><w:tcPr><w:tcW w:w="0" w:type="auto"/><w:tcBorders><w:bottom w:val="nil"/></w:tcBorders><w:vAlign w:val="bottom"/></w:tcPr><w:p w:rsidR="00FB5D1B" w:rsidRPr="00155211" w:rsidRDefault="00FB5D1B"><w:pPr><w:pStyle w:val="NormalText"/><w:ind w:left="0"/><w:jc w:val="right"/><w:rPr><w:rFonts w:ascii="Times New Roman" w:hAnsi="Times New Roman"/></w:rPr></w:pPr><w:r w:rsidRPr="00155211"><w:rPr><w:rFonts w:ascii="Times New Roman" w:hAnsi="Times New Roman"/></w:rPr><w:t>100</w:t></w:r></w:p></w:tc></w:tr></w:tbl><w:p w:rsidR="00FB5D1B" w:rsidRPr="00155211" w:rsidRDefault="00FB5D1B"><w:pPr><w:pStyle w:val="NormalText"/><w:rPr><w:rFonts w:ascii="Times New Roman" w:hAnsi="Times New Roman"/></w:rPr></w:pPr><w:r w:rsidRPr="00155211"><w:rPr><w:rFonts w:ascii="Times New Roman" w:hAnsi="Times New Roman"/></w:rPr><w:t xml:space="preserve">Et un paragraphe avec </w:t></w:r><w:r w:rsidRPr="00155211"><w:rPr><w:rStyle w:val="CharStyle"/><w:rFonts w:ascii="Times New Roman" w:hAnsi="Times New Roman"/></w:rPr><w:t>un style de</w:t></w:r><w:r w:rsidRPr="00155211"><w:rPr><w:rFonts w:ascii="Times New Roman" w:hAnsi="Times New Roman"/></w:rPr><w:t xml:space="preserve"> caractère sur les mots « un style de ».</w:t></w:r></w:p><w:sectPr w:rsidR="00FB5D1B" w:rsidRPr="00155211"><w:footnotePr><w:numRestart w:val="eachPage"/></w:footnotePr><w:type w:val="continuous"/><w:pgSz w:w="11906" w:h="16838"/><w:pgMar w:top="1417" w:right="1417" w:bottom="1417" w:left="1417" w:header="720" w:footer="720" w:gutter="0"/><w:cols w:space="720" w:equalWidth="0"><w:col w:w="9072" w:space="708"/></w:cols></w:sectPr></w:body></w:document></pkg:xmlData></pkg:part><pkg:part pkg:name="word/footnotes.xml" pkg:contentType="application/xml"><pkg:xmlData><w:footnotes xmlns:wpc="http://schemas.microsoft.com/office/word/2010/wordprocessingCanvas" xmlns:mc="http://schemas.openxmlformats.org/markup-compatibility/2006" xmlns:o="urn:schemas-microsoft-com:office:office" xmlns:r="http://schemas.openxmlformats.org/officeDocument/2006/relationships" xmlns:m="http://schemas.openxmlformats.org/officeDocument/2006/math" xmlns:v="urn:schemas-microsoft-com:vml" xmlns:wp14="http://schemas.microsoft.com/office/word/2010/wordprocessingDrawing" xmlns:wp="http://schemas.openxmlformats.org/drawingml/2006/wordprocessingDrawing" xmlns:w10="urn:schemas-microsoft-com:office:word" xmlns:w="http://schemas.openxmlformats.org/wordprocessingml/2006/main" xmlns:w14="http://schemas.microsoft.com/office/word/2010/wordml" xmlns:wpg="http://schemas.microsoft.com/office/word/2010/wordprocessingGroup" xmlns:wpi="http://schemas.microsoft.com/office/word/2010/wordprocessingInk" xmlns:wne="http://schemas.microsoft.com/office/word/2006/wordml" xmlns:wps="http://schemas.microsoft.com/office/word/2010/wordprocessingShape" mc:Ignorable="w14 wp14"><w:footnote w:type="separator" w:id="-1"><w:p w:rsidR="00647908" w:rsidRPr="00155211" w:rsidRDefault="00647908"><w:pPr><w:rPr><w:rFonts w:ascii="Times New Roman" w:hAnsi="Times New Roman"/></w:rPr></w:pPr><w:r w:rsidRPr="00155211"><w:rPr><w:rFonts w:ascii="Times New Roman" w:hAnsi="Times New Roman"/></w:rPr><w:separator/></w:r></w:p></w:footnote><w:footnote w:type="continuationSeparator" w:id="0"><w:p w:rsidR="00647908" w:rsidRPr="00155211" w:rsidRDefault="00647908"><w:pPr><w:rPr><w:rFonts w:ascii="Times New Roman" w:hAnsi="Times New Roman"/></w:rPr></w:pPr><w:r w:rsidRPr="00155211"><w:rPr><w:rFonts w:ascii="Times New Roman" w:hAnsi="Times New Roman"/></w:rPr><w:continuationSeparator/></w:r></w:p></w:footnote><w:footnote w:id="1"><w:p w:rsidR="00FB5D1B" w:rsidRPr="00155211" w:rsidRDefault="00FB5D1B"><w:pPr><w:pStyle w:val="Notedebasdepage"/><w:rPr><w:rFonts w:ascii="Times New Roman" w:hAnsi="Times New Roman"/></w:rPr></w:pPr><w:r w:rsidRPr="00155211"><w:rPr><w:rStyle w:val="Appelnotedebasdep"/><w:rFonts w:ascii="Times New Roman" w:hAnsi="Times New Roman"/></w:rPr><w:footnoteRef/></w:r><w:r w:rsidRPr="00155211"><w:rPr><w:rFonts w:ascii="Times New Roman" w:hAnsi="Times New Roman"/></w:rPr><w:t xml:space="preserve"> Ceci est la première note de bas de page</w:t></w:r></w:p></w:footnote><w:footnote w:id="2"><w:p w:rsidR="00FB5D1B" w:rsidRPr="00155211" w:rsidRDefault="00FB5D1B"><w:pPr><w:pStyle w:val="Notedebasdepage"/><w:rPr><w:rFonts w:ascii="Times New Roman" w:hAnsi="Times New Roman"/></w:rPr></w:pPr><w:r w:rsidRPr="00155211"><w:rPr><w:rStyle w:val="Appelnotedebasdep"/><w:rFonts w:ascii="Times New Roman" w:hAnsi="Times New Roman"/></w:rPr><w:t>a</w:t></w:r><w:r w:rsidRPr="00155211"><w:rPr><w:rFonts w:ascii="Times New Roman" w:hAnsi="Times New Roman"/></w:rPr><w:t xml:space="preserve"> Ceci est la note avec numérotation en dur</w:t></w:r></w:p></w:footnote><w:footnote w:id="3"><w:p w:rsidR="00FB5D1B" w:rsidRPr="00155211" w:rsidRDefault="00FB5D1B"><w:pPr><w:pStyle w:val="Notedebasdepage"/><w:rPr><w:rFonts w:ascii="Times New Roman" w:hAnsi="Times New Roman"/></w:rPr></w:pPr><w:r w:rsidRPr="00155211"><w:rPr><w:rStyle w:val="Appelnotedebasdep"/><w:rFonts w:ascii="Times New Roman" w:hAnsi="Times New Roman"/></w:rPr><w:footnoteRef/></w:r><w:r w:rsidRPr="00155211"><w:rPr><w:rFonts w:ascii="Times New Roman" w:hAnsi="Times New Roman"/></w:rPr><w:t xml:space="preserve"> Appel de note 1</w:t></w:r></w:p><w:p w:rsidR="00F40E15" w:rsidRPr="00155211" w:rsidRDefault="00F40E15" w:rsidP="00F40E15"><w:pPr><w:pStyle w:val="NormalText"/><w:rPr><w:rFonts w:ascii="Times New Roman" w:hAnsi="Times New Roman"/></w:rPr></w:pPr><w:r w:rsidRPr="00155211"><w:rPr><w:rFonts w:ascii="Times New Roman" w:hAnsi="Times New Roman"/></w:rPr><w:t>Avec plusieurs paragraphes</w:t></w:r></w:p></w:footnote><w:footnote w:id="4"><w:p w:rsidR="00FB5D1B" w:rsidRPr="00155211" w:rsidRDefault="00FB5D1B"><w:pPr><w:pStyle w:val="Notedebasdepage"/><w:rPr><w:rFonts w:ascii="Times New Roman" w:hAnsi="Times New Roman"/></w:rPr></w:pPr><w:r w:rsidRPr="00155211"><w:rPr><w:rStyle w:val="Appelnotedebasdep"/><w:rFonts w:ascii="Times New Roman" w:hAnsi="Times New Roman"/></w:rPr><w:t>a</w:t></w:r><w:r w:rsidRPr="00155211"><w:rPr><w:rFonts w:ascii="Times New Roman" w:hAnsi="Times New Roman"/></w:rPr><w:t xml:space="preserve"> Appel de note a</w:t></w:r></w:p></w:footnote></w:footnotes></pkg:xmlData></pkg:part><pkg:part pkg:name="word/endnotes.xml" pkg:contentType="application/xml"><pkg:xmlData><w:endnotes xmlns:wpc="http://schemas.microsoft.com/office/word/2010/wordprocessingCanvas" xmlns:mc="http://schemas.openxmlformats.org/markup-compatibility/2006" xmlns:o="urn:schemas-microsoft-com:office:office" xmlns:r="http://schemas.openxmlformats.org/officeDocument/2006/relationships" xmlns:m="http://schemas.openxmlformats.org/officeDocument/2006/math" xmlns:v="urn:schemas-microsoft-com:vml" xmlns:wp14="http://schemas.microsoft.com/office/word/2010/wordprocessingDrawing" xmlns:wp="http://schemas.openxmlformats.org/drawingml/2006/wordprocessingDrawing" xmlns:w10="urn:schemas-microsoft-com:office:word" xmlns:w="http://schemas.openxmlformats.org/wordprocessingml/2006/main" xmlns:w14="http://schemas.microsoft.com/office/word/2010/wordml" xmlns:wpg="http://schemas.microsoft.com/office/word/2010/wordprocessingGroup" xmlns:wpi="http://schemas.microsoft.com/office/word/2010/wordprocessingInk" xmlns:wne="http://schemas.microsoft.com/office/word/2006/wordml" xmlns:wps="http://schemas.microsoft.com/office/word/2010/wordprocessingShape" mc:Ignorable="w14 wp14"><w:endnote w:type="separator" w:id="-1"><w:p w:rsidR="00647908" w:rsidRPr="00155211" w:rsidRDefault="00647908"><w:pPr><w:rPr><w:rFonts w:ascii="Times New Roman" w:hAnsi="Times New Roman"/></w:rPr></w:pPr><w:r w:rsidRPr="00155211"><w:rPr><w:rFonts w:ascii="Times New Roman" w:hAnsi="Times New Roman"/></w:rPr><w:separator/></w:r></w:p></w:endnote><w:endnote w:type="continuationSeparator" w:id="0"><w:p w:rsidR="00647908" w:rsidRPr="00155211" w:rsidRDefault="00647908"><w:pPr><w:rPr><w:rFonts w:ascii="Times New Roman" w:hAnsi="Times New Roman"/></w:rPr></w:pPr><w:r w:rsidRPr="00155211"><w:rPr><w:rFonts w:ascii="Times New Roman" w:hAnsi="Times New Roman"/></w:rPr><w:continuationSeparator/></w:r></w:p></w:endnote><w:endnote w:id="1"><w:p w:rsidR="00FB5D1B" w:rsidRPr="00155211" w:rsidRDefault="00FB5D1B"><w:pPr><w:pStyle w:val="Notedefin"/><w:rPr><w:rFonts w:ascii="Times New Roman" w:hAnsi="Times New Roman"/></w:rPr></w:pPr><w:r w:rsidRPr="00155211"><w:rPr><w:rStyle w:val="Appeldenotedefin"/><w:rFonts w:ascii="Times New Roman" w:hAnsi="Times New Roman"/></w:rPr><w:endnoteRef/></w:r><w:r w:rsidRPr="00155211"><w:rPr><w:rFonts w:ascii="Times New Roman" w:hAnsi="Times New Roman"/></w:rPr><w:t xml:space="preserve"> Voici la note de fin de document</w:t></w:r></w:p></w:endnote></w:endnotes></pkg:xmlData></pkg:part><pkg:part pkg:name="word/embeddings/oleObject4.bin" pkg:contentType="application/vnd.openxmlformats-officedocument.oleObject" pkg:compression="store"><pkg:binaryData>0M8R4KGxGuEAAAAAAAAAAAAAAAAAAAAAPgADAP7/CQAGAAAAAAAAAAAAAAABAAAAAQAAAAAAAAAA
EAAAAgAAAAEAAAD+////AAAAAAAAAAD/////////////////////////////////////////////
////////////////////////////////////////////////////////////////////////////
////////////////////////////////////////////////////////////////////////////
////////////////////////////////////////////////////////////////////////////
////////////////////////////////////////////////////////////////////////////
////////////////////////////////////////////////////////////////////////////
////////////////////////////////////////////////////////////////////////////
///////////////////////////////////////////////////////////////////////////9
////BAAAAP7///8FAAAA/v////7/////////////////////////////////////////////////
////////////////////////////////////////////////////////////////////////////
////////////////////////////////////////////////////////////////////////////
////////////////////////////////////////////////////////////////////////////
////////////////////////////////////////////////////////////////////////////
////////////////////////////////////////////////////////////////////////////
////////////////////////////////////////////////////////////////////////////
////////////////////////////////////////////////////////////////////////////
/////////////////////////////////////////////////////////////////////////1IA
bwBvAHQAIABFAG4AdAByAHkAAAAAAAAAAAAAAAAAAAAAAAAAAAAAAAAAAAAAAAAAAAAAAAAAAAAA
AAAAAAAWAAUA//////////8CAAAAA84CAAAAAADAAAAAAAAARgAAAAAAAAAAAAAAAAAAAAAAAAAA
AwAAAIACAAAAAAAAAQBPAGwAZQAAAAAAAAAAAAAAAAAAAAAAAAAAAAAAAAAAAAAAAAAAAAAAAAAA
AAAAAAAAAAAAAAAAAAAAAAAAAAoAAgH///////////////8AAAAAAAAAAAAAAAAAAAAAAAAAAAAA
AAAAAAAAAAAAAAAAAAAAAAAAFAAAAAAAAAABAEMAbwBtAHAATwBiAGoAAAAAAAAAAAAAAAAAAAAA
AAAAAAAAAAAAAAAAAAAAAAAAAAAAAAAAAAAAAAAAAAAAEgACAQEAAAADAAAA/////wAAAAAAAAAA
AAAAAAAAAAAAAAAAAAAAAAAAAAAAAAAAAAAAAAEAAABpAAAAAAAAAAMATwBiAGoASQBuAGYAbwAA
AAAAAAAAAAAAAAAAAAAAAAAAAAAAAAAAAAAAAAAAAAAAAAAAAAAAAAAAAAAAAAASAAIB/////wQA
AAD/////AAAAAAAAAAAAAAAAAAAAAAAAAAAAAAAAAAAAAAAAAAAAAAAAAwAAAAQAAAAAAAAA/v//
/wIAAAD+/////v///wUAAAAGAAAABwAAAAgAAAAJAAAA/v//////////////////////////////
////////////////////////////////////////////////////////////////////////////
////////////////////////////////////////////////////////////////////////////
////////////////////////////////////////////////////////////////////////////
////////////////////////////////////////////////////////////////////////////
////////////////////////////////////////////////////////////////////////////
////////////////////////////////////////////////////////////////////////////
////////////////////////////////////////////////////////////////////////////
//////////////////////////////////////////////////////////////////////8BAAAC
CAAAAAAAAAAAAAAAAAAAAAAAAAAAAAAAAAAAAAAAAAAAAAAAAAAAAAAAAAAAAAAAAAAAAAAAAAAA
AAAAAQD+/wMKAAD/////A84CAAAAAADAAAAAAAAARhYAAABNYXRoVHlwZSA1LjAgRXF1YXRpb24A
DAAAAE1hdGhUeXBlIEVGAA8AAABFcXVhdGlvbi5EU01UNAD0ObJxAAAAAAAAAAAAAAAAAAAAAAAA
AAAAAAAAAAAAAAAAAAAAAAAAAAMAAAAAAAAAAAAAAAAAAAAAAAAAAAAAAAAAAAAAAAAAAAAAAAAA
AAAAAAAAAAAAAAAAAAAAAAAAAAAAAAAAHAAAAAIAAsJRAQAAjOcSAAAAAAAMAM0AZOcSAAUBAAUC
RFNNVDUAABNXaW5BbGxCYXNpY0NvZGVQYWdlcwARBVRpbWVzIE5ldyBSb21hbgARA1N5bWJvbAAR
BUNvdXJpZXIgTmV3ABEETVQgRXh0cmEAEgAIIS9Fj0QvQVD0EA9HX0FQ8h8eQVD0FQ9BAPRF9CX0
j0JfQQD0EA9DX0EA9I9F9CpfSPSPQQD0EA9A9I9Bf0j0EA9BKl9EX0X0X0X0X0EPDAEAAQABAgIC
AgACAAEBAQADAAEABAAACgEAAwAQcAABAAIAg2sAAAsBAAIAg2sAAgSGPQA9AgCDbgAAAUUAcQB1
AGEAdABpAG8AbgAgAE4AYQB0AGkAdgBlAAAAAAAAAAAAAAAAAAAAAAAAAAAAAAAAAAAAAAAAAAAA
AAAgAAIA////////////////AAAAAAAAAAAAAAAAAAAAAAAAAAAAAAAAAAAAAAAAAAAAAAAABAAA
AG0BAAAAAAAAAAAAAAAAAAAAAAAAAAAAAAAAAAAAAAAAAAAAAAAAAAAAAAAAAAAAAAAAAAAAAAAA
AAAAAAAAAAAAAAAAAAAAAAAAAAD///////////////8AAAAAAAAAAAAAAAAAAAAAAAAAAAAAAAAA
AAAAAAAAAAAAAAAAAAAAAAAAAAAAAAAAAAAAAAAAAAAAAAAAAAAAAAAAAAAAAAAAAAAAAAAAAAAA
AAAAAAAAAAAAAAAAAAAAAAAAAAAAAAAAAAAAAAAAAAAAAP///////////////wAAAAAAAAAAAAAA
AAAAAAAAAAAAAAAAAAAAAAAAAAAAAAAAAAAAAAAAAAAAAAAAAAAAAAAAAAAAAAAAAAAAAAAAAAAA
AAAAAAAAAAAAAAAAAAAAAAAAAAAAAAAAAAAAAAAAAAAAAAAAAAAAAAAAAAAAAAAA////////////
////AAAAAAAAAAAAAAAAAAAAAAAAAAAAAAAAAAAAAAAAAAAAAAAAAAAAAAAAAAAAAAAAAAIAg20A
AA0CBIYRIuUACgIEhj0APQMACwAAAQACAINtAAIAgigAAgCDbQACBIYrACsCAIgxAAIAgikAAgSG
EiItAgCDbgACAIIoAAIAg24AAgSGEiItAgCIMQACAIIpAAABAAIAiDIAAAAAAAAAAAAAAAAAAAAA
AAAAAAAAAAAAAAAAAAAAAAAAAAAAAAAAAAAAAAAAAAAAAAAAAAAAAAAAAAAAAAAAAAAAAAAAAAAA
AAAAAAAAAAAAAAAAAAAAAAAAAAAAAAAAAAAAAAAAAAAAAAAAAAAAAAAAAAAAAAAAAAAAAAAAAAAA
AAAAAAAAAAAAAAAAAAAAAAAAAAAAAAAAAAAAAAAAAAAAAAAAAAAAAAAAAAAAAAAAAAAAAAAAAAAA
AAAAAAAAAAAAAAAAAAAAAAAAAAAAAAAAAAAAAAAAAAAAAAAAAAAAAAAAAAAAAAAAAAAAAAAAAAAA
AAAAAAAAAAAAAAAAAAAAAAAAAAAAAAAAAAAAAAAAAAAAAAAAAAAAAAAAAAAAAAAAAAAAAAAAAAAA
AAAAAAAAAAAAAAAAAAAAAAAAAAAAAAAAAAAAAAAAAAAAAAAAAAAAAAAAAAAAAAAAAAAAAAAAAAAA
AAAAAAAAAAAAAAAAAAAAAAAAAAAAAAAAAAAAAAAAAAAAAAAAAAAAAAAAAAAAAAAAAAA=</pkg:binaryData></pkg:part><pkg:part pkg:name="word/media/image4.png" pkg:contentType="image/png" pkg:compression="store"><pkg:binaryData>iVBORw0KGgoAAAANSUhEUgAAALAAAAAxCAMAAABNhdMRAAADAFBMVEUAAIz/WwB6e6szmf/Q1JXM
zJlKSqnppVG0tJ0pKaWdnaT7ezBsa60QEaX////UwIxdXbPFxpwQEJyNja86Oa3/axCesK63t6Xm
o2pWX8UAAJnylFZ8fLQhIadsbMGvtruSmbXEyKPVxpM1N7ZCSMFmZsyOjLerrqPNzaf/dCN6gcHm
rnYHCZ3nr2MXGaJZa6hycqtAQLQpLLCztKyLmsPWz52+vpz3hDt7ha7YtXXBzqk2OLwxMalmZplz
drxhhtOFhdBNVL7ktoeMlMW9vKaTk6LU06mjo7ZRVbD2jEfwmly9vbFXXbwbIa2Dh7bay4z4iTXw
mWWIh70RF6AZGK3ExarouXpsbLcgJrP/ZgBfZ7U4RLpMTMKbn6+2u65qccH/bBhzc7Tcu4WFharc
xJWtra9jZqmZmcyenrZ2e8XvnUr+gjySlK/9eiWRi8FJSbOLkrTFxbUgJK3sqnNaWse0tbijo705
RMPyomknLbVJUcanp6lrfrzvp2T9gEL+AQIAAAAAAAAAAAAAAAAAAAAAAAAAAAAAAAAAAAAAAAAA
AAAAAAAAAAAAAAAAAAAAAAAAAAAAAAAAAAAAAAAAAAAAAAAAAAAAAAAAAAAAAAAAAAAAAAAAAAAA
AAAAAAAAAAAAAAAAAAAAAAAAAAAAAAAAAAAAAAAAAAAAAAAAAAAAAAAAAAAAAAAAAAAAAAAAAAAA
AAAAAAAAAAAAAAAAAAAAAAAAAAAAAAAAAAAAAAAAAAAAAAAAAAAAAAAAAAAAAAAAAAAAAAAAAAAA
AAAAAAAAAAAAAAAAAAAAAAAAAAAAAAAAAAAAAAAAAAAAAAAAAAAAAAAAAAAAAAAAAAAAAAAAAAAA
AAAAAAAAAAAAAAAAAAAAAAAAAAAAAAAAAAAAAAAAAAAAAAAAAAAAAAAAAAAAAAAAAAAAAAAAAAAA
AAAAAAAAAAAAAAAAAAAAAAAAAAAAAAAAAAAAAAAAAAAAAAAAAAAAAAAAAAAAAAAAAAAAAAAAAAAA
AAAAAAAAAAAAAACJRvTrAAAAgHRSTlP/////////////////////////////////////////////
////////////////////////////////////////////////////////////////////////////
////////////////////////////////////////////////ADgFS2cAAAABYktHRACIBR1IAAAA
DGNtUFBKQ21wMDcxMgAAAANIAHO8AAAGu0lEQVRoQ+2Y7VfaShCHF06PykuuJiU3GlBEVEAjFaho
q+UWD1VRpK1GKVgE1FitIr5VxbTNv353N5sQsYp6jz32HuaLyWZ38uS3szOD4K8/zIDyh1kT+LE3
7P+q8PRJ+2NLd0f/d1R4+uOfBdx3ctF3RwUee9rtCo+R17fPzz9lYM5qXcekY9ME81WyFV1F29qi
0NqimozRiGy1WiMJXVb4DM8gI3hBGw0XqsPwEhnNceqNOt6GLBpVnzWy6wrTO6lgMOVGC1fnN9T1
J3ud6E++ZB8dHbVnZv141CO5BlJzlUo8k08QEpnMOMMzaLjAbi9Jyj4ZTst4oeTKwPF0QsnntqHD
DDT7tll91siuAXtcFoHnmbk2Rem7mG9X13fuTaM/cim8zASrhW8YZyEXnhx4Luczk4uLLb0zKsqQ
F87w9rjVT5IKVSrs4hS555PAMOHCLPQKLbE0SYmXO1FFSokUE47HenqqQtDciBU/rwemzd08MnEH
AidPSEg4bVtoMs3ZGRDcjXjQTd4hhma5KE1zskvkLYUjPCNhpwCTkfAMeOvrON7maLgwJgLgkGmy
7dGC2OKDc+hIhwAcgxzHWVuoFw8CHgxiXp5K+5XpPRIRG8lxcvz2u3mxFzvunaJCkvaKdJAPdrnx
ndXCBzdrrx4MvcM3K3EehPP6eC6sDiubDHDMogs5VLlTENcpLHtVXp5x+fuce+2q1xGbk7xq38JT
m8hxvsofw03QzCUCJh5Bd/kpCFx79UGc0B+KQEipgaIokWqHenD9CFj1M1h6ADD9AsYvtuUl5ZUt
SSLiaxGfOWjPu1WcSJzn51ZqwAufecDY0RvhJy2b9TSiDF4eqrO4iqBLHB2t7qujfrMOrIVLzekv
r64qbJ0ivPzijtIaGFGBt2xlEhsIGCvcewyYkqYXmpOmeN6BQqQO+EADVg6DgNnW4Cu+OmCJawCq
Pb4KHAsCQhyW3o+X8UmDOSLwQasgBNjvogA1ZAS2HvPgePA24PU1AXjd2GH+PE22HysMY3imp/QQ
4JUUQ4CFHD1SJCdtLFmc17wR4ESHAJU2vqIN7vgyEvBGhT1LIgjG0BrP93Mc7lpIHNK+JS8RvyH2
FYV9Di2EF3eelYvD6upVNkCucAyjkPCFUB4xOk/0UEBogbrVA5+qSQXaUb8gTKGdt15mSNrDMcx8
7omLwmhDVHXCFWDZouWIrtetLBG4L5kd1xsJDbgFZuohtVaolohR/K+AX3bpwMpLFPjwm9L9ej7E
wKdvMw7qQcBnFhIRa+4NtniiogwXtSt4UwsJmBSMMRwdpXh8pqDCQXMtQRmBVyr4YHoKBX0ljmE3
Ut/+XxQWh8Y+ZMfVI9eeNAW0HKED+2MwduZqPQ8sDLsUCLquAx/ESYVAvszLcF+UvJaa4YiW1mZ2
0dq72JWQWHegkACL/7z+mmV/qJlhuGhy1lpLLa3BMgDChsKhJAoMmEKVDBUOLQfA2utqMQBLDl4I
zXwZqH2pnocTxq+/DdwI3Dm2+wkABvK2siYi8IYtW8aNj2oacOSzACjjLkZCQOhAleRbCFZJPSTo
VMrYhJVgNozFDKfVUDiUlbP7KvxzZOG7w5F7+aw1m9USQ9JkcpIkLMNXoxyAC++sQwAW3ASodkgR
xT05QagsaMPcZKFW9WD3NgnAYspQI3BpJm4Ozu8LfGEbebbu9r//ms2yH3EY9F0UTXqV256DwN18
+G/sd98hCCG1z4QmVYQpVDagwWqp15REaa3W8MBn/iEo8ZVorQFLFfG+wFvjgZH3r36Us9ms2kX0
zRezrF403oQUZWKZSZEWIh8ShP4zD8qodGKOsnzR4CdgRzeIh+mlaskoMPywMG8xxsiKSwDdaRqZ
XfTeF1g5KRZtZRbyBpIoRWw5i6bsB1KfFeXNsvytQq25iVtaygWF445eSdpxeaspWY/blfSUIHZI
PukwdW6/yqtwOarDcLwisUUAwLHZbLajDbs3sJJkTdBY54ltvHP44zibNZVXdS9Wx/n5ZEGqZd+E
tVSprvX398cz+8bexSNvznnhcFeht44Xtr1x0qdht19O47lUKjVQOL2EXt7eH3gjyWbZgHNrLMmy
5SKUWktuyJVHnph4Z2gpUUz63k1MTGxar+UkDo3v/ypVqT9XiEV2IkdHR+uSNJvPS+v4N0sjq2vg
tzqdzmGYFaZtkBaGxpP5da9/x03/l1iFxKytU2srG33373t+E/DMasD001Axfh9Rgzfd8X9rT4b3
2s/8p0N2A0lT4cfeoqbCTYXrFGiGRDMkmiHx2DHQVLip8O0K/AstyprLrv4qJwAAAABJRU5ErkJg
gg==</pkg:binaryData></pkg:part><pkg:part pkg:name="word/media/image3.jpeg" pkg:contentType="image/jpeg" pkg:compression="store"><pkg:binaryData>/9j/4AAQSkZJRgABAQEA3ADcAAD/2wBDAAIBAQEBAQIBAQECAgICAgQDAgICAgUEBAMEBgUGBgYF
BgYGBwkIBgcJBwYGCAsICQoKCgoKBggLDAsKDAkKCgr/2wBDAQICAgICAgUDAwUKBwYHCgoKCgoK
CgoKCgoKCgoKCgoKCgoKCgoKCgoKCgoKCgoKCgoKCgoKCgoKCgoKCgoKCgr/wAARCAErAY4DASIA
AhEBAxEB/8QAHwAAAQUBAQEBAQEAAAAAAAAAAAECAwQFBgcICQoL/8QAtRAAAgEDAwIEAwUFBAQA
AAF9AQIDAAQRBRIhMUEGE1FhByJxFDKBkaEII0KxwRVS0fAkM2JyggkKFhcYGRolJicoKSo0NTY3
ODk6Q0RFRkdISUpTVFVWV1hZWmNkZWZnaGlqc3R1dnd4eXqDhIWGh4iJipKTlJWWl5iZmqKjpKWm
p6ipqrKztLW2t7i5usLDxMXGx8jJytLT1NXW19jZ2uHi4+Tl5ufo6erx8vP09fb3+Pn6/8QAHwEA
AwEBAQEBAQEBAQAAAAAAAAECAwQFBgcICQoL/8QAtREAAgECBAQDBAcFBAQAAQJ3AAECAxEEBSEx
BhJBUQdhcRMiMoEIFEKRobHBCSMzUvAVYnLRChYkNOEl8RcYGRomJygpKjU2Nzg5OkNERUZHSElK
U1RVVldYWVpjZGVmZ2hpanN0dXZ3eHl6goOEhYaHiImKkpOUlZaXmJmaoqOkpaanqKmqsrO0tba3
uLm6wsPExcbHyMnK0tPU1dbX2Nna4uPk5ebn6Onq8vP09fb3+Pn6/9oADAMBAAIRAxEAPwD8nfE/
iPVNJu5r3UZZ9tw22NmkO0FVxkYPyg/ex7n0FVE1ORtG8uXUG3D9+4LHDHOSo3HgkdgOePoJdXvS
NK1HNu0qwXmyGSFcqoVsAEq5wdpGB6dOCauL4djMTapdSNGJrcPG8MgUGMfw8Lgt3O3jAPNf0tFV
q1Tmpu6t16X3bfqj8n/d0YrnXX8rW0+ZlS28s91Drs91MkF1se3ZbpwqbeSOUPHHX271r2XiMXci
Q38rXReQmGTzCP4uCFB67uenoajWIXLDT4pneGGNovLXG1gvTO7GMjk4z+ZNU9NsYLVXuNQtZxLc
MRGzMzCFww+dic/eOOfQ9KKcZ4aScNebe+1/+Hf4kvlrR997bW3t/wAMia5vNQg8Zx/vV8yFVlgk
dt6upHU8dxgAevYcmq+pa7qV3dWMdg80EV9ICN69Hzy3Tcwx78d8jgzb0EyyLPN5nlRhWKsueeQc
8tjjJXH403UYtNttUWW0WL94zSbVVxsBXgAINoI+9nI69KKilKnLXRyT89bbFQ5eaKavZfLbr+Zo
eJNRvImjit9WMj79u0Q7mchR84/udx0FSaeuuorMb2QrLKryXU9wUXCjJJycMvY4Oc9cA5rC0fxP
KsE1utvNI0c37uZB8vQZLDI7f5NTtqPiCaxW10S4jt4cjbIrESMh/hLY4GCOh/Oq+tYaU/aRbfkr
/qZ/V6sEoSS9WbMc8GnaatrpV7eJcKzTxSQyDauckqVIXqBxzjjHPSs/S/FU0EMq6ltuCsO+b+F+
MA/d6Z4GOc56mkbTnttGjjVVf7O371G+Uxhj07EjoefyqqLGWOKTUL6zKWsMedxnf1AyAMH6DK8g
8UVKlanJOmuVW26W7/IqnCjKLUnf8/v8y/quvNqGi2GpWr3UK5ZJmSHzY+nHL9gM8evQcVHe6j4q
0nTII4Zbq+hKlZoZNy7wVDuOCD82E+YH5gmMHBFR6J4qEsccott9tJPi1Z4QskvAyCob5s9+DnrX
QWV5EbxWltlZNwUQbmYeZkFRt2/KwIIGckk9MbqqnCjjqbmp2bS2X6XtqY/vMNaHJdL+vvRzY/tm
W1treyu7oRRsZf3+5CoYhtrbQQQccY6HPQVZtvEPiCGwvL2y06dZLi4jMbPIUEUYOAWOQDu4BOcD
AzyavX2jrJcz6faxyL5+5FndtkfmFvkGABgqc9GyCp4xkVg+IrTUPDmpWrvp0N1Dlfthht0ImGRu
XcyHBbDHOBwc4HSscVTrYWLnrZaXXTouj6HRTlSryUXa7117bmjea/qV1cq+rK0UHlhZv3zMWVgR
woUjIIKknAHA96TSbibVbVrAPcRTTRv5bST9EVsocjAI3ZGfUj6VQ8VOPC2n2kMdw0kiSSBrd45F
EO4qzKBgZ29CMbT1GeKr6PPLqetWO9Ymh8pi/lwg7W69dwLk5z8x4z7YrNYj/avZz1el07dbdV/k
aKh/s/PBWtfX0Oj0nS9XtrNljnElz5QEKRsjZ7YPyEhsMRk++TUVpf3NrfyaNPNIsczNI4t51JZj
j5cKF2lTg7cHqR3qzZzQxXK3guXht2jKQxrgo678lhkrnjHyjnI5989Z20eW9uo4jBKtx5drDtbj
c+Sgwh2sTuwOBxyeMHvqxpUeWUL6PV+X/BOWnzTlJN3uvx/4BNbavqeoXi6hDcsZCzRKvzGReck5
IG3IGcDt3qxoGt6hcs0NrEzNHOu7y2U/Lkhxzjp/7KMjkGs61spn8SO9/c+SZmaaHgKv3cHseeMb
dtMv72LSnk1y3t5F85trIsgO452lTkZx0wPrjFR7WrFOpPRX1fW3f/gB7Km5csVrpb1JNbW7SJp4
76+jmiZo4PIRVDDJyHIJwQPc5CgADqNTTFuLDTob+WeRnXa9v++5Xgg53dyDnBHQjnJzSNrAvdPF
7NMklxtzvjk3fKM8Zz68f/qxVe/1MatF5BsZFtrSP8do7gKTnoPYZ64rWNPD0q3tL3utEZOpWqR5
WrWeous6tdCea9Fyw2qyqqyZCt0I4PTa3HUdcAVQvNSuoHj828eOG4UbiecPtxjAPcbunTcORSaj
fWOq2sl7cny7eBlDW8P32YgZbtjnAxx3x3zBINI1y3bTJLu3imhug63jRvjdjATDHHJzwRxjmuSv
UVWV1Z3V1r2f+R006bjHW6tvoX4bo6xp82j2U9wskvzW/wC8YbnUdc8cEhcHOFOc5603SINQbRGv
k1K43Y2yo0/RSPl4JVRg4ySRjIz72LDR7jQEXV8mX7JArMqxhBvyWZPlGOgI74BHpk2rD+yB9sv7
yCWONcvJJGvzKVJYIOSc/NjqCMjpjB6KdCXMnNJO1u2m6f3mE68Y3ULtXX3mRcXt3fXEMmmajukZ
AzrtcqRyrOcjnJzhcEfMelbd1frGvlQ3K+WW8tZPMEag4yepCjB2nqMZ6isnUbb/AIRy5aytpWln
uIN8Mslo0bSqAcIABgMVYHJznPJxgm5oepT2mnx6lcWHl+Yn7v8AekOyZGWC7flwOmD26VpRcY1p
wbtLrbVIMRHmipLbp0uZumeJLyK9WH7ZNG0aSM0MbHhsdVIBHOMdTnpkDpsSS6nd6ebeMyQRzQmZ
JmkPEgx83zAdycYx9445rN1LRoIr19Ra4hjhZctHO24sgb73UnJHtjPpjjS8O6lYtpWLQJuRmRdy
5KqVOMDH9Px7UYWMoycaj727sivKPKqlNdrlM3TLdLb3hxcLny5Uk68kkYJK5yQcAjrzyTUOhy+I
DNcW323azttZZN37xjuBOc7cZ4447npVMxala6m1xsPlrD5rR7QwB+62cDIAOM4BrW0qTTVsGvbW
KMTLuMkdvvO5upIIHBzkY/lxnGm4zrrmduW/zNqvNGnZK97edv8AItta30UchhjkBZvtEcPljLsB
03H5hhvXII7EVnT6mkWqrqSWsixXUIe7/fsi27AZDdQOQM46DoOauq2r6tcmLT3mhmaMyeZcWrsw
Xk7cAnjg4JBzuPAqnP4jmTTZNNmaZmeNz5Ix8xJ6euMA/p9K6pexj72qts2la6/zvYilGps1d7W7
XJ7XU7+40+SZdUuf9Mm/cyK3mcjGMAHBBHA446mrWt+JPElhfwRz/u7KRtzQsm6SQ4A8t1HO4425
xwfzOVpcszaeunWFrult1R4h9oB3SAjjC4Pc8LUPiqfUINzS6fHGZI2ktpIZgwkUnDBRgsPXDYOK
mWI5KF4yelu9vNf13sP6vCpXs0ndvtfyOpbWZLm3e80WWRlZgzxySGKRUKkEBg2RwcN1zjtVHxHH
bWkNra6aZIYo7cJbiaZQI23sQ+PcsPUkBscEAYlrexpdeRZqAqweQ3kqoaRyeCRkc8DkdD9aTxbd
29pd2UlusLSXWA8nk/KOwzwSxb5gAMAAg4zyDEYunUw7bV2rJ/f08rmdHDyhXUU7Ldeeg25nt/DG
qWNhYXc00txMssdrJGxKudwUKRhcN8hBBHHv0zXu7qy0+ziuL+WaQkPa/vNoVtwyMZOSGHXoQetd
Be+Dra8jgujq7uFXE9uqhd2e4PHtnljx19LVz4bmublLW7vJFto8vbxwyYwSAOAOVHHbGc/jWEsp
xdRtxjZPZbrW2+vludMcww8Iq7u+r+85m4v9UksZJbO5ZvLYTSQtLI7YDdRzleeTkgHIFb9tq/iP
SDcX51ANPd24eNVkkICqWLhcbgSAOrEfxDtS6Db6B4Svmi0MpM7TnzpN29jgZI4wVA59fc+ud40g
nc+bHZxstxb7muXO3yQuc7OowACeOTgdelYRp1cHRlVUvfVtFqk+97a726W7j9pTxFVU3HR9X12N
LXrjWNbC3kUuYmjyzIQDIpwWwue2elX4IobHRf7HivUhXef9Y3y5PLE8e/H0rK0W/MkNraXa/aFj
VT5nmYjaPacHcMFcHjGMjBznpVK/12407zrdrqMPHMVysgZTxzznkY4969KNbCxg601dtWbf4nJK
jWm1RjpZ3svXc2LfWpLWO40/UklkETBZFbcR94HoONwznt196ddT20qR6daTSq1rtm+0tLtWRG6o
uRz0AA7lc96x4r+C78kyhhHIrJcSQ/KzAEAfKDnOMdz168VCsUsGqvqDXFqrQ25S3Nm+Czdi/ODj
p2znk1zvEXppQV1t0ulv/X/BNY0Uqju9d/XZHSXviidN0kEjN50Lcbm5cHBHHPA9/T6Dmn8UXl3Y
MyJdW8cdxukhDP8AuwerYJ68E9e/erOnXWs6vpx1O8v42U3e6S4kJZpdmMv8/GSM5+vNW4L3Sv7R
+238MLPKwLboQpjxwwO3rkbewGRxnuVKlbF8sublTXXs+pVOnSo80d7Pp3RA2uTzaJu1G6uJDb3J
/dzTNkqx6H/x30689Kb9judUIR55LhFG7ymutoQnB4+nOfqtVbOzv/7NuLQWqyRtcSMkyzKFXk8f
Mc9Me4INN06dNNje/kaMNNtG9riNjjGcYBP6jjA9cVmpRlTjGqr3Xmvx6ouUeVycNx1xo+qadHI1
nMnySFWhaNVMjH7wyX3GPBG3r93OBkky22oW8WhRWl29vHcu3mtK5JEwBXAJJx0z9B29dr4kotnZ
fY47Z1UNshk83kAcknjnnjPTrXOXVvNq1jHcQTFWs41jtYl1BSM8KCdx2qO2Acnrxjnlr0fqFRwg
7tLb87LyHRqfW6alNW13/I2FdYtPk1CbXbVfs8bKrTAqd2MbSVDHd164OCeRxWLa3CXdxHZ3mqQq
iusluNoYzSckHIxtXHHB9OvNT+HNM1LxLYzNO+fKUhrNoUaOJexRW6nOMAdc9atHRPCekyLq8El1
Z5VQP3e4wSHqH5H88dsVMpYjEwjUStG3VtX7/p1RUfZ0XKPNd36JfcT3U41S7t0toWkWOPLTW25v
nPybuvK9Ouc/Q1S8Ywy2nh1dWPmIsNwYpbeLcpcHuR/CpwMDoKrT6i0+ntoEuoFyq74ZLeMqki43
/M20dsgA85I9Kt6xAPEWmyaPqQk+3y4MUfnb1hYDv1bB7HOcdT1qqmIVaFRL4mt+z7de3zCnTeHq
Qvok/wAO5hXkKaVo0esf2XZLHcMTHcQyN8zbiGQjdlOMcH0B7itDw7qOhvGI5Xmby1VlZ3VgEAz5
eDjkHPIwBWfp1pFqWnzXMcs07QqqPZLcCM79pG4YBVvTA5qXS9M8Ra1pJ13TvPC2uFC/cVSvPHy/
MFB+6TnjNeXSnWo1IyhG6a2tf17fq9NTtqRhKLUn13v32XU1Y5DLd3FulyZpL3mGSOE8Iw53cnHp
jH44629N1WKG6ksP7Yw0MZkkm81VGR94+gBH8IzknFYGgahGdVmWxhZpmjxNcSKiLnI+VQRxyex5
xRetqd9eb0sbj7VCrm4TyRLsUD73Tp6g8Anrziuz69KMFNa2b/zt95zSwnPLkk+i7BZ+K4r3UP7Y
tZpLa4kmdtPmD5KNuxmT7xI25UYAI4IHJxpaPrMkNxJPeTKsdxI0sgVm2xnkAvtIOcuecE8e5rmf
Di+Jdatma00vfCZ1WSSC3jXKj5mDfIflHynHQY6Ht09jodncauLWW7ja1jjVBHDOoVlblQcDB5B4
JPTt258vrYivFVEnq15Jt6f0+mh14qnRp+5poum6tsPmt9XdrPyH4VSWyw+RdpOQccqNvc5OPU1J
L4ia8t1sbi6WSB5GdLVZGV0ORw2GBHIJ6nkCpdFvIHBitYpPtiMYl8tSoX+6208nsMjjBWuevI9U
tL/+1LoQRxfaGOVYDBAPHJ9jxnnB69K9CviJUaalB3vv18n+RxU6XPJqSSstDobmxg8UFbea3jt7
O0w6TSKMpHg4T73XOCMHcB3NVLrwpeXOs40S5mkhU7kUSnarMvJYD58k7fw45qyNiRyXdvcSN9qj
2yQtGF3R8hjwMHJA6n/Gn2OpxWt5DoUttH5f2dxNEWGTkcBhgfNgAYODx75rT2dCpZ1FZtp3+6y0
sc/tsRG7hql0/Nkd2dS1OKFzdIwjkxuZ3TCj/ZJwW4GBg8jnNGvXep3d0un3tipXyW+1CZtyqqkH
c0gLEEnPJGeSOKkg1y8Wy/tGGZo1WdEjbcP9WF4GM59O5HFWNenh0xPtBT5fPxNMu0HHtnGR6YHA
repTp1MPOXO76X9ETGtKFRJxXW3qZuh6lLqRne9kjkTyypuLMlvlOM4GARxgHOADz3rN1vUtT0Gx
uFtTMwa5yreTyV7AlucjsfbvWlYxnR4prKxljiQSh/L84Myqxz0w3XgcY7VD4rvpW0eQRWm3y5ix
F0gZApOQEbA28cck8enSuKtGUcHdzaaT/q51U/Z/WPhum1oO0/UpYdOg1B4dizzLsMzbcDdknIPT
J5B6E5qxoL6CNauUee8t/L+aNrfCs6nkqflII6HpzWDqD2A0ZNTS3uCrMJFhmwFxtHp056dmH0ra
+1NaK11LFcx3C28arIXysKkNydu5h1+6eTu7UUa96kea3upP70+v6FVKXutq6vdfiiTQNOFqksTX
kfl+YyR2rDbJIONpOcZxzgjv36VlWcU3hvXLhdS3TtDIJo1XBUjHBPI68AnA710GorNeWUOqX9lN
IsV1tmHkqVZdnzHnGfY4GM8jpWYwSTVLnW5ZArTwofKTlmIBXOCTk8cj5eR2ratQprkUdOV3T8rN
/noZ060pKXN6W8/X/gGhZX11pej2uoXh2yNdbrm3uZdg2ycYPHQDbjnGMc5IFV9KhB0BZrm/iVpN
5uo0YBo1JA+82ORgYG7OAck5q5qOi6TJA1z5q3TKIzPDa3xEYO3gksCQVP3lODn2rHlv5011LHLS
W/EMlrHNJJjK4Vxuy3HXAwMjsGpVpOhVSqO8dEter0v+G3a4qMY1YtQ3vd/LoU9Uu7vVdVt9OvzN
PCYcTGPdmNVbIbfjpg5HJ6jmrU979nWGc26w28bfuUjYtvU8EYyfzyT355NaGp29hc3bI/7qXayz
GTYJMAcDZjONuBkDPygjqQM6WCPUFjtZp41MNwqR3Cj5olBwPmzgL9fbArmqc8ee8k29V+Gnn3Nf
dlGMUrJf1f1F1S+v7SFXRIks5I2/eSZTjoe+9iMDIxj61H4c1O3dUc28flkhi0avuDZxt+8Oe+cf
lzWjeLc6paLeRoyxwyCO4uJoSW24GNp5weQegOO5xVYaDFpemXMum/vLrzDnzAW6chOFBD8AhuO+
TxWko1o4hTg24pX1/QKcqf1flas72/4c2tCuLR7U/aLl9qz5lSAEbuMH7o/Huc8VmweZfWNxPHPl
XvR5cjRlQpPARsno3B3knnrgk5r2E+r6ZcWsuq2cYmvJFZINxEgU5Occ5HXkHI6etb0P/CPan9os
EmeNbgbpHWILt5wAoAPGQPSuyEnjOWK3V15u60OWT+ryk2rp63Wq31KgkvJ7v/hI7yX7Nafu4IpY
Y1hXcgLBPKVmMgzjLcYPJznnI1q0u7O+LW06yNdSHzlk2yJ5fJGG44AOMcHIJ4xXRjwpDqkn2jXr
+TUJCxEqmbbGjEbRJjqGOByOD360qRi9i/4R7xBpTSWqvvWS4VgowccncTnbjGCB26Vo8vxNSKU9
NbrW+vm1sn8/MVPHUIz5oa9+mnlfVnJw3Nxpeuy6c01rcObf9xskfy1JX5iWJ5Jxg8nrweK2JLC5
8T6HNd3um21jqiN/o9urbcllDFsY3M3H8THJ79q0tL8JaVY6pJqcDS3NnHbrGtnuJVmHP3QOFBOd
ufvDPNbAewmklm1W2l+b5lmddpRMds+n510YTJ6nvPES0u0l09bq/wAvxRlicypcydOLbstf0tc4
K0s7r7KZbixaOSeZVhuVs8neOPvBgF569K6ZfD11eaLFa+IbUbYD58PDL820jGcZAwfTn8aS61q3
022vdIsZPlMOeGyrksQOenTnmi81bUdS06OySA+bcMQrK5GWztGfT6Ac4NPD4fB0ZSi5OeiVumj/
ABM61fFVnFq0dd+trFmO3+w31v8AZraSNJotysyLheOSCBgDHXNQ6iJWDXthdMEkt3ELbtzN0ywH
OcHt14/GqVtdwW+lpZXGoyyTSSbIfs8gUxnOAcgc/kOKr3Fy39mS6vYz/bBbrtmjYMwbBOWGBuxj
nnHX0FdGIxVPlsvXpp5fIzo4eXPe/W225NpitC91obj5lGJZG+UNklhkdsH1wQc1ljW0n0Ga3urW
2Kxqdu5Q4VgcrgjvkY2ngjtzUcTT3cMmoeHn3SD95cxxQ4K/MeFJU7srjgY+hpNLisIdVm+0oyxw
rm4hVB833APx+bPXrz3rwHWcuWEdndX6O+33W1PVjTjCUpbvR+at/mavhWSygtWvAscM0jJDJH5I
+QdGOSO+O34VX/sC3N/daXHGpka6EkMjMF2qrfKOBxkZOMk47cVZmAuWj2Q+avlh2XaBvC4JHH3s
dOTiqC3k8evqTa7laXEtvC3zcZIySODhsHI4xxxW9ZqNOnGS0Tt63vf9DOirylJPf9NvuM+BYZZZ
pPJhmSNszSbWfIbop254GM/jVyC1nufOv9JeOOFISY4IdyqGB6HODyFJ6Va0CwhjubpWdo4GMit5
kfBXJ57ZP5Yqxeo6XcNjbkrbyYlMsEYO3OQOB25A5/vGooYOUaCqSduZ287vz7FyxF6jiunfb/hy
dJZhb2+hR22UtlBkXcB1XkZ/ukkj0rAvvs1ol5pz3e1IDHht2QzHBXkKRk88AYJ6kYrWj1C1s4VI
hbbcSJKkj3GwcHbng5Ax+uMYpupXL3OoPp/nLIjQbJrNYyYizcqwbkkkbuSOD69K0xEY1o/FqtF1
0a0W6/roZ4dck22tN301vqys+s32n6auolGjWVcs6kb9hJB6HjBIyBzgnpVPw9eS6jEwtrJbqNfm
NtcM2d3TeNmDgAbeT36CpfEEon8Hu+nWTP8AYXCrNbyFFh4xtI2jdjg56Hd26VV8OSRWnh+PUNQs
ppQzLHD8xYouD0wOFJzx7VwzqVJYmNNyfKo3b/D8+h2RpxVFySs7201fc1PE80s+kyaf5MccwuGj
uGtZZPMLIR87JxwwIwBj1ParmnaZpWnRWmhp5kgbaLyZi3zlhkAYJ+7nj2ov9FWK0bULsxyX1pMy
yXEcfZcqAcYyMAYPbHNUDPqMmrqFspFmjUNcywuVUxZ53Ajr0xg+vB612crws4yqR1fKl1sv8+/z
OKVT20HCMrJXv6/8Doa+qR3eiWkiW+IXVS81nLJ8rRfd24bqSD04PpWHb+b4k8PyW8V4tr5lwUkV
lGbhvZjyAO4xgYGcnpbtr6KfW/KgmkJkjJjUM25yGwue4II3ZzzWn4g8I6s+kDVoGt2mWRmmmmZQ
cHqTxwM445ya0q0amOqSnTV4pNOK7Exqxw6jCbtKT0f6GVaaHE0KTWP+g3CqojXzDhpFbPZsHOOM
kAE/hXQW2k6JZ6bcXsViWuriJfLkZH24Ax/CcZOTnORkZFX9CsNFsNFXS7yzS8aZszT3BDnJAPyg
dMEdeK1tAlOowtNfXn2e3ibZtCqxfHHH+etexg8mpxleSWq7befZP0PPxeYSfw30f3/qcjoPgXQ9
ZVRdXf2csS8kUIIB/wBgYGT29qqeJbGx8MyQWmlXUsLcrGqsTkc8+mB9OpruU0rQrTUZLdVmkhuP
9YUmJZgP4Tjpn27YrJ1rQvD8mrW01zb7rW3X9zGrfM5xwp5zxWuIyelHC2pxXNe1/mvuMKOYTeIv
KUmtdOmxydj4Z26VfXNzLJBHdqDbyTFgkjICSdq9TnHPoTWl4f8AAMuoW80XinVluGmiXzWjnIxG
AQuD0P8AFnd0wKvanbNrOl/8JDGWhexkzDbzRR+W6lvmychjgHkEY5BrF07VNQ1BbnU50aOziYRz
Tr93b0yMkdAePr16EeI8NgcLViqsXJa27Nattr1uetGpisRB8kkn102emiOqbwvp+j+HLXStHs4Z
IbeMYkmG/IzlpMYOW/Suck0a3Akk0dbVWupyVl8nLDCgBiM/L35xjOOtMsdYv7Sz0t7yfctywMDM
CpwDyBuGO+eCRitnXbPV7i/t/J0+R2aNmhurfbiFcAsh/Lp054r0pRweJw6lShZxSVkr2ukjii8R
QrPnne7b1dr2/PY5y80/Uo9YaNbhkjXasaxrvZ3Kgb8g5wSpz1xk+tWdb0+xTRobG2t1hX94bdmy
khJxxwMY69R3qXUdSezuY5C7b0X+Mnn/AGufxGao6r4ssY/LS83SMo+Xay8nseCfyrhrUcFRjOM5
b7XOuFTFVpQaW3YS8UaVEpnSRf3Uf2d1tCrRnGCOfcYPJqtqr29tqv2nTm85pmVmhNxuPmYIEuwE
Hp0HYE5B4zFYTWnjTUWS00+RFSEbvMwwEnZQFUYy3frjP45HiHRdZGpx3FzoJtThsLtP7zb3ySS2
R6V4OKrN0eaCvG6s9enc9TD0YOtyydpW126mlp11reo6ZMYVkjha5C5KgA/PnC/3jkdulWNTvS8D
C4sHuFt5VMkbqq7SBkkFt2VznjoP0qj4cj8QafpkniS4spIbeRTHaqrEEjsyEZ6Pz2yevWlg1cNq
LjU7ZlZeLiSSHaJTnqw/75znv61WHrRqUoxm2nJdV0769B1KPLVk42aXbuasNm9v4RbUbR2CzyZn
+YZ2tuKqFO04AI6DFN8QaTfajpiWdnZJcKSEmnhb7mSMkqSBnkZ57dutZ+p+Ivt9ysGn3ch3Msm1
ZMKxXs6beT156CtbQNca30eb7NuZmLZgBG0t3AAHXnFddD6riZyoyk+S1rrq+ttzklGtRtWS1vez
/C4eH9LjhRrO6WR0OIjIsYK/LjnaeCDx1z1rUurS3urGRLq1j8tpG+zx7RvjL5BIPIIz06YJFUWa
bTdPW1ubiSF42EsiouVweAATz0GKtXIKaatpZn7RL5ayKy3C7kBJypHXkHsDn16GvSpwpxpuDWy/
pdWccpTqVOZPd/0zLitLq2sYdI1mdfL84xbVYqoJB2njGG4PJ9cVcOjWQnkuYJGt4RhtyrkyP0Hc
hueeo9eOTTI7rTZ2kuo4vOkh2Hy4WbKMByei4x1IHTJHOKZZeJTc29vp1uG85bpWhLovllgcYHy7
jkA8ZAyfWueLoKnySXpfV6aWOiUKsnePzK9tcW9parqA01Vsbxiq3VwpUkk8vsbzMEFWG7JzjsAK
o+GZH127tbjWJpLhbEyKYZFX92m4EYZcZGcfmccVsw6LeWOrNCNPkjtL6Pa0c1wWWNc7iBkHa25Q
eQePrVuLw1BoWkf2nLNDbvCp2wrGCGx6tj+nXtUU8txFSUZTXuwWt+tmmu2ml7eZVTG0IwlGHxS2
d++nmO1XSZY5I7nTrX5ZI+kII24XPboDk/L0PXrWb4cjli1drq+2Ykb54X5zx/FxwMcZOelO0rX5
7tGt47qH7QzsPLJHJU4HI9fQcHNZck8Dwajp0UcjSPcZhWKH7uMZzkdCfp096qtWw/tI1Katpe3T
b+vvJpYevKEqc/JX8v8AgGtqsE1jGl3Y6U0kK3AM67W3RtwuV284/LkjrVbT7+NL8alDKWaSR4fL
ktSBIOQHZuMPg46DscGn+ENQk1y5XTzEsj/MtxZtOIVUbTvkyxHoCeRg889BYtvCkeo6jNdaPeeR
dWrNHdRxmJ45o88PGQcZx155xnPJrBRrYyUKlFX1206b22XyNH7OjCUav3+u19zH/sadLKa+uJpP
LtZcCGOQTNgD77/MVIGcYGD/ACrp/DUGk6pZR3d3KyrMrrG01vtyGxyfmOQCOOhAp0ngPxDZ6qk2
lG1mjuCu6KZQsigjBPBP6Gr9h4Q8U6DfKt/aRssTYjZZwyKuTjjPp7da9fB5XWw9XmdN22d1fXun
6Hn4zH061N8s1fda2+ViTR/DMtu22O45VsRyNIG3DPXHXH0NaNxBeWx+xagsMscwA2quVfsTz3+t
QapDcWt15hu1j835f3OeT3z2HSmtqNrbW6h7h2deYzuwM9eOea+ih7OjGyVrd9rHhuVWpK8ne4+9
httCR7rTLaOEt/FGOW5OePxHQViazr+pnUUk3ZhhtnbEsuN+SD+fHv8A1pmoRazqGtx/YcM0cLbg
ZMDac55HQnav5Vymq6hqWly3H9q2+2SPEaszcLkY7Engc5Hf1rxswzT2NNpRcYp6dtFfoj18HgY1
LOUlKTWvfUj1yVNQ1RtyGSb5jJG7HP8AER7EADp7/THR6dDNcadI2mbVdsPDKVC5bqQvHTseea5E
XOpandxRaX++ksovMaSKNQZQDjcu4KzffIwR09cVt2f2VxNqVrLqEZhYi4JiLk+rhvlKAHtgge9f
MYOvzVpTV9flf09D3cVRtTUNrW8/6uWb/TUubFWvWkjZmzHGbjOF7AAAY596n0+3uoZVjEjMbhsy
GLbG24AYK4AzwD1yPzqfQ7EX+n+Ybw7mbKKPu46456evHFVtYmubG2kaygZ5JFK42579voMmve9j
TjFV2ui87/8ADnlRrVJTdFP/ACOjj0fbZq2mafHGCyhvObbxnvj9K5l9Ems/tKypHvjJkm2zZXOe
mMDoB/P1rbt/GFlptk0Etz5srEFo14YDHCsD3z6VQ8TmK4uINZ+0rI+1Q1sVOBHzjPTOD+mOmK6M
Z9VqUYzpq7juu1/kYYV14VnGfXr6GZr2px/2tb31hCyfakIjbaep43bRn+nGDxUfgTwvd3k+of2d
eR3FnDKUd3Xb5rAk7kYZP685Gam13R9aazj1OzeSS1jO2OTaQVOenAHbjj6Vc0e6/sHw7a6THYqZ
lkGfLYZyMEnkcg9/pXkRwvtMcp107LXte9kuvX8TulW5cLyUbXbt3tbUrf2Tr9pJ9ptNxg3fvGl5
DY52jIPJxj0rTm8PXckaX9xtkgSVpZLFroqXUlgoB5A+b5eMY46GpPFXiu6higUTjyAyy7SAuV7D
259qGvk1WNpLqNbqExhJUnuCIyuemRjPzbTgDnJPB5r0KkcOqsqcZN2to/P7zlp1sR7OMppLpdf0
tSn4kslkgtb+1Mvmxr+6s4X3pGpyCOFPyg45PHasnX4ta03Vo7e3u1kjkVWtpYc5OBgKMnIGQRwe
Ow5xXRW2gRxWC2smqrcN/wA8mh++o6Df97HTCsey56U6HQreZbOeW+l+2Rs24TMWWJG5xjAyw/vc
Z5PpWDy3EYiWi5W7PdfNetmbU8bSpK172utvmvusZHibQdZ8q/8A7QuCtjcRwjy4ZW2yyoEO1fM+
ZyAVBHXnt2S4gn0W1t5m0+P7MybWDXbInmdgNp3HaNw5BAB4PzYrW1XRoNTu49Wj1fZb2se77K3+
qlIYchSRyMY4zwBmoHTSJ7b+zbrU2XbJ5rGPbuJORzkgdMdCeMVNTL5RxEox0vs7q71v8lqXSxnN
Tj17q2iZpXfiDSrS1nsLWCP5GYs0cO1jyfmOff16ZobRb42K3cniNomaLcy7QXAHIwcj61u6VdaN
DpguDBFNNDLsaSSHLO2eQTjnr/Kmz+Gnn1H7XGIY43VfOV5N2eMjHTGR+lfRwwtStTjJtPbRaWX6
ngfWYwk0k1vvqcvpvgdLq7uNYh1AFZJNuPJKx7D3PJJPt0571oWcdxFqK6YkOZmXCMuNhXHXpjp3
9a6SK0AV7e+iURxtjy7cgLKx5z9B0/OsbVrS7ttdiljhRLPYPlbAxnnt2IPPNOOWxwcVKmtb6vvd
/wDBD63UxU3zO9loS3lpI+lN51pGixtnduCsoHU8csMfnV62v/DVrpX2OK3kWPP+tDYLYPVvXPtW
brmj3viHbd6TqotnjmVCAvyke+e1amn2hS1VdUMOy2+XzpmLNNkdsY4z9MfjXZRpyc2oxtpZN2t+
Bz1JU4U03LW97K9ynOsF3fHU9LLLDDIpuIRJjYuB07/4VYsb+3v9SuL6KWOF5G2qpXLE9iBng8DJ
5qvHpWrzW0i28kMEEWWhdZiyu2fTPA+ufSqukeAbuyuzqj+J/MmYnMXI69jycj8qx5sVGSUIN6/L
1RX7nlbc1p+JN42S81lLW0sNVYSK/wC+WNQfOHY5yBjPUH16Vl6P4E/sy8up7rxK0nKhNPhh2wsF
B+Vh3OWPHrzT77/hI9Ii89/Dt1dQpvYfY7dPk9+QSO34GtPwbcf2csdzq4czsuWWVRlGyfbnjH/1
65fY0MbjuarB8y7tpJffr+KOz2tbD4P93JW8rXY7W4NDuLuyv9esbiS6gdWijDFETCgAcDGMDrxT
Z/EWla7fxXdpZ+TBCw8xY2LA5B6DHXgc5710uoNpssYbU8T+aynYUB8se4xnOccdM1y0Om6JJfS3
t5MvkxuzKFYIWZhkj0UZ5+or0MRRqUa14Ne89e+mx59OtGrG01K6Wnb5F7VPC3hvxHdR/aNNZZ+C
qRz8rgdCMnn144ri/il4ehknbUbSNrWa1jIkh3BlOBwQfX8K6yyvNRstfm1C2iLQ29vmOSSVRsH0
Xnr/AJFZfjN7nX9JjaT7BHI2VVpm+eTPptORkcc/3sV5+ZUaOLwc48iu+ys21s/kd+X1K9LFQvLT
77XON8NQJpekLcWaztLLG0t4Ps+QApb5SQeBjPPH09dTQPAk3iHV59XvYZrjT2VGt1W3ZQZM9Rn+
Hj3ByetX5PByWmp2f9g3UMcVvCA377y1aUkZ+78zKeeM9+tbtn4ofTrT+zrTd5bcsu3PmHaMsWb3
x6ACvFwOVRXLDEO0YWst03b8tT0sVj24Slh/il16pfp5HPnSrptaxp8semjcUkMKiJAqj/WDBADc
AdR/ga/4HZbJ9R8PW0tysJDypMu7zFzzgY6jHPXFafiyzuJYl1IXLyRyFRIgQM0X15PTg/jWjJ4j
ltNM+zTL5Mk4VNsMTKm7pnJP0yR616UcBheapCStdXT9ey2RxxxVfkhUhrra3p3Z4/fQJcWza23h
+7hj+3bHXzuH6/KCwDDkEE1qJqd1bSWtkqwQrEplaKGPhM/wkj5iT0yT+Neka34P0G9t2l1aWT95
H++TCgFickjjk546fjXM+L/A0MUI1bQdKa3A+7Gn7wT/AHgNwcdcMcY6nmvBrZDjMDzVaclLRbWT
7vS2n3nsUM2wuKtTmmt/TstX/kYc/imQa9GIIo/JIInupF+Uhu5x0x+Z6Y7VHqupanFKslzchWDA
R3EbFBKpy33c8qOgwABnmm6x4Zu9GRUupVOnzNG7ec2FibvGSo+9knnHb6023spruW7utW09Wtok
kht7xlES78KRz0x8pxgd/oK8iVXF03KE00739F366aaM74RwtlKFmrW9S4k1oryXyao1mbgZePbv
AAHDYz3IPBxg4+tUYvEFrZWcVjCzXDNckqZG+UKMAH15HuRz04zV6x0cakrW9jHHcS/YS/yWp2hs
DgcKVwO/IO0+2adr4O8VxaRZxz+FIovtM7brxlDSZPQAZ+QDvwCa0/2y0eSL6u6TfVeqIjLD3anJ
fNpdH8+h1S6u2oWtnazup/0bdDIzfdyejNjLYxg557VJ4u1Ca3s1tyyzKUzt2hVGBnv6EZ75FQaL
4aEF+s1xdzRxyW6hVidWYtjtnHy/ma0tQ+HZvNNQ3OpSSSyRLlFVVDg9wTnc3+NfXxjjq2BnBR99
qzu7Hz85YSnWjJvzOO0R7nylhvLaeGSSQbk8vkEN1PcDkdBnn0FbWp2GteIdRt421HyVhXa3B3Ad
DtbClgevOTTb7wBquhzr9jt45oFj+WaJl3sep3D72717U7QLyKycrcQuWZh5b+Zgrg++eucYNeTh
8FUw8fZYlNLr0v8Agd9bERqN1KLT7Gpouj+GrW/N4dLeT7LDgCSRXBGeG5O7rnirurajBoVvHqGl
WEm66m+ZVjYqSc8AnsRxjJGfeqQ0oyzHULDUY42uodu2RT8nBJbBHXJ6c1HHrl9cWclnfy42/NuX
nbj/AGR/Kvew/LRpuCioX1TS/roeVP8Af1Odvm7q/wDXU1NKj1KTWWl1F/KUYMfluOT1AJ7Y4+uK
NQ8Q3EV4umyJI0kkhwz8bsnqPao7y507TLBdU0xZvvBGZmyrc4BA7Hv9KbJqdm0Txabab5YofMjZ
ELOhIxnr6n6flXVOpKFPl59d35pnLGn7Spzcum22xV8XSXUWltEHXcv3mP8AeOcd6XwjokU9gt3r
F1cRtIm2FdhZUx1J6c/THFSNptp4r8PLaaxesk9m3lxFWKksvTIxnHanx6VDoVibhVkbzHHkKFK7
HOCRk8Hp78VyqhKWK9u1ePKra/mkdKkqeHdJO0k/wI20o6FI1xYxqySfJJdRsWxzgZDH/HrWZ4j0
BZNXtdVWeO528SR28O859PukD6nFbFzpHiOa3mutH3XEKx5iiYj5QTyCMEcfhmuh0DSrXT9JWyu3
hNxu3TFQwUOB0J44z7Yrb+z4YpexceVbq+yd+hn9b+ryVRO7emm+34HnttcWeua159iZH1CHiWPz
h+8jzjHI4Iz05yM88V0mqeG7W/gbQH0d7eOPgSI+QT/F/s5x3HeiPTrPR/Fc2q22mpdQ3MZCpHDu
2uF+8WPTPc9+akl8WadIUt5Yy115bnyWxiNOMjcByTtPQZrmw+Do0ac4Yi123fpdfPq/I0rVatWc
Z0U7JK3dP/JEjeHLPSjDazCQwrHt3WrFjKmOOeo755/CoZ/Dmn3d9DJZXs8duyklJoySGHbdjv8A
zqO413RWkt4pbyUQyKsqbX+aM4bpx6ev1q9Dr2kxxzW2nTQoi/6lmcEgkHk5wc/QetejGOBl7qtZ
W9fTQ5ZfWoK7vd/d6mJ4j8Nacs8cttZXCXAm2mXYVVxx8p45/Cr2n+HGkuYYtSCsyq3kxwvuIB6r
z2A9TxU914h1K40mTErM+P3e7nkn/H1rF8KTa7rXiMulvNtRmj8yNWZIW4HOB0+tcsvqdLFKMVdy
6W0OjnxFbDvmduXz12Os1bTrgxrHbahCqqo/cSTbk2emQPX3zWLd6HosdoDMZkuhncF6n1/D8aua
t4dEiRvaLdKyvtbepw4z82MKP51iXulXEV5FMBdxqz4ZLjBZsDOVI6Z6ZroxlSUZXVO+y7r5HPho
6fHbr5/8E5nx5q0dgo06O0hkWZ1lUSKSwH+yckfUH/Crfgv7Vq4aCCFJIbxWTyi+NhUcfeIwc5Iz
jvg4zXRXyWWi3byNC3mhQI2mjRvL9j+XtUdnFb63eQajZZRopsTSMu3CnnJAHJ/PFfPrLZPMfayn
u17q3t11+b6HsfXIrCqCjt1e1/T/AIJNp/h7U9M063XWb1pNpIljZ9x9hn1zjjn2qxe2lvZyR6lb
tGqrIi/KzbdxPGR1H8qh1LU00yGa4u5zcKshECx5Lbu3tj+RIrD1y9Nxo1rcRTMSjKWjwd2cg7gw
7HPfPI7V6GKxWGw8HShq0r679jjpU62InzSejdtvmWtatvFcd3cyaKkaQ+WHZppAI26nAH9McVDp
dm9wZtPtnhVkk3TpLj721ed2F65PHPTvTdZGoP8AZ45ZY7fzBg27OcnB7KCTn2q3c6DqN3dzGH7S
GXYJEtRtYfL8uSeCMD68VxTpxrYh1IqT/wCDrp2/U6k/Z0+SVlfql2tudH4gn0KOzaaxttps7kBv
K+Yu2DwePXvjqarXkXiCTTV1AQPbxqu5vtEwJzz2Xuc459Peqso0m/vLi2sZvsay3AHnKpDR8gkb
u456Yq/4s1xrQNZ+WHWFAu1V+Vifxx6/lXsyqU+WU5O2nTq+/c8v2cqfLGKvd316bGTpPiCS7tBI
ZmLRt/EuN3PXqKtWl/dSaa0Vw+5tuFXGR/u9a5mS9gSCVtMl2gElliYjaR2wMjv34qzpsl7bR+Vd
RIsjN5bLJn8/TJx69a8unjZKSUm27W8v+CdlbCe63bqjo7LU7a1t2aUFQy9G+vp/ninPdymJVi1X
zAIdzK/Hrxntx61lz3+nW8Z/tGONgpBdiSfmHt6VreC/EEd1p0dtEzfNMyBIcHA9eh7da9TD4qMp
ezcuhw1MPKnF1EnujBbxdrC27DSZLOaFWw2yRlEeTgAnuB+NbWg29xq0D39zqNwT0his4wFYggdT
97146VHrnwps9TkuLeGeaCWQErBIflZz/F3wPp71YGkXnh3Q4IrpYw1qWaWNcqzrjkgnPAPOOp5r
KjQx0ar9uny+Tut7fL5m9WWFlTXsWua/bX5mhNLfF7fR7fXDHDcKTMZEKsOMnjjg+/U02TQrKGzl
1q51HzrWJvkRWAZiPXGSOcdMmq3hbULLWbt7nU7TzOm0NCzbF75OMDPtn61Ld3VxdMdN8OKqwxLu
Vm6L3JGcEHJOK9H2lKpR9pvfZXb7dDklGUJcr0tvpoNTTp7zTrbWdYmubMMM/upBI0o4bqDwuMe5
5qPWlt76Mtb2EPmP8kO5ifLT+8MdRjPGOprNtdURdUi0zXRftdJuDGccSY/ukdh69x0xmtyOdNZS
QJuhtY1Zy0a7Qqr2U92JwOfWuahUhXhKKfk0+rXy0NKsZUZJvbddrPb1OV0XULz/AISP+yGNwpkc
LuaDK7f7wXJOPqTn2rZi+Gcv9szX3ia9huLN4RLHaqCDvzwpK8qo6/iM1t3vjmygBOnJDCrcA7l3
bfpjd6/nQtv/AG5Lva/WOTy980kmRk4IG7HXHB/CnSwOH5VFz57O6WtvR66k1MZW+KEeS6s3u/Vd
im3hbQfPVLNlm8xgwsLZWXLgjoeDgAHgAcGr2r6DqF3cwLZadbLN5u2T7PIu1QR0PA6Dg564FSw6
VDpoea41b7PMrMrXb/MzZXoi9lwfvDk1SGp2FzL5H9r3n+i/IsMICf72S2SOcZzzXV7PD0brlte3
bp6nOpVqkuZSbt6/oXrjw9ZWmnf2bHe27bjuk+0uDnjnkZ/755xXP6hpOj6ikT3BaS6jkVi0K4yM
8ZHJwB1FO17XVhnW+tJEXdJ912P4Yx/SobqPVpRptxot2olhl/07b2jbrjdyfz71z1qtGpdcnMtP
PqvxNsPGtG15Wu2WL7SPEMTLqun2m+OEZf7SrAEevcY9D19am1K01G50f+0dPmlupOS/ltge+ODj
n+XBqG/1S7F1/Z8UyyLMuwMkhOMjPygn2wc1LceNP7IsrdUdIVXCt5bDaO3JGRn1ql9XhztyaX9b
AvrHLC0U3c5iexPiRGTxHDDFDbvm4jEhaUyBs56AEdunfvW5eaHaeNtDhk/s2NY4VU2/nSlFVsA7
flGfx96ras+heJ4JLxddghupF2MsaKyyYOO/OenIB9qu+HdQv9P0G1OpaPI0MjKNoiwGfaBk4IOM
DngcnFedQo4eVaUZrmjJay0110729Duq1KkqSnHRxei1SXcoRWRW9IubiONV+S4SOT53wDkcHIzy
OT396TxeLbUYVtLa4uYPMBki8mBnAbawz3wx5+ua37vTBqGrK0mhzeTNOdywsY1GAPvex9c4P4Vf
udNm06KF/D0MarGxEjRkllGPvAkkY7Zziuv6jzUpwT0+d/0/M5XiuWcZvpr5HnnhrR/Gt5Mtpq1v
Jb28WJd1wB5khxx8uDjI+hFbd/4zubG9jt5biNoZJMgTKQTwFOM9snn0B71uarYpNpfmQapIZmXM
cy/Msj4ztGADwe2e4rCtPh1ZXjL4g1rX3Y/MFaAAqCeB16AgY4/rWP1PEYWmqdCTk9221sb/AFij
iqnPXSS2SS6lGK5vL7UYdC0uya4eR2aOONdx8vpu56Y2nkds9KTX/C2u7I9bOk+WlvJ+8j3KVVBk
7+pK9OcdQeBwa6K11y106MWFnBDIscZjdbeIhtpI+bOOpx1zye9Zt7cpDLJa6jwG3A+Y+SEIPJwR
x+OfSpqYenKk41JXb7dPz/QdOrUjWXs42VuvVfgVPCd/pOsavNZ6+gPkSMy28S7QCD0zwccdOeBz
W9LZaboAk/sEKsE0m7y52O4ZHTpz14zXMeELOW01OQanfM1qF27NwLSL/CO4AHNXNXhn1P5bG63x
7mIjm7Hpz69B0x0qcHWnTwqlOHvXeuiYYiEZ4rlhK0e3QtXdpqOs3y2emttWNW35k2/Nk4+UcHHT
tn0rL0bRNctdWukOgtN5c22fzrVTHyMBwx5GPUcc10Hgx47PWWle6klZlx5SY2nIHIDVoeM31wND
aQpG0Mj4aG1dSdoHPBHB9xXRWwlOtQ9vJu6b0Wt+nyMYYqpTqKjFKzW70/4cj0jQ9d0iWS21zVLO
VpRtWOKR3YcYxnHT86drenX82jzWV1YsfK3eRL525Qw9BnkY6+n4VHHqWpXd7BZXCH7ZEqrIvGCQ
ow3ykA5/xq6ZYrSNh9rXarHcqRnI9B/Su+jToyocsb2t132/RnHKVRVOaS1v/X3kWgG8sfD9v9sk
SG625/dsu0jH8WcD+eD65rL1CHSdVZr9b+ZZH+9bwuQpYfhyPwxWkur2SbQAu6GMszYI6etH/CTn
XyumXNrGyllWHy4xlf72O4H+faqlGjKKpuXpo3r6kxnOnNz5benYp2r6Bb2NvbTXLSSbgZfPhVgG
wflxg85Iz9KsXWiWOoaX5i2sUa3G7/VwhW+64HTrjpxSab8NrO3upNS1qWOG3W4EfkrJuZ/TJAOO
fpmn+KNY0/TtVtJoL5jCSwTZ0jwCOg9CR9aShKNFuvFJaLza27dSpP8AeJUm23r+pFZfDjw9a6A0
EUareMCFuVdWGccZXoo9uvymp9N+GXhnz/MmvheSSKguHYHcGHORz0Ncvqni3VdMvXT7PI5mk2ed
Gi7VJ5G0Drkd6ksdYBlQWF7D5TSYmk8whgOhUrjIOfeuOniMr9pb2SutNTpdDMXFyc3Z6/1/kdTd
6TY6VetpdlbzSW9xGxTzJowDIO2OrfTtXPXPjCz8LzjT7G0ZWkm2t5Dj5j7gnOeOeKvXVh4oax8i
GzsxG+RtmkUeU2RhiRzkj3+tLpPg3Uls/ts95aLebWEcEEI2rnjqRx1zWtX6xUlajFxkuttl5XFS
9hCN60k12vu+7J0v9dsrc3cdzHcGSMLJDGrExqemB3HvjmrGgQarZ2//AAkk2mJcxeYTCsy7mI3d
UTt65xxiqqaNrKwtba7cq0ysHaSOTjf26dfzwPSm6bZeI9Te4sb6dYreONlt9twVHIwDkDjj+fet
oTqU2lKLfb131MZezcW00u78vIXxHL4d12Bp7uGO4mjUGQLJhGyOhwRkA+3X8q5w3CJcQz6bIwik
Zg1nu3IvHGDnp7c06+8NeLrDVYrVdNuLi3diLdYCTDGcjkueB/StG20S7s1D6oJoWTo2FZdoHGCv
XPPPYGvOdapiKulNxaerta/z7ep2RjTo00ua6eyucb4r1W78iRVj8qRJARIZP9WRgHYAck/N9B+V
X/D8FtqEDWr20MKSxJJ5MU+7azKreuF5/QgdqyfFDxt4imXTrnz3hVfLtWjJMsxYfL8g5H14/Om2
F9rFrCst5pTp50e5JkwsbcjsvAI7+npXy0a3/CpKVS8um2mmj2PoHRlLAxUNOvb8zqLbRNMltokd
HV7di0MjMQc9Op6j+WK2bW4vViXyVkT724xv16VzmlS6i8g2uWaNPMfc2FK+nvk1pS615cEYe5K5
XKqA3T8q+rwtelGClFWex8/iKNacuWTujW8QX/h+/wBB+z28Mqxod1vtVyyMD2C5HOD15Ncy9tNL
Ku/TF2rI0bHUE3O474UkheeldhN4N0bTPE91eaJdNbmJnWC3j+dicnJJB44z/kVo6H4L0bw9BFeX
erTyMGYN9nCqoJ+uTgZrSWX18RJe0SSWjta2mzuZfXqNCLUW31V7/PY4uysE0XTp/D2n6e0azLum
lk+bc+4nkcYwOnTt1qp4T8PXk+pzQ3moTzJMGPzNuEYxyQByT/Ku2vtP0LUbiO1ubu4aSPdhVhG5
hngYHJ7dulXGt20eyXT9Gs9qlSZpFjCsOfu4H3v8aFlNP2kW37sdra/giZZlPllFLWXV/nc5u3+G
ks8kl59pWO3MP7jzm5OOMY96q+CfBWv/ANsO1lZPZ20Un7yOXcodumEGOeuTz0rpNa8V3Uatp9s2
2ONAJBPHyny4J9AMD0PPSsm88S6rfNIbS8RdrKEkkl3F+R2x8v0HbpjkVNTDYCjWjvddFuxwxGMq
UZKVtV12RpeJxqCXkMMEUksitndbk/Kufbtz1NU9Xmu1ji/tO5EDxtskkRt2M8YAOeue3WrWkeIt
Y1O9vo7e1km+ywqmJpMggLg9gVBHbmodM1vUtU1dLKTS8QI+W2q3HcLzwOa6uanW96LfvOyutNDG
NOpSltpFXZm+N/EaaDZi1v7qSXdtLKylSAODkcLjGO+RWJpXivUZ7dltyEikYKJmVmbJIIGeuBjs
DXV+LNC0q5kj1jVtHkkt1/1bYJaIj+AZ6g+hrn7rQpNX1VNesdKm8lZXEzxx+XGOePUAnPX2rzsZ
SxkcTeD00slvbqzvwtTCyw9pR11bb2v0R1TaJ4c060jn1vSzc3si4uLg/KYw3TH6cnvmse0OkWv2
jSnurqOzmlbbJ5i5HT5hg9Txx9euKxfE99PYwXFh55MpwIfKkDbSSBgsPvZHOema0vAVm+pmS4uL
NPscj7JGdWBlYcgAKTyQOv8Atd+KaxVOpilQpwSfX8mR7CVOi6k5Nr/hmO8V6bo2mRKbS8ukaOTl
WjVt33jgsqkjgZwfyqhpGpG226JNBJLLcL+6aTGfuoQefm6HOQBya6nxXHptraSXXheGZYxdIAWj
3qT2xuGc4z145rCvtI1PTtYOvPNGsZs2M9r5bBrYfdCDOM5GMnA/LmpxVOVKtzQWml7bJbPUrDyj
Uocs36X3v6BpVxrNxerp+t7RBGN0MhkDNkjaGYKcg4Occ4qvPcW8ctxFosi3jTlDNMs29VPBIxkd
ev0OK0TDoGi6L/Y0MEkk3mN5l4AT5nHQZViAQMjjjHWsgeEFu9On8S6Qn7xJnPl+Sf3ikcH5tufX
B7VnUhWVorVpNt3u0rbbG1OVKpdt8qvZaaNk9mE8RatFZwwJJ9k2rNMYyi7Rjqc9eDjBB9zW7qGo
amlzHpN75M0kysY5Fy2/GDw3VcHOOevArD8LXMgt7ax1KBQ0kwWWT7Oo+bnByc7sDPHrwa7PUrmG
zzZQmzWRhusbhY1X3LMW49Py4rqwMP3DkpWvu3+Vr/jc48TLlrWS0V7f53MLTrKKfWIr3XpF/dW/
zpG27dnopLZycY4FPuvDHh/WnkhsDJBdKCUjeUsh55Q8H0O0DnIqPxFZ3uj7JLLUxdQz4ZXj2qBJ
0PRgcfrVyLwzd2VrBqlvqE8MbbTcFmz5oHO1FxuA9DzxmuhYeNRum4X6tvfy1MubltNTs7WVr9Oh
kiFbaLLPGW+YeSw2qp3cDvwRyc9yelTeGtE8RXds2oTaxa28iybrOGNmkAGeCxzhefrnvWpd22la
/drNqOlhtvzOsbso2gDqV+v/AOqs/XNRkuNdt9A0GJobeTZJJIrNnaPlI+XtkjGccVNajRo2l0Wi
Serb2+71Lp1p1lybPd3WyX9dg1rWNVO0vHGzeYoKrcL9NvUEj15rD/tzxBYxahGtzGqlmVkB5HGS
V/Dp26da1rjwEh1yPxBZa5JeW8Miwrb3FuTvbGNvfj36gnpWP4r8A3+nXbNdWP2i4mYm3js43foQ
cY74DH6Y7Vw4yeZe9OMWrO3xaW76HZhVg7qF1qu3XsWvC/iXVZ7CS4t7Xa1vGXjZiZMx5JO5edv1
yfoOtXF8S/27bW93p90sUyxkKsbDYBheSeuR6EHnPOam8JS2GiW8jWqtHGNjNbqoQg5w25PvHGOc
kdR1qGw06GynuriNGmiV98kf2UZZeiHAB3A9xkduKqMcTGnCLle97+XmZ1PYe1m3H08/I5lvE9hq
ev2tvctNDvuBHMpuP3ezPK9tv48ZrvtUvUu9OmsYLBV3KVijh2yMM5CgDlgOMdODXGtoSaZ4hm1R
LC3htWVlkGIiqsE4wMk5Zhx05PXitK6luv7LtfFcsdwtw6/vI49obb0TPGOM+hI/CscFKtTjUVTe
76dFpc2xFOnLkcHZbb9exa/4R5P7Ia8W8WF1HP2j5fmxkgAAn0z06msktdvGJNPi/j++vTkf45q/
dXc97dvNdXcisrYjhmbcUz1z2Gc1r2/g28XRrQWs8UPmS5mFwu3ahBO7POTx09xXdCH1j4IuyXzO
N1PZP949ynoOk65FrCy3itHiFnzHMoYdOD7Go/EcepWVgt/pl+b6ZrjbJbwqWU5HIHHIH1H5Vb0g
ajBrsmn6jp1xdNExWGONd0chHdiO31449qi8Y3mv6rbXWhpbtYSbS628LJhwOPbYD7/QUVOX6o/i
ur2Wt7/kKnzSxEdFbT7hLPxPewRxw3dkYmVcNB5IG3joe/XPfoKzNU1iS9MrW7vt5+Req+v0rL8J
6N4s8XeI5LeXVLdY7Rd91NHb8qvcY7nrj2zXSat4Akl02SDS9VaSNj8qyxqjMQOwz83/ANeuWlic
ZjsPJxT5dleybt1N61PD4aulJq7s9LvcyW1C4a0UXCvu8oCTChmJzx6eh/8Ar1e0az8+8XUiGtyG
xDGVXIUD72ec/pWDJq0UUzG1u55JgvEcmVKficZrUstUh0XSV0+RGbEe7c5xgk9D+dGGrQlUvJ6J
fj0NqtGcadorV/kbuqzP9kmihndSynYQ2ArEY3cYz61zGpaot7pLWN3etC8UysF8wh2GNu4JgA9u
ckVd0PxavkfOflkkIZeCCB/L0rft/GMDyIPJjkDLwkiKFK/3f5flXZKMcwpqSqW6apv8vQ4acqmF
laVO+t1Y8j1Lxr4jW5htNOuisLAiHcTuVO6nB4we4rrPCWpWOmaGkUsMy3Ui+c0jSLy443dDkjrw
Pc5rorjwp4Nug1/FYQwoG8yO0LbAWf7x45wRt4zg1Lp2m+E57e5miY2803yeSrH5fl/g/iGemeRX
m4XJ8fh8U5VKqbd7X6L+kejiczwlbDqMabS66bvzINMmvtRMd1f3629vGw/d+aGLqCCegwOo+m2t
A6xpvmyXNgssjLhZtkp2jH4elZsXgaILdWFl4sVkhkbyY5oSWyWyQCTjPHUcVz+sHTLG88i1vWjk
xtdXJIJB+8MY9K9F4rEYWmnKPzbX4HF7CjiKtoS+ST/E6a71RpFY7m3YGQ3bmobvVpEtPLlumhYf
w7ufwGeeKwbbVUt/MN/eKWjXIi24DEjHGT1x9etY+v8AilL7w/8AYtPdWk3MszS7h5bE9fwz1rgr
ZxTo03KT11djoo5bKpUUbaXWp32k+LpWKNfPJ5O7HlNJgvk9CPQd/rV7UfE01/ZNZskP2ZY9qqiD
5kHTH15/EVg+ENL0ufwfb2V/G15NdBnlutpJi+h5xjr2yKx57m9sbu8g0eRt1udnmW8LeW5wMDIb
5efpzXof2jWp4eEpq/Mr+e21jlWDpVK0ow05X8t7XOw/4R7whdWCf2f4es7eZZAbe+RP30bKflcD
6j6nNcPp3w51eeKHSbTUhJcSSFpo5pPkjwTzzwvAzn8K7zw54K0/QrPfretSSSPFhvIULnK5z3JI
5Gepqnr2t6Xol0qJd7V2iNd27cBnqMDkkE8HHWpxWW0K8YVa8VB21tZaOz1tZX8x0cZiaNSVKjJz
9Vfb1MWHwb4v0KO6l1Py5o2jVI5m2tGFzyecHj0wT9RXNXuuyWV5JZvAjiNsMpwuG9uOntXczaxe
zQwy2b3DW0MjZkkjX589eOoIPHpQngq6uriS7t/Dclx9obzMtBuz6muTE5f7aChhZNJdXdv/AIY3
o42NKV68U/TTU6B9I0pLyTULOWRp5bgxTR78qiliD82M5Puc49q0dRh1CPULezuJFWD7jNIcBcJ/
Cep47Y/GsJr9J/EItmumghIaYrbyEshHJBAyW579SKg8VQXM8m/Rb9tyqq/6QrHA9v1zwOgr21Wp
wotwV7Hk+zqVJJTdi9JpDwavLKlzCtv5jP8AareH59uCB1x/P86iu5dNaWSynuY7yPzFlhSKYxl8
84yueo6jjkVg6pZeJY9NXU7Vbe6kWRheWe1twOcKQVHXjPXpWb4r8PahoN3/AGxdX0jJcSKjQ2Mj
SFyc4znBx0yOK4K2NlSi3Gk7bvpo/wADto4WnUkouor7L1R6AZfC13bQafqCwzKx2xqzD93xg84y
c446VyXirwrpdk0F5o1rJyylmikP/joPQ/jwazn1650pkfzGdnYx+XGCrKc8MQOOnr+laHiey1iw
W3udHvJb6OSQfaGQEGA885wTt4Pbr3rOtiMNiqD5oXatsveV/wAwo4eph6ySnv0b0di94d0DXdFs
DdeGoWktdqvdLJNiRHI+Ziwz06d+tWtN8USxaK1xfLNbx/M8zSQnFzk43FuOccDOfaneGfERt7KS
CNpLiNWRJVjLLLnnjkHK5J9/b0wviB4ntNTilkn0WWW2kcGTyZvuEkLkda1qVqOFwntKc7cqenT5
CjGtisR7Ocd3q+p1Mi6vHD5V4qy2lxCo4xwvuuG47H8DV9ojpXh/+xYljm2x7vLZQgKnsuPQdj6d
K4vVtYvtI0XT9StcCGzKQ5Mhbch5wfQnHGQp5qCbxTJd24uLHWMzRyNuSSU4HOPfj9BWkcxo02lr
ey69HvYzlgq9S21r/iu47XPAV1qF0lxq2q+Tp6rmNIVXcfVR/dX8c+gqnqmojwJpH9j2qW8+9yNr
OCG3AnJJOQeFHHTFS65qWoS+FJtSgs5LiOO4/eeUjN5Kjrzt4z39cVw3iTU9R1e2tzLa24aT544V
zgNj5QcdWPp09cV87meLwmB5pUYvnkk09X1se5g8PWxXLGpJcie3oel6f8Qbi/t4bGynZWhk2Ssj
CRV6fLx3+bhuhx26DJ8QatJb6p/Zd0/2pbppCz7cFsqwyD7EHAwckisyHSPEGlxs6WUcKyZzaQwE
EMFJ3EL0B6jqRmneE5BeRCeW68qOFM+XKPlcEMuw9Bg7jnPtSWPxeIoQoy0k+/ZeT8ifqmHoVJVY
ax/U3NI1nyrVdO1iNVkCoftUm0bsbcDnOAeM+mata7fXl3PIbSxEl1HG0nDP5cy7BkqAQCQOenY5
p2p6XeDTG12GysYlhmAjE8jBYwOrDoMnG3rjAx7VVv8AXG1HTZr7T7fZEI932qzjHCnqrDnHOefp
jjFen7aVCPsZytpdO2rXTU44RjUfPBddUZiajPNLDqE/km8kYut2F2NEfTJ4HP1OBxWrr0HiNNHX
xDdx25kZcI2pSBcr0IXnDEjpx+tZPgzSbm71aS61TSG+xpHujaSM7dq8Fged3ofXNdB411y1j0f7
JLbrMtv5b28VxbOVGOcbcEJ8vQ5GfWs8PHmwc6k5Ndul2uvmaVP98hCKvbftbsY8KONLttavZrOV
1b9xbqxOwkbcbVHAOenHI5rpdEuIdddrkSNcWc0YCtA2CTjbl2OAuCen8hzXNXviLTfFMf8AaF/Z
xr5KoY/mLHZ1wTklh7H8q19L1Sx0S1ke0tljdl3uu8gbTyCR9fTriurB1Iqa1Tg16N/I58Uny25X
zX07LyMTxSl54f1mPSI9e3xyyfMyqCAduApC4xyT3PTPFHhPU7qaK6nt7S4jurZjEgbcyyHPK7hy
B/KjxvNYavZ/2laxJFqEO12m5CybCHyVXpnnrn3rC+FC+Idb8ZLLfQFoZGEgaVtoZic/KM4PQ5PY
enFeRPFexzaGHV3GbsrapXXd7NM9KlSVTL5VJWTitb6bP9T1Gw0C3OhMRHN++mZG+y3RDDnGVz3y
MgsM9OtU9butJhgXRW1iZJF3fZ8qeZOmMNwcDn1J61e1bULmPU5le3Kx24LzNJIWWTgFeT1zk5yM
jHBNcP4xv9auo/7RNrI5humaQWsOCqkb8nOMEA46HPGDivax+Np4KmlSV7abPpvtseVhMPVxMve0
W/zIfEXivVrC/YCazhhaJGmlkmxkcE9CMk4wcD6Ve0fxRp8+ltYaZCtw0cbNI9vc+VJJtGd4U54X
vx0HrkjzXxxP9t1m3ks5F8lo4/LgZmZs9ce4z75HIwK7DwJ4Bm1TUY9X8QXDWMEbNFJbfN5lwrbt
wAz05II718thc0x2JzKVOjHmV0rt306u70SPfr5fhaGDjUrNJtX+fpv+hc8V3GvPpFjdW2hGGG8w
ZtS8kn5VBwORxz+FdV4Ot4dRgj1DULfzIWbbDGuBluBlh/8AWAPFb2oeArHxb4ak0++8VNDC7blM
a5ZuwIDf/rz+VZvgPwpqvw/0q4025vEu7qJt0JjiOMHOGyeATzyckdq+sw+DxOFzByabi43burJ+
SXd3sfP1sVQr4HljZSTtbXVPrfyIdc8OfYPFltNNoMlvBNIrythWz83UcnGM9Ow5xWt4gsYReK0F
zKyyPhpHCZgGRzjoV9D1GMZArLbVdf8AGEMuh2LW5uo5t0yzSZiT5uGDDPzdPX8KmtPBtxqV1NZ6
pqFrDhmSO8jlEkkoAPz4IGecDB6enNdcal7+zg7S1vt8jnlHlivaSV1p307lqfXPBNl4nS9bzpLh
4VFu3mbVk6g7sDGeMjnpWb4puj4vih1LTdMhEwyjqoJKgHru5OK5vxq+ieCdVWG5uYbqSQ+Yglhw
zt6k5O38D+WK3PAOvJf6c2qW0kcJafHzL88xIxgHP3fr1Jrlp46NbESw07J72Vm1t11NpYV0KUa8
L22u9vkVfAui340G8t9KS3hj844bz9zyYOSANowPrnr1qf8At3SdNhW1lnPm/aFDLx5isSMhgfYD
p6c128A0rSrQacHYK6hwojGE+XnIA6c57D0rkovDPgiPU7vUNa3XF5cSLthClPLGSR0+8eg6VvLB
VMLTpxoy163tb7jP6zTxFacqydultWPuNO8P21ws+laf5l9JJnzJMEyFv4AueBnpxxVPxB8Pr25v
POhNrH8vmtbwXA37sHIwfTFb15pV9pWkzTWmjfauAzXBmAY89VXfwQAefWobHQfKtv8AhJJdWeFh
tHkrDuXbx8rEdzgZNXLCRq+64etlb536+hnHEThLmU7dF/keZ2667rWqNoXhbSmRuYxNIu1V5+8z
cj+971sReAPGpvhDmRZY/nhkt5FZDtH3ugIyenI5rp7DwX4ittbur+zt2K3Z3idFjMZB+9tBYEDP
salh1XUbG1mVzMZIeVYQghQBx14557k815lHK6dm8RKV7u1tFa/ZeR6VbMZXSoqO3q7+pw19e317
cro+n3xkm+5dQ3Vv/qsHj5sY3DnoM4PGa6XSNHt11qGG8uI57OSNmuVhL/IQvXd+H61YXwZH4k1x
tT0fVLeN5VzO8jbgz+oxyB0wK1pvD8mj6EbNNWteWJa5jZyxPowyM8ccV0YTL60ZOpPVX0fRpbdf
vOfEYunUhGNOydtV1u93/kFzYeGJ2b7BcNCrf6uNssrN3ySc9PTFYmv+HNCuh9q8PXKfaF+aRpAO
WPXCqMjHXpXQ+GrDVtQVrG6Nt/Z6j786rknGc9ByQR9PXim3/gtYLRtP0+xWN2Unzhcltinv6c+x
6+lehUw6rUrqCt+Py3OGniJUatub/K3mcvpHhcalpH2rXgzTMf3NuuCWHYnbyoI4/wA4rch+Gej2
FrHEkUNldvDhUltsM+P7zFuQSPfnitLw34em0Czjvb2BYbrPliSW4OFB6YwMZ7+nvV+PS5NUt5Dd
381w65CzwLu+z8khsjI9O4qaOW4dQTlBN267/N+f4FVsbWlJ8smlf5f8MYVjo1np+lTAiQyM37ya
3g2qig444IA5xmqdleLZ6i2i29rFI0ik71Q/vAMjJ7d+vsK6COC7065tbLRNYeRYUPmbowRtz2Gc
YPTnFZOupofhnW4demuWjmb9ztZUK5Izk7emMA9PeqrQjThGdlHlave23UmnP2nNDdvZeZJPo13c
6hHHOnlxxrh7jzMrKcn5VOCD/wDWrP8AGOkafrHhK50i1ia8urT5oI1++WAPbOSceldHou2/sYp4
dZ+0QszHy7S33beM4ckAg8+lVtJGr6VeXGsf2WbhjnypofnLDphcncMd8dD1qquGjWptfZkmm9Hp
boTSr1KVRSW8WtPO557putQaV4ehh1Sffc/Z2XyJ1O2Igjh+Ouc54zXQ6Nql/qkssr/akPB3bvlk
b+I5z/u46cVo3F54W1TW4tZfRrdbhGP2rdCMbyc7mBwNwAJ5/XNXLmw8CNfSauNMuGkn4a4tZ5o1
bAAwNuRjge9cWHwtejaMakbKy/Df1OytiqM73g7u7+d9uhn+N/Bviv4e+I7pr3w7fQrctlY5oZAq
OdhZWIGCAro2MdHFcyfElrb3zaPbWdxdNNuPlqWVUbONyEgMQOnP9K/oM+Pn/BOP9mP9ojSH8JeL
5sLb60biTTfD8cVvcW3mRrGqMoVig8uNG2FQ2RgMEBVvy9/b+/4JC69+yF40svE/wW8bXGsaN4hv
rgrpq2c7TaTGrgjzCw+aLDjDHLbiAN+QzfnmB4yweYVY0qacW3dq11by/wCCfUYjIamFpupP3tvL
71r+B8h2N/PqOrf2cJZS0gEe2ZTycfNtwu5iO+MdPSrN/wCHvFGrNNcm6m02SGUx7vJZQjc8AHAH
fGea+j/2Of2W/h78SbbX4PEmj+d4uTUDa6Y9z5+63lQMCY5VkKoxl8v5TGGfEio7civ0O8B/sp/s
2654rtfiv8fvA9rC2jqsml6HDo8sVhaSbR5sk+2MIzLt2J8zAhD9/exPfmHEiy+UqVaLkr9HZv8A
r1OfC5S8RGFSnKzt1WiPyk+Cv/BP/wDaJ+MnhiXxB4E8GXNxYKFH2yW4ePzQ7sqFAQBIS6lSoJPH
THNc549+GXxL+Bvimfw18Q/BF9pTJMLdZryF2jaUZHDhep2nCnByCSAK/fj4neMfg94Q8FXcvhax
063WTywkzTR2qzyfJ+4VmGCxRNiKR8zIEDJgEeeePPhp+yn+054zsdI+KfhWS+0qKGWOeHVNNlj8
oxu21Y5nP7t3IQDytwVVbMm7r8xhOMsVTrOqqHLDtrdJfcexWyHD1KVnO8u/R/5H4ceGvAvjnxfN
qVz4T+G2tXnmtKnnWOj3FwCyJvcjyuDgdevTmue1n4PfFTSLu4TxV4TvrezS281p7mweLajAFWcs
pK4IxySAe9f0u/Dbwf8ADrw14LuNY8OeG5Bp9nAsdqU80G2VMkKAu7eR8xLq24nliSxxxfjjw/8A
s9/FyzvNKm8Nw2cfiDTJ7TUNc8tUnlgyNyMXGX2E4X5gAOcqMVxVuMsZjK9nR9xPW33u9uqOqjw9
Rw9HSfvW0/zTP5z7bw1rXijw41zY2VtJ5jfdmjVVeQE7SrY+YYPB6cZzVrSvh34gs7BpPEV1bQzS
YVYXhyp5wwLjvwOmQTX3P+0l/wAEgPH/AMKdM8RfEf4KSvqng+1ZZ7COS1bzEj2qXeRpGGz/AFgx
jByGDIoUM3yp4p8IeOdJ0+Oz1zw7fSNJGZZLizUPEiLgs+5S2AAMbhx0r9DyPFZTmOGjWjNuaWqb
tr56XPk8xp4/B1XBpKLejt002OdmFvo2oW+iQamzLMf3KfKpZWOCGAx3b0NZGpfCPRx4wsdS8GNM
s0b7pNOuDuVTlhuB7DIzj0BNR3w1PS/Gv2aaG5uLe3gRbdNo2oCN2CGBbGOcg9x+N628W28PiDUp
7KyaXz7eNoYVuFBaTPDIOvA7c8ZyK7qmJwOKly4mHwztHura3T7OxzRjisPrRlvG7876WZjeLdMu
PD+sR2VzdtLI8gMcke3y0UEY3ADJO05+UZxgnvWlq+kaNoNpBaWjxWtpNuM3k/vMNjkcDBDdAe/H
AxVrw/8ABv4tfGjxPay+DvBd89rC8Zubi4P7lF2MysWJxyI2HXJ4UCun8bfs0/GDwlfSeGfGvhC/
a30mZjJq1rC8luiMOFZz8sbDeuVPOTivMw+KoyxlSnHq7Rv8rq72vf5nbUo1o4enJ7LV2/D7jkvF
mn26eEvLh1FgfJDQyuiKpXH3MNjB7+v161yOjeG/GQsbLxF4fBvtOm3R3UW13A7OrL1wOPmA5AyP
Svuj9hP9jr4LfHTw54q8GfFq5X/hJmt3j02xu4bhJrXy4x5g8kxgs+6YOvlSlsRtvCggGnpv/BKf
x94N8f6XaajfPqvhvUFt5dKm0ueM3CebgskiN80cm7G9XClecA4xXm1s1wOOzx0pXjyrdd1bVb9m
rdTso4HEYXL1UVnzO9mujPmeLw3qutQWbWmoW9pDHxunTPfkleDwV9e/SneMvCGp6/ZwwXYS8T7X
/rrGfaEIY9T16cdDjPfivuDxh/wTB8P6rpkOh2/im4j1BpjJZTyTLJbPLsjVU3ABiu7LcjflgoBx
WH8LP+CZPjDxB4bTVPF3jOPSfMuWs4IbyxLOG3bMEK5KZ9DyOMgckfVwzTKKlOUKjai1u76/JXPF
/s/MaUoOCTavby+fU+CTout6FerPeWbR27yZVVkU5TPOTgc/gPer1/4Q1TWYrjV9CaNYYt33pHKy
KpHK8E85HsMcV+nXhf8A4Jv/AAp0BIvh3p6t4k1bVLON42vI4kW1bADyrK/3Vx5hWPapAUZ5Oa9i
+HH/AASr8A/D7SILvX/hvb6hqv8AaDXNxIupKttaMuCsRG6R1JyJAAjK37wEr8qn5XGcQZTg63LN
ycZbW0f6aHtYfK8wrRVVWTW+jsfij4H8bXvhvWbmDUraGS4kRkXzE3KMduBjk9yR9K6Tw54u02TW
jqo063tY7SPyI4fJ4Qk8rkAnaOc4z+tfpl+0T/wS88I/Guyuta0HRNJ07xZHfW89tqWk6eI4mjkn
ki8m5KyPGWVMSeYNrbiVKMQtfnf+018GfiV8GL3xB4Gu/D+DpF9PFJqFvbyKjIkjCSZMY+XgHJ28
EHABFdGT8QU6lCfva005JNXbXr6meZZXatFcuk7Ju9lf0OZ+IHiqw1yy0+JvDX2pZJPlkWR0jVCp
27inOAATzg8dCOKxPDd1LfG3sI4CP7PjmjiWSQbXiEjEJjAyck88+5AFZ2rT+KT4e0221HS/s8ly
uyOZrgrHOzuSuMngk5yMgA+nSvpj4a/8E3vihpWr+E9b8YTQxW+vz/ZNUxEFmsppAxigkUvndI2x
VLLncyjaWYArEZxGvmCqVJWuk3dJW2fzCjgfZYR04dG0td3/AEz5t+FHhu21/wCI2oeLruxjWPT7
hhb28m0qkjHCjaCeR7dMHoeK9K0VJtR1241Gayhkbyd3mT4Ct3ODgk4x1x69D19o0X/gnJeaL4K1
CHTdXEdjp99GNQmtJdwZZmjjM8ZJLvFlt2cKNu7DDYxPrXwV/wCCdOpap4Z03W7q1uLmbQ9RmPiO
yt4xCjKsiyFDK7I0b+WQ6uGUbSDjg53yzO8ty3C8k3713JtW1lLpt0VkY4zL8Zj69435bcqv0St5
97nxX441O/0nQIZDazKt9Ft0+NY2BZQdrncVx1I5znJ9sVPp2snxT4ejh1rUGs826qFVQsjgL2AB
G0r0zgV9weNv2PfDvivTBpt14MEUejFYoppNQA88u7PcSIX3RAlyPvrkdVJwcfC2rPceGvFN/wCE
bqG21DSVm221/bXGVaPBG8SFexUAjAwVOM8V1Zbn31zFyqTlo0lby7trY5sZlX1eguRa3vf/ACNC
bTPDmkaQ9p4Q1OcSXDBWuJolfzD1JLKCFPbr2rHuYvFt9dWujQ2jBUTMf+lcrt5J/wBnJA6ZyTXP
+D/EyR+ML42OqW80CwhIVmhMmOvChwM885OCc8Z5zrR+MnsjO/2n7PDJCfLDJtV8EjI6Z6Hg/wCI
r1cPmWFzDDqavFJtaPSyOCpg8Rhauq5m1fVdzjfiRpF/F4rt9OuLORmaFXh8yNd0j9D0Y55/HNdZ
4P0q30d7HUbU7pI41W6F4quqtwTt5xjHPr7Vh6jPpOq6pDrlzdPNLHGTZkIdpIO0EjIBz+PIrY0r
VGXSJGluIY1tZHF0vl4EZyWAzu284I4PtzXm4SNGnmM60tb3a16K256mKlUngoU0rNKz06+RsWfi
s6n4m+x3FqiwLIXZoWfftAzx6ceg4q/N4l8JtP8AaLbS47iZJ8N53zMnzfew5Jzu6mvPNSfTrrVW
tEuLxd0f7m4tW6Drkrx8vr2FOS7vdQ0n7Pp9rIt5wy3ZEYXaf4l9+e5PJNd0c5qKcoNJ6uz3btbR
HH/ZsZWlqtl2t5npV742XU4lvdR1hI7gy5toywXp754Ax0NXtI8a+FNKtZLGXVIbxnZjcuihlKse
UXp25zn864HRPDemx6cuo6/4waKSSVRstrZJJD82ecrwM+xziug0zwRcaEIxepJEsk3mSTwRiSMq
WHJx0bDYyQDg16mHxuOraygl6u+nydjhrYTBw+22/LQ3La/+3arOIdRj+zcLHCjdiOMnaB+vWquk
3tn4h025tru9+W1k2vGswZjywXgMcqCACRxg44xS31jbaZ4O+1tpfk26x5haZXEqMMgKxJDMdx7c
D1rzzwJ4o8U3fim60PwvpQvJL+SOaGGEOzK4HJUvnnqTuyMD2rmzDNo4GvRjV1Ur3S9NPxRWEy/6
1TqcmnLazeh2reBtS0a1uJdH8QJNHcfvZykJVk44TPJHGPTHvS+DrfTJ4WuvFWnyKsimNbUOf3nO
Nxxx146g55q3rXhL4rWdha+Ibbwlqn9mXEmPNktwkDSZAdC+du7LdAFyCD0NcreeLLvRI5dGvZzH
dfKJSVIaBAMnODwOR6k5rb6/gaMeeN0l31TbBYbGVIOMrNvto0kd3qPjfQ9ItobOxs7URsoKxyqH
8peccvuPHsO+Kw/+FkT3eozaSWijfAC+WDuPIB+X2+g47VNpF94Li0ovrVvHNHcQuJZLl8lwpBGC
eRg+wOO3eug8OSaKLIz2628Gn5zGPJjbfuAwAVO7OMZznjrzXoRqYjGcsoVIpNbdTj5aFFPmi209
2ed+N/H2sagY/D+lW0jTMVSJTyX+b5So9evTGK9AittVttJt7eHTm81VV5reNujHHLnbw3FZet6A
mmyw32g6Hbv5bZZTtILZPK4GFJPckcDuabbXep3k811q18A1uN7SWgZsZBAIKrggDHUk5z2NZ0+b
D1pyrzbbsl2SVyqvLUoxjTiklq+7+4i8b3F1pWoWtvcLHFcXFu7rcb0T5iccEfe5GPU968j17Xrn
UL1tL1XfvVgqq7AgbfQ98+vtmuxuoNaubu81iZ7i6glYwWM+zzWDc5PldcbVycc8g55rO8T/AA8v
dNtrXxbrV1DNbtdmKGTaFV1KZViNx2LjC9fbGa/PeIs0qVryTdlKzXTtr+h9VlGDhT5Yve11+Zo+
A/El3odpBp8t/wCXFbyEKtuNu7dtDBR/ExxtDHoF7Dr6Gvimw1CJjcovmMp8uSFApYjrwRz2/Ee9
ecf8I5f+LdX0+HQdCvZLaVTuW1jMnmFFTzG3AkIrN5jZ+Uc5zXY+HW03EY1KWGSaBmdo2hZRbxkY
2EquS2R/FhSeme/03DePqVsPyP4dFr3PJzrBxpz5+urNuy0qySdrm+MLXbK/764xkAHj5RjB9c5I
qrepr8V41hZxf6PH/qWtIcqvquCAe456fyqv4n8Of2jE0mj6oWgkVnZliO0MM8ZyNvUev0rO/wCE
vv8ASfDdrPJYq0MjkK7SSSCU/wB/jgHHqAfavpJ4inD3fh630fbyPFVOpKF46u+x/Rbr2s+B/hj4
Cn8U6l4W0vRdadC9x/Y9rDb/AGgRT4KLs/1jhRuAbcyrjJGDXPt41+EPxA0Rrv4txW0javp4gXTb
7SSq38IklOyMSBGywVVAUnjbwxIDfN/xI+PHxw/aY02z8QeGra/0iNdUlhvEkuJf3afLxH8u3Kx+
YytIDuZGC/OQDytv47+OWqeOrfwrp+uahPq2l3smnPp9jbXK3Hk+ZHvLRRRiSSPc2/mMgbiRheK/
nDCZPy0JKpK0lq2nqlvZPzP1utjJe09yPuvpY+nPgn+yT4A8O+O9e8VeFfCGm6L/AG5qq3Vjp/2r
aYZPLLLsg2hLTO5iRHkneWJwzZ6JtIufiUlnFqE0C2nh+7dJ9LvGdJQ8JYkhoxyc+Ux3AxlcYAwT
W58NtVn8a6CxsbHRI/ECybYZ7fUPtQsgYlQDzLiAszq25D5kSgqzAFyARDoFvqVpeyR+OdEh1CGV
ftVncXV+1zEZPNB3KjgeWrMGJjxsDKMBgNw8bEZhXlXaf2bWTeqtp36rQ9OnQpxpJJLrseMfGX4s
H4Tm0l03RvD8Nq0m7S92lxI0DMUdHRfLAzIzOrYLFSm4k7hWd8DNF0W98XXviQ3ywtqGL1dDs4Yl
aPdkybmcs07BTGQAeyYxnnv/ANoOw8JeNPhzqXizTrbT4dEh0dS0unzWq7bdbhjO9zcXLxqGVwQq
q6nIXBG7NfJFv8TdG+FfhGbUPDNvqDX9m8qMs97BLblyf9WoUkFTuZyVcfMuQcYz9JlKoY/ByhFW
nounX0PLxUq2HrKb+E+tpfGr6Rq958Pvh/d2cNjp2ly302myWfkXSSYaXY7ORvLI7Z2hdp27nB+9
4b4d0r4x+N/EWneLvBNlN/ZNxNd/2fpqz7Webez71jDBGBXzMRqGZjxknr0HhHwdqvxO0u8+IGj/
ABSs49Xm05ZodHuNaKtqlqQT5ds6ZACqo/eFZOG5IyMd78NfGXgRNE8O6x8NpU0OHT1t4ZFYeYLi
KQozq6OxFnJvaTljyX3F+copRp4G6pK8nvdeV9fV/qTHnxCUp/L0Mr4reNvjJ4G0aSzIurNmtY4J
rrVVECyswVRGY0PZWfcRxjoVBUjzi9/ZS8BeI/DP/CcaB4QH2aHSzbXWm6pGsQm5d5LpRIC2MNx9
4Mm1ecZD/wBp34wfEHTPiJcad4pvby70+3t5re1itbzzpkXLDzJPmfynYKrHsFKjPFUbL48+MND8
Ow+GYYiljNulvWvNRRPOjYvHLEqs8bq/HUAllbOeSK+hwuBxkcHCrSajKVm7aJpnn1sTReJlCWy2
ueMfFb9kL9mD4t2lvb6ZpMOnXlmn2S2uFuGKq22NEdokIDlQoAViCTtBQLwfm74Y/wDBN7U/HnxI
1LRNd0/XP7P064jjsbyxsVb+0ISUP2ZmYBY7vy5mZFU4cjaGBSv028PfsHXXj9NP8eQwrp8lxhLr
T7G9UyKrBikgCZxICoyxkzlWxwqAe1fDqx+DPw8+Eel28GreZvuIzLJd3Tw3DzsyeZtWXa6bHDxH
KqeCpDEFTy4rOqNGnyUbzlez8jSnl8qlRzlZR7nxn8Efhp4D/Z88K6L8Kzq8+n+XF+7/ALXkgULu
b7OsiHOfMKqMoShKg4A3Ns7a98faH8Nb9vBeo+AdLvrHxBexwXFvNZosmotHIX3F1LSxM3lBsgHj
aQrHGPdNV+MPwq1nV5IrnwXYQyR2lw0CalYxv9pEcscmwTNCyRoWSMKpZiTcRsy8ADS1j4ZfA3xN
478P+ObvSrWw0/QbGQ3mlx6L9oh1BTG255pX6osjqVdwhBKMyMSGXy6maRvyYmi7WbtfrbRprVM6
o4SV04TW+/kcPp3gP4WX2nX3xs0KTzJ9c8Ox/wBrPcatI8sxEe2C2mk3BLgKzFBG4WXMrFlUnI1/
DuqaLe+I4fCU3hyDUG/s37W8ap5y2twrAhtsjNCmQBwNrMQrLgkk53xY8b/Cv/hPbjwNB4Fk8O2a
RyrY3GnWb+Xak5KSRgZUvJhjyoICHdlSpOH4W8UanrngK08SeAJfsVxLJbxSWep2v2Hz5Hh/16ea
iM4Dq6na5DKrEKQML5+Ho2jFSuuba/RdNU9fQ6q1SKu1ql27+R5/8VrLxJ4Sni8TfEjwdd6a2nai
1zp1vqbIIVV1UiU/N5eAGUBASxIPTOa5m0+Lfibx340sfAXgvUJVvNe1IomoWtrLMqGQAKfLjDnY
S2Dt44yBwa7j4j/DPWLTXP7A1PSbPWvE10ksdlAJLu4j06ZlaMTTC2m84Qyh85ILAcghk+b1L9k7
4a+Avhp8OvB3iDwzpi6ZNqEz/wBueXMJTcuVYIIxexpNtSVThRGrYJIBLb6+hqZpRwuCvJc0tbW2
vbz818zzvqdSpWSvbqzU/Zs/Z78G/DTdLrV3cXHiLQ9UlKatHCN81mWx5bBHcFMq2GB3ZIICE1ra
14jg8RyK2k+LLG3jumaZL+KxmS6VVbaGaLJLKeMjeuCx4OVYXrb4hrDe67rmk6hFLM8MMP2SSIwS
bgyggmRQcbn/AIjgfMM4HHA3Wij4d/C2T4iTeJreRbm7mieHRb9GQxB/3WCWdgd29CgcclznkGvk
oQqYjFSliZPmlZLrra/yPXfLCmoUlotzU1GH4WeF9P0m38a61eCS6s4FSKOdixCwJliGB35bzMnB
2lc8DGPL/jR4R/Y38e6hN4Z1Tw5BfWuqaTcJqVxbRIt26/eEbMIwJEYtkoSc8lRk5Pn3jj44aj4z
to9J1OzuUs47NtQVnl/enEpcSHklcM33sBuOQw6eVS6n4nttUutFmvobqKDTpLu1ktrwKJYI0jQb
gCoyxxxknMZHAINfQYbK6GntJO9tbPucNXEyj9nc9O+GX/BMr4QeBp5tC+Fvg2LxVpWpNJFpMyra
NPYGTLJcvLMS8KQfvdiICScn+MhvQtP+DviLR/8AhFfEnxM1q1vr6zjms7jS9QnSd0lcHZJFF5ki
7jIUYYIyhI4BwOP+EHxbvdB1rT7TwRrUdntk364nmFWRHYnySY3JOAAcs6tg7QADz7d8RfEWi6n4
B0PWbq/sbrRzJDb3Sx3im4glnuIGEjErs+VM8lCU2NydxqatGtTrKEneLVlpr8xQlSlG8Vruch4f
8G+AdT+J3iDSG0hbPVljsxdQ/YWjtGRrVFIhTdHtRZhHNkZAJlEefmK9iU8OeGtDj8M+BNDjvmuJ
Jo5NasbuO4JmkeM+YTFgwhUKpGSX2onOOrYfjn4v6X4X+EVnaaNqWpadcNqyQXcd9p5hcxl4/NUP
MZMqRxkkxBVBJADgcH4j+K+saP4StdL8Dapbf2HJfXT6nFpeoByJmuIXZvkOWBZZJA+2MYRiTw1Y
zw1TFS5pJpKy1e5pGpGnG/XyMf46aJ4g+IttY6xora1peoSmO2tr7+xJ7u3t7V1EZeaVbqBrcKzC
QPk8FlK5wa8u0X/gibpnxE8LanP4z8WXnhm7k1SfbHqcZkWLM6ssi7ESPDqskbbMhPMVsuBz7n4I
+MOk6dq9hB4TdVkZxbSW8iyo4EQwr4lxt3tuCszbNrMOWG491N8WNQFvPoiCxW2a1ae6haCNpIJX
2N5S4XYu4lmG5ihZiMjGR0VI5hQhyYaXKnbr6EQjSqvmqq9nofDH7VP/AATJ+E2iJfJ8KdXU6tbz
WZa6tynkO4xHcsMlBhgryZIkJJwI8lWb50+Jf7Gvx11bX28E+CvCV1qV5DbxhpHtTH9mLxMysvyn
cGCtjAGduMDpX6beHftV1f6hfLfxWUeq6o0Sx3SjzMOdmx0mys7HEgXymLZBzu5K+gfDm0ttQ8V3
esw+BLXUdSmVbddUjIM0kcp2ESZdQCuFLMP3m0EgZ+WvQwGZ4jK8LUhvzKzvpr3Ry43A4XHV6c7W
afQ/EX4l/sOfHH4E+HrPVfF/gm7uNUSWRb/SbeyP2i3ZWyGlwSyxMpVtwAA3AHBPGt+yH+y5rHxy
8TW32y3urzQmmFprFxotwEm0yby1KEo4Zjlv4lBB2vggjB/YfWvCHhy3m8RSfFjQbPVlW8SSSGaI
eXK9sVCSSIw3bBKinLArnsOc894Q+BPgXwdqmvfGlGurXxNqyrp9xZ2dqLODytvyQiEAI7jIbcAj
5GMuo210Uc0qxp2eulk9t/8AgdTGpg6cpfP8j5V0D9k/9nzRdf1610Lw7ayC1VVjguYmlQRn5k3v
Mx3SM2WHD5JVSjHIOt8Zv2APhnazDVJUt4WhtxbW+lwxiKN2k2bZoiAmNvzbmwA+4NgZcH1bWofE
Fr4lt9F8LXOmaPdRcSSx26QzR3QJAlbyNzSHbltwA79yu21aXmv6u0On+J71pWSO3E1xdxm4uJGj
yhAbaW2kkkAKrArhjncK0jjMRKUZ8zvbp/XkV9XpOLi1o/uPyy+Kvw61/wAG6qTBot59nvJZltXV
vveW+A+5RtLegYLkqeoBNWfhl8CfjP8AEbxDp+maJp1rM8lqsz2kknmTFeSxCgDzDwGYJuZfQ8iv
1f0Lw58A9PY3HiP4Zol3eS3FtYxQEqZYfMP7wufljAaEuBghR85VRyfSfD37CXwFsPHWm/HDTNP1
fTtQ0PT0sbFdNt0kSaBuBII5BwwXBDpzjIxl+e//AFpjgabdZSf8tuvr89DheSutK1Nqz3utfl8j
85/gr/wSz+KvxCa61Dx/a28Njqbaddw6lJMI7do5EMylBjzg20OXBVPlxkOFk2e3eBf+CVfw++F3
hBdf0r7PqmqWZvrVlWXy/LiZtwTzUR2VhkI6vlf3jFZo0I3/AHFqGg6B4a8Pap4Y0maQ+ZqBt77U
L6Uxssc11E0UZkgx80XnAhcZVGI6scbdqPhzoGkwWunxQtHaW/2WSaG6Pk23nbCwXgHAeAYwpJyS
w5Jr4zEZpjMXinWbervbpbsfRUcFh6NNU4paKx8ffEr4YWPguBPBy+DJG8PQ21+GgeOGNWQBoYyp
ktnadQDDsYSJkuzFxtxXxj+3j+zXa6D4VsPF3w+tZJNZ1iZrjUbW0015vsYjX5zK0LyCE52DG0Kc
ZDgEqn6QeP8AX9Ot9Tt7nxdr9xJPDpt4psoYTIk6xyNtQK6srFvNibdImzOSwKlsef6b8A5/HCXW
r6x4DabztWg1lNJ8QKjzytvzH5TwiYB5AZmHyjJ+UgLIxr1qOYYqjhr3t33s1rp+JxzwdGrW5bem
iv8A8MfkFoN/JpHmNq/h9ZntSWZZbWQyp8wbzHXARc/LgnjBzS6d4m1bVdRksNEvri4jkh3NDfXG
4Rxgg/cVSeevGMZr9I/jf/wR+8ba3p6/HnS/Dv2PWNT1H7ZqHhb7ZDI1uskwZUPnMqPFtZvMHmcO
Aqllwx+mf2MP2AdP8Aa3repab4X0qzs73XJpre81jT4rqG50+6klaaGKFJI2VVKorwzbgpG9S3yg
+pU40w+EwUHDV9Vtbbr137M8uPDsq2Ikp2Xbr+B+V/7OP7MXxT+NFrJ4vGq6auiaP4ghsryzvGuo
pmmdDJsUKrsw29WxtUld+xcsML41fs2eOPg78XtR8F69PFLbec0VjqtxbKvmkBnf90xH7tPus+1g
GIOdrAn94L79nf4G/D7W7rxhp3gPTIbzWLWWzuItF06KGO5SRo13SRqfLLD5cMQMAYJIzngPGfwC
+FnjfTo9Sm0Szh1OWzms9Nu5LWOQWjeUwDlTgFhGQob72GZdwByPBxHHWKxFb3buN9F/W68z06fD
NCFNbXPw90v4YhbiGw1PUWl0uS8/4/NNsTbxrIySr5YbA67oyXCjCrn5hgV7J8Lv2VPB/jDRPDsG
pazpUtva30baoGtzHNLCXdH8tcpKZ0aVQyjK4CsShDCvor4jfsEavrniS1u9M1/T7T+2rVUk1O6v
FWG1mE/lQybGQj7oVRwzZ2MSQgWpvDejfAfwX4V0vw1qvw81yLxRYz211c61DaoubqK4kE8v23aA
222tpG2BQFL7kZiorysVmUsVCfLdar0ffd6W8j0KWBjh5Lm1Vra7/kfPPxU+HHgLwb8T9S/4Rz7H
Y+ddWap4U1DR1urVbcmT97E8zRyBRl9zDeoZQjFSAa5H4n6P4W0XwGlvpthZ6x4gtZGSeLQ9NELS
PLIwAIjnaPAUDBEKElGGBtLH70+I37Ovhzw9plxNN8G/EFreeKNQube3km8aXF1FPI0hwxKB/v7i
+HXjZ90ng+La/wDso3Pw7+GV94Z0TwxpN94r1OO4tY7qaaZGN1LG/l25QIrRyhpUjVSsKDIJJVHN
enkuOjzKPO0nZpre+/3LX1OTMMLKUG1G77Pa233v0Pz6vvFV3oWkyW0l69jJNviVY4FJiZQdwCMc
E4BHscEcYNTeA/E3ibTrSTS28M3c1urBonhmaIu2Blyz5DFic/Lxz6V7h8dP2Lvif8P9GgfxvoFj
eeJtT80zadaalturaUyxspkjkLCcNG5C+QQMMvm7WUK/lUPw/wDE/hWLd4nzorSPhFvVa3kkJVXI
VSqNsAZSCRg7gRX3eGzKWMxynGpZR0XS+mujfV+XQ+Xr4H2eG5XDV6vS9vut/TP1z+Hfxck8J/EW
28Kahc313f2usWkrXGj2n2lEjeSQof3axhYSBHJ5jFyzZWNS3J+o/hyf2cfhneab46h8DS6z4o1+
M3VvqGpRywX8EMqhjG0MhMr7IpF5CuWJyAu9jXzJ8FdN1r4k/ErTfGeqzuuhYQX97ptp5wukezlA
ADZbEE7RpsBDL5qlQqFmXpLvQtP+Fwi/sP4/eKvHHh2zZri60drFLn7bbyGJhZzyRIQMiPaDw259
rACvzTNKNLFYj2MZS2V0r2b7XXVPufX4CpUp0+eyertex6l8SP2vvClv8Qm0CHwt4h8KyX9j/Zn/
AAkUkcywLIjOY0FtCUljL/MA6xAgK2CdhIsfs06lY6l4iurLxXr935M2j6fJYXUd9eT2GvLJ52Jw
l2d0ucKNzBcCNiykbCflD4lfHzwz8Qv+LY6f4vuPDmn3un77i21bT2ddPcrEIsushERjYq+5VRI8
5AQgFU8XftS6/D4uh+Fxn0fWbjT7a1kVdFvms7hrlLZ1cmNlEc+8rG2y3wdgCo4X5Rl/Y16Kp07q
+/Vqy01ff7i4Y+UZOU+nyPe/2r/ib+0b4D+M+l+Cvho+ieIdGvVsVGmXXh3+0/7OzK5WOLzjGQWK
nazPGFCsMLtDDzz46+AtE8T3F58RvitrXiDSdS0mNpJLOLVrRC9pEvlF7KGFd8gBdQciFAejF2JP
nPhf9o/9qC68b3HjnwP8UdD0VtFit4m0LWbhNSn84yFZJj5sSKXaLarFdrkIQGbLZ+jfHni34c+J
vALaB4qPhW8udc0l5ZLLSrH7DazXZxIGty5iQyKArDIcKwLfNtrro4PEZbKEFFLZNx3879NV5mMq
9PFRd9tXZ9DxTw3YeF/hN4fvPH7ajpPiizhaO20XyJpLYytKGUNcwyiR0Yp5e1QAwDMeQuRzPif9
oLwRrPxBsvEm61gjsrUXF5YfbpIozGowEiJkGw7iVbLAEl26sSeG0a9+JHiLxW/hbxAhk8MaLdHz
LLUtWd7O2VHC5+0StHhGb5tyENIduMIS0fmHj+40jw34p8SeJbLxdajSZm2qumbJHihO4yxlw/CN
8+0HPytjBHJ+qp4VVuZzfM7Py09O5406yp6LQ9Q8Q/GGbx7r1xr8MUi6XdswW6+wqODlgNz4y5B5
wFwGwB0NczB8UNTTUFsEebUJmgZlaVo1dFX5dvmFAFwBtwAcjqSc15A2v+IvEkTXksM1vpluJDps
MA3JboqnILkLuJ+UjP3cgAiu3+BnhDX/ABL4o07wj4QTV9Wk1CRFBTRzdzxI2A74Yxq6hNzszME6
7toy1fQU6lOjhbuyilu+yPMnzVq3LfU+yvhb+0X8Uvhlpljb3ejt/ZuqWvkQ3dxfL5ULCUqE8yEH
Me0xdM4bk89fZtb+JPhj4izWPw68OeKNZW4g0m7udS1T+3LltO8sI26C4mK+XFHISyoszFmK4TcQ
u74z+Pej6b4P8A6H4a1v4ya9/amkTPbabot74W2mZ2/0hY7hGuBJb4ErL5gEqEB9rAKQfKvhb8ct
FsNKuh4yjkklkmt4pEXVI7Vi2+XCyOCQAEbLMFIX726NsbvkamFwuOovEwlaV3e0bLydn5HuRrVq
M/ZvbTrfzP0V/ZR8AaD4K+Eq+J/Fy2vjHULzXJEsbrUmQfYYUUtG2npbRyk7oMbnMiucNgASbKk8
bftg+C9B1nxBdWWkWnh3xJp8irHeajqUlut5IwDFsxRT7l2w4xtjQfKuVD7a8T1/4h/EnQ/DsY8P
/tKWfiOGys52t7SHXArSSRwNHNFFcXCiN9rKkbNISdjOyr+7dT5qdG8Z+JtRmXS4VszfQpJbuHtp
ku5CgkDW8gZGhQF967o4y+SUZuc+TTy+GMrSxFWd7u61e3z/AMjsliJUYRhGNvkfRV/+1RH8Q9bu
PhXrHiiO+1+8s2S/m8P3IFnbjCJ87bgJHkAVNrohXGOAa8z8OeLvHPg3whJpPhy+tfFvkzLb6fbN
Bci5uYIXjjW4tyEKygsigrtDESfKzAsr/Ps89vofiSXQdF8M+TrFveS31xe2fmwvaztsOCWEUrcx
92YZwQzEq1R+B/CepyalLrR17WmsNOvWmjs11hobosxdPtCO6fOyqzgKMZXaN6Egj2KOV0acnJJc
is9e/l/wDjqYqpdJu7/rqe3+Lm8a/EnVpPC/j7QNY0nw8+oQX8y6hf3Wnyw2ssbC5SJonAJRTEvk
Ptj2owHzvtPtPwW8X/CXWbdfBngbx5rGoeG7jMkOsP4sgu4rRY2/facgdXfdJG6PgKSBHhTk7h8S
+OfEB1WO2+H/AIZ+IOrabZaa89tc6fqEMdtdTyKxLFpXcptbB+eIAMrqCuXzXqnwh/aR+MHg8WOj
eGPCFj/ZNjawR2NzDqYsVkO7lMBo4fNO9sxshWRRnPBeuTF4eFbDrkl30vZaddTajUlGp+8X3an0
d4l+Pvh7RdT1JdfvZbci1+0Na/ZbcMkkUpClln8tZCccY4XBxuBxXmnir46+Fda8G6zpfh6waxtb
yL7To8UbsICwONtxChcIodgCpHBY8EkVhfGy7fw9e6lL4oikiW+nabUodU1BIY0O0SbFkZ5FLdQX
UbRtQpwSG8Pg8XeHb3xEsd94vvNP08zI+lXlvBJPmNgpCyDcCQ6rtIbag43AiuenTwvs3Nptq23k
dEqkvaKK2NrXG8Ry6Wmnat4l1K+87e3kw+VM5laMv5ZAkEmNxBK7iMIMA8k8L4sfV9N1qxs/El7b
6bdR2qrcWliNsAg84yrtRndXYNj92FVQFOedzDsLI+EEv/7NsLhV/tiRho95d2oV7m7XbmMhnRod
jl1VtuF4Csc5XjPibZavd3Ol+G9b8YNfXGl2M0F1LJaNEr7WQAIWRt7KzlSSBnkOeOOrD1qcWrLe
3qYVo82p2vh/4pWE9/JD4J1BJp1ZC08lsfLEjShm3jduMpdVbHIbP3ievcD4z3Nr4J/sDV/GMl1O
1qZPstyiyqh8qU4wuJFG5FbIyAAQ2MHd8tWd3qfhDwrJcWGu+ZarfpJcLeKJ1JY4DYUF3AB65xgA
AfMa6Hwj8QdW0rVGjs5rNbq7jMX237CrOE6Y/hUfMMnOBjJyMc+/7GnVpvoecqlSm7XPpTVJfGPi
C2/4S/V1XbFq1z9ok0+zf/RlCjIOX2rhImcABd75XOASOX8Z+KNaed9Lt7TWEv7zUvs9j/Z1v5IW
PyJDcTzlAWO+JTuVCgADFRlvl3Pgb4t1+68LX19qWhah/ZOqWyXDXl5JcKiqULssrqyxR/cYo742
hwMKdhHjXxE8R3GheMdPn1HUVuLMfaEjZI7geYjrI/lrnMrMSQgZhuZnzyBuryafLKtKk32tbzsd
0+aMFJL1PfdE+JOo+Grqx0rxALqxt4ysX9k6t55iM8iZ3kmQiRgpU8KFBZlxwMXNc8au2vw6FPrN
huXe0cNxpSGO2iYp5cfmqQyqNwTCEgKWBycLXifhL4j+PPFmjSan4wi0jz7GRpbLSYY4vMXaVRGK
R7QdoJTOFcSKSw+YV2J0a18OLp+t6zJAPPWTyHnmik81WjB6lWYZIj+XP8G0DhlPoU8LT0m7a6bH
NKtUb3PQNF+IGmweHdN0T4i6Zew3s2rPP9hht43V/Ml3p5QQsuAHCBSVzuZiOa7ab4tm21w6Zp2v
JJZQySO0kM0i3Fy8ispO0vHu2jjCBQvyA5FfNekeP9cGsabYax4ns9QuFvvtv2dY8wW8zIULYePa
EKEN9eg+9XQeIvibrWn6bDI013Ab2ETMtwWeSeNQWPyHJTducdFJA6cYo/s33nKUVbp/mP61fS57
/pP7RXh25ju9C1bTLsvNcXMcdrdOtyu4yZ3fvVwOFLEA/IWUepqx8T/i94d0rXI/7J0mGObWJvtS
yXl46yMAqgOFRtjFHBCpuyWJB56eK+A9fs9b8E3d7etdQ319pqwQxSskBtwF5MTyKdiliykkDBJG
R1G78LNLl0XT28e6toslr/Y0V3b7ok823dHhUEvGA2GG0ozbxvwCBwa8utQo06l0tTojJy3Od+J9
zdXl3N4ktNWmsrWN2aOTVNPBhnk2mR5WZMeWjHYFZl6bt2wgE934K0K88O+CdI8Tahqmna3pK61J
cTLpMkMjR2SxI06tJIp8pnYDCsVyquA2xsnhl8XaaJ9Q8LeFotBk8+aYaYbmEPGpjiDTSMiAl1Us
QynJc8HgNXoPgzUtC1LwxNqNv8O18L2Fjq8ktvJd+IEtZtSacxqZWEp3YJbdtkaQgEA8LXFWrSjy
wbsl+XqrHZTpx5T1zwb4a+GHjjTrDxToWhtLp8P9oJpt3dKkQCEbWVHJQq6xhlOVLYk/iwa7BPFU
n9hLp9vth+0xrEtnaCRFEi5lNvE5EYUDa2PkUfKxzhlxz+lfEq10/wAK6hHf6Zpc13PdXkFp5NnI
bhHe48vE2wL5hONg5BYJkgEjHDxftKahqPiXS9D8fQ3Folvf3EVxPqVnKzfZyuC/mbPkIiOIzuyR
hQSGUN4i9pKm21dX0u76fqdUlblPUraxv9C05mbw8smsa1Mu23kEFxCLeNN53+Wq7AvmsCzhf4c4
xtNyH/hAvDV6txrU00mt3l0kUl55CwfZ5gzqY2CFcjaJSJPLAKLuBB4rAvPjb4T1HSLfxCGsYJL7
c1vZ3CpJawxqjfv3iIeSMPvyOWI2gZ/irymD4iauPCWk6tZ+KpLuHxHaQalY30OrxF7ZHdpX+Tdw
d8jRD/VkeWS2R8xmFOvWm09G/l2/yKlLlNe4/Z91Pxb8SLD4gaH4os9N8OpbTxiazW6PlXcaqITG
7BEmjVUJYptIZQFxyV67Q/ipofwuWTQ7aaNtVuJ1dvsO6FmVI1iPnDLb2+9lztVjkKoxk8Bd+L/E
Xj9500yy0+4v7pXXTzdW8eYLdGkkDsCXVyxTyw5JJBXABJFYV7pQ8T63fXb28MN4qxw6bDYzLHe3
t6rnzdgd1YJgkq2ABuJGdpr2cNRqTi1iHeOyS/XucdWUYzvE+mvB2ueIX1PMsS3lrJPvW4heOeMq
h3s3AwCSSOp5Q8DFTQ/Gi8sdSkttWubJrDdMYWdJFbckoIy2VUDJP8JzxkjBJ8i0DxhqWhWcOjT+
KY52a0LxaVdzSTXN1OFKkyNsDbiBF91FXccjAxnlvEXxkJhkaPXZTJZRzfYJxp7s000cvKALEQq5
VgwbPIyK4pYeNeo4yW/RK3U6KdTlimd98RP2ko9We48Q6e1pJdaerRxPaxMQJ8sCgPAIXYW4J3dO
eQeLsPiLenwot14lurwb2Znj8zDpiM5XYEZQAFxwMZypOMk+O/E74oeLk0z7Pp962mjV5E+02urL
JDvEmcguWPkq6jaGUsr7QDycHpF8carax3Fre6dqkN79nVWjjhaMyRbcefCWAkeJuMqpJIVRg1z/
AFCjRu+1mbfWajO5vvENj4y01nF35dtH4fe2t9Ij8yMrGzW4SQMqYeT5Zjv28tuHAYk+afD34beF
/DHi/wAO2fgnVPFHhuC/1U2txIPMNrrNzLCx86RpeTMZ3HEIEaoGxIrHCHizTm1Px3eeG/DUV5H/
AKPGI4L2EW8rXDLcu0UbABQqIwym0EFDy240v/Cx5rXxFounPokMwUzFbyTCR2H+qUzY+7k71XAA
AZfmIOAcHhIujaL+LT8yY1HzXke7/wDFES643g3xB4j0+7u7VYWWzWz+zTTyec6tKFlGWj2ldpJJ
DOMHIybWlw+AtD+H2oXCeE9Ikhtbcarpl75MpUw+WyrcHLj59jhC4wzIys24E7ua8I/GO2i1fS4L
bxMI9JtZCFvELzJMqOCrS4WURoACGcPlyvIHNYn7UHinxHdQQt4Wsba6sZGRG1baY1dZZcCJPMDH
ALqCwfY+dvZyXh8H7Oootvt8+xVasuX3dSnqPgO98ZfE3Tdb8f8Aw/hv7bTbyS9tddsbppmnlYRg
CO2aAxeWgZZMyuBjcpJA2tpeKf8Aglb8Fvj/AHWoa98QfCl1rH9stYajqF1qniCeG+jvltmUqy8p
F8kvzRLGMBYcMRxXEeHPiRq3hHxxJaWNrai7upIVntdNvJIbsyZzLsXcV6ooLY24yAu4l19V8B/t
Lu91eeH/ABF4Nm1n7K3mG303zLiSN3YnMpwSrBcDlnLbs7sACvQrYbGSftKT2OaNamtJq58A+Gdd
8VP41i8LWV7otxdr9mW1Et1HNBHtaQlgWKx7t0e0q7YLHKkbyK9al8E6N8XfhXfSXP7QFr4fk07W
pHvfC+saStrvSNVjhukhhVRbo7ttCFhjJZQxbL/MmrjSmvlubHU40ktdUUWt1CzLHPGhAeBmBHJy
PXByMVv+EfGmqeG59Q8WDTlm177Qv2G1W3juLMLH84RlZTvV8D5myQoHYHP11TDVqslyuzunsj5+
Fblvp+JtaZouu+H9VbTfE/jy51K6tr63Xw7t82dEWNcBJGY7mXByQq5Dj+LdimyL4d0rxU+o6n8S
dP1TzLQWl5Z+WdpDyMfNTzAsjKCfljKcBQ/BPFf4PTR3Mkj63PHFY7kVlF06QwStu2StIUdVVZvJ
RVdAGMmN2OR558ctD0TwF8YdYi0SFkjkhS1jW3uIjGqhnbzBGioY9ylSq7VC5PHGBU6lOOJVFK/V
/wBWHapGi6kvker+KNR8B+HdYXWrcWFxcx3Eb3txZtJN5KYJDSIZA8gzjHyYJDcqTmu08Eaz4V+I
2oTaVoeq/wBvatGFvtNvLSzEWoiNCUMeWRmjQRxrj94hOQNrYIPzzbXOofETwnNqV74e0m4sdI0+
G3t7hmjgihb7RHIrSYw7MQpK8EtsIGctWh8B9Q1m28bWOs6D4isYW025aR5brS/OSTGBuiMhUOyD
96Y8AssbbFDDFFdwipTk1ddxUakpSilpc774yeOtbeXVPh8nh3VrS4WZIbhbyWaCMzJhGm3uuByB
2RSGXOSRXkuq+D/CWkaVceN21jyXvki/tCG6ad42ORkj5iHQlWUMGZTj+HoPetQ+BPxA8Z/E2wHx
G+I91Z+dape3CatCj2d6qKQ8cKZwJI8J5a+SXYLJ5bvhFPO/tq/DCG4uNRu/hlpFu2l6VfSiBbpb
v7Rq6NLvmbaUVVgQ7IldYwHll+8xbjjo5ph51VDlTdm2132767m9TB1vZ3kcJq/iSxaJ3l1NbgyK
DHBDgCWIDAV5CzswweFXPQdQKsfCPxD4l1jxD5Nh8OrPV7SFXm1PUp9cuNOGiWgZYy6yQSwAqd4U
bvnbcVGQxFS/AP4S65qTx+NJvHljpht7WbUtTs7WQQXUECHy4yrzRmFCzMoUOQcHcQxwD6H8VPjp
4RsNBvNOm+Hmk6PpOqS6fa6/deKfDVjHe2XyLFPJ8u03AYGXM4j3/O2BllauzMMy9rRdOC0fm0lt
u7dfu8zjw+F9jUUm9uhjfB/9pLxB4T8QeI/h54V1K8tdO15rm8Ntca0upKLV3MLIkUwCzIFRS7ES
YD4UbwXHr1rpnxI1HTrf4n/BK00b4geHdF09YdT8N+EdGsoZors4inMlsLaSAD7TEz7tju427DuY
MvyfrU3gPSPGd5qMPh6y1nUL7WDb2MDPOtvp9gS0TEiIIfKB2DY20oF+Rh5gI9u8BfE34V2fwb8U
eB9I8fzeD9fl1WSOfSb63f8AsuRQvmRwtGnnSu5CxuLhwyh4wUbO1T8/FxwdJ80rdHdXVnttqn08
j0P4stF6a/edF4a+Omn+LdfsfCXib4U6LJpbW8dsdJls5NNlttQjnnZbOSHasTyK/QxrKSQsmEwQ
eX1i/wDFPivxJceIfB9xH4fbUJI2ax1CGSeOFUUGOS2b5AwBZmGArAbeDjcaNtafECTQPBGpXHjb
xDY3GiQzRyalqV/Mt9cXCOw/dTH97NAInhQDasiK6sDxisDxt8fvGnxlu1+GHj4albx6ffSGfTpA
be5kkEPl+e7uC0uPLXOMNlQSSSzN6eV05RpqpJJb2bldu19LbaeepnWqRlLl1b9Nrl+58ReLNG1+
41TXvF2l3KTovmQw28dsYgmJIztj/wBYVBICMQQwzyAQcuTQdQ+Jmlw+KE1mNbHM91o9jeawq3Eg
Nxw5VVl2R5UnaSgG7AAByvn/AMQdI+EvgrVZINOjuLm0RPNt79/ImVFZVKxyne6N8qrwAp25HI4E
Pw2/aTurCGbwv4oksrppNYvbixvUhZmswfuRxEPGkMJMh3ZAALOQNzE16LmpVI3269uhz8vutH0z
4b8H+LLrQdHuba38L4uIgZtQk023gubERl8oksZhJdlLZZy27euCoAY9to/j7x34OuF1jw/FeR+H
9QtHgWzvY2MkkkauViulL5k/cssiFEbjdjDM2PENSubnxh4Ag+J2pytY3FncW66xYbY3nMqBNqkq
u3YwLOVZtoWbcBhhj1XwZrXhv4fx2NtpNtJLcW+ktNY39xkGASPkfMqAMyhMZbIIUZycAebiJUZU
1yq6Ten4HfT5uaz0ukd74/8ABt/8UvAMfiW9zNd26iFg94LTc7SDAjYgLtC7F3/wgKhRTuxwupeH
PCd7ps2j+I7jw5Faw3VrFJfXFm8cokLM58x2keQufMA8xG6qCgUMK6bxf4mTx14RXUvEHjq30+SG
F4tRIgWC6dZUYbDDMYxIrorYkQneyNjPWvJfFvjOTQPDVt4Z8E6F9l0m8vswwQ+RDMsbzMZGcKww
2S4CY+6CoYkFj5lOM1Kdls/uRvOUNG2dRpPiqaLT73Ur/V9If+wQy/2pY6daWMg3lWjCl2G/aHjY
MnRmbcWDENRv77wX4z8Pax4k+0XeizW8cKx3F9LHINLhlCuUjbaSBJt+4hY/dKhi+04nhj4y+FfC
ms3N78Qb3WtUvLC3FkI9KsYrSPy23I+ISNs8RULGd7cqQNxZtw6CC61Szt2vb3w3oOq+E5lnt9Et
Z/LjvLR3WaWRXBZkgkMLGMDYY2zgD5Ml1qVSm3Zatqz/ABKjOMldHEeJPBFvDazax4Yvre4aSVWg
8jVI5Vh3K6mNwNrjAYEkhQpz8nVlzfBmgXOi6F/aFrppa6huPMNjdWwWFA25UYuq/wAMnyHZht7D
O3kmTxxpnjvxDf6trHiDTX0C0mg+1aXYLGXaW4kPlu8sqLsZ2VXfeFBcJu+6AT578H/iRo/h3x6u
n+OvEOtwWsN95OtJoskrNcW4YbrgSLtMew7SG53FRyqk7vejUf1P3fi/PyPMlGPtk3sz2e61C3+J
+lyXvh3UtH03T9QsTJqEl1dFF0/5V8xDtZGuI3ZdyK5fythQNyrPwPiG08Iatrl1ZeD9Ub7Ho8MZ
trhb0yWojyzLsbyw8aFum+NMcMQCDjq7zwz8INTk1bULDxPH5OrLDidrqKSRrsSgoyIsZMEcr5B6
FBFNgssaiVvgj4U+GrTw7q1z8U9GhuLyP7SI9P0/UXX7AxiGIivERdxGzRsM5MXzE7wtefKWHoty
vre1np0XXqby9rUSjLtcseBdd8aRaRDfrBHd6hKzSQrcP5kkskmHLiTI2Ev5fIDDHGFAFWNa0rUv
7Fmt/Emksl9CpceZcEiMK2ccYyhHUE5GFKggnHG6hrt74O02COW7C/u5khs7GRFjhhEkgWLe2Qyg
rtyoIBJGd2cZehfHDUrjWNN0nxKsLQtFtb7UzA7hkY6cF0B6dgRzxX0Xs4RoL3t7Hlym3UasR/Db
4l+IrC+mMU6i3t9OWLbbs8beTtBZVySxTnJBdsdwcZrr38RSeHdehu9CsY9QsZbczeVcSJI0bMhR
iyPgZwxKgDgHAYck1j8R9PtI7c+ErPwzbyQ3Qns7WWyiWGRSj+Yhd4/vBWx8zgcDacACqfxV16+t
49Ea78JWJvGsZIrPTLe1C3E0UkhPmgRDqVL4XPDKdqbVOcadblqcvU1cUo3uepeA/HWi38EGp6hP
JZKbEpcSMuRatkEKH837pIXHQr1AJXdXUaxba/rOnx6PB4ymnstWuPKuNPhmfa6SupGxd+1QCFyw
IwBjAGa8V8Lzf8IrdNpVpo95ILiJRdRzzFeoBZdhI5ypVSPlPQ5zXffDPXbvU0s/GujeHby4tbOZ
Z7q0t4vtPkxyAwyqwVlOCoVzwNgG9TnK1nmCjy3sm97muHcubl7i+MHstB0W88L+Lor1dNW78iO8
t7VysX78RhJFRuY34LupLBkU4bJRvovwb420S78JTeGfBmnsu21km/taRkvYn2wkCSRFKfZw4kXE
Yj2qEDHtI3ifxj1zxHa6vH4bn8MXF5OCWhtJNYF1bXtqkjbzG7KGZsFVMcnzAYB5DCjw7qvh3x3Y
w2P9tQ6fq8eUX7NolsLWZyXdFlNvKVlw45ZnKgAsVOcV8nOm62FUkm7Nt7v+ke17VU6tnZdEeqeA
fi3ow+Bmm+B7Vxa3UcO+71CysYZ52jaVyqK0hG0iQZ3IHyQApQLk4fxA1ay8aeFYZ9e8QahPJdQz
PbrqDRxvLcI3lMGLKuAdvBVQQFaPfhcVzP7OcF34c8Ianq2sW9015cRq229jjjeW3SKQTGApMrIE
jHIyuGZcKea1NCu9G+KNpouqeBNRsdL03T4WDaDrtrJCYH3DZIWO7EKjchkfcUAZir4ArnVL2Okd
dm2/PX5GkZRlHV2PSvAXi3VraEyXAmmS81JIJls96wxGRizxEqioFP3m3EgbjgEEleT1Hx9p9tou
l+BrK20uHT7OFIpLG1ZpozbwiRhLHz0by929yvEmMEALVH4ofEY6dc6Vpnh7Vkltbm7hm1JtLu1n
t7Uwrt+VGUK6vKnKgqWMa8Z2svlfhHX9Hj+LEPhzxjPM19PZyxPGboAJbtaosUeSrfvf3sokAZss
4AJXcoudOXtIyS0fb9TONSmrpM9cu/jJ4s1W5s5tL06C3sdNXM1/9sSRIcAeXiRIw5G1irO24gFV
6DNch4h/aH1fxJIvjV7y3Zlm2xywr5m4FFGzIkZgQmAQCDkdV78t8TdV0fTfGM/w5HjuFdM06xuW
uNPt7FTDa7JPkk8wxhizMoOCD+8CgZ5WuH0zx5cWXhqSCw0uKMW8cjQ6bcRoqqwRstuUI6tg84O7
5iO/H0OBhH2fOl6Hn4ipOUuW56t4Y+P/AI21Y7pdTsbG2ibN5brqTM8tqq4ZBuUlsksF4ABbIIJG
YPH/AMffDF7rKal4Rnntbe2tRIun2tyP9LkcD5yu4jgY5IIbdjtg/PUniTVNR1a3ZLJrY6hftPGj
S7PMdpN2QxK4QbQc5OMKOoFbXhXxVP4T8Sz6lrdkur2ZtY1vCWUHyXMgBcEfuyeEyfY5yAazlTUZ
OSjr/Wgc8nHlbPTX+N2j6vrcnhDXbnyLC4urVZIb3zZSq8fKPMZ1Qh/mVnYoDwFYHFd34p8R+JPD
qXFrpNnp73EMc8cC6rHsiNzsd2CsCqIrBiNrFXXLDaBwfn2bxNoPgnWU8VHR7HVNHvtlrdvbrBPJ
aO5/1hiJIDYC5VlVSRkfMWQekanDoHijRLzXLXxDqmoWevWEtpJo15aurjy0Zco0TSq7hxGdmdyh
CeOTXl4yPJN1IrS3la/Z+Z3UZc3uo7nRfGniW81m91LVtEvLfzrhLcW9riVbwSLHKrmRSwaPa5wG
Kl+ucZBXxjrmp6N4rt7u58U2sK21pdW9xZ+Ssc1xbyywSRq8aKsrIdh4HJMZJJGAeN+Fa6rrOva5
pNjpi/arG9mt7i3uLpGJmj8rzIkcKPL4ADqwKYZtzZAA1vFXivRtO8b6bfQeIbWG3m8N21wt5fJa
3rQ75rlPklKh9u+JgV3HDbVJzjPmx+z5v/g6djol1a/z7GzomoWmo32nvdazcWvhlb1TDALcQJC4
ARYkdpSwUoHy+8AeY3YCun8afEG70S20mztdPkl02xvDCtqsZW5VFOVhT5Uwisrfwk/Nk4BIrzrT
Lw66Wj0b4kR6zNb6OiXW7ThcSAks3BuFDdQBuJyCMg4BJ3/G3hTxF4ttNJttOOpGOG8S5hufEl5s
8i5VGJkd3YKArH5lXJKgA7hmuzljHln26dvn1fyMeabhy9X/AFY0dV8VsfF4FtfrcahDPHJY3cMa
ssCCN1BDb8gm4YlmwOu4qSVJ3/Ctyng/xJceH9E8SabrFrcWMN3NeP4fW9YSnpGAIwAoU8EDGCOh
JFeBfEXVUu/F9lZXVxC1xp7RXV+y+XHbw2oVfOQMvQly207lOXz0evSdC/aj0vwIy2ngO0lSU2/7
y4hDtMiluYXcliwBClQS20d1LMG2w7lyppX8tLW/zCokqjSPFv2iPhB4L0qz1688CahqkUMc8cmk
2EjD99IhR7h2c4C43IqrukZjKu/5n48UtPGtvYxf2YdR1SC0upV+2Wy5kZ2jZtx8ouMnceFx/DjO
KseL/jFr0mhtplx41upNPhR5IYoWfc9yXXfK5my3mGPG4joGXAGSTlw2dhcA3tpqS3n7/EN1dRcx
tjaUOB8r4BIHOPyr6LA068IqDlfzv0PBxFanzJ2Pe/hp4h0Sw1LRfhV4qtYLeEarHZy65Jpxks7y
1cmaB1dcAOFaRkDK4xNIGaMiMx8t+0d4IvIfiXq3xh0e2t7HSfEV8yNbzbYZHeNGDTmJgrjc5DBQ
q7AdgyoVjm+E/H3ivVPgZqGgW+rW99f6bcWs3hm7m09mnguFuJMpGwHmY2yNvjfKFTypwK8yvde1
/wAfeMZNP1DxELzVmhSBo/J+z20IkdmZI48AKm4scFUUYZjwSw46MatPHqUuuzT0/p/gdNaSnhNP
67HsekeFvCOk/DOPxDaS6hqEfiJWgktZNHsriN5IQCwRlkYoSNwKtjIOAQc7Y/h74CtfBhguPBOr
3GuJdXlx9o0OdI7aC+lLIRbSq6ObZkUExyOrRq6F0lVmyPn/AFD4pDT57HwLD4GY3Nr82g3ljeye
SXlYrKX2SFJAyFtuCRkckgmvrrwb4o8KeMfg/pfwt+JHwg8VaTd6cVbS9W1q1ju4LsnyysMoBU5V
kQoxDEjjYCqg6YmpzU0mm9Wm7aJW8+xlRpyjUUr2VlZfMvfE3473Pxk8VeIvBcHwnfQ76x0XGm6h
fW63404B+YVzCmyQIpUGZZMlwAylt9Yfw7e08W6Le/8ACdXN80mk3FrHdWtnbxNaX92+3cJoZJP3
j/u0CtnaCEJAyprE+JUNz4jg/taT4pX2kyaPILP7HrDSq7BUcywrNFjamdu2Nhtwfl67al0bx7Ye
DfBiWGmzaJr3iK6ubfU9Y1C60WZ0uo2bBSEHagYLsI3nbkO7HgoOOpRqYWPJBX009Ht1OmFSOI96
UrO9iP4n+AviVp+tWGq3NvDZwpZwXGpeIoY57ueMSRh0F3AqM6yb84VkYYdR91d58tl+KsXg2SSz
1PTdR8T6fY2YtrfT7y8ZrO1vt0TyXahyjR4QeXtyMq4yDtK1af8Aab8c+CNS1h/EFzq12Z1by5pJ
oFWSQODHIIF+WJRzggjKlgMEnb5/pXjTWfiFruPEei2sdnqkYt4xHaxWEdvIhBXdsiAKZwS3z5G4
HLYYY5tUx1CUW3pH+Va33u31Xl89UZYf2NSLto30b39D0z4e/Gfw3a+Irzxhovh8X1vIy3VrHJcP
JNG0jt5uC5DoUAJDkEMYgABwa6jSv26NX8DTQ2Hi7RvCOpaZrT20OpDTfA1nJK0YhjhaOYeSWfah
lTDFWCqiqwOQfGPhIdIh+IMOs3kcF3LrXiBovJhhMIitvM8sCMqFxyEUAH5QkjHg5HsXj/xze3tt
/wAJN4x07wzqXiKK6a/itbOxe3mFrI0hOJ0cK1wpSVBvUR72U78lQeenUo16M1zJTlfTd6at7dbr
Q1kqlGqrL3V38zgte8beGvCfxxa/+HPjTR7XQZJIksdPkvCHtv3zB/KEjO0auuHByY0bPyqMV6D4
U+KPxW0+Sy+Hc/xA1e9t5taNrp02sXUk8DCR1MlpLI7HLIwDpt3Id0hHyspr5L174j+H/FnjzTfi
N9utrPUI/k1Rl00Wy3okDFZWjHD7cleFHAXknp7r4d8aaFd+E9MvPC3iHb9tuJIJrG6tZDdSzCQz
LMjs5LYIyjMNy+YBklgD6OURo1ISjFR0d1r5LWzenn6dTLGVKtOpDV676fqQ/tS3mlHxLrWk2j28
d5aa9ILq/tflUtLkpagMvIjZJfmBEeWbCj5RXl2heEtUsp7qC6lhtrqa5LxOZkDNGyDacbsYJbJw
pPXFeo/FvwzYeLHXxn4suZNe1K5vPLvNUXUDGXkR1iLsXLCONHTcfu4LbQcYxytp47h1TWLvwJd6
VY2Ys7iOLS7W/mMxmJQYUyFcAuykqytnDYBOFNelaNFp1XZ20ttez/yOS/tJXh36+p9Tfsl6P4W1
34KXXgL4ieHYNSbxJarpmna3dxRwz+fGXKWwXzVjmVCGCEvG/wB1RkKFHUpp62+ma14l1e3iS6t7
CG58O3i308zp5TLEXuDJlXdIxIXG1XB2kAYrxb4c/F3xN8OPE6abrXg2Bo7y7X+2NL1Dz3hH7va0
sbHbjIzvhbKFk38ttI9e8Q/GjTNchXWtI0++1LQb7QbjT5pJIgsiAkKZUZxlRhgWBXa2Qfl3156o
VKMrpNp2f3Hd7anNW6o5XS/F+m33hPWLTxF4nhuLfdG5exs5ZpkSSaPgTzI5QYV8pvPJJBG4rXAe
KNa0bVHjv47G9iSaYy2VvdWLygwxKqhSCWDAIQuSFDHe3UZqh4z8Y3Fr4Q/4SDwNrCz6W1u1t/pk
LOFkeRHAk3Ltyo+ZQAVLO5AHzVxWl+JNL+I+jiw8a/ERhc/bfMh02aAqJ1VSI0NxgCIA9MKBtAHm
JgUqj9nKU3Dr8tEO8bqKPfNO8S+E/inbR+FI4ZLC8v4beBGs7uJrPU9srrIJC0DLFnP+sLBVIJIO
Mn3W38Ka1o3gLwzp134DGnakujhNUhW5im22bnb9pSZpTarsJaTeCAqSE7WJUL8v/s++G/iP4X8Y
XXjvwZ8N9Amh02zi26W+++t5lTI80LbtJ5wIkz8okYMM7QCa9o1DWdc+IOk3Phq/j0618Qaey/a7
Pw2srWV7ZpG1wXu4pLiARqobcjRZjbaQAC428OOk5WjD4dHe9/I6sPKMb339LC/E+81NPB9p4V8O
eFG8S6bM6HVtcup3ltZZTKCkskyNtkCIYlAIPByWJcqfILLxB/wiu46poFhos8+rGJZpVa2VI9wV
kkLIpYYlO6HquO4Kk9J8cNU8aeDPDU194alt9HNxdSSaT9nMaRxRAhUFvbHYWc+RIGR41IIyxZsZ
8vtfFEPxOsrWbxvpeofa5rfzdSNlskF9Ikaq8skUoUeaxBVmViMDaBkkt62X4jli4pXSWv8AXc4c
XFNqV7M9Q+CN9p0vxUm8EX+s6fb2OsSW8NjcWN1Ppsckc7Md6v5YkkjJAIxiNAG6Bmx3o+E/iTwD
4dnbxlqV9r15fXM0Wm3tncK2LFrhJDbqsjlp2dVjLbleNFcurEoGrkPhA2iz+GJteutYtfEFneeI
re0h0rTPDguLzTVTaDb+U7SKiN8p89X3BpF9w1r4t6dPomrXHiW78Oysy/ZotFvbWPzftcKmUqky
rJGzttjaIsY2ICEFmKq9ePVlGvUa+F3u+t2n01O6Nqcb2vpb70eDfGzU9YnNjFb6lE1vGpVbeyjE
UdsWZ3eOJ4fln2ucPIOC27J61nfDl9S17xNYukIuJLG4XzvJm/et8sp+VScSf608HPAwa0ILxvEk
uoaf8RDqEN5DcPDazXEZmky5R+BGxZZNrr8vzFgeGQM2En8B+KfBmp6boVxBdJNIgvtNSRQFlhZs
bd+3l15AwAxIxkFhXvU6kalDkb2R5U4SjWUlqbuu+OPCmj+IdY8G3kkyrIrfZdQa1BgdkDOqgLho
8k7QSpxu2sMgNXV+KNc+HXhDQdN8Q6nLZ6pLNbxrHawSSRrkY+eSNTkygFWBLKMMuA4GR5V470iz
n8bahLrWpXl1PdXErL/p5V41Yfu12yIZM/IMsTwQQNx5HO65dXsenRW2mW6xsFZzfTMkys3yAK6s
h4+UgDv37UUViqlOEm9tfXTuKpOjzSiuv4HrXhn4h6Rp3i/S9Yt4W+xIwaSZI5piCT/EWZmU4IO5
SDnGOevqXh/VIvB9zJ4i8A6zpOqaPqFuiTWs18YpUDx+X5ySlhsnjxKp291QYy22vnG28Y+dqFpd
Q6dNJG6otx5kgjRpFH3kAQ7F9OCAeATjFer+EtZ1TxnoF+NEvGv9MtY4/tOi3m1JNzSRoR52Yxhg
WG5trZGVyVxXRjWp0eZdNCcNKVOXLL1PY/GCWWlXP2O9+JTaff3TQ215ot5rkUyfuiFY+XKFXExJ
y6gNgEKinG7B+3a1Nrpc63p+j6bcbWtrfeI7drg5CmRX+YR8YG8Ku7dliVYnz34weKZfHWirepBo
91ex3kyG1j1JcrwcQSNk4UEARuWKscAFT0li+FviDwpZXTW0MpuG0NGMMmyWBWKD90s0bGMgupXZ
kNvTpuANeJSVCjGTb2TT/pHpVJVp2bXoe3+EGS2+Fmg6z4m1sNcajZxztH9hZcrsH7qNgW2Mxy5x
vbBByu5s3vGHjvS/GN00Hg/wrNDpLaFEl5eXEfnPP5SREiNWYsc7lG5wVGcAg/IPG9RtLjT5f+EN
11ZIJ7SOBp9Nijc/Y4xEqlCGCM8gRFyodQ3zYVs8HhDx18PvCmtya3ceItcv5mhEn9m3k0tpHdyJ
Kyp88BUs0flLGqMQuPu5KhRjLDU4pSV/8zT28pbndaBq3w+stGe3sNV1CHWFmuDaR3WkvaQkvGSo
SchklHybCojQERbgDvAbzzXviNqfgXxfJ4g8QXks95byk/2LcL5JhXY6u0mFDPkOGPyoT5YcqygA
9vdfGHwvrtjfareoq61YqstvNrVvNJGbaMGOS3iczNtbCvkgDI6pgg14R420vwpqd/8A8JJ4e19p
J765kkt45gWEjNEmJW3Y2NwyhcZcqWPHBSpyjPlUt+j6/wDAKlJSjqtj0CD41/B/4jrqVrd6hDaw
ecs7TQ26qIFSWUnMkgeQIzeUQWICqoAHauP8QnwZ9tutYsPEOm6lbxrG8TR6tNNcOrDBRl8sFGUj
DFsAHjJryyXVbG5vL7w7LPZxhfs1u3k7VmmbykbYdvy5DkgcgbMMQSMVUvdSs/D+mT2kNzJZ2955
SXEdr5YZBkj5mCnOCxyuRu64HFepTrxpyfIkuXV22ucUo827PTZWslljs9MNxc3EULDypHVgmI8Y
U5BK/eOB14PFVZdQ1nRr500pbq4e8gEjWbfMqMpDM7ZB2uVZs5HPI4zXNaVBqev26+LfD9+shSFS
V3+Vs3qMqGBJBzhSSSSTjsTXZ+AbPRLmAXus6y0OqRYMMCz7ZFCzSus0JfCTPuiBMZwXThSWrpxF
Xm/eW27bephT0lysE0bxf4Ov9J1TS9Ltr5tQhaZsxyeWJdjMCcchsEZxhUJXack49b+EfiTTbPwH
c2WiTid75o3uJI7n7PBBM8oKq43APFuGzH2d9+WYk5YGhBD4v07XPD/hebwzZXml6tcefqF1oMx+
zwTC35lZAVaJymWJhYI4AV0lU4HXajf+HvBF1cS6Hq0VwftsMUKwW8ySz5dcK7kAFlchFY4JzuO8
CvlK0qcvaX1d7q21vM9qj7tnaxesby0sfGfiI65qlxZ3WsXl15crQs7L5skcaMBHv3IQGXjortlS
HBqTXNE8LeF9X1rV/HN/ZyWEenW89tY6KkMMwuDHK4keOYAZyW4ZGCs3IBOTY+E3ibUfDfhrVNZ0
2K1s4/7SkeG3uLISXcEEkzBIvJmCbiykqVIwuMjqSMvTdt/4/wBa17xmbrxEt1pdvLDFcWrJptqX
lul+0SxzZLMNpZFJGCgJbbtzxy5lTjrp5dXa1joi7Tb7mboUl9pvxD1LxF8JfBM2g6St9DJealet
Jt1QbBO/lyjcpw0j8oyoCpwpwSNHxH4z0O7n/wCFmweIJL6SW1kivWbUj5WmySXG+NpTKGZyUyoY
tgMGAwVBC+GfGmi+MNceTWNTYNpqzGCPTdDa3e0uIwV8xpIiQWaSPdtUuzl8MFADHmvEuoeGJ/FG
o+KvDscaQ3tuYLCNbWSTbGiIZIvNdfMYurEgqHI2fLk7q6qMZyilbb+tyakoxjoc1eeHrnxyLyz0
PV1v4bxmn8ReKJGk+z+WrqV2mVFwS5j4Yty6nkYzufD7xhpfgnULjTh4ltZoZYVkja4vlW3cYXa4
UxOCzA8Mx3Y3DoK5fxbciXw7/ZwmvZJLW0Rov7K05IN9wkQeaSRoJBuRVWRSDkbvutxVy6tbXRLK
GDS9NN1cIo+1XF00UQJbJGGDN1UKSp289AQua7MMpac/a5yVLrVaM+c9a0FdZtxc+H9TjLR2+68+
2TM0cUhXksNoBBCAHIHOAATmtjUNZ1mW3jWL7Lqkk8e8fvEYRQ87VDKOAF29xgkdM88nrvidE16W
28QeGpIN00jNbvcE+aGAKqFznkZUjjHXGSDV278RaMkolT7PHHHn7PCIF3OWPAPQKcjPGDzgdePp
MO4XclstzxMR0NWLxFqWm6LL4hhNxmOARbZVjZWj3DbtyegLNhckA9CBXDeFdW0q21rWLi20LVrW
+lRXjmjhWbld3GPMA4zjgdSOFxXd6p4itUt/7H0XS4fs8/l27sJmMi4ONwJx3yu3r7nvzPi+z07T
tZuNQ0VGkZrNUmgEjoW7MOCNo45bCjg5PpjiMLUdqsJKyto9d7/eEK0ZR9m+uiOR8K6Z8TPEN7qW
i+E5bq40pZFvNWWLO5dqt95S3HGcgZKgsDgE19SfDjRvjD8OvhTb/ED4f+I9e09pJla60ux0+V2k
tHWOS3JkJCNhfOX93IGXcM4ywr5R+F174uufihB41+FepQ2dxZiQ28Ul88AnZU+ZI/LKljjrgnqO
ele3j9pz4k2upaVbeJvDvh+W4hjjs/tEmlSCZYNoUI0rSEyEbflMu9gBhSAMV5+EdSpTfLBuN2m7
6W6W7LU66nLTqKPMlJJW9fPzOh+MN7D4xtLiS2t77T49RvYZprq6bdLcpjZIjYYgZcrtDEhRlt5P
ApeHPEthpvh2HTL67uLDT9BkMfh6K6tluJLiVQ4MrcEBAGAGUUAHjks1ZureObzXtaW51KY2WlyN
CsTX0kd2uFkU4/1alSFVRwuVwcZrmPG82n2VvDaQXs7W0t0PMsbWHZG54b5iFAAG3IJXjjGOtej7
OKhzOL0t8T1/JGEp62i977HdeErLwZqmnSTeM/EFtdm+8+TU2hjtVkjtVXfIQ8ltJsAVTtjjYucZ
BUECuf8AD+teFNZbWbTwj4I1LUtJt4w0bXGokNbQn59wCRgu5iVwfkBVTITjaK4/xH8P/HvxKfS/
AngqXbb3W4agJFMcKsDne7ZOY1Q5LYwApJ6AGxd+BPCPwO082OkeMI/FBSR4by8jVILRyBEzRpvB
dhwg3MP4hwOccmYfXJ4hqhDlppXlJt6rTRK+qHhFRjTTqSvLol/mXvCvh/xb4K0qPxRHPqBhHiC4
bSfEGn7/AC43Qq4QNuUR7oyW25YMCwwMc9Jqlj8Przwxf23hyW1sdY0eHU2k0nVrXycQxBmMoyze
ejGNP7jthm+Yoax/AXiRfE/w6uNNtPEdvpbWWrGSZbpBIzSTzrENyH/XQpFtBIAUZAwQQKp/EX4a
eG/Edvcarq+6Kaz0eS40u80++X7PqFiDvJiySQR5g3RlQV8xmPy8Vw4HB+0o81GmnFNuN20/m/Lz
3sdOIrRVRc0nexwbeCvDvxVmsfiJ4TE1k9xb51PSZGQRrcLu3LCWK4TYcgclSQD2J9D8L6lpei4l
0i2n0+80rUElt9UgkWTZN8y+YEdj5XCxEqeo3EfdrznSbTxN8Eba91vwBq0Op6NqWnRrc3zwbZbZ
HTewA3EoQJEJPqFyOK7LTPF2h6lBNr1tcw3DSXGZI7aEBdioHBYDGGwAecEtk8816mVypRT5ko1W
m5LpLpdeu+hyYrmclZ3hsu68n6Gz478e6zrl1c6x4r8SWF1ozyIpe1tisbSSbXw0RwA+PwO04OF4
ufDey+Dk+rXmn67eLciFUvtFuNPVUkgmJ3fZ50baGQYBzEWI+bHU4898b3XhpfCF54uXUrzb9qVr
jTPtCgJISOUyMcM5yvO0MMfewKfhy8ttWaxuNHWH7fDFvtfPvRHlCF+bLkKWwOVJ7tit60qdRqGm
ydr9G2t/mRS5qfv+bV/lc+l5/HdtbaleWF/qdnDYxyBrXUJFVZLkBSMOEXLht33twcnnccGoNB8Y
+C/CV5PYXtxHJaSWc00MlndPJEZG+UWxXBDKQV5yQpzn38Xu9UjutNVdQ1+GaOTzCtru8wo4z3B9
sDtjPejRLnS41knhu44V2ukdvcXGJMKFbGMEDIBIYkDHFdM5pRUUvIiHvT5j0HW/HCRaLqXhVNC1
BreORbieFJkWO6/d71bAUttTBIUk43cFec8VpNt4gnurVtKiurxbebzVsViEZYEnLN1PAYfwjIXP
HWm+INXi8YX7Wl/qFjo8bzH7NDJcNOr5BwEIGf42OW+VenA4rtPhvoGmW002ma0kcOow27P582n6
kktyMhEy0Mnksu1ch8xj+ElhjPl1K3s91eLkr2eup1+z9o97WRnDVNUs/Etq1jbxXGpRSSSR2toe
HY4OcbVXOVOVJI75r2vS/j/4t8Iqvje7tdbt1aytYb3+2IY44NzRqyNbagY90Sq+1kQkx5T7zYXd
5j41+MMOmWN98O/Dnhm3urK21CNbi4lvo9yyBTgAwTLlUZSqku5woO7JIGbomo+IfEcuoajq/g+X
xVb6db2hs9Nm1i7khsnZnwyRGbcT8oUqjD0xg1OKUcZTU1FJXW+5dGUqNTlfbod/8WPFXjn4ppp9
rpHi/RLjSZXDWdxr3ia1/tC6VVZS7FZHJQOWUKMI+F+U7TjkrXRtM8O39rd+Nbp2S3SYxahp8YuF
QsoG1ohjdgSuQNu5GRdygfeyfFfjlPh7p7XkvhmD/QvMtY9Ato54Io5DgMTIGDKQEJbYSVxtLdao
6F8T3+LFhPpniPwXFZ2EMe6G4tdQdnglACvjzi21WLHdgEk4KkGtKdTlw/InrvsQ+V1G2j1q217w
BPc2HiTwD8TLzw3f2DJPZ3N94TkszKUVV84+VcASAKqgGQqDlzvYKoqHxd8UfFniARzX+rR+I7l7
+O2uZvD2oTRQ3y7uDbNvWKFgcF0aMlgruAV3seE1HwjoOo2um22pLDq9xosTFbqGGS2edcuyqJT5
i79wYjIIPRSCRihb+JNE1XUtPj0z4dWeh3F9Ip2za8dwX7STLH5U+xomJbO0Y4RDgEMa4a0YwppP
dpa9Vr1OujKUqkrLb/I3PGvj34ZaJeTeCNE8OQxyWdnGs+sWYFwittbfFIwciSMMyLhOCSxzkKKh
1Swt/FlzZPqUslypmzfS2cyo1vcAKzIf9bwx3hB1YxAYHzGsbxRo721/P4Rg8DLai7jt5LG80fS9
5kjU7Nys7mR0+YMQoBDR9SF5XWPE2u6WYtUvl0uaa8gSz1SZb5ZP3kcoYlVyAmVCjlTyrMDyRW9G
Dp03DXXfzuZ1G6kr/cWNfsYtJ1t9V1C5t3kmkknWxmaL7RAznKiRMIyKD8204Y4HCkmsnTtS1STV
rO9mvLOONrdVkR3XHlcfwkcNzxyBzz3rlbS5v7O1k1Ww06M+du/eq28SDoGD9SMj0Un0rUh1TWrl
VlhuGKxh2ZY4d3OOGznGOR642/n7+HjThRUPLQ8jET99ysaN7qcFp4tktotNurqFbhoJ7O6URJtZ
v4ApOwkkbeeCBweQe18IeKvDXgjVrDRdbN5eafNlLq/vI1edY22kowUDONoBRywx8204THmur6jp
+ryqdQguLeaNceZp8xErjd/rOQQCM87RggdM1ahgjt9O0/8A4R65uJriGZUKzjY33t3KlUDsOBnJ
JAPGRXPiVaDj6fmbYeN6ifr+R9JeBPF2hambi+1DXNB0T+x4XuI5LhZZ7W6LFgoja3bYJGO7cjoh
zlicbgLHxR8Saro3hbU7dLXSZbH7N5t0skkk4lbaHYhs5Y4kyGGwAAqSOc+a6VP4AvLW8vtW8LyW
k03lLPdW93c28c1wqEFyPtOUyct8qqACQM5xXReMTPeeA77S9PNjHYytHcFmu1uIZ/MnVXGJHLK3
DH7oYb8ccg+PKlUoqU2l1PSjU9paL6GTD4q8Daf4w/s6bQ1uI7qGO4h02DUDcZ3Oz/OmVMTKThcM
NyjJyrc4vibxrpGo6zcWWr+EryOxEMg0qaxvnVVy5dW3sp2Es3zxgMSAp6lWqbxTLoNvqEMulT+X
I37tpvLhZnI3ZO7OR3xhRuG7OcGqOi+N/DF3pV/Fe2Fu91HeC5aNSroY1LxhzHx5ZYKDj5hgEhV4
FdUsLzRhzO3z8rmMayvKz7GpdaOnhPwPH4gm8LTSrJCkEtmsyIJGeR2ZmKEsSn3c9CODnaTWTeeP
dA8TalD438K6dbQ3LWj/AGqK501FUEARDCcqzFizAkA/PweMVT8U+ItS1PWoR4s1FNNj+3b7Oa1u
mVWgK72XC7sf3iCucjqOabZ+GbfT9Qa2sI4dRZobcbdNVLVV3tIrYBHIAT8ctgtnFY0KHtKi00TX
rr2HUqKOlznfCdjD4rvNUurmxulu7G7uDemOzA/1UYkc9RtO0LngDAGBgV0Xirw7c6r4E0/TbdNN
ZbPdqV5JbWsXnjLEEOyhvlCxAjg/Mzd2O3ctdTGixzWPg3SEsft11I1xcort5geMwtKCuTu8sk8j
HbHy5Mk/iPSkhjRftUcyWItm1DygWkA+dgAMDHmM5DbeQVHYk9/1P9y4T/DQwjV97mVvzOyGhfDm
2+D+reErSa3smtofP0mT7Q13cXzAFmLShdvJb5VAGWf5eM44/Rtf+HeleM7LTLvQby8ht9Igj1yR
ZPL8u6YmRZUYZBaNvm6kEsw2kDB0dOWztNBuLPSNUafTbe/WW1lt2ja6icKhZYmMbyHIj2jYeRjc
q5Vh099ZfB/4hHT9Vn1bUNA1aTTkt7uzmsxJCtwIwHkADxBWL/My/NuIJJBUKeSp7WhWVPXl/wCA
dEeWpFS6nSR+I73wbcWt9oGpz6xayWYubNZdzvB8rfLHMnl/OQU3wuH2kIdgAOLlp481jxp4dmfV
vE5aHUGMd0NQ06OC6JDFUG1GMbTKsgAbAJA6scg+X6B4Bur34lTap4b+IVrJpVlbxxzf8I7fR7pp
DEI5Jngm2MyF+u0hVEvfrUPxhuPFcfhu40y01otJaqvk2q3yqYo45N2AYTgnGc5BOdx3E814sKMJ
c+m1z0vayuj0CXxhoN94eW91We5v0jtMxNb3irHqMu3EYlZm2sBkhkZRnaAMEVR+FvxGv/EfiybV
be21bR7a3jsWj1X+2P3Ji8yVjbNH5ToU2JICeSgX0GB5j4fXT9K8GaaLm/j1K4t0jMdsxVoRv2kS
uVxu5XgFhyc9DgaWhTXEXi+68LeDNeuFWS1tx9l0lFhkjU+eSIXjk3TZIXIB47dTuqVGTppen3Wb
Mub943/XQ9ivPiJqvjHwvb6R8JPGkq6csjC+kusXX7sMSJRGp8tF3HIJXO1FDHOQIPEmsR614iOs
/wDCUwa5atZF4dJmuFmR5AwRvKaILsRjvfZtRkcMBn5RVTQbrxJrvge68H6dqGgw3iWySvY28aCZ
GRCXXILSOShbcoyNyg4UOorz3whHnwZJbap/ZJ1KKykmvbpZrqHyFbcqhVBDYXKsykKNpwpODRTp
qnt5jc3LfyO0udWtb/w+vijXpobaGRUl1Ga4VUjQNHOC0UaHoxchsDHClCu4486Ww13W7vLWUlrb
Q28cNrIt87wSrGNu6J5V3MOxznkdcEZ2bSDxXbT28mo6xd7ruW3/ALHt45JGhuPKT5BtJITtldvC
7mI2k5r6Bd6l4S8T6xeeJfE11YwmRYmnXVEimllyxyxYHIbDsARkdsLjJC1PUJ3qRseF/EK1g8Um
/wBc07UtNsZHV0/0oNh2ZmyUIGFIwFGRj5eOhrndF1uU+GpdL1mxfUZi8ccdxJGzYDdQpz2JyCQO
ueKLeLT9a1uTSrK5a7MF84kkaJcqwZmcglSwA78gc+xqvNqsGn3kcWl3hkh+2+XHdKwVSQg+Y44O
R0HHTp1A9alPmqSmtHZre6fyPLrU1GmodN/NfM1rTxt4ga0k086RbrPBDmSaZhyR/eyCDwScHvii
bV0i0KbUNYmgaSOzMkc0N+r/AC7dwVlVhu4XI+mCOQKy5NYm0+xurm42SRyR+XNJDjO15AuwKv14
zxwPrWfqWn2OqzyzJdtYwyR7pCq/K+G3YCp04PPQ4Uc9a2lXkpqzu0rWfTt5dDOMYcuumpk6hpV+
2n6f8RJtM+w6fLdSRWU/2c4fux5753dMEfrXca94f8Q3+gQ6/Pqw1PT7hWht3mmcMnl4PlMThgQe
QD0B4zzXm8NxBqWvxaV/wkEzaRArjbJMQr8seAWxnLHGecV0Uct/a29zo8UElxHeyxvNGFzGuRsy
EPIIHUn8RxXn4KtQkqnu+71115kt0lpZ6JHRWjU0128uje3qtTpI7jw+lha6dZXbeXHN5jWiyIyo
wQ5wcDuMcjnmhptb0y8sdRuBI0UsinyZ8llY4AJCg9mPUYG3pVDUPDUMen29ukksU0l9va4ZMgKs
TYHbnjvWVcpb6ZPpdvHdyMy5GxmYMGzxjn0Y4rrrWimp6fD+LRnHl6alnxn8TvEmn3SQaDHBb2rR
7pI5ZDudmJXy/Ujgccdeg4pfBUepeLr7T/ASaBb3l9qMhNtCt4YVjwoPmSL90LhcncRnb+FVfFy6
G11Dd6o8Mc8JzHE/mAgY+9jueB361g2fiowWF8IbdY2V9kYUIrupByzDOT17jjIA5rysZVryxDhV
rXj8tFu1tpe1jooxhKEZQp/8P06ndaz4S8OeFTdTWN291DDNKpkVmVo5Ub94u0dNr7eCSdpQ8g8Y
M2u674pksPDvhDU/s9rPfKtvbLIU/ebGTYGyAqkSFTyoO4ZztGIfBGu6xrHhjVNe/wCPqf7Z511J
LnfuYMvmkjgKS+COvyg8YBrk7vV/Eej+Jl/tXRMC3kaY2rZQSBsEsCuDggLjnHp1rOpjadPCwlGL
jTl0Wul+69DSnh5OrJSa5o93+h22m2nje08SXmgBX+yy2KMsbs6goysASORyiHg5+Xitax8Jaz4P
s3t7k2+niSTzPPmlCKCI3VdvPzcnDDPII6VzXiT4n32pXdtLpulxw3UK+RGYWaQQxjo8YPG3kqM8
qFxkg1v6tc2HiDwxJp2uX11eSeU1wsdqfNljbcoDMAfmUJkntx78elhauDk5uDbkm7Xe19bHHWp1
VyKez3S8tC544Gr+JPADaP460mFo4ZYzperQ3MWxIlba5JUnzc7SOD97nrwKVhp1nNb2cFvqsaxw
y70miRWkJA4H31wMtxn9MjGFL4hvdd0O88HW7zXqw3S3VruUq0BaRWY7R8vzHJwPU8VR0B7y6ljh
1ENbyQsDHMqlSAFxg89M44z+PalUxVOpUUormdkm9Ojel/LoaxoSpxte2rdumy6HoiXvh2V7qK8h
k+0PAULPIFMDqx2Y43AEjd3PJp3hlWXUIzB4cW+VZcNbkjLAqpIRuS3GTkA4z07HN0S5tLmSOC5l
+1XG/Eit5eRgsece4xjJ4PtVXWda1LQbm7tRZq1mZxI0Mca/JJgYCtjKMDjOM8e3FetOpGVNT9b/
AHHFTi/aOJtX+l2Njqsd/p228uTNJPZ2s1sHiVWXJiK5DYH3cLz6EYFdp4s+INlceA7Gy0HTPDuh
x6fbqtx/YmqTq1wYycnE7kEMSM7gzZ5ycYry3TtUe5dbmzs5mZZW23QlYyYL/d5bHAAHy9MVcubW
zu1Fzcny41Zmlm2BpZeeV6+ue569K82VGFaDqQWv6f8ADnV7aVOpyMml8TeKdS8Pww3n2W4sY083
ytPjjjUysAEDeXtLHjjJOBnHfPRS+M/FGgaLbXl74ktrC41NUktriSzWeK1ERcfdCuE3KTkbR0U8
kHHmt1o81tqkMOjRSOyqRFGm6UgrtYKQSeTzxgD24zXS2Hhzxn44dZdRksl+z7obmG8ukRoiTvDM
pIXOS3yjvj5TmspKXsXTcW5X0t8io8vNzp6Grb3WrePPEstx4k126uLS6lWLUpbFS0UpEq7Z1U5K
9mIZFUkHJwQa6A+DdYnvJtM8XeEYzGCP7Nvru2CrcwNIAH3B9wJwSPmyNoAVtuaxdC1zUPh3qv8A
aEt3ayO0c0a2cMpMU4b5M+UAoHDMcHjHbiqetfEHxHBqMut6e7tM0Oz7NjZFJ0O1wm0uFOfl6AnN
dEqc6MOZvXqvlsHNCpNI7bXNd8SXehN4T1tm0PT7UKkUKxtLbH95t8zMrbmkUhgzrliTwOCKh1fx
d8P9S1SxsNUm1DVrxVVbG+kVc2pEpCmNJSPOTJYFNy5b+Fec8Xper32h2rJqXiQRNNbKqaeI5MOP
uklNrkqTt5K5OSRjgjak1/Wgy6Xq/h7Umt5t32aWK6m2bsGQqBLIwiLfL820cbAQoBUcuIV3GNPR
v8DooTi7ya2O80nxd4G0TwtHr8HxT0S5nummhh0q1b7Csa/KrebFM42OY3I/1OwFuCSOcTWNM8F/
2e2saT4fSfS2DKlrps3mG1mky/lyu+ckeU6IyFiw3HABNecXHh7w9e67De+NNU+x/blLWepnG23y
qkM8K/6w5AUlMc4LdCK6i1TS/Csn26Hxit15iO8cS6a7LdrwWzFIU3bcDnDcjqCKKMKyk1Nrm/S/
3E1Z09OVaHOf8JJcvpf9n28EHkrdLFb/ADt8jA7OmcED16A5weTWvaLbSQi4jjaG9jCqWaYkYAxu
Q46g7sjnqRxWTqviKxvL61MmjxxOlw+79yFhDc5ATJYcnnLcEninahbyW17JqemrmbyNnksnGARk
cn5uueT0z1zXvYepb3pav3b/AHHkyUbWS7mheXcUrNc3N3I6eXlpGbdIvHA+Yj68nnitWzXTl8Q2
t5ol3cXSvZsd00671I27ht5IXJzkdOc5FcpZ+JZ3DQamsn2OVSJmjyobgYIO3GeTjOBVHTG8QWep
yW/gq6Evyt8wmIYHIZgB2wF9/TnIzOMxClyq3VevcrD0ZRjJvse7N4v8MS2ckV9o9vJJcKnno3mT
FGXLArISdwPOeCcAA8EEc/qPxBt9Ks7WHSzfXcdy/l2txGoUo43N8yq3BJG3aeDjByBWRp+valre
nNpmp2cdu6qhkktpvLlZ92O20HHOQccHGRkELo+heHNDjt7a20e5a4jllkt5rbUiyjEJBlbI+VBu
GcsACSQ3assTBunonaXV+qNaMvO1rnVf8JLZr5cXjCSFZGs9i6hZWflbJR8yrJHFwW5dC25Wwx5O
MVX1HxT4p0WK6t9c1u7kurXy1W8KtukRiWUPjBb5uRu3Mo68YAxdRvYr+6W01Of7XboyRQ297dNs
K8ZKLksw/wBYRkdz0yRWjayQ6noP9k3/AJ0MNnJsiE1uiyOpJDM2Bl0UdMYx64Jq3QVSbaXT8QjW
/mIbDWri7uW1vU4Z7vTbMMVCuPKKmJh8xUbcfOSc5xwBgDaLenawvi+XUWhW10mS1s7Ywtt81GXE
/wB0KfQJ2ONhOMHFYnjmbxPoek7PCmu22kwW8a/Z7WKFGTy35ZsD7xIUAn5s9toAxnS6/wCJA01z
EDdQ3EdpGt1LApjlQGRt2wg/ITIQcYzuYnpShUjTqKk001bZeT6ocqa5XKLv/SN7VLr/AIRbUtPa
/wBXZLrP2hbyRHid8sxUhSoZAMsozwfUDinT/Ee0126W0stPuIptOIk8y8U/L+8GOc4wQyqMdCT1
ya5+/t76/vdtwk/lsGEUDTAmHJIEalT2zgHPvjk1j3X23w4P+JJeRqt1brJMq4fLGNmBO4fLwTnH
ce1dUq1enZrVdertoc6jGV+jPToda0TXrl9HgtoLe6vMxW7W8q+UHUH5Gi2ZIY7fmJOPTrXdaF43
1vwtpdvdaN48vtNR2d7mOx02GVXUAib5zkOpAXK+XtYdB/Efn2xvL6W+hvb+0eGP7dFtvreMAgLt
3HHckZII4O3vXXt4fuJp5r2K/jt7VrjfeRQw5aJ9pxtDBdxYAsMlRyemBSly4lNtbLsaRlUpaI9B
Hirwpd6lcX2mafPefYbV3uJLyFrSJmkPQD7QMgYXBYYBJ244FcDr/iC0/s46AzLCq2bGxmE32gmQ
j5kwC3lqcHGAOD379R4Kj0jSbpn1rVdNu7e4RoisliyIR5e5GYmIknOFbDLywG481g/EtZPD+myR
QeHria5ntXEJSdj5asrriNdiBAMLhADjjJO7nycRT5ablH59DqhUk5Ln3+8XRrqHRfA+l6PcWySQ
tDB9ovDCzBmMSAD52ztJ5+XA49cUmk+OE8K+KdWv7GOa0NzYxQW42gxjd5oJLsQTwV56/Pxg9MMa
XFFpli0ksEy/Y4XeNod2w7emfLyfXggfXrWXplzqun3euTLbyQzW9ranyfOUEpIGGwZOFz0PXPTA
xml7L2ajpa/6RY/aaSt0v+LR6bp3iqa1FyrvJNfQwqy/YbqNY3O853AA9NwyhOPlXGAM1dkvdP1P
Qpm8PWlnbn7HHbi1yYyJmyo4DMoQyEMGVgAeeDivO1vZYImt9I06Nvtm1ZnW3PmEO3Kb1+Y+4LYx
2rsbPQvG1rLDEmg3NpLPNDa266lM0KrG8qZA6bQPm5UjABJ43VrVo06NKeqvb87mdOc3US8z0/Rt
C8baLYf2fpFwjaWbma6ulmv4PtNwrJGNsTLJ8gJj8vII2Hfw1ZkfivwP4Fuvs+p393otuu+O3K+T
cPGS29omkYpk5YvtYMQWJDkPgZOo/FvxH4ONpFOWu4/MKNa3F4JLdi2GYLG0YbcDuG4fOX3HIIJG
E3xC0i7uU1rxRqDaHbrG0VrcXFiJorjJXCsj7d0qoi/PukYBsMw3KK8ephvZx5qv3no067lJwh+J
816kXnvWW3/0dZ5FnumUhS2JtgjIYjqyj6hQecc7+g6VY/YodDv7S3t91xJM1vNGdwIyCc5xtw2N
pxxjGeaydU0/TRqVxod/eG8ntQ2L0524V2bDJg8A8ZxxjjrT9M1K0v7gBZ5pGhkmPnQ4RR8yjPb+
nrW+F5Y1fe+K9rfPVfgjkq80opQf9dGaF34b02GFoYby3ZHvFPlyRsC3GAv/AI83p1HpWHfaH4l8
9tNsblmhXesME5BjlB7jqCOD6dSKsa14gur69jgtZkhZbhQzLGRsVVbB5G3HIrL8U+NJrGWG4Wzk
mVpmKysx2tGVA2jnsc8jtWuKqYJXnO6tbbroPD08RypKzb7mT4cistS8U2+iCKMyR71kTbtw3GfT
PPau50m5WzH/AAjviidLZonzHcBQziUOQBx8zKV284PHcAV59PqWnFo7nw9pqJcuqmbriNs/U8+o
z25610l/4ruNd1ManfWsdrMqxJ+5jYrwOTjPGMkdgMcVw5fiKNKMrO7vfTZp9H6HRi8PKo07WVvn
ddTS1DxRM2rW6x2RNwrs+24utyvuVlGM5HQ5qv4gNhI639z5Ya3Hm+YzcLnjBB5YngADqfpVXxJb
6NbTw/Yb2NldZGSVZMK6kgDkDOBuYenFZOoWsUWrrdTW7zqoGZlYso6/gTz6+ldNatKMZqVmrpfl
qc9OnH3dNk/mV9csX8RNDr13INOkb/UwKrE+WHHzHJ4P0qO+juGkkmt1OLdQnmYCmUbySzD+Lngf
QZqHxNqcxSEllVfOy5ZRu2j+Hk5IrpPhC9hriaxdanIY7ewtVmgkk01pYlYzKGLheduWBOccEkEH
GfGiqVfMHh+b3pdfNJu9ju5akcNz20X4aoufCbw5D44hm8F6DPJb3l35nltdr5aSFfmIZw3A7gYI
HHpRe6RrGma9a/DP4jwyWUENyYpJL9SGtnbbF5gbG4oF5wMjrjNYXh7Vtct5b6Hw5MpubieS3jjt
UabCbwf3bE5wduAecqSK634panqHxA0Pw7aa2J/7T0mzkj+13hMZvYvkdiwPJYN5i5XrjpnJr1MP
7Gtl2kffjZbe7JXtZ+fVdzmqL2eM95qz+9O25xWvXVrZrb+HktjIyruk8rZlm+YfeA/3c59SOKv+
F/EuraFqNrqlz5NutvOd1ukwVyhJG0cE4I98H1q1LqdxJZ/aRYxtb28kRUWsy5WNnYY+X5lwQoyc
ck+orHvtenvLgP8AYY7fzF8y6aNSpDDG49fmGMkDpx7Vx8qoVOdT6q1lb+rWN4/vIKLivPVHdeJb
bwh4l1H/AITHS42ht9QjKXlvLCqFZkTcWO3szcjgnrz6c/rMZvbfydWvNrWs+I7iG3Me7gAA5PzE
BeSefr3ox2Os6XqFnc/brVrO7+a1ukkJjdVk8sthyfmHOV6Y6cVoXE9/d2EsUMVrNC24zQybW2fM
2SBjn7x6evpXpzre3pybhZ9VbdvrZPrv8zm5XRlfmuul+hM7WDM2oeGNV2vJMHvLdlXLxkFcjB7d
SOOvbnFi4TUb3SvtIsjIojxvi+djHznOOSVPP68isBNHv3azvNCtoVhWNWkkt2B2yd9zZOOfyA9M
1v8Ah/U7vSbiHUbPxPHDMAxkgCnG3HLbhtK89Ap5PajDzl7O0otbddNd2gq8t1yyTf4/MvaToHiW
1ngTRYo9rM6xqsihZFLbuS2M43Y6dWwBkVQ8VxXdm/nXWoQxzJIBO1hc+ZIjbSG3DJUgn6H0xTvF
vjCe/wBQbxLBr1xas0gnjUqAr4+XAIz6EYOBgdat6VpkPiSwgvrKa1srmNdputu7zUJCj5XHclvm
yf0rX93UpuhT3Xd6NeVtvvMuWpGSnJKz8huieM59IuV066uJZbKe3kmkurW1H2hmJJBMhXIY429S
BuqbTvGOg6X4g/sm+k1SSxuW3XWnLCFihDKil2BbLOoPOCpypyTnFRNY6Bomo2t3qN0195Vv9+OX
90rBgFVQ69NxBwSOh6iuMtfFuqad4rkvrWyvLd5choYbpipRlww2Y+bIP4nk1zYyv9TVODdm59Nd
NGzow1L2nNJraP6nq02vaXLdR6TJp8r28VuJLOaz+WNucHcki7t2Nx+8CCOOM1lXmr6fbwOtwr3F
jclPtEVvqA8xwMNkCTLJkLjOc49RxV/w/eLqFhaza5aPfSSRu/kx24EzoJGwwYfIAQ+c46dyBS+J
dI864A0axCW6bRHJLdR5BXgsQPkIAHUHr2OK76kp4iPMtb/fqcUIxp1LLoMPi3SdO1BroFreKZZI
dskhk3gqAgGGBcjAyc9/vKayfD914t0TWrm++32GoLbzSzq2n3azKZPLZ87V2swGTlsZ44z1prWG
oM39n3nii3/0hdyyLskKozbWXfn2ycYPHBwSKEgtdMD6bogaGQSfvNQt5lWWXcW3KcsQG/EDsexr
lr06ymm3ZJ3+/pvr+B003SlGyWrKer+JdZl1pdF8ReGY7qxklVpLmQMk0bBBhlbJYN1BBJUnJIbb
Wt4Yh8GJG15resvJO9gRbWu9llckcHhGC8E591bjPFV/Edl4puI51vrea5mu42FvPJb7WuIwrBo2
Izg7h15GcgYwKx9FtraNFTSLSaFQsivcXEIz5wjbIycBR6ADp1JrmpyqUazvd3d9TSpGM6enQ1oB
arrFnbywSPDNcs4VZCW2ZUK2SAWwW68Zx2p2qai76xJPaa1NJ5kke3y2CMDxk9OfTPXiubudRvI5
P9JMn2hY/KTaQrnnAzzgcemfwqSy8TppNnM2qRXEmy42q0cwj+UKOSDno34dM54r0aeLpuylte9/
RHDLDVPiXpY6C+sZJ2uNqyoBiR/m2+dwuM8dc8cccfjU3h9YrO8F1J4m+yl2jaO324Hc7SVJZj07
DkcVlapq7XVt5sUtusfl73O1Hblc7mbBPTr24rO0DUbTT52ls7hfMhlQMrAru6Yb5ST29MY9TVYi
vT+tQaSfZ3/IdKnKNOV9zsdZmv8AUZ5Ira1eNhPukaKTZ9oCnGeOQT0yRjI7ZzT9I8Z6jplwRa6b
5bR2s3nJJH+8iLOqk7kXIwCef9onuKxYJ72yv28i9vleRiJJ2xsK4JAIIwc9wMDjuRmptOt5Dqqy
WUYi2wktPOpOw7z02twR2OSR7VdR8800+v8AwRxhypvyNzRtagufETx6qtvbxxzyTWaXWco2G+eM
qQS3I+8rA8Eg8VrPZ6jpVxHqp1ePVP3ga1uFB3RKXGU5wQ2OOBtI6GsPSdY0/wAQ3dq2yFJII2bd
sMbkFgpGFyGBIXnPY/Sul8NQafY2jWGrzNNcXV0jac0QTaGAbLbQnG0cckY47g130KPPTbvvrf7t
zjqNxlp5fqM1+8gTzGimtbi6ChlZmSPf8p3AgjBGQOOxxggiqukx6No+p3U2qaf5y3SxOP3jZiZc
7mjJGQn3SuRhsbSc8luoXGm6vqH2iyuWiVyrRi8YMRggMoBBwc89cnp0rNvhPceJLqzMFtLHM8ZR
oF3eUBu3ng5XGQcEZ+ZT2rSUIxrKW+tvV2JjLli15X/E2tL8R6BDZ3BeC4+z29uUZVYMkO0AhV4w
D8/JzngDtxzkPibT9RvlhaGITQ2cW6SSQ7mGz36Y3fgKga+tdAsbmC2tBLDdSH5fLz5S8EnjAyen
GPWufsrvUF1a612a0aOMTJHiKNtkjDBPUnBPy8A456Vz1MY6dSnDTzstt/8AI09jz88teljqLbWL
ObU7TULO5M43BhDJLsbKqzZJ+7/DnP0rrfCvjWZlju7K7vILxtnmNEodU6D7zEn1/wDr15h4fe3u
o/tunjbJJdSbIdo2qA3lgk5HGD0PH8q6238Qajp+vW9tFZtcSbWeRo/vDnjIzjGCMf8A663wdSMo
c8ttLW80Z1r05cq6X/A7i18V38F+upNJcQGCFti2d88fykqWPGAM4A/hOR65qp8R9Z8KT/Dy6udX
01riT7PcSKtvOAxuSPvHA6AbR1IHXvg5BsNCutW/t5oZ7W4ksQbqO1k/eFPRlY7QfYDJzms34irC
dNvotL0aGC1W3AWS6ukGAx5bHy56/d5wOh9VilF4eo0ltLz9Dai3GpFb6o6Sz1w2sOn2cU00bRWy
G3bcZAu0Abjxjr6Yx6VUtZbubxVfTX2p28kLR24aMSAtIUMgwB9TxnIFRPdW8Vq17D+6X/VozYzL
JknqeNvYHjp361kWtwz+LrpbiR0ja3VprdZNyyDzGPIGcZJHI7VNd39n6/o0Zx+36fqjs7q1twUi
n877KznaseWQ/KP7rEDGRxnp1qzr/iqDT7i3sfBTzxLeXMcF5IbgNvBOWiwvVMgtxycDIGMVzum3
0ZtY4o76ERyQuR5e8JHGCADhvTjqCQDz1pum6drS+MLeaPSIZLeKXYZmki6OHwQNwYEYU7lBIO3v
xTxVOMqEY92l+KDDzlzPpozp/EuoytezT/8ACSLJayaojwu0ZaW3KkncQygkAn7ygEdCDnB57U76
B7y4kutRu5oxKFhVPl4AwQdy7SwIwdvPPIGBWlcaZpNg8I5uJPtTMzeb5gCZzt3lUZ/c89utYF94
wm1ZpLr5YZpZiftD6WrtJjJYHBJPLrgknoeecVwYrDyvZLqzspyjL4mcHdXVj4j8YapcTP5QETmO
OFSQI8sPLHI3fw9Tnk0vhyCye4uL+009bdQFiiZeN/c5z3+vNYkN1FH4h1KKWCPMlu/8HTLMRjjP
HfpxTND1uWW7uvs96tw0qxtvZR8vH69RycnNeTh6yhKEnvKUv1OipTlKMkuiX6Fy6itxqEkFxKVj
gaQvwCpBGVXrwB/MY9K4fUtea8la0sLpVh+7GThCqk89O2f1rWvbg2V9qCI26QqoXaw+Rc8gk9T1
5/WuXfSDHDJdSQruWTaV5yvAxn9a8HNMVXlTUIq2rv6J2/Q9TAUacW5SfRWOw8ceEdM0rStI1LTb
mGVtQVlmWOQFVmGOepJ4PU9cHHaqegay2mO9tqWjeZNJHglpC2xgvT8fyrkSr585gPvZLL25NbWm
6tNEsjoWjMKq7RqP9ZzgkVzYfMqNbFOcYclklbdev6nRUws6dDkk+bfU3re/tUv1e+iX7P5LOqRy
N8rEgHd7/L0pl5q6LIrRIyotwPNX+AAEd/pnkVkSa3PJDNcxNu85fLDvJuPbOM9+1aXgzVrS1tpp
TpDSTR5maYbiqKCABtBGSzEDcSQAeBmu+njvaVPZ3Wrvexyyw7px57Xt0uQy2izzPq2r27R2y4EM
r5xJyM4PfOTnHpW74O+KcngTQtf03R7p86vaCC1Qvt2EttcsCP7pbBzkEKe1c94o1vU9ZuEt9SJk
yQqtx8idgACBwBjgD86p3mjy6fY+dqsDRhpDHI0nLqxJ5AJ47e9c88RWw1ac8NpbeT31Vnt5bFqn
GpTiqnW1l5Ih8N391psgv9NdophNuZlOSVJ5H0r27xFq1pe/Ca18XaVA013pFzKPtF428XshyZH2
MMLhS8gAwV2rkEMMeY+EtN8O67pLaXpF4sNx5btJJcPswUXcXPYL1A5z8pzgVs+Dv7Yk07UvDsWo
uI4kM9v5VxF/rNsiAkkHORI6nBHynPOBXo5PGpg8N7OMuaNSLSa1tLf7zmzBRrYjnatyv8NvxMa3
8W2LeKJrjQ7ZbO2uLQrJFcL8odhvZVUdBvGF9sdM4rpEtbT4neC55LeKGO4j2yi6hjVdv70oVfA+
8wYHOeDjrzXnEthrFtqrWdxpkkEkkmyJZDtLNnHBPuOvSvVPiF4F1Tw38PLfVdL0o6TDBIHa1kcP
IY2AdgxCqzYdCw424f0AJeV1MTWp1lWjzQje6s09e3a25pjI0qcqfI7SbVnucrps2saV4d/4R69P
2pbG8LJFNbrmFiT8685wdxypyM1LLpeuaPf3MGn2Mey4jKbLWPplc8HkqN34flVXXNK8u+h16SeU
28/7srt3GOUASYPsdxKnHT6VYtDqepTNbRxR79/7lo4QvBPTuR9R9O9bR+F0mmuXRa9EtHfzRjKU
vi013uvv09QS5fQrVbcq6x+aGndV+UAHG0Z479+TV6PVbWSy+23EMMazjcvnLuVmU/fwfmww7gde
1Zeq2+6T7JqIn8w7hNCpZVOMEbsck/4cGsfWI7ibyU0u/jhVcMY0VYxH83ck5OAPc0VsZUwlJpLm
SVkvPyFHD060k07N9TfvPEOk6jPD/aE8dvtkZri5WJcyqDlRHkfKT0rR1m/8LaneW9vZy3t1YzR7
4ZnbLRHZ8yEABm5wAxP1NcprOjXmr6Wt3DbzOFVkVlYMqbWBPTp1P/163fBngvXFupNU064aSFbf
zI1jj+YhWGCqnplkPrwOnNRg6mMxFX2bp3Ts721t+Vvx+ZdaOHp0+aMrb6f0ihrNtZwwLLaaxLGr
bkkt5ww8tgOA23Pfocc560yC+msgGW0jUxxqZZZmCkggglcjPHY//Wro9fuG1CJYrfxDOssLyxXG
LYrIUAYgMVIyRn0z1xXMCxn1C6/s979lXbvfEJ5XrzxkjpUY6EqeKvTe9rary3u2GHnzU9em/wDV
kdNoLxySRNZa+UhTYIZJJG/dYJIUE84GGxgDHze9SSyam+p+XpM8MiptElwtwwhIMXKqrfNz1wBk
fTFYd5YLeQLHo9okPy75Psso3BgNrAEkn0b23e1UPNtDkwSMr+Z8sDMWY/IQp6Dvxz39aqWJnTpJ
NWaa2dr+Wv6ExpKUnKL+86uPUrg21q+kxXF0sbGQxzxksRvIxtwfl49MnnpVfxBLbeKN8OoR/ZWu
d3lTLboMZXgn07K3cA5Pase0kkjkk0ywvvLOxS0aztulww4Kt/FjOOR6d80XENwFZYm85f3gWMHD
KfLbOOgPT3JwOtOtWqVKEoSWnVAqMYVE4vU6Dw98T7Dw+21vtd9eWtn9nFzcXm0GHABT7uc534I6
biQa0Y/EGl67ZSadaWscm3zXQSqokMZjYkoTgEBs/MozxzgV59osixwLdaoBIJLeYtIzMzwsAxAY
+uRnp0z6YrQ0TUfIs5rOwuYWZ0kOUVwxOD2bjGFOe4z19MKOOrKMYy27dUreb7G1bDwbb1fmWzJo
Nvqcs+lxM2yQGb7UD+4yTu2gHBAJHJH4CuW1y91bWYVv7Tzn3zSPMVHQZ+8D1xyM9hxVyx1SeyWW
41UNNJKpjddxAJPGT3xj0IPvVi50KbS1s7qKWSFmhIktvLxj+8N3Hp171y1faYrD8sbqOt++rVvw
Oim44aspPW9rdtEaHha6uX0y3WzWaOfzNkU0zbdqjkcA9Mduhx71bsnurjVpxeaW0i+Y81xJ9nCm
JiRyQV5XJAwPXg8ViafaxQxyWl1ZC5YLiNZpmUrhuxHHvyce1bHhCbT9Ls0upBEp1LzbSYSzKWG7
BUncCNu8L26Dp1r0KM5/u4ydlFefT5ehyVIq8nHeX6nWvdxasJHuLPdGyuGLWqxpwRg53Abev4gd
KztMtTq1/LHvmaO3kXznVWckksQM4HA98/1rPuo76/iXUdKgM1rt/f2bSDhc9DyMcjqODkCjQDDY
JGZD9nX5QsM3divTPPQt0x2r1vrEvbwUlpvd9dDzvZctOXK7+R1VrLNfOyx7m+Xayx2xVomAUAcg
55LHj1qO0udWtZI77wqt9qF9p2JPIWx/dPFuz+8HUjI5J9xntWW+oebKup31682G3wrDGYxGzdGB
zk89iB27dW634n1cGZdQXabHZDcXCTHfmQjCFjndtA711Vq1GNFqV15/jfsZUaVSVTQ9Hll0bXbG
Oa40yPT7ywgRvsgHzsuAWJL5/iwCSeAB7k8ol9apfX4FgkZCRny4ZAUdwJQz8HGcAD6ijwpqniXU
NJk1fTdU865ZZLaJmDpGhjU53HBXoxKsfQHjFV4vGtrptte6trM7XUjSfZVmtbr51JMjtnBKkNn7
2GBw3TIruhiqcpU5yeju2/K35nJLD1Ixklr0t8zJivtUs7LUoIi3lzSzOfMYYAUccEfhnk89u0l9
d6zJpeo2ejyt5bXCq1vDIQpKkjAwcDJKt064FZZ8UDUNPuri6mVhNO7LHcSchW+YDIPPTnHXPbFX
NQ8TW1uLiystzlrkjcyBV4cYw3TPH6CvNo1cPUjfn0s/Xr/mdnLWpy1jrdfdoXvDKz6dPDBBbtJt
ViQ0OGkBduDtxk5A5z6V1Xh+ytdX1KaS9l+zxw2+G8y3xIMnhVJOfvdu3NcH4a1mO9eNrlzAsdkq
qjHJV/Mk+YY5yce5weK6/wAF/Znso76/ZpDqF0y2tvHKQ0ceDlnJztHpnuD9K9HLa1GpCKT06fLQ
58RTqKo00MntI7fULnyr5F2q0LND/wAtgAArE5zzgfzqn4+1TQJvCcxj0S886SRVaX7YTE2WUdPv
fnk+9WGuorK7miNi0bR791vMrMyMB90YAXp0OTXP+OL+KTQ3gWB/vRsplkXgFwSAOMcfX61GMjyY
Oo49noTR1rx9UdVc3NqTHCglt2VYw0fmnD4G31x156d/ermnXsWneJG1y5mjZozH9oDFQ+cfJtc8
qMc7fXH1rLX/AIRjbuv7eVSsw2/Nu28EE9v1OKfNPpum+LLq3nsLeTzIwokLKyO3QZRC3zc4ySR9
OQNKnL7i00a39GRTjzc0n2/VHV6dDpuglQsUxaTal0zRk7do+m3Pp16ZzxWbcanpkurW7aPOIriN
Jo7eFrbAib5EMqtnAbiQYwOOKo32of6NIHg8tkQsI/LVC21Rt4HfjofXtyao2rPpmrw2XiCbbKbZ
A1uke75yGdtz/dVgGzg5JzW2I+KClvdbeoqMnOMmuiZvWmoPbWluYb62F26t5EcjGPa2WH3j8uDg
ccck1q+E9Cv9VtmNhdw28m5nDWMw+aMtx945HAHXnp6ZrDvtVsLVraa102STbEf3KqS5ZcyAE4/v
AewHuRWnbz6c1jHZQahHbpGP3atd+VHJgldwO4ZPA7DOT6VMqMPbSTu2lbQrmtTS+Z4NoOoyx38g
YJJtt+68/dPYdfvGl8MajCJZEtDt3RAMFXooAP8AMmobBRDrNxEkyjyYwu1u3GO1Q6A0UMkfzJua
SRVXPzEjGcn04r4KhUlD2HM+rv8AgtD6WpTivaWXb9R2uX+2aaNp4VRdkjtJGN0jAHb/AL2Ppj8+
eZfVb+9eQT3DfvJN0iDhXx3P4VvTW/h6RLqbW764+07WW3jWPcgZccsR1x+VUNDgn1WRNO02zj85
h5cJbCg7j+bNkjjrXjYtTrYiMOa3NeyWrd+66HoYeUaVN6bW1ei26FbTbUXAeSZf3UbfO/p6c59a
1Uja2hhvmtG8k4McrSMdxzyOpH4HqM1natpeq6BPPpd6kieRJtuFk/hYHr9P51s+HPGKOi6B/Y6S
QtCFaOSZsyENuz06+mOmKWXxo0ans6t4y22vd320HiVVl79P3lvp0VitqVpalI3sXi8uV1I2naq8
jIGfc0T6sLSOSzR45PMCqblsj7uCQuccZPfriotSy8W6C32q7b0jUgFTn6D0/KqmsuLlhK0XlybY
0SLBzhVALZJPJ7+9aVJ+znLkVnpqtv67epnSj7SKi9Ud94eeHwhokfia6sUj1TVf3WiySIDs2uA0
hJ4XJ4HB4J54rjNa8Q3OqXd5cTaU0a3V00skasGVWHuR2qWC78T+I5rOxtdPkvpPMCWdurMRjP3F
XnAz+fWruveE9f0Gzm/4SK0W1XzA3kRtnBPAyOw4PJFduIlXx2HvQUo04635bJtrVyb0u9beRz01
ToVPftzPbXXR9EY3h+8tNMv7O7htPOaG6DvF1V1BU4PscNn2re0rxReeGtTbVtEtrd0WXzI1njHz
DP8Ay0A+8OSCOBisDQ2tkvvtBPyE4aMpuUjP616PoOpfC3xIn2LWNC07S9QXeWuEeZPMLFPLVF3u
A2d+eMYPGMUsloynQSVZQfS+mq7Pz8zTHVIxqPmg5K2ttTW074u+BHRfEGp/D3TJFhtJXjt47ZlW
Sc4VI9u75k3knJ3HnH8INXPCWneHdUudU8P3nimOM+II479tJ1ZnjFo7qSd0kJJGUMnAAXaybtpI
FcDY/FTTvBtmNC0Lw/Z3wa6klkk1G3RwcqwTGFWRSCVOVcYIHpisO48ULrmuzX8un29jK9uoaKOF
sTEKOcMzENjB64yOMdK9upn1OOIpxqTjUknqlGy1Vpaqyldaa6eVzz/7NlKnNxTgns7673Wj2PTv
jP4e8MeD9miaDcNIil4JJluDJGtxGUwqs4yw2lQMHjnIAPHEw3M880ZknZWchmBtyoVOPmySM4x2
7de1dn4Etvg54r0m80rx7faot5NK9zaRWYIRZlTh9wVlGecsRgfL6Gud8VeDpdD1X+yZdSmhs5Pm
WW4hRZGjZDjOG5xtxkYzz0rrxtKrVviqUY8j2UX8PRKSurLqmcuHlTpr2E78y3cuvmu5nXGq6e13
IbO/uJ8RASQraDIAAOQRnrz1FVIdLtNYT+1dVilW3imH7vlcgg4XI/i6ZHBx3raOnwRrHBoglWMM
FmkPDyEk5B569R3HvxVrw1Za7c/6DEyiOGZjLKt4MKxIU5XB+bpjnPftXNLCyqy5Knvbuyu9fVs3
jWjTp80Xb1snb7jltJjVNVa8iuLiDyoT+6huASctn5j/AA4HBxk57Zra1/xpqV/MrSvHHDayPtvI
ZCJHAIKiTPXGD2XP0rYuPC+kpoK28ltJc+Su26ktlTzAjKfvd2Hfrz9RXIyLp2i3q2tndWdxGu5J
LcwupkibB3DOecHqTnjpWNTD4jLYKDklGWrs++yt/ka06tDFT5mtVtdfiXnvNOS3klmu7dpbnHne
XkEnAxnjocfh+Nc7oWoNc6yq3DiFizQh3UEFMYIPHHHQ/wD1q19fgtk+zW0t0s20j7LPuUCWMk5U
4/unHJ6VTifw1EbiPTnmle1LHzeEJbADMGDHcOuFCjgfXPl4uVT65BNpcr2vv/wTuw/L7OTSbvsx
7a9MryWvzL8whVmH3cfxAjpkZOQelRo9vLcQictb/NmQxY3KuR835Dgn1981a0/SZb23he78xRE2
Y1Y7gy/LggdeCTwOT6dTThpi26iaQMjkt5jTMQDnBGFx0Pvz6VUo4iVnPVXvr6oz5qVOTS36iX9y
NNvv+JbdK3lYJktbjr3PPILbhgemeaebhfEcpkhRbW6kjZHhzhc+W+GHQAcnI4x24wBTtbPSjfTC
3DR3GTE+OQOTk4I9RT9C0XUrbUC1xH53nKx+WTcWYowxwfSnKWIqSva6b1s7pW/UqXsacdXZpJq+
5Z0u0um0qSya6laSCNnMkMxyBx9DgKzdMkenGDHBeXhhWCaaSSPaTHJIx3ZOVxkqCep+X2+tadxA
YbR2t5hFc2sMaxICygnO4kNjkeuQPrXP/aTHK029vnQmFVIwSTxgdupH4VGIpyw7W/b/AIcKdT21
2+rEOr6ykCQwZbaxKh8knJ7c/l6Yq1O7anqEaTWPmeYqpM80u3ocADpzhRwKbo0Ut5AV+3JsMe11
eTsT6ZABOff+VWJLxfDoZBZrcQxqPlDbipPq3fB2g445p06fu805Pk+9aeQVJbxgtfmTprdhYSXU
8USzSszCBpiD5fy+vY8j296gsIbWRYbvUtyNIVHlxsOG6g9e45H585xVW01PUls5NVuJJId8h8lS
21XfHBHqAAPxxUa6jqVxq8fnQ+ZJHMzLIzsVfJwNo/IDHrTqY2MeVS+SS7u93YX1dxTtv1Z2Xh3W
IV867R2kjhYKFARSFJw2Tx8p+uP60kv9KSCa7uo2k+YtDHHG0i5A+6VbgdhkGqEcWr6ZPeRvautn
qEGWiEnyqcDHHccAHjOTS+HkktvPF7HmP5Q3mMdrc9ARjGOB3BIHrmvTjiKlSUIyVmrq71Xk15HB
7GK5pXvtaxtaJ4x0rTp2u7lp7p7gBbf7Q2yKLg87FPzHp1OMHp0qt4g8UeENW11tW0ezby0miEkE
iBfOUSIQzITz0I4/rT/FKWHhryNV06EX8bsPNVlKrbjOArD36gkcY9abpEuoRSPea14GhkZ3Uw3F
1HIPlWVWOCuSdo24HTkZHaorV6y/2dyWju/dbt53HRp0b+2s9dN/0Op0TUPD3ibw9JqCeGm0+80b
yxJ9jTy2u2RAjOyAhVdXLvnglf8AdOeWuNVl1DUryE3TQxvCsZ8uPaqHc20DJGAGVOf7oI9663U0
1vStVs/Guj+JLaVr+3glRYE+cmNgJInUDG4sFySvzA8jJNYvjGCw1eafxPd2sNves6C4tdPkXyI2
BY5OCc5DbdoxgjnJBr2q9OpLDpT+KL1eiUlrrdN9LaHJh7e0cuktvJ9v+CcvPHEsUnlaambecuWa
M88Mccnscever6NdS2tts1JUhaYmSJlDSbQei8Zzk9sdeai1ez1g3kjro+1bqx8xv9HIH3SC+Tgj
cQW5/vDirnhrSbu51u3l0i/jS6h2yx/vkEjjG7Ccj0H069xXk4WHNVkoxdnpp6/j6HVUv7O7eq17
9DofDvw8gs0u9am8U2XkybltJFd1Kr5kmMkr94HjGfTGc5FvxDpt94eWzmsYdSis7i4e3/tC4KeT
IoK/LJGhJXld2fXIycYq/pul2utNnxJq1xLdX1wlpssVi/dqpLKXbIVh833cA5POeaxLXxDa+Nlv
vDtjf30cegzFobOOTcbmNnIkcELx8rNgDgevNe17OnhsPCm9JS+Gz1bvzO/y+Z5vNOtUlUlqktdP
kvxLWrs91tu5NDZH8tt99C4YMgxgsEO1SCSD90nHIyDVXxHdafP4Wkht7tWaN0G1U3MuGHzdOeR2
OM1D4gstNs4pLnw3rEzebao/kXoCsqsWzjAwTwWK46HOa53xhNLa6B5M2z57qNe3Yghff3x370Yz
F1MPh6kZx6Pz/ErD0o1K0OXujurWUXNtMjNLiRWMMy4Bf/Zx1zRbS3V5c3Mf9m+WsM4CzXX7skbS
Qd5OG78e/IxWH/bf2bTLow2v2dpFzI8aeXv64PGeBnn1/Kqfh28a/ubqDU5/OkN+qbZLpsbwpCry
fTPc9OcV0VMZD29OCindX1sYxoS5Zt+X6HTahr99DaJpl4GlWS4ClZZDnZntjjsQPUCojrK3+o3M
klkqyTeayyN2GFUIMDjkHv8AnS6HpcfiLVrfSpoTG0kMjbTDl933R0PfLdPY1W8OxWS635txeNZi
SzKJJLJ8pkLs/XHX689K6JVKkqiael/6/Mz5YxhJW6f1+RbS83axDapM3meUiMzSFdrFmbOPQAJ/
nBrrdP0a+1azVLfTxf45Xzo2Y4BIJwBng4Gc9xmsLUfhnNoVva6rNqE11LcXbXCGBfNjeMhdjA7V
7Hvz8v3TkGtjQ7ywDyQa/pskSr/qZAuVPrjcD/Pj3zx04T2jk3JGNaUYyUY66HglvKI9VuGkHzNF
iT/ZPB5/XiotDW5jksZY4BIzXThV2hmO8Htzn6UXF1brqOoTBuHbv2ODx+lQrv02TbIkrMTGV8v+
HIwx/I1+YKSXK1tG/wD6V/wD7SXvO3V2/L/gl7/hH4b1ZljLOttuDRJNtZ2Lqu0cc9j15rU8KfDO
fVJo9N0fV7OLVFkMrWaSHzIEB6eYA21jwoxkjknpXFzDV7GZZzOyxo5Ef9TzWxZ655fh67WVWkvr
u6MxmjYhtqjqSCNpBOQMDj8BU0cVg/bL21O1k79Ha3RrZ7Iuth8V7NOnLR2/p+Q7xVq8c3iG6svE
elzWy287Qf2eLg7oApI27uckY64wffNZc8Gn6dqqyadMs0KhXhkyytyPunp8wPHpUWl6Jc+IpJfL
uJJGZd8g2lm69ffr/jWqfCUmn3a2FzqCHzoA8MgYcY6Ag9K5YfXMxbruC5b+7J2vvom/+B6WNfaU
MPampdLNa+WxNb6kdUeymuYEAaNxujPVlzgtz3zznrVi2t9Ftba617Wr+3muLeQJBYTbyZF2cHAG
ABkAcjp1FUILO50zU0026UQyI3zKvcbcg/j7VB4gSW5ZmlGXdl4XooHvmu+VerToOTSc0/x5Ur/L
dHOoQqVlCLtF/lfYn0f4k+J9DuFl0Mrasz5WRVwxIPHzeg9Pu+oNW/Hes6p4t8QTXOtak1xcLHtl
uPuqzYyR1ORnuMAnpVOwtAJrW3Cx7YbjO5s7Rngg8ZPTtVzxTEmi27TNFteTMU3y7RnHIx1rKnTx
1TA1HWqvkWrWyWnRerJUsMsZHkguZpkGjW8S6UPIt/tGUDsirna3OO4NXfDL6dr2rra+J5be2t1t
yVuJJhbrG/8Af3qpLEED5QrEjsOtO0jw3osnh5dVn1eO3aKMEJI5jLjqMHncTye3b1FZupLDe2AZ
75Tyx2qx5P0rs9nWw+Hpt20ina6s1vqSqlOpUmrvV2va1jJ8U2NppfiG7sbO7W7hWUmG4hm3CRT0
J4HOOtR6VqV3Y3SfZ4VZl5A8vLH1x6cU5tOiS7mDy/LHH96PBGfz5FbuveBpotH0rxR4U0uVLW8u
DaKsl4kkjS8FXwoHl70YfKehVumRXzMcPi515YijHZt2jutbaaPueuqtKNNU59Va79LiL4+ur+2W
w8QzqsUa/O0cOJGVUVNoxgchFB7YGeSTnsv7UTVvCMD2mvXEy6bDk2skZ/dq6E4RWLYwSoyOo5rA
1v4V6XpHg+51DT/F41DUrW4VNQtYbVhCCVB2qzAM7D5uQMHYwx9wvL4D1e30HwxdWxgH2hZfOh+0
4G7qhTkjjb9eQc56V9ZltbMqNZ0sZbllG973a6paO101t954mNp4WpTVSi9YyX9aq9vMmu9XttsN
qbSNZJ5gz7V+ZST0HqcjjIyRnPrWvYi0lhfRDd3L3022TyvOKwq2CdoCjnAGOpycVztvYLr9+kAl
KeYMK0cfbqxJ9gD+J9K6SWOz0i3ljt5I5J44LrbdqAYpAsI/dq3bDcfyNe5h6dSV5Tty7Lvtrbz8
zy61oxUVu9fIzLK41OXTfsdy8ljeRNmOZT5kTAhRiRcE7cNnJ6A1ylnrMt5e289/cqklszCFVjJM
THjOMHIB5A5zXYeI7O8m0jS/E1xrvkwrFFaySW7fvD/dcjo3TBHomM1y1zZ2tprCtc2ytHcxidZr
ZQpfnoBnghs5HbGOmK8nNKWIvTV3ZW36p6p2W3rbzZ6GClTlGb01vqujW6uWtT0h9Iso0SX7U8dw
wkZoiCkgyduAeMgn0/Sl0eMajcyXEiQtFKxZ4bhkXcpPKDPfJ49utU7H7TDPIsV6+1rjezOvOTnn
GcZyfbkCp/t2labqCS31zI0kEmY0a3GEbnuGOeR0OB7iuZSpSqqo9ErLe/zvc2lzRpuKd2/X8jau
bbUXgmto1Cxwj5VmuI1ZflZu2RksCDg5GO3FYd7JMJlt5Zf7PkjVjNJIu5sY+8CoJOPT9fToJ9U0
90mt2uJil1a5jm84BlJBOGbk4wCOSPvDtWRrdsupGxuXv4ZvMXytpyCQBjax6cDbznpzXXjIylSc
oSv/AMPbysY0JWmueNjn5Ir3Rr5rwSsN3zq3lkCQZADYPfPXPet3RfEkkjbWjkYLNG3mNKQqkEZz
ggZ46n3wKsePrG6W0s4Z7FYxajyN3mDdtOCAR3+bzMt0yWHSsXS9TllgeOX95JDKrQxLnaB0xj3z
29a8WNKpluOlRUmlq7W621O6TjjsP7RpdjqdQu01axkkluwzSLErfMTk4BDZPPc9fTrgVzdvcIyN
BJEjSQop2gDfyVPUVqXOuvZ2LXDWkIkupTuRGI8sgKRgDtjj8DWLbShpZrn7OoEiqP3bHIGeozn2
7104yrzVItO7d76dL6GOHo8lNr7rE8ZvLYLLYRMu357ltxHVfQfe4J9ad58+9PLt5JY5FZm2SngD
P6cdPb2o2tqU6+TcNFGoAZeQW4x1Bz+vetO6khtfDvk2iRyTs3yiRgThmJx06E4J+lVToylGTTsk
r/8ADLzCpUjC0d2/w9TmNTkvLy6jmQMsUahDGuNifiO5JyT6mrFrd3dhcR26Fgm4GTaM9v4c9+2R
3qvdx6hbzSXO5o/M5hMY+6P6HH+ea1tL0u9tI0+26jKs3ymNNxHBDfKc8dwa8qnRqSxEkk77tv12
/A7JTpRpxu16f1ubVmNNsdPj0yWCZlvbbftOdsfUn5gT0PPTGePpDE9uZ1gmikYrdPJCyQgZ2E4Q
E5yDgDHv0NUbKW5eNXurhY5LdXjeNrj5mOSflDDkdOOuc468SX89nKlrp8UztNGu/wCfbg5OSc55
69P59K+ieKpzSaVrJJaea0/M8r2fK2ua++pV23kGqRa5ZX3lRyTGPyJpTukQYJVm6N29OcV6lrfh
eW88Px+GvEGrWIktbWa7+2x52q0jIu0Puw7qUUMemJD2ANcjbt4fstKa4eSRb6W6BVZlTbHGqEHB
LgBmcjbz/ByMmo9cgvrpGtbRZdzbldppdszAsSpC5JKg9xn7pGRgZ6cLGGBU7pz50m43dvutve3o
YVHKtKNnZJ6O39XO0+Fnh6EaLdaPr3ieGz8m1mSG6jkTMWCpG1jneCN545AzjBbFcn4s0T+wL+SC
2jjaRZPs7K0geObILLKCuMbg24D8+hFYOjW9/YaZjVbmZTaTbZkZiFCs27aQenzbsk9eCPWuhtYf
+Ewn1K00i3/0qzs4J7WG3VsXKq8vmOEJx0kDbcD7oxW8MR9cwNKl7PlktI63eif+VjJ0ZU8ROfNd
Py06Jffc5+81G9k8L3EqzRxzR7VYbsOYQ5G0Y6jcR6fd+tdD8PPEvixtV/4RXSZIzDeTN9oj8pd/
AABAJx+I9ee1cwlpdrZq0cbKGJjmfG7aHzhj6DkHHtmuh8FX93o/iT+3NMi3XUUIEciw7vLbYdxA
/vDcO2RkfWuTL3U+vQu3pyp67rVv8Doxns/q7sl1tp6WPRr/AFGy8N3+oR62JfskcYVQu2ORpGP7
vaoTcDncoLMD94dMgc/8PfHPh6x1PVvHWlXiwTX6sZS6rgTYJG0gL91SvycdQDmsS48S6ddfb9Y1
m1Y6sbxWWG7x5TyeYDgrzh9g2jJAwSOOtHiTVtX8F6Na3es6KtrY3Gostv8AZ1CpNH8pyUcfNuVF
J9iBwa9XEZlKNdYhNclO8tm+W7au3oo+j7nBRwsXT9nZ80rLte2u3Ut+KvFGna9qkyvbR24k2yxb
Ih5au5YONuOASMjHQk/w1y/imG01CSGWOWbY1wpYeXu8sbhn07e/WuiW88A6tprWulyt9oiIeEyQ
lYp8KDjORtJw2DnOfrxg6xrd9b6hYz6fGsO6ZU/1S5AJAI+bPJBIzXLmEqdTDt1JqSlZ3Xr+lzXC
xlTrJRi013Nq42N/xLPs7SKy/Kscf+rwPUnB5OOmP51VtreONbo3NreRyJqSsYZGXk5zngAdD9av
ancz6iuUZfkCJD5q/e+bJ6g5wB2/CqsOp399oszPLJFM1wxtV4CgYyNvYL/j9a661On9Y5m+jt8r
aGMJVPY+75HRWOm3GkOfF9xZie3t4YVPk3CnZy5y5AYpzt+8Oo6dqv6h4m0jw7qN7baNounrII/3
k7TvIxBGFVAhCkDhc7SD1GO1Ky8R6Pe6X9ivPDz27eb5dreNCzK+0jIIXB28NhW3fe4FaSizj0+B
Z7u1F1cQiS4+x2MgDIqsBwQMYYjouRgZyME+n71TWDSvr99+/rfTsct1G6kv6+Ra0jxLa+IdMjnB
kW3wnL3SZz0XqwbkBeuSOeTjFRane63bWippkEaRtIHijkhSUKpHUeb68cjrj6YTwhYWWkia31e+
hNuArR2MkpjBYc5kjRssrDHcMM/hUfiC/wBJgn+1Ws9pdLJj9zZ5jZflGGOe35HkV6MeeOGXtv6/
4BxS5Y1m4LQ8X1S0u5pbpGjXY1wFLx8g88jNSXkKmFnQfvAu3avcZ7VTa5uGuZVMrYN1IMfRmA/k
Kk82T++a/LMLVoTpu0X/AFd/qfaVIyp1Fd3MfVhcTT+YVKrk/KzfSmzP5kQBby9vChT/AIVY1M8P
/vVlwuzj5jXzOJ/dzlre9t/me9R5Z09rGx4X8Q6h4evTJpzqryFQxO7kA/d+Ug4J69av6tp2pSTx
nWryRXkVikO7/VruJ24z8o54xxWHpaqb1CR/Gv8AMV1NxfXV1DDeXE2+QR/fYDP+eK9XJYxq4OcK
km1Fqy6a2vc8zHP2ddSilqtX1IbmSX7dZCaRmZVYLJI/Rccdaj1NpXZZAiSKsi5VlznrxUdyzSXl
u7nJ3SD9KL5mWBip9D+tenVlGMKi6XuvuX+ZhT97k9P1I7i8njdEMKyJ1kUtuPT/AOvR4g1eXU7X
bcMzbfmA3FyB6nrSWIEumyCT5tkjBSevT1pnilRC00EOVRZW2qpwB8xrlrSrSwdSXN7rjsbU6cPb
Rstb6Exu7p4oYNQuv3ckeB+63FPToKhv8TQeQA0hhh2xyKgXCDsR6nvnn3qSxJkgjL/N+8xz6YqH
WmaGyVojtLMQ2O9Zz93BupfSy9bWWg4Riq3IvUy1JmlaPKruwMt9fXtXqs3jTQ/CXgf7NoEGi6s1
pfW7WlxZ2rQyJsidZJTnLYZ5Fyx2lihwBgY888B6bZav410nTdRtxLBNfxJLGxOGUuoI49q9T8A6
rf2fhDxFc2k/lSW/irS1hkjQKyq4uQy5A+6Qqjb0wBxWnDHtJ+1UZcrkmlK12rJy2ukRnDjGMeZc
yTva9k9Ujhvhz8QrnwrqEuqjTG1BmHmMtxI+yGYEbZlCnlgMgZ7nnI4rrPF+s63a6h/afiHwzZxX
18pkhkmt02SwunEi5J+YZ75bsemK534p6Tp2jeJvFUek2q26WuuPFBHDlVSM8lcDjH8u2K2PCO/x
X4b2+JLia9+w6cXtPtEzN5bbGPrz90cHjivYyepiYwng5zbcbtdviad7pvW3c4MZCjUjHERjZPRr
W+ya8upR8NaWdZiuNSN00MduuGRc7pCwIwAOfXOKsapp+g+HvDt3bbvMvPknt1kmZo2V/lkXjbyO
GGR0A65qHRrqddQtog+VkhiZ1ZQdxdgrHn1HHt2rD8Xs5dmLsdt15a5bovpXoY6VLC4Fy5by1V/V
J3/FW9Dmo06lTE6O0dHb+vma3ia3knt1W6ubi1uY4UmuLe4YNDInRXT2+c5HY/kOdsYJ7u8lguis
Mm/bHlQqAHkHdnGD69811njP/TfB1xc3QDSWt5bi3fbygki3OB7EgHHSuH1OSSWMCRycLt/Adq8f
N6kMPilJq9lfffVrX5roelgIyqU7X3dvTY3jBbaTphudShuJpFkA5uAsbp6AjPcHvgY9Txea80TV
/DzSx2ipLFLn7F5wYucHB4wSQM7T35yc4rn/AAZCmq3K22obpYxKuFZzxzRp2m2f/CV+UIiFRSy7
ZCMHzGHr7CsMJmUq0ozhBck3y2dm1pvexcsIuaSlL3l73l6bm/pqa5d2kmoz6XId0nl/LOVYLjl+
ST0GCfU/UFlzBDeX8N1FIskNvLuZY1+6u5QScY4IPX1x0qJ7if8A4Rxl85sNICw3dTxVKC9u7Pw9
ttbl4/tMkYn2t98DJA+mecdDgelejialOOFXNdq3M9r79LJHJCnOcm1Za2+86LxpJaXGg2M6y3Ak
nupfMguJtwRECKhX1BDHnPJU1gwJE8bCJVjVZMLtHTnr3rQ8R3E2oxaRLeytIy6egUnsAqgDiqcU
Me2Q7f8Alp2PvWmMmnXlO3T5/CicPGVOhFX7/mM1YXVrYtEWzHtJB2Dk5xvz1AOOlUreB3AKOoUK
nJ/Dj86uahPM1tIhkbb5mNvb71SadbQSNHG8eVbywR/wMV5roqpXVu36s7EnTou5FHawN5jK5Hls
zSZ5wAo6e+eKS6naNoibjCL+827vm+Uev1xin6iogMvlDb5nL+/NIVX7PJPtG6OzYo3pzXZy80XT
jo+/3/5GMY+8pNmPqU8biO9wWkdQW+Y4THUc1uW+vjV7z+0DOtu8zFmjVTyQDyOvoO/SsvUoY/sW
nrt4efDLng5AzWhoNvC0jM0YJWZ9vtzivLwqrfWpRi1Z2b9e/wCJviFT9gpNaq/6FqdBKLi9kui0
kcRkT5cZ3Nz7etNJW6lDXMsBjjtST91WOEHcDcORznmjW/3U0sUfyq3lhh6/NVjW7aGz8NW5tk2m
4tUaY7idxMjg9fYCvWqW952+FXfnq0cFOXuq/XReSdjm9U1h7q9WM6i7LuALqv8ACOOPqK9g8Fa/
c+H/AIb3HiTXJG/fTwW9n+7RWOSXWMEKeCu5hndj9a8NuXZLhXQ8qfl9sE16Z8IpptV8TaLp2oSt
Jbw3DzxQliFSQLwwA+g/KuPhPHVv7UmlvJ8qvsm9Lv0TZ0ZvhY/U422Wr+WtvmHinRr66TUNKuNX
S4mjuVMcEcexrvaCATlRzg5zyCMnPpW8HyzfD/WLK4jd1vpJk8udty/ZmJOAu7G8Ln5hkhty9OCe
p+IkrjXPtfHmteRxmRlBbaY24zXJx6TYXT3dzcwl5IZl8pmkbK5DDjmvpMZhVhcdz09ZwbSb7Jt+
euunmeXg631jDKEtnbb0XpoWPFc1xNeXMmq20ccczSPvsv3RKuzMGGcbl+bdtI46DFXNa0jxR4b0
mO18HX1002rsJZJIY9reUcbEwATlj1GemBz1p2lL/a8+mrqbNcb544m8xiflZ8EflXpvjWKLw9BH
baPGIVUrt/iI+ZhnLZOcKB9BXpYXJ6eMhVqczSsrNfEr7/mcVbMJ0PZwUU7PZ7M4D4KwaVpOoTat
44lt5GZVMcEpdpN3UsRjZg5fqd3HHFdJ411bwtfeD4PD1pp9jNa+d/ov22T/AFG3cPl5ywweg6Bu
vWuH8Wa/qttrMNjb3CxxvGkTFYVDFNhO3djdj8ai1B0sPCHh2SztLeNri7TznFqm5vlBxnGQMk8D
jmuajjIYTD1MFGN1BWbaV3dr1vv1NalGWIrRxEnZt7LbRN+ViXQ1t/E1lParYrarDD5qrbR/KAsn
MhGQCONuR0A5FZfiq2m07WLeynjZWM0ZjYsG3Z+YMvqDj6VY8BX92ni6HT1kHkxateRxxlBgIV+7
06fMePesOe8ubu70eC5mZ1h1AxRhuyBiQPwJNeRicRTllKqW966XTpKK/wDbtPQ9CGHlHGPXS23y
f+R1YkkFg0t3I6Os28M2Tt5wOT34H+eK2Phn4Q07xFolm7XdwJSxDRNAGjdjyG6LhOMHJAGc5rAa
4mGh+d5h3KysrehwT/OpvhzrWrz24Z9TnHzOiiOUqFUDIAAxjkDpXr0KtGOYQ5483u/qv62PNqe0
+qT5JWadzr9B8Kap4UH2XQ9bujCI3kaE3SL5iktkAg846ZwC3Ax1rI1LTrvWtYmLWbefsAMbJuVV
bGTlM9OOp4x6Vqh3nso/Mdv3cmIwjFQOBzgY55PPXmtq8sbW200rHFny4pWTzGLEHCHOTnvXtQwd
HEUYqC5YrW3yPNWIqRk29XqYs8Yt9NkvZZB5Nur8fLxgZ4z9T0z171lX+oWyWSXIhhjZpOvmFty4
wOmcDCg8469K0L6efUNJiS+nebfbzI3mMSdqrwAe2PasXX7K3mmS2kVjGoyF8w9c49fSssbUlT0h
pp+tisNTjOyfVn//2Q==</pkg:binaryData></pkg:part><pkg:part pkg:name="word/embeddings/oleObject3.bin" pkg:contentType="application/vnd.openxmlformats-officedocument.oleObject" pkg:compression="store"><pkg:binaryData>0M8R4KGxGuEAAAAAAAAAAAAAAAAAAAAAPgADAP7/CQAGAAAAAAAAAAAAAAABAAAAAQAAAAAAAAAA
EAAAAgAAAAEAAAD+////AAAAAAAAAAD/////////////////////////////////////////////
////////////////////////////////////////////////////////////////////////////
////////////////////////////////////////////////////////////////////////////
////////////////////////////////////////////////////////////////////////////
////////////////////////////////////////////////////////////////////////////
////////////////////////////////////////////////////////////////////////////
////////////////////////////////////////////////////////////////////////////
///////////////////////////////////////////////////////////////////////////9
////BAAAAP7///8FAAAA/v////7/////////////////////////////////////////////////
////////////////////////////////////////////////////////////////////////////
////////////////////////////////////////////////////////////////////////////
////////////////////////////////////////////////////////////////////////////
////////////////////////////////////////////////////////////////////////////
////////////////////////////////////////////////////////////////////////////
////////////////////////////////////////////////////////////////////////////
////////////////////////////////////////////////////////////////////////////
/////////////////////////////////////////////////////////////////////////1IA
bwBvAHQAIABFAG4AdAByAHkAAAAAAAAAAAAAAAAAAAAAAAAAAAAAAAAAAAAAAAAAAAAAAAAAAAAA
AAAAAAAWAAUA//////////8CAAAAA84CAAAAAADAAAAAAAAARgAAAAAAAAAAAAAAAAAAAAAAAAAA
AwAAAIACAAAAAAAAAQBPAGwAZQAAAAAAAAAAAAAAAAAAAAAAAAAAAAAAAAAAAAAAAAAAAAAAAAAA
AAAAAAAAAAAAAAAAAAAAAAAAAAoAAgH///////////////8AAAAAAAAAAAAAAAAAAAAAAAAAAAAA
AAAAAAAAAAAAAAAAAAAAAAAAFAAAAAAAAAABAEMAbwBtAHAATwBiAGoAAAAAAAAAAAAAAAAAAAAA
AAAAAAAAAAAAAAAAAAAAAAAAAAAAAAAAAAAAAAAAAAAAEgACAQEAAAADAAAA/////wAAAAAAAAAA
AAAAAAAAAAAAAAAAAAAAAAAAAAAAAAAAAAAAAAEAAABpAAAAAAAAAAMATwBiAGoASQBuAGYAbwAA
AAAAAAAAAAAAAAAAAAAAAAAAAAAAAAAAAAAAAAAAAAAAAAAAAAAAAAAAAAAAAAASAAIB/////wQA
AAD/////AAAAAAAAAAAAAAAAAAAAAAAAAAAAAAAAAAAAAAAAAAAAAAAAAwAAAAQAAAAAAAAA/v//
/wIAAAD+/////v///wUAAAAGAAAABwAAAAgAAAAJAAAA/v//////////////////////////////
////////////////////////////////////////////////////////////////////////////
////////////////////////////////////////////////////////////////////////////
////////////////////////////////////////////////////////////////////////////
////////////////////////////////////////////////////////////////////////////
////////////////////////////////////////////////////////////////////////////
////////////////////////////////////////////////////////////////////////////
////////////////////////////////////////////////////////////////////////////
//////////////////////////////////////////////////////////////////////8BAAAC
CAAAAAAAAAAAAAAAAAAAAAAAAAAAAAAAAAAAAAAAAAAAAAAAAAAAAAAAAAAAAAAAAAAAAAAAAAAA
AAAAAQD+/wMKAAD/////A84CAAAAAADAAAAAAAAARhYAAABNYXRoVHlwZSA1LjAgRXF1YXRpb24A
DAAAAE1hdGhUeXBlIEVGAA8AAABFcXVhdGlvbi5EU01UNAD0ObJxAAAAAAAAAAAAAAAAAAAAAAAA
AAAAAAAAAAAAAAAAAAAAAAAAAAMAAAAAAAAAAAAAAAAAAAAAAAAAAAAAAAAAAAAAAAAAAAAAAAAA
AAAAAAAAAAAAAAAAAAAAAAAAAAAAAAAAHAAAAAIAAsIsAQAAjOcSAAAAAAAMAM0AZOcSAAUBAAUC
RFNNVDUAARNXaW5BbGxCYXNpY0NvZGVQYWdlcwARBVRpbWVzIE5ldyBSb21hbgARA1N5bWJvbAAR
BUNvdXJpZXIgTmV3ABEETVQgRXh0cmEAEgAIIS9Fj0QvQVD0EA9HX0FQ8h8eQVD0FQ9BAPRF9CX0
j0JfQQD0EA9DX0EA9I9F9CpfSPSPQQD0EA9A9I9Bf0j0EA9BKl9EX0X0X0X0X0EPDAEAAQABAgIC
AgACAAEBAQADAAEABAAACgEAAwAXEAABAAICgmwAAgCCaQACAIJtAAALAQACAIN4AAIEhkUAcQB1
AGEAdABpAG8AbgAgAE4AYQB0AGkAdgBlAAAAAAAAAAAAAAAAAAAAAAAAAAAAAAAAAAAAAAAAAAAA
AAAgAAIA////////////////AAAAAAAAAAAAAAAAAAAAAAAAAAAAAAAAAAAAAAAAAAAAAAAABAAA
AEgBAAAAAAAAAAAAAAAAAAAAAAAAAAAAAAAAAAAAAAAAAAAAAAAAAAAAAAAAAAAAAAAAAAAAAAAA
AAAAAAAAAAAAAAAAAAAAAAAAAAD///////////////8AAAAAAAAAAAAAAAAAAAAAAAAAAAAAAAAA
AAAAAAAAAAAAAAAAAAAAAAAAAAAAAAAAAAAAAAAAAAAAAAAAAAAAAAAAAAAAAAAAAAAAAAAAAAAA
AAAAAAAAAAAAAAAAAAAAAAAAAAAAAAAAAAAAAAAAAAAAAP///////////////wAAAAAAAAAAAAAA
AAAAAAAAAAAAAAAAAAAAAAAAAAAAAAAAAAAAAAAAAAAAAAAAAAAAAAAAAAAAAAAAAAAAAAAAAAAA
AAAAAAAAAAAAAAAAAAAAAAAAAAAAAAAAAAAAAAAAAAAAAAAAAAAAAAAAAAAAAAAA////////////
////AAAAAAAAAAAAAAAAAAAAAAAAAAAAAAAAAAAAAAAAAAAAAAAAAAAAAAAAAAAAAAAAkiGuAgSG
HiKlAAEBAAoDAAoAAAEAAgCDYgADABwAAAsBAQEAAgCIMgAAAAoCBIYSIi0CAIg0AAIAg2EAAgCD
YwAACwEBAAAAAAAAAAAAAAAAAAAAAAAAAAAAAAAAAAAAAAAAAAAAAAAAAAAAAAAAAAAAAAAAAAAA
AAAAAAAAAAAAAAAAAAAAAAAAAAAAAAAAAAAAAAAAAAAAAAAAAAAAAAAAAAAAAAAAAAAAAAAAAAAA
AAAAAAAAAAAAAAAAAAAAAAAAAAAAAAAAAAAAAAAAAAAAAAAAAAAAAAAAAAAAAAAAAAAAAAAAAAAA
AAAAAAAAAAAAAAAAAAAAAAAAAAAAAAAAAAAAAAAAAAAAAAAAAAAAAAAAAAAAAAAAAAAAAAAAAAAA
AAAAAAAAAAAAAAAAAAAAAAAAAAAAAAAAAAAAAAAAAAAAAAAAAAAAAAAAAAAAAAAAAAAAAAAAAAAA
AAAAAAAAAAAAAAAAAAAAAAAAAAAAAAAAAAAAAAAAAAAAAAAAAAAAAAAAAAAAAAAAAAAAAAAAAAAA
AAAAAAAAAAAAAAAAAAAAAAAAAAAAAAAAAAAAAAAAAAAAAAAAAAAAAAAAAAAAAAAAAAAAAAAAAAAA
AAAAAAAAAAAAAAAAAAAAAAAAAAAAAAAAAAAAAAAAAAAAAAAAAAAAAAAAAAAAAAAAAAA=</pkg:binaryData></pkg:part><pkg:part pkg:name="word/media/image5.wmf" pkg:contentType="image/x-wmf" pkg:compression="store"><pkg:binaryData>183GmgAAAAAAAMAIQAMACQAAAACRVQEACQAAA7kCAAAHAKEAAAAAAAUAAAACAQEAAAAFAAAAAQL/
//8ABQAAAC4BGQAAAAUAAAALAgAAAAAFAAAADAJAA8AIEwAAACYGDwAcAP////8AAE4AEAAAAMD/
//+p////gAgAAOkCAAALAAAAJgYPAAwATWF0aFR5cGUAAKAACAAAAPoCAAAAAAAAAAAAAgQAAAAt
AQAABQAAABQCkQF6AgUAAAATAnkBoQIFAAAAEwIkAv4CBQAAABMCYABkAwUAAAATAmAAaAgHAAAA
/AIAAAAAAAIAAAQAAAAtAQEACAAAAPoCBQABAAAAAAAAAAQAAAAtAQIAGgAAACQDCwB3AowBrAJs
Af4C/AFdA1cAaAhXAGgIagBrA2oACAMkAvUCJAKXAoYBfQKXAQQAAAAtAQAABQAAAAkCAAAAAgUA
AAAUAlQBOAQcAAAA+wIi/wAAAAAAAJABAAAAAAACABBUaW1lcyBOZXcgUm9tYW4AeKTxd4Gk8Xcg
MPN3MRBmsQQAAAAtAQMACQAAADIKAAAAAAEAAAAyebwBBQAAABQCAAI4ABwAAAD7AoD+AAAAAAAA
kAEAAAAAAAIAEFRpbWVzIE5ldyBSb21hbgB4pPF3gaTxdyAw83cxEGaxBAAAAC0BBAAEAAAA8AED
AA0AAAAyCgAAAAAEAAAAbGltNGYAbAAYBQADBQAAABQC3gJGABwAAAD7AiL/AAAAAAAAkAEBAAAA
AAIAEFRpbWVzIE5ldyBSb21hbgB4pPF3gaTxdyAw83cxEGaxBAAAAC0BAwAEAAAA8AEEAAkAAAAy
CgAAAAABAAAAeHm8AQUAAAAUAgACaQMcAAAA+wKA/gAAAAAAAJABAQAAAAACABBUaW1lcyBOZXcg
Um9tYW4AeKTxd4Gk8XcgMPN3MRBmsQQAAAAtAQQABAAAAPABAwAMAAAAMgoAAAAAAwAAAGJhY3B/
A8AAAAMFAAAAFALeArUAHAAAAPsCIv8AAAAAAACQAQAAAAEAAgAQU3ltYm9sAADcDwpxVNoSAHik
8XeBpPF3IDDzdzEQZrEEAAAALQEDAAQAAADwAQQACgAAADIKAAAAAAIAAACupeIAvAEFAAAAFAIA
Ag4FHAAAAPsCgP4AAAAAAACQAQAAAAEAAgAQU3ltYm9sAACCDwpoWNoSAHik8XeBpPF3IDDzdzEQ
ZrEEAAAALQEEAAQAAADwAQMACQAAADIKAAAAAAEAAAAtpQADoQAAACYGDwA4AU1hdGhUeXBlVVUs
AQUBAAUCRFNNVDUAARNXaW5BbGxCYXNpY0NvZGVQYWdlcwARBVRpbWVzIE5ldyBSb21hbgARA1N5
bWJvbAARBUNvdXJpZXIgTmV3ABEETVQgRXh0cmEAEgAIIS9Fj0QvQVD0EA9HX0FQ8h8eQVD0FQ9B
APRF9CX0j0JfQQD0EA9DX0EA9I9F9CpfSPSPQQD0EA9A9I9Bf0j0EA9BKl9EX0X0X0X0X0EPDAEA
AQABAgICAgACAAEBAQADAAEABAAACgEAAwAXEAABAAICgmwAAgCCaQACAIJtAAALAQACAIN4AAIE
hpIhrgIEhh4ipQABAQAKAwAKAAABAAIAg2IAAwAcAAALAQEBAAIAiDIAAAAKAgSGEiItAgCINAAC
AINhAAIAg2MAAAsBAQAAAAsAAAAmBg8ADAD/////AQAAAAAAAAAIAAAA+gIAAAAAAAAAAAAABAAA
AC0BAwAHAAAA/AIAAAAAAAAAAAQAAAAtAQUAHAAAAPsCEAAHAAAAAAC8AgAAAAABAgIiU3lzdGVt
AAAxEGaxAAAKACEAigEAAAAA/////6TkEgAEAAAALQEGAAQAAADwAQQAAwAAAAAA</pkg:binaryData></pkg:part><pkg:part pkg:name="word/media/image2.wmf" pkg:contentType="image/x-wmf" pkg:compression="store"><pkg:binaryData>183GmgAAAAAAAKAOAAIACQAAAACxUgEACQAAAwYCAAACALoAAAAAAAUAAAACAQEAAAAFAAAAAQL/
//8ABQAAAC4BGQAAAAUAAAALAgAAAAAFAAAADAIAAqAOCwAAACYGDwAMAE1hdGhUeXBlAAAwABIA
AAAmBg8AGgD/////AAAQAAAAwP///7X///9gDgAAtQEAAAUAAAAJAgAAAAIFAAAAFAL0AA8BHAAA
APsCIv8AAAAAAACQAQAAAAAAAgAQVGltZXMgTmV3IFJvbWFuAP7///9zBQojAAAKAAAAAAAEAAAA
LQEAAAwAAAAyCgAAAAADAAAAMjIyAN0CpwK8AQUAAAAUAqABfQgcAAAA+wKA/gAAAAAAAJABAAAA
AAACABBUaW1lcyBOZXcgUm9tYW4A/v///zoHCsMAAAoAAAAAAAQAAAAtAQEABAAAAPABAAAPAAAA
MgoAAAAABQAAADIuY29zABwCeACoAMAAAAMFAAAAFAKgAToAHAAAAPsCgP4AAAAAAACQAQEAAAAA
AgAQVGltZXMgTmV3IFJvbWFuAP7///9zBQokAAAKAAAAAAAEAAAALQEAAAQAAADwAQEAEAAAADIK
AAAAAAYAAABhYmNiY8LjArkCYQPAAGwDAAMFAAAAFAKgAf0BHAAAAPsCgP4AAAAAAACQAQAAAAEA
AgAQU3ltYm9sAACALBp1WRzglP7///86BwrEAAAKAAAAAAAEAAAALQEBAAQAAADwAQAADAAAADIK
AAAAAAMAAAA9Ky3DxQKnAgADugAAACYGDwBqAUFwcHNNRkNDAQBDAQAAQwEAAERlc2lnbiBTY2ll
bmNlLCBJbmMuAAUBAAYJRFNNVDYAABNXaW5BbGxCYXNpY0NvZGVQYWdlcwARBVRpbWVzIE5ldyBS
b21hbgARA1N5bWJvbAARBUNvdXJpZXIgTmV3ABEETVQgRXh0cmEAEgAIIS9Fj0QvQVD0EA9HX0FQ
8h8eQVD0FQ9BAPRF9CX0j0JfQQD0EA9DX0EA9I9F9CpfSPSPQQD0EA9A9I9Bf0j0EA9BKl9EX0X0
X0X0X0EPDAEAAQABAgICAgACAAEBAQADAAEABAAACgEAAgCDYQADABwAAAsBAQEAAgCIMgAAAAoC
BIY9AD0CAINiAAMAHAAACwEBAQACAIgyAAAACgIEhisAKwIAg2MAAwAcAAALAQEBAAIAiDIAAAAK
AgSGEiItAgCIMgACAINiAAIAg2MAAgCCLgACAoJjAAIAgm8AAgCCcwACAIPCAAAACgAAACYGDwAK
AP////8BAAAAAAAcAAAA+wIQAAcAAAAAALwCAAAAAAECAiJTeXN0ZW0AdkgAigEAAAoABgAAAEgA
igEAAAAAROAYAAQAAAAtAQAABAAAAPABAQADAAAAAAA=</pkg:binaryData></pkg:part><pkg:part pkg:name="word/media/image6.wmf" pkg:contentType="image/x-wmf" pkg:compression="store"><pkg:binaryData>183GmgAAAAAAAIAPQAQACQAAAADRVQEACQAAAygDAAAEALQAAAAAAAUAAAACAQEAAAAFAAAAAQL/
//8ABQAAAC4BGQAAAAUAAAALAgAAAAAFAAAADAJABIAPEwAAACYGDwAcAP////8AAE4AEAAAAMD/
//+v////QA8AAO8DAAALAAAAJgYPAAwATWF0aFR5cGUAAOAACAAAAPoCAAATAAAAAAAAAgQAAAAt
AQAABQAAABQCIAJXBAUAAAATAiACPQ8FAAAACQIAAAACBQAAABQCjgGJBRwAAAD7AoD+AAAAAAAA
kAEAAAAAAAIAEFRpbWVzIE5ldyBSb21hbgB4pPF3gaTxdyAw83e0EGYQBAAAAC0BAQAQAAAAMgoA
AAAABgAAACgxKSgxKdACogCaAnYCogAAAwUAAAAUAqwDcAkcAAAA+wKA/gAAAAAAAJABAAAAAAAC
ABBUaW1lcyBOZXcgUm9tYW4AeKTxd4Gk8XcgMPN3tBBmEAQAAAAtAQIABAAAAPABAQAJAAAAMgoA
AAAAAQAAADJ5AAMFAAAAFAL6ALQAHAAAAPsCIv8AAAAAAACQAQEAAAAAAgAQVGltZXMgTmV3IFJv
bWFuAHik8XeBpPF3IDDzd7QQZhAEAAAALQEBAAQAAADwAQIACQAAADIKAAAAAAEAAABtebwBBQAA
ABQC7ANIABwAAAD7AiL/AAAAAAAAkAEBAAAAAAIAEFRpbWVzIE5ldyBSb21hbgB4pPF3gaTxdyAw
83e0EGYQBAAAAC0BAgAEAAAA8AEBAAoAAAAyCgAAAAACAAAAa24HAbwBBQAAABQCjgFvBBwAAAD7
AoD+AAAAAAAAkAEBAAAAAAIAEFRpbWVzIE5ldyBSb21hbgB4pPF3gaTxdyAw83e0EGYQBAAAAC0B
AQAEAAAA8AECAA0AAAAyCgAAAAAEAAAAbW1ubqQBvARQAQADBQAAABQCgAIFAhwAAAD7AoD+AAAA
AAAAkAEBAAAAAAIAEFRpbWVzIE5ldyBSb21hbgB4pPF3gaTxdyAw83e0EGYQBAAAAC0BAgAEAAAA
8AEBAAkAAAAyCgAAAAABAAAAa24AAwUAAAAUAuwDyAAcAAAA+wIi/wAAAAAAAJABAAAAAQACABBT
eW1ib2wAAAYMCr5U2hIAeKTxd4Gk8XcgMPN3tBBmEAQAAAAtAQEABAAAAPABAgAJAAAAMgoAAAAA
AQAAAD1uvAEFAAAAFAKOAWkHHAAAAPsCgP4AAAAAAACQAQAAAAEAAgAQU3ltYm9sAABYEwrkVNoS
AHik8XeBpPF3IDDzd7QQZhAEAAAALQECAAQAAADwAQEADAAAADIKAAAAAAMAAAArLS2+UgJmAwAD
BQAAABQCgAIlAwkAAAAyCgAAAAABAAAAPW4AAwUAAAAUAtgCNwAcAAAA+wLA/QAAAAAAAJABAAAA
AQACABBTeW1ib2wAAAYMCr9Y2hIAeKTxd4Gk8XcgMPN3tBBmEAQAAAAtAQEABAAAAPABAgAJAAAA
MgoAAAAAAQAAAOVugAS0AAAAJgYPAF0BTWF0aFR5cGVVVVEBBQEABQJEU01UNQAAE1dpbkFsbEJh
c2ljQ29kZVBhZ2VzABEFVGltZXMgTmV3IFJvbWFuABEDU3ltYm9sABEFQ291cmllciBOZXcAEQRN
VCBFeHRyYQASAAghL0WPRC9BUPQQD0dfQVDyHx5BUPQVD0EA9EX0JfSPQl9BAPQQD0NfQQD0j0X0
Kl9I9I9BAPQQD0D0j0F/SPQQD0EqX0RfRfRfRfRfQQ8MAQABAAECAgICAAIAAQEBAAMAAQAEAAAK
AQADABBwAAEAAgCDawAACwEAAgCDawACBIY9AD0CAINuAAABAAIAg20AAA0CBIYRIuUACgIEhj0A
PQMACwAAAQACAINtAAIAgigAAgCDbQACBIYrACsCAIgxAAIAgikAAgSGEiItAgCDbgACAIIoAAIA
g24AAgSGEiItAgCIMQACAIIpAAABAAIAiDIAAAAAAAALAAAAJgYPAAwA/////wEAAAAAAAAACAAA
APoCAAAAAAAAAAAAAAQAAAAtAQIAHAAAAPsCEAAHAAAAAAC8AgAAAAABAgIiU3lzdGVtAAC0EGYQ
AAAKACEAigEAAAAA/////6TkEgAEAAAALQEDAAQAAADwAQEAAwAAAAAA</pkg:binaryData></pkg:part><pkg:part pkg:name="word/embeddings/oleObject1.bin" pkg:contentType="application/vnd.openxmlformats-officedocument.oleObject" pkg:compression="store"><pkg:binaryData>0M8R4KGxGuEAAAAAAAAAAAAAAAAAAAAAPgADAP7/CQAGAAAAAAAAAAAAAAABAAAAAQAAAAAAAAAA
EAAAAgAAAAEAAAD+////AAAAAAAAAAD/////////////////////////////////////////////
////////////////////////////////////////////////////////////////////////////
////////////////////////////////////////////////////////////////////////////
////////////////////////////////////////////////////////////////////////////
////////////////////////////////////////////////////////////////////////////
////////////////////////////////////////////////////////////////////////////
////////////////////////////////////////////////////////////////////////////
///////////////////////////////////////////////////////////////////////////9
////BAAAAP7////+/////v//////////////////////////////////////////////////////
////////////////////////////////////////////////////////////////////////////
////////////////////////////////////////////////////////////////////////////
////////////////////////////////////////////////////////////////////////////
////////////////////////////////////////////////////////////////////////////
////////////////////////////////////////////////////////////////////////////
////////////////////////////////////////////////////////////////////////////
////////////////////////////////////////////////////////////////////////////
/////////////////////////////////////////////////////////////////////////1IA
bwBvAHQAIABFAG4AdAByAHkAAAAAAAAAAAAAAAAAAAAAAAAAAAAAAAAAAAAAAAAAAAAAAAAAAAAA
AAAAAAAWAAUA//////////8CAAAAAs4CAAAAAADAAAAAAAAARgAAAAAAAAAAAAAAAAAAAAAAAAAA
AwAAAIABAAAAAAAAAQBPAGwAZQAAAAAAAAAAAAAAAAAAAAAAAAAAAAAAAAAAAAAAAAAAAAAAAAAA
AAAAAAAAAAAAAAAAAAAAAAAAAAoAAgH///////////////8AAAAAAAAAAAAAAAAAAAAAAAAAAAAA
AAAAAAAAAAAAAAAAAAAAAAAAFAAAAAAAAAABAEMAbwBtAHAATwBiAGoAAAAAAAAAAAAAAAAAAAAA
AAAAAAAAAAAAAAAAAAAAAAAAAAAAAAAAAAAAAAAAAAAAEgACAQEAAAADAAAA/////wAAAAAAAAAA
AAAAAAAAAAAAAAAAAAAAAAAAAAAAAAAAAAAAAAEAAABxAAAAAAAAAAMATwBiAGoASQBuAGYAbwAA
AAAAAAAAAAAAAAAAAAAAAAAAAAAAAAAAAAAAAAAAAAAAAAAAAAAAAAAAAAAAAAASAAIB/////wQA
AAD/////AAAAAAAAAAAAAAAAAAAAAAAAAAAAAAAAAAAAAAAAAAAAAAAAAwAAAAQAAAAAAAAA/v//
/wIAAAD+/////v///wUAAAD+////////////////////////////////////////////////////
////////////////////////////////////////////////////////////////////////////
////////////////////////////////////////////////////////////////////////////
////////////////////////////////////////////////////////////////////////////
////////////////////////////////////////////////////////////////////////////
////////////////////////////////////////////////////////////////////////////
////////////////////////////////////////////////////////////////////////////
////////////////////////////////////////////////////////////////////////////
//////////////////////////////////////////////////////////////////////8BAAAC
CAAAAAAAAAAAAAAAAAAAAAAAAAAAAAAAAAAAAAAAAAAAAAAAAAAAAAAAAAAAAAAAAAAAAAAAAAAA
AAAAAQD+/wMKAAD/////As4CAAAAAADAAAAAAAAARiIAAABNaWNyb3NvZnQgyWRpdGV1ciBkJ+lx
dWF0aW9ucyAzLjAADAAAAERTIEVxdWF0aW9uAAsAAABFcXVhdGlvbi4zAPQ5snEAAAAAAAAAAAAA
AAAAAAAAAAAAAAAAAAAAAAAAAAMAAAAAAAAAAAAAAAAAAAAAAAAAAAAAAAAAAAAAAAAAAAAAAAAA
AAAAAAAAAAAAAAAAAAAAAAAAAAAAAAAAHAAAAAIAUMJjAAAAAAAAABjnGQBcBBoAAAAAAAMBAQMK
CgEDHQEAARKDawAACwESg2sAAoY9AAKIMQAAARKDbgAADQKGESIACgKGPQADDgAAARKDbgAChhci
AwEAAAESg24AAoYrAAKIMQAAApYoAAKWKQAAAAECiDIAAAAAAAAAAAAAAAAAAAAAAAAAAAAAAAAA
AAAAAAAAAAAAAAAAAAAAAAAAAAAAAAAAAAAAAAAAAAAAAAAAAAAAAAAAAAAAAAAAAAAAAAAAAAAA
AAAAAAAAAAAAAAAAAAAAAAAAAAAAAAAAAAAAAAAAAAAAAAAAAAAAAAAAAAAAAAAAAAAAAEUAcQB1
AGEAdABpAG8AbgAgAE4AYQB0AGkAdgBlAAAAAAAAAAAAAAAAAAAAAAAAAAAAAAAAAAAAAAAAAAAA
AAAgAAIA////////////////AAAAAAAAAAAAAAAAAAAAAAAAAAAAAAAAAAAAAAAAAAAAAAAABAAA
AH8AAAAAAAAAAAAAAAAAAAAAAAAAAAAAAAAAAAAAAAAAAAAAAAAAAAAAAAAAAAAAAAAAAAAAAAAA
AAAAAAAAAAAAAAAAAAAAAAAAAAD///////////////8AAAAAAAAAAAAAAAAAAAAAAAAAAAAAAAAA
AAAAAAAAAAAAAAAAAAAAAAAAAAAAAAAAAAAAAAAAAAAAAAAAAAAAAAAAAAAAAAAAAAAAAAAAAAAA
AAAAAAAAAAAAAAAAAAAAAAAAAAAAAAAAAAAAAAAAAAAAAP///////////////wAAAAAAAAAAAAAA
AAAAAAAAAAAAAAAAAAAAAAAAAAAAAAAAAAAAAAAAAAAAAAAAAAAAAAAAAAAAAAAAAAAAAAAAAAAA
AAAAAAAAAAAAAAAAAAAAAAAAAAAAAAAAAAAAAAAAAAAAAAAAAAAAAAAAAAAAAAAA////////////
////AAAAAAAAAAAAAAAAAAAAAAAAAAAAAAAAAAAAAAAAAAAAAAAAAAAAAAAAAAAAAAAA</pkg:binaryData></pkg:part><pkg:part pkg:name="word/media/image1.wmf" pkg:contentType="image/x-wmf" pkg:compression="store"><pkg:binaryData>183GmgAAAAAAACAKQAQBCQAAAABwUAEACQAAA0MCAAADABwAAAAAAAUAAAAJAgAAAAAFAAAAAgEB
AAAABQAAAAEC////AAUAAAAuARgAAAAFAAAACwIAAAAABQAAAAwCQAQgChIAAAAmBg8AGgD/////
AAAQAAAAwP///7H////gCQAA8QMAAAsAAAAmBg8ADABNYXRoVHlwZQAA4AAcAAAA+wIF/uMAAAAA
AJABAAAAAgACABBTeW1ib2wAAKcMCj3Q7xIAIKnxdymp8XcgMPN3kw9mkQQAAAAtAQAACAAAADIK
jgE7BgEAAAAoeRwAAAD7AgX+4wAAAAAAkAEAAAACAAIAEFN5bWJvbAAANQ8KZtDvEgAgqfF3Kanx
dyAw83eTD2aRBAAAAC0BAQAEAAAA8AEAAAgAAAAyCo4BUwkBAAAAKXkIAAAA+gIAABAAAAAAAAAA
BAAAAC0BAAAFAAAAFAIgAkgEBQAAABMCIALFCRwAAAD7AoD+AAAAAAAAkAEAAAAABAIAEFRpbWVz
IE5ldyBSb21hbgAgqfF3KanxdyAw83eTD2aRBAAAAC0BAgAEAAAA8AEBAAgAAAAyCqsDrAYBAAAA
MnkIAAAAMgqQAaUIAQAAADF5HAAAAPsCIP8AAAAAAACQAQAAAAAEAgAQVGltZXMgTmV3IFJvbWFu
ACCp8XcpqfF3IDDzd5MPZpEEAAAALQEBAAQAAADwAQIACAAAADIK7wNLAQEAAAAxeRwAAAD7AoD+
AAAAAAAAkAEAAAACAAIAEFN5bWJvbAAApwwKP0DxEgAgqfF3KanxdyAw83eTD2aRBAAAAC0BAgAE
AAAA8AEBAAgAAAAyCpABtQcBAAAAK3kIAAAAMgqQAVIFAQAAACp5CAAAADIKgAIZAwEAAAA9eRwA
AAD7AsD9AAAAAAAAkAEAAAACAAIAEFN5bWJvbAAANQ8KaEDxEgAgqfF3KanxdyAw83eTD2aRBAAA
AC0BAQAEAAAA8AECAAgAAAAyCtkCNwABAAAA5XkcAAAA+wIg/wAAAAAAAJABAAAAAgACABBTeW1i
b2wAAKcMCkBA8RIAIKnxdymp8XcgMPN3kw9mkQQAAAAtAQIABAAAAPABAQAIAAAAMgrvA98AAQAA
AD15HAAAAPsCgP4AAAAAAACQAQEAAAAEAgAQVGltZXMgTmV3IFJvbWFuACCp8XcpqfF3IDDzd5MP
ZpEEAAAALQEBAAQAAADwAQIACAAAADIKkAGzBgEAAABueQgAAAAyCpABYgQBAAAAbnkIAAAAMgqA
AvwBAQAAAGt5HAAAAPsCIP8AAAAAAACQAQEAAAAEAgAQVGltZXMgTmV3IFJvbWFuACCp8XcpqfF3
IDDzd5MPZpEEAAAALQECAAQAAADwAQEACAAAADIK+gDLAAEAAABueQgAAAAyCu8DYQABAAAAa3kK
AAAAJgYPAAoA/////wEAAAAAABwAAAD7AhAABwAAAAAAvAIAAAAAAQICIlN5c3RlbQCRkw9mkQAA
CgAhAIoBAAAAAAEAAABc8xIABAAAAC0BAQAEAAAA8AECAAMAAAAAAA==</pkg:binaryData></pkg:part><pkg:part pkg:name="word/theme/theme1.xml" pkg:contentType="application/xml"><pkg:xmlData><a:theme xmlns:a="http://schemas.openxmlformats.org/drawingml/2006/main" name="Thème Office"><a:themeElements><a:clrScheme name="Office"><a:dk1><a:sysClr val="windowText" lastClr="000000"/></a:dk1><a:lt1><a:sysClr val="window" lastClr="FFFFFF"/></a:lt1><a:dk2><a:srgbClr val="1F497D"/></a:dk2><a:lt2><a:srgbClr val="EEECE1"/></a:lt2><a:accent1><a:srgbClr val="4F81BD"/></a:accent1><a:accent2><a:srgbClr val="C0504D"/></a:accent2><a:accent3><a:srgbClr val="9BBB59"/></a:accent3><a:accent4><a:srgbClr val="8064A2"/></a:accent4><a:accent5><a:srgbClr val="4BACC6"/></a:accent5><a:accent6><a:srgbClr val="F79646"/></a:accent6><a:hlink><a:srgbClr val="0000FF"/></a:hlink><a:folHlink><a:srgbClr val="800080"/></a:folHlink></a:clrScheme><a:fontScheme name="Office"><a:majorFont><a:latin typeface="Cambria"/><a:ea typeface=""/><a:cs typeface=""/><a:font script="Jpan" typeface="ＭＳ ゴシック"/><a:font script="Hang" typeface="맑은 고딕"/><a:font script="Hans" typeface="宋体"/><a:font script="Hant" typeface="新細明體"/><a:font script="Arab" typeface="Times New Roman"/><a:font script="Hebr" typeface="Times New Roman"/><a:font script="Thai" typeface="Angsana New"/><a:font script="Ethi" typeface="Nyala"/><a:font script="Beng" typeface="Vrinda"/><a:font script="Gujr" typeface="Shruti"/><a:font script="Khmr" typeface="MoolBoran"/><a:font script="Knda" typeface="Tunga"/><a:font script="Guru" typeface="Raavi"/><a:font script="Cans" typeface="Euphemia"/><a:font script="Cher" typeface="Plantagenet Cherokee"/><a:font script="Yiii" typeface="Microsoft Yi Baiti"/><a:font script="Tibt" typeface="Microsoft Himalaya"/><a:font script="Thaa" typeface="MV Boli"/><a:font script="Deva" typeface="Mangal"/><a:font script="Telu" typeface="Gautami"/><a:font script="Taml" typeface="Latha"/><a:font script="Syrc" typeface="Estrangelo Edessa"/><a:font script="Orya" typeface="Kalinga"/><a:font script="Mlym" typeface="Kartika"/><a:font script="Laoo" typeface="DokChampa"/><a:font script="Sinh" typeface="Iskoola Pota"/><a:font script="Mong" typeface="Mongolian Baiti"/><a:font script="Viet" typeface="Times New Roman"/><a:font script="Uigh" typeface="Microsoft Uighur"/><a:font script="Geor" typeface="Sylfaen"/></a:majorFont><a:minorFont><a:latin typeface="Calibri"/><a:ea typeface=""/><a:cs typeface=""/><a:font script="Jpan" typeface="ＭＳ 明朝"/><a:font script="Hang" typeface="맑은 고딕"/><a:font script="Hans" typeface="宋体"/><a:font script="Hant" typeface="新細明體"/><a:font script="Arab" typeface="Arial"/><a:font script="Hebr" typeface="Arial"/><a:font script="Thai" typeface="Cordia New"/><a:font script="Ethi" typeface="Nyala"/><a:font script="Beng" typeface="Vrinda"/><a:font script="Gujr" typeface="Shruti"/><a:font script="Khmr" typeface="DaunPenh"/><a:font script="Knda" typeface="Tunga"/><a:font script="Guru" typeface="Raavi"/><a:font script="Cans" typeface="Euphemia"/><a:font script="Cher" typeface="Plantagenet Cherokee"/><a:font script="Yiii" typeface="Microsoft Yi Baiti"/><a:font script="Tibt" typeface="Microsoft Himalaya"/><a:font script="Thaa" typeface="MV Boli"/><a:font script="Deva" typeface="Mangal"/><a:font script="Telu" typeface="Gautami"/><a:font script="Taml" typeface="Latha"/><a:font script="Syrc" typeface="Estrangelo Edessa"/><a:font script="Orya" typeface="Kalinga"/><a:font script="Mlym" typeface="Kartika"/><a:font script="Laoo" typeface="DokChampa"/><a:font script="Sinh" typeface="Iskoola Pota"/><a:font script="Mong" typeface="Mongolian Baiti"/><a:font script="Viet" typeface="Arial"/><a:font script="Uigh" typeface="Microsoft Uighur"/><a:font script="Geor" typeface="Sylfaen"/></a:minorFont></a:fontScheme><a:fmtScheme name="Office"><a:fillStyleLst><a:solidFill><a:schemeClr val="phClr"/></a:solidFill><a:gradFill rotWithShape="1"><a:gsLst><a:gs pos="0"><a:schemeClr val="phClr"><a:tint val="50000"/><a:satMod val="300000"/></a:schemeClr></a:gs><a:gs pos="35000"><a:schemeClr val="phClr"><a:tint val="37000"/><a:satMod val="300000"/></a:schemeClr></a:gs><a:gs pos="100000"><a:schemeClr val="phClr"><a:tint val="15000"/><a:satMod val="350000"/></a:schemeClr></a:gs></a:gsLst><a:lin ang="16200000" scaled="1"/></a:gradFill><a:gradFill rotWithShape="1"><a:gsLst><a:gs pos="0"><a:schemeClr val="phClr"><a:shade val="51000"/><a:satMod val="130000"/></a:schemeClr></a:gs><a:gs pos="80000"><a:schemeClr val="phClr"><a:shade val="93000"/><a:satMod val="130000"/></a:schemeClr></a:gs><a:gs pos="100000"><a:schemeClr val="phClr"><a:shade val="94000"/><a:satMod val="135000"/></a:schemeClr></a:gs></a:gsLst><a:lin ang="16200000" scaled="0"/></a:gradFill></a:fillStyleLst><a:lnStyleLst><a:ln w="9525" cap="flat" cmpd="sng" algn="ctr"><a:solidFill><a:schemeClr val="phClr"><a:shade val="95000"/><a:satMod val="105000"/></a:schemeClr></a:solidFill><a:prstDash val="solid"/></a:ln><a:ln w="25400" cap="flat" cmpd="sng" algn="ctr"><a:solidFill><a:schemeClr val="phClr"/></a:solidFill><a:prstDash val="solid"/></a:ln><a:ln w="38100" cap="flat" cmpd="sng" algn="ctr"><a:solidFill><a:schemeClr val="phClr"/></a:solidFill><a:prstDash val="solid"/></a:ln></a:lnStyleLst><a:effectStyleLst><a:effectStyle><a:effectLst><a:outerShdw blurRad="40000" dist="20000" dir="5400000" rotWithShape="0"><a:srgbClr val="000000"><a:alpha val="38000"/></a:srgbClr></a:outerShdw></a:effectLst></a:effectStyle><a:effectStyle><a:effectLst><a:outerShdw blurRad="40000" dist="23000" dir="5400000" rotWithShape="0"><a:srgbClr val="000000"><a:alpha val="35000"/></a:srgbClr></a:outerShdw></a:effectLst></a:effectStyle><a:effectStyle><a:effectLst><a:outerShdw blurRad="40000" dist="23000" dir="5400000" rotWithShape="0"><a:srgbClr val="000000"><a:alpha val="35000"/></a:srgbClr></a:outerShdw></a:effectLst><a:scene3d><a:camera prst="orthographicFront"><a:rot lat="0" lon="0" rev="0"/></a:camera><a:lightRig rig="threePt" dir="t"><a:rot lat="0" lon="0" rev="1200000"/></a:lightRig></a:scene3d><a:sp3d><a:bevelT w="63500" h="25400"/></a:sp3d></a:effectStyle></a:effectStyleLst><a:bgFillStyleLst><a:solidFill><a:schemeClr val="phClr"/></a:solidFill><a:gradFill rotWithShape="1"><a:gsLst><a:gs pos="0"><a:schemeClr val="phClr"><a:tint val="40000"/><a:satMod val="350000"/></a:schemeClr></a:gs><a:gs pos="40000"><a:schemeClr val="phClr"><a:tint val="45000"/><a:shade val="99000"/><a:satMod val="350000"/></a:schemeClr></a:gs><a:gs pos="100000"><a:schemeClr val="phClr"><a:shade val="20000"/><a:satMod val="255000"/></a:schemeClr></a:gs></a:gsLst><a:path path="circle"><a:fillToRect l="50000" t="-80000" r="50000" b="180000"/></a:path></a:gradFill><a:gradFill rotWithShape="1"><a:gsLst><a:gs pos="0"><a:schemeClr val="phClr"><a:tint val="80000"/><a:satMod val="300000"/></a:schemeClr></a:gs><a:gs pos="100000"><a:schemeClr val="phClr"><a:shade val="30000"/><a:satMod val="200000"/></a:schemeClr></a:gs></a:gsLst><a:path path="circle"><a:fillToRect l="50000" t="50000" r="50000" b="50000"/></a:path></a:gradFill></a:bgFillStyleLst></a:fmtScheme></a:themeElements><a:objectDefaults/><a:extraClrSchemeLst/></a:theme></pkg:xmlData></pkg:part><pkg:part pkg:name="word/embeddings/oleObject2.bin" pkg:contentType="application/vnd.openxmlformats-officedocument.oleObject" pkg:compression="store"><pkg:binaryData>0M8R4KGxGuEAAAAAAAAAAAAAAAAAAAAAPgADAP7/CQAGAAAAAAAAAAAAAAABAAAAAQAAAAAAAAAA
EAAAAgAAAAEAAAD+////AAAAAAAAAAD/////////////////////////////////////////////
////////////////////////////////////////////////////////////////////////////
////////////////////////////////////////////////////////////////////////////
////////////////////////////////////////////////////////////////////////////
////////////////////////////////////////////////////////////////////////////
////////////////////////////////////////////////////////////////////////////
////////////////////////////////////////////////////////////////////////////
///////////////////////////////////////////////////////////////////////////9
////BAAAAP7///8FAAAA/v////7/////////////////////////////////////////////////
////////////////////////////////////////////////////////////////////////////
////////////////////////////////////////////////////////////////////////////
////////////////////////////////////////////////////////////////////////////
////////////////////////////////////////////////////////////////////////////
////////////////////////////////////////////////////////////////////////////
////////////////////////////////////////////////////////////////////////////
////////////////////////////////////////////////////////////////////////////
/////////////////////////////////////////////////////////////////////////1IA
bwBvAHQAIABFAG4AdAByAHkAAAAAAAAAAAAAAAAAAAAAAAAAAAAAAAAAAAAAAAAAAAAAAAAAAAAA
AAAAAAAWAAUA//////////8CAAAAA84CAAAAAADAAAAAAAAARgAAAAAAAAAAAAAAAAAAAAAAAAAA
AwAAAIACAAAAAAAAAQBPAGwAZQAAAAAAAAAAAAAAAAAAAAAAAAAAAAAAAAAAAAAAAAAAAAAAAAAA
AAAAAAAAAAAAAAAAAAAAAAAAAAoAAgH///////////////8AAAAAAAAAAAAAAAAAAAAAAAAAAAAA
AAAAAAAAAAAAAAAAAAAAAAAAFAAAAAAAAAABAEMAbwBtAHAATwBiAGoAAAAAAAAAAAAAAAAAAAAA
AAAAAAAAAAAAAAAAAAAAAAAAAAAAAAAAAAAAAAAAAAAAEgACAQEAAAADAAAA/////wAAAAAAAAAA
AAAAAAAAAAAAAAAAAAAAAAAAAAAAAAAAAAAAAAEAAABpAAAAAAAAAAMATwBiAGoASQBuAGYAbwAA
AAAAAAAAAAAAAAAAAAAAAAAAAAAAAAAAAAAAAAAAAAAAAAAAAAAAAAAAAAAAAAASAAIB/////wQA
AAD/////AAAAAAAAAAAAAAAAAAAAAAAAAAAAAAAAAAAAAAAAAAAAAAAAAwAAAAYAAAAAAAAA/v//
/wIAAAD+/////v///wUAAAAGAAAABwAAAAgAAAAJAAAA/v//////////////////////////////
////////////////////////////////////////////////////////////////////////////
////////////////////////////////////////////////////////////////////////////
////////////////////////////////////////////////////////////////////////////
////////////////////////////////////////////////////////////////////////////
////////////////////////////////////////////////////////////////////////////
////////////////////////////////////////////////////////////////////////////
////////////////////////////////////////////////////////////////////////////
//////////////////////////////////////////////////////////////////////8BAAAC
CAAAAAAAAAAAAAAAAAAAAAAAAAAAAAAAAAAAAAAAAAAAAAAAAAAAAAAAAAAAAAAAAAAAAAAAAAAA
AAAAAQD+/wMKAAD/////A84CAAAAAADAAAAAAAAARhYAAABNYXRoVHlwZSA2LjAgRXF1YXRpb24A
DAAAAE1hdGhUeXBlIEVGAA8AAABFcXVhdGlvbi5EU01UNAD0ObJxAAAAAAAAAAAAAAAAAAAAAAAA
AAAAAAAAAAAAAAAAAAAAAAAAAAMABAAAAAAAAAAAAAAAAAAAAAAAAAAAAAAAAAAAAAAAAAAAAAAA
AAAAAAAAAAAAAAAAAAAAAAAAAAAAAAAAHAAAAAIAbsFDAQAAnADTAfDXVAAAAAAADADTAQUBAAYJ
RFNNVDYAABNXaW5BbGxCYXNpY0NvZGVQYWdlcwARBVRpbWVzIE5ldyBSb21hbgARA1N5bWJvbAAR
BUNvdXJpZXIgTmV3ABEETVQgRXh0cmEAEgAIIS9Fj0QvQVD0EA9HX0FQ8h8eQVD0FQ9BAPRF9CX0
j0JfQQD0EA9DX0EA9I9F9CpfSPSPQQD0EA9A9I9Bf0j0EA9BKl9EX0X0X0X0X0EPDAEAAQABAgIC
AgACAAEBAQADAAEABAAACgEAAgCDYQADABwAAAsBAQEAAgCIMgAAAAoCBIY9AD0CAINiAEUAcQB1
AGEAdABpAG8AbgAgAE4AYQB0AGkAdgBlAAAAAAAAAAAAAAAAAAAAAAAAAAAAAAAAAAAAAAAAAAAA
AAAgAAIA////////////////AAAAAAAAAAAAAAAAAAAAAAAAAAAAAAAAAAAAAAAAAAAAAAAABAAA
AF8BAAAAAAAAAAAAAAAAAAAAAAAAAAAAAAAAAAAAAAAAAAAAAAAAAAAAAAAAAAAAAAAAAAAAAAAA
AAAAAAAAAAAAAAAAAAAAAAAAAAD///////////////8AAAAAAAAAAAAAAAAAAAAAAAAAAAAAAAAA
AAAAAAAAAAAAAAAAAAAAAAAAAAAAAAAAAAAAAAAAAAAAAAAAAAAAAAAAAAAAAAAAAAAAAAAAAAAA
AAAAAAAAAAAAAAAAAAAAAAAAAAAAAAAAAAAAAAAAAAAAAP///////////////wAAAAAAAAAAAAAA
AAAAAAAAAAAAAAAAAAAAAAAAAAAAAAAAAAAAAAAAAAAAAAAAAAAAAAAAAAAAAAAAAAAAAAAAAAAA
AAAAAAAAAAAAAAAAAAAAAAAAAAAAAAAAAAAAAAAAAAAAAAAAAAAAAAAAAAAAAAAA////////////
////AAAAAAAAAAAAAAAAAAAAAAAAAAAAAAAAAAAAAAAAAAAAAAAAAAAAAAAAAAAAAAAAAwAcAAAL
AQEBAAIAiDIAAAAKAgSGKwArAgCDYwADABwAAAsBAQEAAgCIMgAAAAoCBIYSIi0CAIgyAAIAg2IA
AgCDYwACAIIuAAICgmMAAgCCbwACAIJzAAIAg8IAAAAAAAAAAAAAAAAAAAAAAAAAAAAAAAAAAAAA
AAAAAAAAAAAAAAAAAAAAAAAAAAAAAAAAAAAAAAAAAAAAAAAAAAAAAAAAAAAAAAAAAAAAAAAAAAAA
AAAAAAAAAAAAAAAAAAAAAAAAAAAAAAAAAAAAAAAAAAAAAAAAAAAAAAAAAAAAAAAAAAAAAAAAAAAA
AAAAAAAAAAAAAAAAAAAAAAAAAAAAAAAAAAAAAAAAAAAAAAAAAAAAAAAAAAAAAAAAAAAAAAAAAAAA
AAAAAAAAAAAAAAAAAAAAAAAAAAAAAAAAAAAAAAAAAAAAAAAAAAAAAAAAAAAAAAAAAAAAAAAAAAAA
AAAAAAAAAAAAAAAAAAAAAAAAAAAAAAAAAAAAAAAAAAAAAAAAAAAAAAAAAAAAAAAAAAAAAAAAAAAA
AAAAAAAAAAAAAAAAAAAAAAAAAAAAAAAAAAAAAAAAAAAAAAAAAAAAAAAAAAAAAAAAAAAAAAAAAAAA
AAAAAAAAAAAAAAAAAAAAAAAAAAAAAAAAAAAAAAAAAAAAAAAAAAAAAAAAAAAAAAAAAAA=</pkg:binaryData></pkg:part><pkg:part pkg:name="word/settings.xml" pkg:contentType="application/xml"><pkg:xmlData><w:settings xmlns:mc="http://schemas.openxmlformats.org/markup-compatibility/2006" xmlns:o="urn:schemas-microsoft-com:office:office" xmlns:r="http://schemas.openxmlformats.org/officeDocument/2006/relationships" xmlns:m="http://schemas.openxmlformats.org/officeDocument/2006/math" xmlns:v="urn:schemas-microsoft-com:vml" xmlns:w10="urn:schemas-microsoft-com:office:word" xmlns:w="http://schemas.openxmlformats.org/wordprocessingml/2006/main" xmlns:w14="http://schemas.microsoft.com/office/word/2010/wordml" xmlns:sl="http://schemas.openxmlformats.org/schemaLibrary/2006/main" mc:Ignorable="w14"><w:zoom w:percent="100"/><w:stylePaneFormatFilter w:val="3F01" w:allStyles="1" w:customStyles="0" w:latentStyles="0" w:stylesInUse="0" w:headingStyles="0" w:numberingStyles="0" w:tableStyles="0" w:directFormattingOnRuns="1" w:directFormattingOnParagraphs="1" w:directFormattingOnNumbering="1" w:directFormattingOnTables="1" w:clearFormatting="1" w:top3HeadingStyles="1" w:visibleStyles="0" w:alternateStyleNames="0"/><w:defaultTabStop w:val="708"/><w:hyphenationZone w:val="425"/><w:displayHorizontalDrawingGridEvery w:val="0"/><w:displayVerticalDrawingGridEvery w:val="0"/><w:doNotUseMarginsForDrawingGridOrigin/><w:noPunctuationKerning/><w:characterSpacingControl w:val="doNotCompress"/><w:hdrShapeDefaults><o:shapedefaults v:ext="edit" spidmax="2049"/></w:hdrShapeDefaults><w:footnotePr><w:numRestart w:val="eachPage"/><w:footnote w:id="-1"/><w:footnote w:id="0"/></w:footnotePr><w:endnotePr><w:endnote w:id="-1"/><w:endnote w:id="0"/></w:endnotePr><w:compat><w:compatSetting w:name="compatibilityMode" w:uri="http://schemas.microsoft.com/office/word" w:val="14"/><w:compatSetting w:name="overrideTableStyleFontSizeAndJustification" w:uri="http://schemas.microsoft.com/office/word" w:val="1"/><w:compatSetting w:name="enableOpenTypeFeatures" w:uri="http://schemas.microsoft.com/office/word" w:val="1"/><w:compatSetting w:name="doNotFlipMirrorIndents" w:uri="http://schemas.microsoft.com/office/word" w:val="1"/></w:compat><w:rsids><w:rsidRoot w:val="00E625A4"/><w:rsid w:val="00006E99"/><w:rsid w:val="00155211"/><w:rsid w:val="001F37D9"/><w:rsid w:val="00394B8F"/><w:rsid w:val="00647908"/><w:rsid w:val="00745EAF"/><w:rsid w:val="007B4C8E"/><w:rsid w:val="00827F66"/><w:rsid w:val="008B032C"/><w:rsid w:val="008B620E"/><w:rsid w:val="00A83E01"/><w:rsid w:val="00B2435E"/><w:rsid w:val="00B96817"/><w:rsid w:val="00CC6207"/><w:rsid w:val="00DD7794"/><w:rsid w:val="00E625A4"/><w:rsid w:val="00F40E15"/><w:rsid w:val="00FB5D1B"/></w:rsids><m:mathPr><m:mathFont m:val="Cambria Math"/><m:brkBin m:val="before"/><m:brkBinSub m:val="--"/><m:smallFrac m:val="0"/><m:dispDef/><m:lMargin m:val="0"/><m:rMargin m:val="0"/><m:defJc m:val="centerGroup"/><m:wrapIndent m:val="1440"/><m:intLim m:val="subSup"/><m:naryLim m:val="undOvr"/></m:mathPr><w:themeFontLang w:val="fr-FR"/><w:clrSchemeMapping w:bg1="light1" w:t1="dark1" w:bg2="light2" w:t2="dark2" w:accent1="accent1" w:accent2="accent2" w:accent3="accent3" w:accent4="accent4" w:accent5="accent5" w:accent6="accent6" w:hyperlink="hyperlink" w:followedHyperlink="followedHyperlink"/><w:doNotIncludeSubdocsInStats/><w:shapeDefaults><o:shapedefaults v:ext="edit" spidmax="2049"/><o:shapelayout v:ext="edit"><o:idmap v:ext="edit" data="1"/></o:shapelayout></w:shapeDefaults><w:decimalSymbol w:val=","/><w:listSeparator w:val=";"/></w:settings></pkg:xmlData></pkg:part><pkg:part pkg:name="word/fontTable.xml" pkg:contentType="application/xml"><pkg:xmlData><w:fonts xmlns:mc="http://schemas.openxmlformats.org/markup-compatibility/2006" xmlns:r="http://schemas.openxmlformats.org/officeDocument/2006/relationships" xmlns:w="http://schemas.openxmlformats.org/wordprocessingml/2006/main" xmlns:w14="http://schemas.microsoft.com/office/word/2010/wordml" mc:Ignorable="w14"><w:font w:name="Symbol"><w:panose1 w:val="05050102010706020507"/><w:charset w:val="02"/><w:family w:val="roman"/><w:pitch w:val="variable"/><w:sig w:usb0="00000000" w:usb1="10000000" w:usb2="00000000" w:usb3="00000000" w:csb0="80000000" w:csb1="00000000"/></w:font><w:font w:name="Times New Roman"><w:panose1 w:val="02020603050405020304"/><w:charset w:val="00"/><w:family w:val="roman"/><w:pitch w:val="variable"/><w:sig w:usb0="E0002EFF" w:usb1="C0007843" w:usb2="00000009" w:usb3="00000000" w:csb0="000001FF" w:csb1="00000000"/></w:font><w:font w:name="Wingdings"><w:panose1 w:val="05000000000000000000"/><w:charset w:val="02"/><w:family w:val="auto"/><w:pitch w:val="variable"/><w:sig w:usb0="00000000" w:usb1="10000000" w:usb2="00000000" w:usb3="00000000" w:csb0="80000000" w:csb1="00000000"/></w:font><w:font w:name="Courier New"><w:panose1 w:val="02070309020205020404"/><w:charset w:val="00"/><w:family w:val="modern"/><w:pitch w:val="fixed"/><w:sig w:usb0="E0002AFF" w:usb1="C0007843" w:usb2="00000009" w:usb3="00000000" w:csb0="000001FF" w:csb1="00000000"/></w:font><w:font w:name="Arial"><w:panose1 w:val="020B0604020202020204"/><w:charset w:val="00"/><w:family w:val="swiss"/><w:pitch w:val="variable"/><w:sig w:usb0="E0002AFF" w:usb1="C0007843" w:usb2="00000009" w:usb3="00000000" w:csb0="000001FF" w:csb1="00000000"/></w:font><w:font w:name="Cambria"><w:panose1 w:val="02040503050406030204"/><w:charset w:val="00"/><w:family w:val="roman"/><w:pitch w:val="variable"/><w:sig w:usb0="E00002FF" w:usb1="400004FF" w:usb2="00000000" w:usb3="00000000" w:csb0="0000019F" w:csb1="00000000"/></w:font><w:font w:name="Calibri"><w:panose1 w:val="020F0502020204030204"/><w:charset w:val="00"/><w:family w:val="swiss"/><w:pitch w:val="variable"/><w:sig w:usb0="E00002FF" w:usb1="4000ACFF" w:usb2="00000001" w:usb3="00000000" w:csb0="0000019F" w:csb1="00000000"/></w:font></w:fonts></pkg:xmlData></pkg:part><pkg:part pkg:name="word/styles.xml" pkg:contentType="application/xml"><pkg:xmlData><w:styles xmlns:mc="http://schemas.openxmlformats.org/markup-compatibility/2006" xmlns:r="http://schemas.openxmlformats.org/officeDocument/2006/relationships" xmlns:w="http://schemas.openxmlformats.org/wordprocessingml/2006/main" xmlns:w14="http://schemas.microsoft.com/office/word/2010/wordml" mc:Ignorable="w14"><w:docDefaults><w:rPrDefault><w:rPr><w:rFonts w:ascii="Times New Roman" w:eastAsia="Times New Roman" w:hAnsi="Times New Roman" w:cs="Times New Roman"/><w:lang w:val="fr-FR" w:eastAsia="fr-FR" w:bidi="ar-SA"/></w:rPr></w:rPrDefault><w:pPrDefault/></w:docDefaults><w:latentStyles w:defLockedState="0" w:defUIPriority="0" w:defSemiHidden="0" w:defUnhideWhenUsed="0" w:defQFormat="0" w:count="267"><w:lsdException w:name="Normal" w:qFormat="1"/><w:lsdException w:name="heading 1" w:qFormat="1"/><w:lsdException w:name="heading 2" w:semiHidden="1" w:unhideWhenUsed="1" w:qFormat="1"/><w:lsdException w:name="heading 3" w:semiHidden="1" w:unhideWhenUsed="1" w:qFormat="1"/><w:lsdException w:name="heading 4" w:semiHidden="1" w:unhideWhenUsed="1" w:qFormat="1"/><w:lsdException w:name="heading 5" w:semiHidden="1" w:unhideWhenUsed="1" w:qFormat="1"/><w:lsdException w:name="heading 6" w:semiHidden="1" w:unhideWhenUsed="1" w:qFormat="1"/><w:lsdException w:name="heading 7" w:semiHidden="1" w:unhideWhenUsed="1" w:qFormat="1"/><w:lsdException w:name="heading 8" w:semiHidden="1" w:unhideWhenUsed="1" w:qFormat="1"/><w:lsdException w:name="heading 9" w:semiHidden="1" w:unhideWhenUsed="1" w:qFormat="1"/><w:lsdException w:name="caption" w:semiHidden="1" w:unhideWhenUsed="1" w:qFormat="1"/><w:lsdException w:name="Title" w:qFormat="1"/><w:lsdException w:name="Subtitle" w:qFormat="1"/><w:lsdException w:name="Strong" w:qFormat="1"/><w:lsdException w:name="Emphasis" w:qFormat="1"/><w:lsdException w:name="Placeholder Text" w:semiHidden="1" w:uiPriority="99"/><w:lsdException w:name="No Spacing" w:uiPriority="1" w:qFormat="1"/><w:lsdException w:name="Light Shading" w:uiPriority="60"/><w:lsdException w:name="Light List" w:uiPriority="61"/><w:lsdException w:name="Light Grid" w:uiPriority="62"/><w:lsdException w:name="Medium Shading 1" w:uiPriority="63"/><w:lsdException w:name="Medium Shading 2" w:uiPriority="64"/><w:lsdException w:name="Medium List 1" w:uiPriority="65"/><w:lsdException w:name="Medium List 2" w:uiPriority="66"/><w:lsdException w:name="Medium Grid 1" w:uiPriority="67"/><w:lsdException w:name="Medium Grid 2" w:uiPriority="68"/><w:lsdException w:name="Medium Grid 3" w:uiPriority="69"/><w:lsdException w:name="Dark List" w:uiPriority="70"/><w:lsdException w:name="Colorful Shading" w:uiPriority="71"/><w:lsdException w:name="Colorful List" w:uiPriority="72"/><w:lsdException w:name="Colorful Grid" w:uiPriority="73"/><w:lsdException w:name="Light Shading Accent 1" w:uiPriority="60"/><w:lsdException w:name="Light List Accent 1" w:uiPriority="61"/><w:lsdException w:name="Light Grid Accent 1" w:uiPriority="62"/><w:lsdException w:name="Medium Shading 1 Accent 1" w:uiPriority="63"/><w:lsdException w:name="Medium Shading 2 Accent 1" w:uiPriority="64"/><w:lsdException w:name="Medium List 1 Accent 1" w:uiPriority="65"/><w:lsdException w:name="Revision" w:semiHidden="1" w:uiPriority="99"/><w:lsdException w:name="List Paragraph" w:uiPriority="34" w:qFormat="1"/><w:lsdException w:name="Quote" w:uiPriority="29" w:qFormat="1"/><w:lsdException w:name="Intense Quote" w:uiPriority="30" w:qFormat="1"/><w:lsdException w:name="Medium List 2 Accent 1" w:uiPriority="66"/><w:lsdException w:name="Medium Grid 1 Accent 1" w:uiPriority="67"/><w:lsdException w:name="Medium Grid 2 Accent 1" w:uiPriority="68"/><w:lsdException w:name="Medium Grid 3 Accent 1" w:uiPriority="69"/><w:lsdException w:name="Dark List Accent 1" w:uiPriority="70"/><w:lsdException w:name="Colorful Shading Accent 1" w:uiPriority="71"/><w:lsdException w:name="Colorful List Accent 1" w:uiPriority="72"/><w:lsdException w:name="Colorful Grid Accent 1" w:uiPriority="73"/><w:lsdException w:name="Light Shading Accent 2" w:uiPriority="60"/><w:lsdException w:name="Light List Accent 2" w:uiPriority="61"/><w:lsdException w:name="Light Grid Accent 2" w:uiPriority="62"/><w:lsdException w:name="Medium Shading 1 Accent 2" w:uiPriority="63"/><w:lsdException w:name="Medium Shading 2 Accent 2" w:uiPriority="64"/><w:lsdException w:name="Medium List 1 Accent 2" w:uiPriority="65"/><w:lsdException w:name="Medium List 2 Accent 2" w:uiPriority="66"/><w:lsdException w:name="Medium Grid 1 Accent 2" w:uiPriority="67"/><w:lsdException w:name="Medium Grid 2 Accent 2" w:uiPriority="68"/><w:lsdException w:name="Medium Grid 3 Accent 2" w:uiPriority="69"/><w:lsdException w:name="Dark List Accent 2" w:uiPriority="70"/><w:lsdException w:name="Colorful Shading Accent 2" w:uiPriority="71"/><w:lsdException w:name="Colorful List Accent 2" w:uiPriority="72"/><w:lsdException w:name="Colorful Grid Accent 2" w:uiPriority="73"/><w:lsdException w:name="Light Shading Accent 3" w:uiPriority="60"/><w:lsdException w:name="Light List Accent 3" w:uiPriority="61"/><w:lsdException w:name="Light Grid Accent 3" w:uiPriority="62"/><w:lsdException w:name="Medium Shading 1 Accent 3" w:uiPriority="63"/><w:lsdException w:name="Medium Shading 2 Accent 3" w:uiPriority="64"/><w:lsdException w:name="Medium List 1 Accent 3" w:uiPriority="65"/><w:lsdException w:name="Medium List 2 Accent 3" w:uiPriority="66"/><w:lsdException w:name="Medium Grid 1 Accent 3" w:uiPriority="67"/><w:lsdException w:name="Medium Grid 2 Accent 3" w:uiPriority="68"/><w:lsdException w:name="Medium Grid 3 Accent 3" w:uiPriority="69"/><w:lsdException w:name="Dark List Accent 3" w:uiPriority="70"/><w:lsdException w:name="Colorful Shading Accent 3" w:uiPriority="71"/><w:lsdException w:name="Colorful List Accent 3" w:uiPriority="72"/><w:lsdException w:name="Colorful Grid Accent 3" w:uiPriority="73"/><w:lsdException w:name="Light Shading Accent 4" w:uiPriority="60"/><w:lsdException w:name="Light List Accent 4" w:uiPriority="61"/><w:lsdException w:name="Light Grid Accent 4" w:uiPriority="62"/><w:lsdException w:name="Medium Shading 1 Accent 4" w:uiPriority="63"/><w:lsdException w:name="Medium Shading 2 Accent 4" w:uiPriority="64"/><w:lsdException w:name="Medium List 1 Accent 4" w:uiPriority="65"/><w:lsdException w:name="Medium List 2 Accent 4" w:uiPriority="66"/><w:lsdException w:name="Medium Grid 1 Accent 4" w:uiPriority="67"/><w:lsdException w:name="Medium Grid 2 Accent 4" w:uiPriority="68"/><w:lsdException w:name="Medium Grid 3 Accent 4" w:uiPriority="69"/><w:lsdException w:name="Dark List Accent 4" w:uiPriority="70"/><w:lsdException w:name="Colorful Shading Accent 4" w:uiPriority="71"/><w:lsdException w:name="Colorful List Accent 4" w:uiPriority="72"/><w:lsdException w:name="Colorful Grid Accent 4" w:uiPriority="73"/><w:lsdException w:name="Light Shading Accent 5" w:uiPriority="60"/><w:lsdException w:name="Light List Accent 5" w:uiPriority="61"/><w:lsdException w:name="Light Grid Accent 5" w:uiPriority="62"/><w:lsdException w:name="Medium Shading 1 Accent 5" w:uiPriority="63"/><w:lsdException w:name="Medium Shading 2 Accent 5" w:uiPriority="64"/><w:lsdException w:name="Medium List 1 Accent 5" w:uiPriority="65"/><w:lsdException w:name="Medium List 2 Accent 5" w:uiPriority="66"/><w:lsdException w:name="Medium Grid 1 Accent 5" w:uiPriority="67"/><w:lsdException w:name="Medium Grid 2 Accent 5" w:uiPriority="68"/><w:lsdException w:name="Medium Grid 3 Accent 5" w:uiPriority="69"/><w:lsdException w:name="Dark List Accent 5" w:uiPriority="70"/><w:lsdException w:name="Colorful Shading Accent 5" w:uiPriority="71"/><w:lsdException w:name="Colorful List Accent 5" w:uiPriority="72"/><w:lsdException w:name="Colorful Grid Accent 5" w:uiPriority="73"/><w:lsdException w:name="Light Shading Accent 6" w:uiPriority="60"/><w:lsdException w:name="Light List Accent 6" w:uiPriority="61"/><w:lsdException w:name="Light Grid Accent 6" w:uiPriority="62"/><w:lsdException w:name="Medium Shading 1 Accent 6" w:uiPriority="63"/><w:lsdException w:name="Medium Shading 2 Accent 6" w:uiPriority="64"/><w:lsdException w:name="Medium List 1 Accent 6" w:uiPriority="65"/><w:lsdException w:name="Medium List 2 Accent 6" w:uiPriority="66"/><w:lsdException w:name="Medium Grid 1 Accent 6" w:uiPriority="67"/><w:lsdException w:name="Medium Grid 2 Accent 6" w:uiPriority="68"/><w:lsdException w:name="Medium Grid 3 Accent 6" w:uiPriority="69"/><w:lsdException w:name="Dark List Accent 6" w:uiPriority="70"/><w:lsdException w:name="Colorful Shading Accent 6" w:uiPriority="71"/><w:lsdException w:name="Colorful List Accent 6" w:uiPriority="72"/><w:lsdException w:name="Colorful Grid Accent 6" w:uiPriority="73"/><w:lsdException w:name="Subtle Emphasis" w:uiPriority="19" w:qFormat="1"/><w:lsdException w:name="Intense Emphasis" w:uiPriority="21" w:qFormat="1"/><w:lsdException w:name="Subtle Reference" w:uiPriority="31" w:qFormat="1"/><w:lsdException w:name="Intense Reference" w:uiPriority="32" w:qFormat="1"/><w:lsdException w:name="Book Title" w:uiPriority="33" w:qFormat="1"/><w:lsdException w:name="Bibliography" w:semiHidden="1" w:uiPriority="37" w:unhideWhenUsed="1"/><w:lsdException w:name="TOC Heading" w:semiHidden="1" w:uiPriority="39" w:unhideWhenUsed="1" w:qFormat="1"/></w:latentStyles><w:style w:type="paragraph" w:default="1" w:styleId="Normal"><w:name w:val="Normal"/><w:qFormat/><w:rPr><w:rFonts w:ascii="Arial" w:hAnsi="Arial"/></w:rPr></w:style><w:style w:type="character" w:default="1" w:styleId="Policepardfaut"><w:name w:val="Default Paragraph Font"/><w:semiHidden/></w:style><w:style w:type="table" w:default="1" w:styleId="TableauNormal"><w:name w:val="Normal Table"/><w:semiHidden/><w:tblPr><w:tblInd w:w="0" w:type="dxa"/><w:tblCellMar><w:top w:w="0" w:type="dxa"/><w:left w:w="108" w:type="dxa"/><w:bottom w:w="0" w:type="dxa"/><w:right w:w="108" w:type="dxa"/></w:tblCellMar></w:tblPr></w:style><w:style w:type="numbering" w:default="1" w:styleId="Aucuneliste"><w:name w:val="No List"/><w:semiHidden/></w:style><w:style w:type="paragraph" w:customStyle="1" w:styleId="Title0"><w:name w:val="Title_0"/><w:basedOn w:val="Normal"/><w:pPr><w:pageBreakBefore/><w:jc w:val="center"/></w:pPr><w:rPr><w:b/><w:color w:val="3366FF"/><w:sz w:val="24"/></w:rPr></w:style><w:style w:type="paragraph" w:customStyle="1" w:styleId="Title1"><w:name w:val="Title_1"/><w:basedOn w:val="Normal"/><w:pPr><w:spacing w:before="480"/></w:pPr><w:rPr><w:b/><w:color w:val="339966"/></w:rPr></w:style><w:style w:type="paragraph" w:customStyle="1" w:styleId="NormalText"><w:name w:val="Normal_Text"/><w:basedOn w:val="Normal"/><w:link w:val="NormalTextCar"/><w:pPr><w:spacing w:before="240"/><w:ind w:left="567"/></w:pPr></w:style><w:style w:type="paragraph" w:customStyle="1" w:styleId="thead"><w:name w:val="thead"/><w:basedOn w:val="Normal"/><w:pPr><w:jc w:val="center"/></w:pPr><w:rPr><w:b/></w:rPr></w:style><w:style w:type="paragraph" w:customStyle="1" w:styleId="tbody"><w:name w:val="tbody"/><w:basedOn w:val="Normal"/><w:rPr><w:i/></w:rPr></w:style><w:style w:type="paragraph" w:styleId="TM1"><w:name w:val="toc 1"/><w:basedOn w:val="Normal"/><w:next w:val="Normal"/><w:autoRedefine/><w:semiHidden/></w:style><w:style w:type="paragraph" w:styleId="TM2"><w:name w:val="toc 2"/><w:basedOn w:val="Normal"/><w:next w:val="Normal"/><w:autoRedefine/><w:semiHidden/><w:pPr><w:ind w:left="200"/></w:pPr></w:style><w:style w:type="paragraph" w:styleId="TM3"><w:name w:val="toc 3"/><w:basedOn w:val="Normal"/><w:next w:val="Normal"/><w:autoRedefine/><w:semiHidden/><w:pPr><w:ind w:left="400"/></w:pPr></w:style><w:style w:type="paragraph" w:styleId="TM4"><w:name w:val="toc 4"/><w:basedOn w:val="Normal"/><w:next w:val="Normal"/><w:autoRedefine/><w:semiHidden/><w:pPr><w:ind w:left="600"/></w:pPr></w:style><w:style w:type="paragraph" w:styleId="TM5"><w:name w:val="toc 5"/><w:basedOn w:val="Normal"/><w:next w:val="Normal"/><w:autoRedefine/><w:semiHidden/><w:pPr><w:ind w:left="800"/></w:pPr></w:style><w:style w:type="paragraph" w:styleId="TM6"><w:name w:val="toc 6"/><w:basedOn w:val="Normal"/><w:next w:val="Normal"/><w:autoRedefine/><w:semiHidden/><w:pPr><w:ind w:left="1000"/></w:pPr></w:style><w:style w:type="paragraph" w:styleId="TM7"><w:name w:val="toc 7"/><w:basedOn w:val="Normal"/><w:next w:val="Normal"/><w:autoRedefine/><w:semiHidden/><w:pPr><w:ind w:left="1200"/></w:pPr></w:style><w:style w:type="paragraph" w:styleId="TM8"><w:name w:val="toc 8"/><w:basedOn w:val="Normal"/><w:next w:val="Normal"/><w:autoRedefine/><w:semiHidden/><w:pPr><w:ind w:left="1400"/></w:pPr></w:style><w:style w:type="paragraph" w:styleId="TM9"><w:name w:val="toc 9"/><w:basedOn w:val="Normal"/><w:next w:val="Normal"/><w:autoRedefine/><w:semiHidden/><w:pPr><w:ind w:left="1600"/></w:pPr></w:style><w:style w:type="character" w:styleId="Lienhypertexte"><w:name w:val="Hyperlink"/><w:rPr><w:color w:val="0000FF"/><w:u w:val="single"/></w:rPr></w:style><w:style w:type="paragraph" w:styleId="Index1"><w:name w:val="index 1"/><w:basedOn w:val="Normal"/><w:next w:val="Normal"/><w:autoRedefine/><w:semiHidden/><w:pPr><w:ind w:left="200" w:hanging="200"/></w:pPr></w:style><w:style w:type="paragraph" w:styleId="Index2"><w:name w:val="index 2"/><w:basedOn w:val="Normal"/><w:next w:val="Normal"/><w:autoRedefine/><w:semiHidden/><w:pPr><w:ind w:left="400" w:hanging="200"/></w:pPr></w:style><w:style w:type="paragraph" w:styleId="Index3"><w:name w:val="index 3"/><w:basedOn w:val="Normal"/><w:next w:val="Normal"/><w:autoRedefine/><w:semiHidden/><w:pPr><w:ind w:left="600" w:hanging="200"/></w:pPr></w:style><w:style w:type="paragraph" w:styleId="Index4"><w:name w:val="index 4"/><w:basedOn w:val="Normal"/><w:next w:val="Normal"/><w:autoRedefine/><w:semiHidden/><w:pPr><w:ind w:left="800" w:hanging="200"/></w:pPr></w:style><w:style w:type="paragraph" w:styleId="Index5"><w:name w:val="index 5"/><w:basedOn w:val="Normal"/><w:next w:val="Normal"/><w:autoRedefine/><w:semiHidden/><w:pPr><w:ind w:left="1000" w:hanging="200"/></w:pPr></w:style><w:style w:type="paragraph" w:styleId="Index6"><w:name w:val="index 6"/><w:basedOn w:val="Normal"/><w:next w:val="Normal"/><w:autoRedefine/><w:semiHidden/><w:pPr><w:ind w:left="1200" w:hanging="200"/></w:pPr></w:style><w:style w:type="paragraph" w:styleId="Index7"><w:name w:val="index 7"/><w:basedOn w:val="Normal"/><w:next w:val="Normal"/><w:autoRedefine/><w:semiHidden/><w:pPr><w:ind w:left="1400" w:hanging="200"/></w:pPr></w:style><w:style w:type="paragraph" w:styleId="Index8"><w:name w:val="index 8"/><w:basedOn w:val="Normal"/><w:next w:val="Normal"/><w:autoRedefine/><w:semiHidden/><w:pPr><w:ind w:left="1600" w:hanging="200"/></w:pPr></w:style><w:style w:type="paragraph" w:styleId="Index9"><w:name w:val="index 9"/><w:basedOn w:val="Normal"/><w:next w:val="Normal"/><w:autoRedefine/><w:semiHidden/><w:pPr><w:ind w:left="1800" w:hanging="200"/></w:pPr></w:style><w:style w:type="paragraph" w:styleId="Titreindex"><w:name w:val="index heading"/><w:basedOn w:val="Normal"/><w:next w:val="Index1"/><w:semiHidden/></w:style><w:style w:type="character" w:styleId="Lienhypertextesuivivisit"><w:name w:val="FollowedHyperlink"/><w:rPr><w:color w:val="800080"/><w:u w:val="single"/></w:rPr></w:style><w:style w:type="paragraph" w:styleId="Notedebasdepage"><w:name w:val="footnote text"/><w:basedOn w:val="Normal"/><w:semiHidden/></w:style><w:style w:type="character" w:styleId="Appelnotedebasdep"><w:name w:val="footnote reference"/><w:semiHidden/><w:rPr><w:vertAlign w:val="superscript"/></w:rPr></w:style><w:style w:type="paragraph" w:styleId="Notedefin"><w:name w:val="endnote text"/><w:basedOn w:val="Normal"/><w:semiHidden/></w:style><w:style w:type="character" w:styleId="Appeldenotedefin"><w:name w:val="endnote reference"/><w:semiHidden/><w:rPr><w:vertAlign w:val="superscript"/></w:rPr></w:style><w:style w:type="paragraph" w:customStyle="1" w:styleId="Styleparaavecespaces"><w:name w:val="Style para avec espaces"/><w:basedOn w:val="NormalText"/></w:style><w:style w:type="paragraph" w:customStyle="1" w:styleId="MTDisplayEquation"><w:name w:val="MTDisplayEquation"/><w:basedOn w:val="NormalText"/><w:next w:val="Normal"/><w:link w:val="MTDisplayEquationCar"/><w:rsid w:val="00745EAF"/><w:pPr><w:tabs><w:tab w:val="center" w:pos="4820"/><w:tab w:val="right" w:pos="9080"/></w:tabs></w:pPr></w:style><w:style w:type="character" w:customStyle="1" w:styleId="CharStyle"><w:name w:val="CharStyle"/><w:rPr><w:b/><w:i/></w:rPr></w:style><w:style w:type="character" w:customStyle="1" w:styleId="NormalTextCar"><w:name w:val="Normal_Text Car"/><w:basedOn w:val="Policepardfaut"/><w:link w:val="NormalText"/><w:rsid w:val="00745EAF"/><w:rPr><w:rFonts w:ascii="Arial" w:hAnsi="Arial"/></w:rPr></w:style><w:style w:type="character" w:customStyle="1" w:styleId="MTDisplayEquationCar"><w:name w:val="MTDisplayEquation Car"/><w:basedOn w:val="NormalTextCar"/><w:link w:val="MTDisplayEquation"/><w:rsid w:val="00745EAF"/><w:rPr><w:rFonts w:ascii="Arial" w:hAnsi="Arial"/></w:rPr></w:style></w:styles></pkg:xmlData></pkg:part><pkg:part pkg:name="word/stylesWithEffects.xml" pkg:contentType="application/xml"><pkg:xmlData><w:styles xmlns:wpc="http://schemas.microsoft.com/office/word/2010/wordprocessingCanvas" xmlns:mc="http://schemas.openxmlformats.org/markup-compatibility/2006" xmlns:o="urn:schemas-microsoft-com:office:office" xmlns:r="http://schemas.openxmlformats.org/officeDocument/2006/relationships" xmlns:m="http://schemas.openxmlformats.org/officeDocument/2006/math" xmlns:v="urn:schemas-microsoft-com:vml" xmlns:wp14="http://schemas.microsoft.com/office/word/2010/wordprocessingDrawing" xmlns:wp="http://schemas.openxmlformats.org/drawingml/2006/wordprocessingDrawing" xmlns:w10="urn:schemas-microsoft-com:office:word" xmlns:w="http://schemas.openxmlformats.org/wordprocessingml/2006/main" xmlns:w14="http://schemas.microsoft.com/office/word/2010/wordml" xmlns:wpg="http://schemas.microsoft.com/office/word/2010/wordprocessingGroup" xmlns:wpi="http://schemas.microsoft.com/office/word/2010/wordprocessingInk" xmlns:wne="http://schemas.microsoft.com/office/word/2006/wordml" xmlns:wps="http://schemas.microsoft.com/office/word/2010/wordprocessingShape" mc:Ignorable="w14 wp14"><w:docDefaults><w:rPrDefault><w:rPr><w:rFonts w:ascii="Times New Roman" w:eastAsia="Times New Roman" w:hAnsi="Times New Roman" w:cs="Times New Roman"/><w:lang w:val="fr-FR" w:eastAsia="fr-FR" w:bidi="ar-SA"/></w:rPr></w:rPrDefault><w:pPrDefault/></w:docDefaults><w:latentStyles w:defLockedState="0" w:defUIPriority="0" w:defSemiHidden="0" w:defUnhideWhenUsed="0" w:defQFormat="0" w:count="267"><w:lsdException w:name="Normal" w:qFormat="1"/><w:lsdException w:name="heading 1" w:qFormat="1"/><w:lsdException w:name="heading 2" w:semiHidden="1" w:unhideWhenUsed="1" w:qFormat="1"/><w:lsdException w:name="heading 3" w:semiHidden="1" w:unhideWhenUsed="1" w:qFormat="1"/><w:lsdException w:name="heading 4" w:semiHidden="1" w:unhideWhenUsed="1" w:qFormat="1"/><w:lsdException w:name="heading 5" w:semiHidden="1" w:unhideWhenUsed="1" w:qFormat="1"/><w:lsdException w:name="heading 6" w:semiHidden="1" w:unhideWhenUsed="1" w:qFormat="1"/><w:lsdException w:name="heading 7" w:semiHidden="1" w:unhideWhenUsed="1" w:qFormat="1"/><w:lsdException w:name="heading 8" w:semiHidden="1" w:unhideWhenUsed="1" w:qFormat="1"/><w:lsdException w:name="heading 9" w:semiHidden="1" w:unhideWhenUsed="1" w:qFormat="1"/><w:lsdException w:name="caption" w:semiHidden="1" w:unhideWhenUsed="1" w:qFormat="1"/><w:lsdException w:name="Title" w:qFormat="1"/><w:lsdException w:name="Subtitle" w:qFormat="1"/><w:lsdException w:name="Strong" w:qFormat="1"/><w:lsdException w:name="Emphasis" w:qFormat="1"/><w:lsdException w:name="Placeholder Text" w:semiHidden="1" w:uiPriority="99"/><w:lsdException w:name="No Spacing" w:uiPriority="1" w:qFormat="1"/><w:lsdException w:name="Light Shading" w:uiPriority="60"/><w:lsdException w:name="Light List" w:uiPriority="61"/><w:lsdException w:name="Light Grid" w:uiPriority="62"/><w:lsdException w:name="Medium Shading 1" w:uiPriority="63"/><w:lsdException w:name="Medium Shading 2" w:uiPriority="64"/><w:lsdException w:name="Medium List 1" w:uiPriority="65"/><w:lsdException w:name="Medium List 2" w:uiPriority="66"/><w:lsdException w:name="Medium Grid 1" w:uiPriority="67"/><w:lsdException w:name="Medium Grid 2" w:uiPriority="68"/><w:lsdException w:name="Medium Grid 3" w:uiPriority="69"/><w:lsdException w:name="Dark List" w:uiPriority="70"/><w:lsdException w:name="Colorful Shading" w:uiPriority="71"/><w:lsdException w:name="Colorful List" w:uiPriority="72"/><w:lsdException w:name="Colorful Grid" w:uiPriority="73"/><w:lsdException w:name="Light Shading Accent 1" w:uiPriority="60"/><w:lsdException w:name="Light List Accent 1" w:uiPriority="61"/><w:lsdException w:name="Light Grid Accent 1" w:uiPriority="62"/><w:lsdException w:name="Medium Shading 1 Accent 1" w:uiPriority="63"/><w:lsdException w:name="Medium Shading 2 Accent 1" w:uiPriority="64"/><w:lsdException w:name="Medium List 1 Accent 1" w:uiPriority="65"/><w:lsdException w:name="Revision" w:semiHidden="1" w:uiPriority="99"/><w:lsdException w:name="List Paragraph" w:uiPriority="34" w:qFormat="1"/><w:lsdException w:name="Quote" w:uiPriority="29" w:qFormat="1"/><w:lsdException w:name="Intense Quote" w:uiPriority="30" w:qFormat="1"/><w:lsdException w:name="Medium List 2 Accent 1" w:uiPriority="66"/><w:lsdException w:name="Medium Grid 1 Accent 1" w:uiPriority="67"/><w:lsdException w:name="Medium Grid 2 Accent 1" w:uiPriority="68"/><w:lsdException w:name="Medium Grid 3 Accent 1" w:uiPriority="69"/><w:lsdException w:name="Dark List Accent 1" w:uiPriority="70"/><w:lsdException w:name="Colorful Shading Accent 1" w:uiPriority="71"/><w:lsdException w:name="Colorful List Accent 1" w:uiPriority="72"/><w:lsdException w:name="Colorful Grid Accent 1" w:uiPriority="73"/><w:lsdException w:name="Light Shading Accent 2" w:uiPriority="60"/><w:lsdException w:name="Light List Accent 2" w:uiPriority="61"/><w:lsdException w:name="Light Grid Accent 2" w:uiPriority="62"/><w:lsdException w:name="Medium Shading 1 Accent 2" w:uiPriority="63"/><w:lsdException w:name="Medium Shading 2 Accent 2" w:uiPriority="64"/><w:lsdException w:name="Medium List 1 Accent 2" w:uiPriority="65"/><w:lsdException w:name="Medium List 2 Accent 2" w:uiPriority="66"/><w:lsdException w:name="Medium Grid 1 Accent 2" w:uiPriority="67"/><w:lsdException w:name="Medium Grid 2 Accent 2" w:uiPriority="68"/><w:lsdException w:name="Medium Grid 3 Accent 2" w:uiPriority="69"/><w:lsdException w:name="Dark List Accent 2" w:uiPriority="70"/><w:lsdException w:name="Colorful Shading Accent 2" w:uiPriority="71"/><w:lsdException w:name="Colorful List Accent 2" w:uiPriority="72"/><w:lsdException w:name="Colorful Grid Accent 2" w:uiPriority="73"/><w:lsdException w:name="Light Shading Accent 3" w:uiPriority="60"/><w:lsdException w:name="Light List Accent 3" w:uiPriority="61"/><w:lsdException w:name="Light Grid Accent 3" w:uiPriority="62"/><w:lsdException w:name="Medium Shading 1 Accent 3" w:uiPriority="63"/><w:lsdException w:name="Medium Shading 2 Accent 3" w:uiPriority="64"/><w:lsdException w:name="Medium List 1 Accent 3" w:uiPriority="65"/><w:lsdException w:name="Medium List 2 Accent 3" w:uiPriority="66"/><w:lsdException w:name="Medium Grid 1 Accent 3" w:uiPriority="67"/><w:lsdException w:name="Medium Grid 2 Accent 3" w:uiPriority="68"/><w:lsdException w:name="Medium Grid 3 Accent 3" w:uiPriority="69"/><w:lsdException w:name="Dark List Accent 3" w:uiPriority="70"/><w:lsdException w:name="Colorful Shading Accent 3" w:uiPriority="71"/><w:lsdException w:name="Colorful List Accent 3" w:uiPriority="72"/><w:lsdException w:name="Colorful Grid Accent 3" w:uiPriority="73"/><w:lsdException w:name="Light Shading Accent 4" w:uiPriority="60"/><w:lsdException w:name="Light List Accent 4" w:uiPriority="61"/><w:lsdException w:name="Light Grid Accent 4" w:uiPriority="62"/><w:lsdException w:name="Medium Shading 1 Accent 4" w:uiPriority="63"/><w:lsdException w:name="Medium Shading 2 Accent 4" w:uiPriority="64"/><w:lsdException w:name="Medium List 1 Accent 4" w:uiPriority="65"/><w:lsdException w:name="Medium List 2 Accent 4" w:uiPriority="66"/><w:lsdException w:name="Medium Grid 1 Accent 4" w:uiPriority="67"/><w:lsdException w:name="Medium Grid 2 Accent 4" w:uiPriority="68"/><w:lsdException w:name="Medium Grid 3 Accent 4" w:uiPriority="69"/><w:lsdException w:name="Dark List Accent 4" w:uiPriority="70"/><w:lsdException w:name="Colorful Shading Accent 4" w:uiPriority="71"/><w:lsdException w:name="Colorful List Accent 4" w:uiPriority="72"/><w:lsdException w:name="Colorful Grid Accent 4" w:uiPriority="73"/><w:lsdException w:name="Light Shading Accent 5" w:uiPriority="60"/><w:lsdException w:name="Light List Accent 5" w:uiPriority="61"/><w:lsdException w:name="Light Grid Accent 5" w:uiPriority="62"/><w:lsdException w:name="Medium Shading 1 Accent 5" w:uiPriority="63"/><w:lsdException w:name="Medium Shading 2 Accent 5" w:uiPriority="64"/><w:lsdException w:name="Medium List 1 Accent 5" w:uiPriority="65"/><w:lsdException w:name="Medium List 2 Accent 5" w:uiPriority="66"/><w:lsdException w:name="Medium Grid 1 Accent 5" w:uiPriority="67"/><w:lsdException w:name="Medium Grid 2 Accent 5" w:uiPriority="68"/><w:lsdException w:name="Medium Grid 3 Accent 5" w:uiPriority="69"/><w:lsdException w:name="Dark List Accent 5" w:uiPriority="70"/><w:lsdException w:name="Colorful Shading Accent 5" w:uiPriority="71"/><w:lsdException w:name="Colorful List Accent 5" w:uiPriority="72"/><w:lsdException w:name="Colorful Grid Accent 5" w:uiPriority="73"/><w:lsdException w:name="Light Shading Accent 6" w:uiPriority="60"/><w:lsdException w:name="Light List Accent 6" w:uiPriority="61"/><w:lsdException w:name="Light Grid Accent 6" w:uiPriority="62"/><w:lsdException w:name="Medium Shading 1 Accent 6" w:uiPriority="63"/><w:lsdException w:name="Medium Shading 2 Accent 6" w:uiPriority="64"/><w:lsdException w:name="Medium List 1 Accent 6" w:uiPriority="65"/><w:lsdException w:name="Medium List 2 Accent 6" w:uiPriority="66"/><w:lsdException w:name="Medium Grid 1 Accent 6" w:uiPriority="67"/><w:lsdException w:name="Medium Grid 2 Accent 6" w:uiPriority="68"/><w:lsdException w:name="Medium Grid 3 Accent 6" w:uiPriority="69"/><w:lsdException w:name="Dark List Accent 6" w:uiPriority="70"/><w:lsdException w:name="Colorful Shading Accent 6" w:uiPriority="71"/><w:lsdException w:name="Colorful List Accent 6" w:uiPriority="72"/><w:lsdException w:name="Colorful Grid Accent 6" w:uiPriority="73"/><w:lsdException w:name="Subtle Emphasis" w:uiPriority="19" w:qFormat="1"/><w:lsdException w:name="Intense Emphasis" w:uiPriority="21" w:qFormat="1"/><w:lsdException w:name="Subtle Reference" w:uiPriority="31" w:qFormat="1"/><w:lsdException w:name="Intense Reference" w:uiPriority="32" w:qFormat="1"/><w:lsdException w:name="Book Title" w:uiPriority="33" w:qFormat="1"/><w:lsdException w:name="Bibliography" w:semiHidden="1" w:uiPriority="37" w:unhideWhenUsed="1"/><w:lsdException w:name="TOC Heading" w:semiHidden="1" w:uiPriority="39" w:unhideWhenUsed="1" w:qFormat="1"/></w:latentStyles><w:style w:type="paragraph" w:default="1" w:styleId="Normal"><w:name w:val="Normal"/><w:qFormat/><w:rPr><w:rFonts w:ascii="Arial" w:hAnsi="Arial"/></w:rPr></w:style><w:style w:type="character" w:default="1" w:styleId="Policepardfaut"><w:name w:val="Default Paragraph Font"/><w:semiHidden/></w:style><w:style w:type="table" w:default="1" w:styleId="TableauNormal"><w:name w:val="Normal Table"/><w:semiHidden/><w:tblPr><w:tblInd w:w="0" w:type="dxa"/><w:tblCellMar><w:top w:w="0" w:type="dxa"/><w:left w:w="108" w:type="dxa"/><w:bottom w:w="0" w:type="dxa"/><w:right w:w="108" w:type="dxa"/></w:tblCellMar></w:tblPr></w:style><w:style w:type="numbering" w:default="1" w:styleId="Aucuneliste"><w:name w:val="No List"/><w:semiHidden/></w:style><w:style w:type="paragraph" w:customStyle="1" w:styleId="Title0"><w:name w:val="Title_0"/><w:basedOn w:val="Normal"/><w:pPr><w:pageBreakBefore/><w:jc w:val="center"/></w:pPr><w:rPr><w:b/><w:color w:val="3366FF"/><w:sz w:val="24"/></w:rPr></w:style><w:style w:type="paragraph" w:customStyle="1" w:styleId="Title1"><w:name w:val="Title_1"/><w:basedOn w:val="Normal"/><w:pPr><w:spacing w:before="480"/></w:pPr><w:rPr><w:b/><w:color w:val="339966"/></w:rPr></w:style><w:style w:type="paragraph" w:customStyle="1" w:styleId="NormalText"><w:name w:val="Normal_Text"/><w:basedOn w:val="Normal"/><w:link w:val="NormalTextCar"/><w:pPr><w:spacing w:before="240"/><w:ind w:left="567"/></w:pPr></w:style><w:style w:type="paragraph" w:customStyle="1" w:styleId="thead"><w:name w:val="thead"/><w:basedOn w:val="Normal"/><w:pPr><w:jc w:val="center"/></w:pPr><w:rPr><w:b/></w:rPr></w:style><w:style w:type="paragraph" w:customStyle="1" w:styleId="tbody"><w:name w:val="tbody"/><w:basedOn w:val="Normal"/><w:rPr><w:i/></w:rPr></w:style><w:style w:type="paragraph" w:styleId="TM1"><w:name w:val="toc 1"/><w:basedOn w:val="Normal"/><w:next w:val="Normal"/><w:autoRedefine/><w:semiHidden/></w:style><w:style w:type="paragraph" w:styleId="TM2"><w:name w:val="toc 2"/><w:basedOn w:val="Normal"/><w:next w:val="Normal"/><w:autoRedefine/><w:semiHidden/><w:pPr><w:ind w:left="200"/></w:pPr></w:style><w:style w:type="paragraph" w:styleId="TM3"><w:name w:val="toc 3"/><w:basedOn w:val="Normal"/><w:next w:val="Normal"/><w:autoRedefine/><w:semiHidden/><w:pPr><w:ind w:left="400"/></w:pPr></w:style><w:style w:type="paragraph" w:styleId="TM4"><w:name w:val="toc 4"/><w:basedOn w:val="Normal"/><w:next w:val="Normal"/><w:autoRedefine/><w:semiHidden/><w:pPr><w:ind w:left="600"/></w:pPr></w:style><w:style w:type="paragraph" w:styleId="TM5"><w:name w:val="toc 5"/><w:basedOn w:val="Normal"/><w:next w:val="Normal"/><w:autoRedefine/><w:semiHidden/><w:pPr><w:ind w:left="800"/></w:pPr></w:style><w:style w:type="paragraph" w:styleId="TM6"><w:name w:val="toc 6"/><w:basedOn w:val="Normal"/><w:next w:val="Normal"/><w:autoRedefine/><w:semiHidden/><w:pPr><w:ind w:left="1000"/></w:pPr></w:style><w:style w:type="paragraph" w:styleId="TM7"><w:name w:val="toc 7"/><w:basedOn w:val="Normal"/><w:next w:val="Normal"/><w:autoRedefine/><w:semiHidden/><w:pPr><w:ind w:left="1200"/></w:pPr></w:style><w:style w:type="paragraph" w:styleId="TM8"><w:name w:val="toc 8"/><w:basedOn w:val="Normal"/><w:next w:val="Normal"/><w:autoRedefine/><w:semiHidden/><w:pPr><w:ind w:left="1400"/></w:pPr></w:style><w:style w:type="paragraph" w:styleId="TM9"><w:name w:val="toc 9"/><w:basedOn w:val="Normal"/><w:next w:val="Normal"/><w:autoRedefine/><w:semiHidden/><w:pPr><w:ind w:left="1600"/></w:pPr></w:style><w:style w:type="character" w:styleId="Lienhypertexte"><w:name w:val="Hyperlink"/><w:rPr><w:color w:val="0000FF"/><w:u w:val="single"/></w:rPr></w:style><w:style w:type="paragraph" w:styleId="Index1"><w:name w:val="index 1"/><w:basedOn w:val="Normal"/><w:next w:val="Normal"/><w:autoRedefine/><w:semiHidden/><w:pPr><w:ind w:left="200" w:hanging="200"/></w:pPr></w:style><w:style w:type="paragraph" w:styleId="Index2"><w:name w:val="index 2"/><w:basedOn w:val="Normal"/><w:next w:val="Normal"/><w:autoRedefine/><w:semiHidden/><w:pPr><w:ind w:left="400" w:hanging="200"/></w:pPr></w:style><w:style w:type="paragraph" w:styleId="Index3"><w:name w:val="index 3"/><w:basedOn w:val="Normal"/><w:next w:val="Normal"/><w:autoRedefine/><w:semiHidden/><w:pPr><w:ind w:left="600" w:hanging="200"/></w:pPr></w:style><w:style w:type="paragraph" w:styleId="Index4"><w:name w:val="index 4"/><w:basedOn w:val="Normal"/><w:next w:val="Normal"/><w:autoRedefine/><w:semiHidden/><w:pPr><w:ind w:left="800" w:hanging="200"/></w:pPr></w:style><w:style w:type="paragraph" w:styleId="Index5"><w:name w:val="index 5"/><w:basedOn w:val="Normal"/><w:next w:val="Normal"/><w:autoRedefine/><w:semiHidden/><w:pPr><w:ind w:left="1000" w:hanging="200"/></w:pPr></w:style><w:style w:type="paragraph" w:styleId="Index6"><w:name w:val="index 6"/><w:basedOn w:val="Normal"/><w:next w:val="Normal"/><w:autoRedefine/><w:semiHidden/><w:pPr><w:ind w:left="1200" w:hanging="200"/></w:pPr></w:style><w:style w:type="paragraph" w:styleId="Index7"><w:name w:val="index 7"/><w:basedOn w:val="Normal"/><w:next w:val="Normal"/><w:autoRedefine/><w:semiHidden/><w:pPr><w:ind w:left="1400" w:hanging="200"/></w:pPr></w:style><w:style w:type="paragraph" w:styleId="Index8"><w:name w:val="index 8"/><w:basedOn w:val="Normal"/><w:next w:val="Normal"/><w:autoRedefine/><w:semiHidden/><w:pPr><w:ind w:left="1600" w:hanging="200"/></w:pPr></w:style><w:style w:type="paragraph" w:styleId="Index9"><w:name w:val="index 9"/><w:basedOn w:val="Normal"/><w:next w:val="Normal"/><w:autoRedefine/><w:semiHidden/><w:pPr><w:ind w:left="1800" w:hanging="200"/></w:pPr></w:style><w:style w:type="paragraph" w:styleId="Titreindex"><w:name w:val="index heading"/><w:basedOn w:val="Normal"/><w:next w:val="Index1"/><w:semiHidden/></w:style><w:style w:type="character" w:styleId="Lienhypertextesuivivisit"><w:name w:val="FollowedHyperlink"/><w:rPr><w:color w:val="800080"/><w:u w:val="single"/></w:rPr></w:style><w:style w:type="paragraph" w:styleId="Notedebasdepage"><w:name w:val="footnote text"/><w:basedOn w:val="Normal"/><w:semiHidden/></w:style><w:style w:type="character" w:styleId="Appelnotedebasdep"><w:name w:val="footnote reference"/><w:semiHidden/><w:rPr><w:vertAlign w:val="superscript"/></w:rPr></w:style><w:style w:type="paragraph" w:styleId="Notedefin"><w:name w:val="endnote text"/><w:basedOn w:val="Normal"/><w:semiHidden/></w:style><w:style w:type="character" w:styleId="Appeldenotedefin"><w:name w:val="endnote reference"/><w:semiHidden/><w:rPr><w:vertAlign w:val="superscript"/></w:rPr></w:style><w:style w:type="paragraph" w:customStyle="1" w:styleId="Styleparaavecespaces"><w:name w:val="Style para avec espaces"/><w:basedOn w:val="NormalText"/></w:style><w:style w:type="paragraph" w:customStyle="1" w:styleId="MTDisplayEquation"><w:name w:val="MTDisplayEquation"/><w:basedOn w:val="NormalText"/><w:next w:val="Normal"/><w:link w:val="MTDisplayEquationCar"/><w:rsid w:val="00745EAF"/><w:pPr><w:tabs><w:tab w:val="center" w:pos="4820"/><w:tab w:val="right" w:pos="9080"/></w:tabs></w:pPr></w:style><w:style w:type="character" w:customStyle="1" w:styleId="CharStyle"><w:name w:val="CharStyle"/><w:rPr><w:b/><w:i/></w:rPr></w:style><w:style w:type="character" w:customStyle="1" w:styleId="NormalTextCar"><w:name w:val="Normal_Text Car"/><w:basedOn w:val="Policepardfaut"/><w:link w:val="NormalText"/><w:rsid w:val="00745EAF"/><w:rPr><w:rFonts w:ascii="Arial" w:hAnsi="Arial"/></w:rPr></w:style><w:style w:type="character" w:customStyle="1" w:styleId="MTDisplayEquationCar"><w:name w:val="MTDisplayEquation Car"/><w:basedOn w:val="NormalTextCar"/><w:link w:val="MTDisplayEquation"/><w:rsid w:val="00745EAF"/><w:rPr><w:rFonts w:ascii="Arial" w:hAnsi="Arial"/></w:rPr></w:style></w:styles></pkg:xmlData></pkg:part><pkg:part pkg:name="docProps/custom.xml" pkg:contentType="application/xml"><pkg:xmlData><Properties xmlns="http://schemas.openxmlformats.org/officeDocument/2006/custom-properties" xmlns:vt="http://schemas.openxmlformats.org/officeDocument/2006/docPropsVTypes"><property fmtid="{D5CDD505-2E9C-101B-9397-08002B2CF9AE}" pid="2" name="MTWinEqns"><vt:bool>true</vt:bool></property></Properties></pkg:xmlData></pkg:part><pkg:part pkg:name="docProps/app.xml" pkg:contentType="application/xml"><pkg:xmlData><Properties xmlns="http://schemas.openxmlformats.org/officeDocument/2006/extended-properties" xmlns:vt="http://schemas.openxmlformats.org/officeDocument/2006/docPropsVTypes"><Template>Normal.dotm</Template><TotalTime>1</TotalTime><Pages>5</Pages><Words>763</Words><Characters>4199</Characters><Application>Microsoft Office Word</Application><DocSecurity>0</DocSecurity><Lines>34</Lines><Paragraphs>9</Paragraphs><ScaleCrop>false</ScaleCrop><Company/><LinksUpToDate>false</LinksUpToDate><CharactersWithSpaces>4953</CharactersWithSpaces><SharedDoc>false</SharedDoc><HyperlinksChanged>false</HyperlinksChanged><AppVersion>14.0000</AppVersion></Properties></pkg:xmlData></pkg:part><pkg:part pkg:name="docProps/core.xml" pkg:contentType="application/xml"><pkg:xmlData><cp:coreProperties xmlns:cp="http://schemas.openxmlformats.org/package/2006/metadata/core-properties" xmlns:dc="http://purl.org/dc/elements/1.1/" xmlns:dcterms="http://purl.org/dc/terms/" xmlns:dcmitype="http://purl.org/dc/dcmitype/" xmlns:xsi="http://www.w3.org/2001/XMLSchema-instance"><dc:title>Modele Word 2000</dc:title><dc:creator>ahumbert</dc:creator><cp:lastModifiedBy>jcr</cp:lastModifiedBy><cp:revision>2</cp:revision><dcterms:created xsi:type="dcterms:W3CDTF">2020-02-04T08:08:00Z</dcterms:created><dcterms:modified xsi:type="dcterms:W3CDTF">2020-02-04T08:08:00Z</dcterms:modified></cp:coreProperties></pkg:xmlData></pkg:part><pkg:part pkg:name="word/webSettings.xml" pkg:contentType="application/xml"><pkg:xmlData><w:webSettings xmlns:mc="http://schemas.openxmlformats.org/markup-compatibility/2006" xmlns:r="http://schemas.openxmlformats.org/officeDocument/2006/relationships" xmlns:w="http://schemas.openxmlformats.org/wordprocessingml/2006/main" xmlns:w14="http://schemas.microsoft.com/office/word/2010/wordml" mc:Ignorable="w14"><w:targetScreenSz w:val="800x600"/></w:webSettings></pkg:xmlData></pkg:part><pkg:part pkg:name="word/numbering.xml" pkg:contentType="application/xml"><pkg:xmlData><w:numbering xmlns:wpc="http://schemas.microsoft.com/office/word/2010/wordprocessingCanvas" xmlns:mc="http://schemas.openxmlformats.org/markup-compatibility/2006" xmlns:o="urn:schemas-microsoft-com:office:office" xmlns:r="http://schemas.openxmlformats.org/officeDocument/2006/relationships" xmlns:m="http://schemas.openxmlformats.org/officeDocument/2006/math" xmlns:v="urn:schemas-microsoft-com:vml" xmlns:wp14="http://schemas.microsoft.com/office/word/2010/wordprocessingDrawing" xmlns:wp="http://schemas.openxmlformats.org/drawingml/2006/wordprocessingDrawing" xmlns:w10="urn:schemas-microsoft-com:office:word" xmlns:w="http://schemas.openxmlformats.org/wordprocessingml/2006/main" xmlns:w14="http://schemas.microsoft.com/office/word/2010/wordml" xmlns:wpg="http://schemas.microsoft.com/office/word/2010/wordprocessingGroup" xmlns:wpi="http://schemas.microsoft.com/office/word/2010/wordprocessingInk" xmlns:wne="http://schemas.microsoft.com/office/word/2006/wordml" xmlns:wps="http://schemas.microsoft.com/office/word/2010/wordprocessingShape" mc:Ignorable="w14 wp14"><w:abstractNum w:abstractNumId="0"><w:nsid w:val="5BEB1014"/><w:multiLevelType w:val="hybridMultilevel"/><w:tmpl w:val="01B4ADEE"/><w:lvl w:ilvl="0" w:tplc="040C0001"><w:start w:val="1"/><w:numFmt w:val="bullet"/><w:lvlText w:val=""/><w:lvlJc w:val="left"/><w:pPr><w:tabs><w:tab w:val="num" w:pos="1287"/></w:tabs><w:ind w:left="1287" w:hanging="360"/></w:pPr><w:rPr><w:rFonts w:ascii="Symbol" w:hAnsi="Symbol" w:hint="default"/></w:rPr></w:lvl><w:lvl w:ilvl="1" w:tplc="040C000F"><w:start w:val="1"/><w:numFmt w:val="decimal"/><w:lvlText w:val="%2."/><w:lvlJc w:val="left"/><w:pPr><w:tabs><w:tab w:val="num" w:pos="2007"/></w:tabs><w:ind w:left="2007" w:hanging="360"/></w:pPr></w:lvl><w:lvl w:ilvl="2" w:tplc="040C0005" w:tentative="1"><w:start w:val="1"/><w:numFmt w:val="bullet"/><w:lvlText w:val=""/><w:lvlJc w:val="left"/><w:pPr><w:tabs><w:tab w:val="num" w:pos="2727"/></w:tabs><w:ind w:left="2727" w:hanging="360"/></w:pPr><w:rPr><w:rFonts w:ascii="Wingdings" w:hAnsi="Wingdings" w:hint="default"/></w:rPr></w:lvl><w:lvl w:ilvl="3" w:tplc="040C0001" w:tentative="1"><w:start w:val="1"/><w:numFmt w:val="bullet"/><w:lvlText w:val=""/><w:lvlJc w:val="left"/><w:pPr><w:tabs><w:tab w:val="num" w:pos="3447"/></w:tabs><w:ind w:left="3447" w:hanging="360"/></w:pPr><w:rPr><w:rFonts w:ascii="Symbol" w:hAnsi="Symbol" w:hint="default"/></w:rPr></w:lvl><w:lvl w:ilvl="4" w:tplc="040C0003" w:tentative="1"><w:start w:val="1"/><w:numFmt w:val="bullet"/><w:lvlText w:val="o"/><w:lvlJc w:val="left"/><w:pPr><w:tabs><w:tab w:val="num" w:pos="4167"/></w:tabs><w:ind w:left="4167" w:hanging="360"/></w:pPr><w:rPr><w:rFonts w:ascii="Courier New" w:hAnsi="Courier New" w:hint="default"/></w:rPr></w:lvl><w:lvl w:ilvl="5" w:tplc="040C0005" w:tentative="1"><w:start w:val="1"/><w:numFmt w:val="bullet"/><w:lvlText w:val=""/><w:lvlJc w:val="left"/><w:pPr><w:tabs><w:tab w:val="num" w:pos="4887"/></w:tabs><w:ind w:left="4887" w:hanging="360"/></w:pPr><w:rPr><w:rFonts w:ascii="Wingdings" w:hAnsi="Wingdings" w:hint="default"/></w:rPr></w:lvl><w:lvl w:ilvl="6" w:tplc="040C0001" w:tentative="1"><w:start w:val="1"/><w:numFmt w:val="bullet"/><w:lvlText w:val=""/><w:lvlJc w:val="left"/><w:pPr><w:tabs><w:tab w:val="num" w:pos="5607"/></w:tabs><w:ind w:left="5607" w:hanging="360"/></w:pPr><w:rPr><w:rFonts w:ascii="Symbol" w:hAnsi="Symbol" w:hint="default"/></w:rPr></w:lvl><w:lvl w:ilvl="7" w:tplc="040C0003" w:tentative="1"><w:start w:val="1"/><w:numFmt w:val="bullet"/><w:lvlText w:val="o"/><w:lvlJc w:val="left"/><w:pPr><w:tabs><w:tab w:val="num" w:pos="6327"/></w:tabs><w:ind w:left="6327" w:hanging="360"/></w:pPr><w:rPr><w:rFonts w:ascii="Courier New" w:hAnsi="Courier New" w:hint="default"/></w:rPr></w:lvl><w:lvl w:ilvl="8" w:tplc="040C0005" w:tentative="1"><w:start w:val="1"/><w:numFmt w:val="bullet"/><w:lvlText w:val=""/><w:lvlJc w:val="left"/><w:pPr><w:tabs><w:tab w:val="num" w:pos="7047"/></w:tabs><w:ind w:left="7047" w:hanging="360"/></w:pPr><w:rPr><w:rFonts w:ascii="Wingdings" w:hAnsi="Wingdings" w:hint="default"/></w:rPr></w:lvl></w:abstractNum><w:num w:numId="1"><w:abstractNumId w:val="0"/></w:num></w:numbering></pkg:xmlData></pkg:part></pkg:package>